[2mDec 03 08:04:22.219[0m [33m WARN[0m [1mAtom Client[0m: client: new
Start:   clients
··Start:   one round
····Start:   train model
······Start:   retrieve the model
······End:     retrieve the model ..................................................1.633ms
····End:     train model ...........................................................1.1s
····Start:   upload data
······Start:   encrypt the gradients
······End:     encrypt the gradients ...............................................839.544ms
······Start:   upload the mc+proof generation
········Start:   start proof generation
··········Start:   Groth16::Prover
············Start:   R1CS to QAP witness map
············End:     R1CS to QAP witness map .......................................854.920ms
············Start:   Compute C
··············Start:   Compute C1
··············End:     Compute C1 ..................................................1.337s
··············Start:   Compute C2
··············End:     Compute C2 ..................................................876.362µs
············End:     Compute C .....................................................1.439s
············Start:   Compute A
············End:     Compute A .....................................................115.732ms
············Start:   Compute B in G1
············End:     Compute B in G1 ...............................................58.460ms
············Start:   Compute B in G2
············End:     Compute B in G2 ...............................................332.508ms
············Start:   Finish C
············End:     Finish C ......................................................8.967µs
··········End:     Groth16::Prover .................................................2.802s
··········Start:   Groth16::Prover
············Start:   R1CS to QAP witness map
············End:     R1CS to QAP witness map .......................................905.628ms
············Start:   Compute C
··············Start:   Compute C1
··············End:     Compute C1 ..................................................1.426s
··············Start:   Compute C2
··············End:     Compute C2 ..................................................841.491µs
············End:     Compute C .....................................................1.541s
············Start:   Compute A
············End:     Compute A .....................................................125.179ms
············Start:   Compute B in G1
············End:     Compute B in G1 ...............................................56.244ms
············Start:   Compute B in G2
············End:     Compute B in G2 ...............................................292.1ms
············Start:   Finish C
············End:     Finish C ......................................................8.606µs
··········End:     Groth16::Prover .................................................2.922s
··········Start:   Groth16::Prover
············Start:   R1CS to QAP witness map
············End:     R1CS to QAP witness map .......................................884.548ms
············Start:   Compute C
··············Start:   Compute C1
··············End:     Compute C1 ..................................................1.435s
··············Start:   Compute C2
··············End:     Compute C2 ..................................................872.947µs
············End:     Compute C .....................................................1.561s
············Start:   Compute A
············End:     Compute A .....................................................108.14ms
············Start:   Compute B in G1
············End:     Compute B in G1 ...............................................59.778ms
············Start:   Compute B in G2
············End:     Compute B in G2 ...............................................188.950ms
············Start:   Finish C
············End:     Finish C ......................................................7.598µs
··········End:     Groth16::Prover .................................................2.804s
··········Start:   Groth16::Prover
············Start:   R1CS to QAP witness map
············End:     R1CS to QAP witness map .......................................889.375ms
············Start:   Compute C
··············Start:   Compute C1
··············End:     Compute C1 ..................................................1.537s
··············Start:   Compute C2
··············End:     Compute C2 ..................................................1.238ms
············End:     Compute C .....................................................1.647s
············Start:   Compute A
············End:     Compute A .....................................................95.256ms
············Start:   Compute B in G1
············End:     Compute B in G1 ...............................................56.344ms
············Start:   Compute B in G2
············End:     Compute B in G2 ...............................................219.293ms
············Start:   Finish C
············End:     Finish C ......................................................5.17µs
··········End:     Groth16::Prover .................................................2.911s
··········Start:   Groth16::Prover
············Start:   R1CS to QAP witness map
············End:     R1CS to QAP witness map .......................................866.546ms
············Start:   Compute C
··············Start:   Compute C1
··············End:     Compute C1 ..................................................1.557s
··············Start:   Compute C2
··············End:     Compute C2 ..................................................824.679µs
············End:     Compute C .....................................................1.680s
············Start:   Compute A
············End:     Compute A .....................................................95.244ms
············Start:   Compute B in G1
············End:     Compute B in G1 ...............................................79.88ms
············Start:   Compute B in G2
············End:     Compute B in G2 ...............................................196.863ms
············Start:   Finish C
············End:     Finish C ......................................................8.302µs
··········End:     Groth16::Prover .................................................2.919s
··········Start:   Groth16::Prover
············Start:   R1CS to QAP witness map
············End:     R1CS to QAP witness map .......................................839.628ms
············Start:   Compute C
··············Start:   Compute C1
··············End:     Compute C1 ..................................................1.557s
··············Start:   Compute C2
··············End:     Compute C2 ..................................................1.360ms
············End:     Compute C .....................................................1.683s
············Start:   Compute A
············End:     Compute A .....................................................122.925ms
············Start:   Compute B in G1
············End:     Compute B in G1 ...............................................74.525ms
············Start:   Compute B in G2
············End:     Compute B in G2 ...............................................204.746ms
············Start:   Finish C
············End:     Finish C ......................................................5.85µs
··········End:     Groth16::Prover .................................................2.927s
··········Start:   Groth16::Prover
············Start:   R1CS to QAP witness map
············End:     R1CS to QAP witness map .......................................794.749ms
············Start:   Compute C
··············Start:   Compute C1
··············End:     Compute C1 ..................................................1.682s
··············Start:   Compute C2
··············End:     Compute C2 ..................................................1.59ms
············End:     Compute C .....................................................1.848s
············Start:   Compute A
············End:     Compute A .....................................................170.847ms
············Start:   Compute B in G1
············End:     Compute B in G1 ...............................................101.526ms
············Start:   Compute B in G2
············End:     Compute B in G2 ...............................................196.798ms
············Start:   Finish C
············End:     Finish C ......................................................4.814µs
··········End:     Groth16::Prover .................................................3.118s
··········Start:   Groth16::Prover
············Start:   R1CS to QAP witness map
············End:     R1CS to QAP witness map .......................................970.807ms
············Start:   Compute C
··············Start:   Compute C1
··············End:     Compute C1 ..................................................1.504s
··············Start:   Compute C2
··············End:     Compute C2 ..................................................1.369ms
············End:     Compute C .....................................................1.660s
············Start:   Compute A
············End:     Compute A .....................................................143.781ms
············Start:   Compute B in G1
············End:     Compute B in G1 ...............................................82.288ms
············Start:   Compute B in G2
············End:     Compute B in G2 ...............................................204.194ms
············Start:   Finish C
············End:     Finish C ......................................................5.341µs
··········End:     Groth16::Prover .................................................3.63s
··········Start:   Groth16::Prover
············Start:   R1CS to QAP witness map
············End:     R1CS to QAP witness map .......................................968.909ms
············Start:   Compute C
··············Start:   Compute C1
··············End:     Compute C1 ..................................................1.459s
··············Start:   Compute C2
··············End:     Compute C2 ..................................................1.508ms
············End:     Compute C .....................................................1.586s
············Start:   Compute A
············End:     Compute A .....................................................111.770ms
············Start:   Compute B in G1
············End:     Compute B in G1 ...............................................61.473ms
············Start:   Compute B in G2
············End:     Compute B in G2 ...............................................198.379ms
············Start:   Finish C
············End:     Finish C ......................................................4.933µs
··········End:     Groth16::Prover .................................................2.928s
··········Start:   Groth16::Prover
············Start:   R1CS to QAP witness map
············End:     R1CS to QAP witness map .......................................1.11s
············Start:   Compute C
··············Start:   Compute C1
··············End:     Compute C1 ..................................................1.473s
··············Start:   Compute C2
··············End:     Compute C2 ..................................................1.241ms
············End:     Compute C .....................................................1.628s
············Start:   Compute A
············End:     Compute A .....................................................114.637ms
············Start:   Compute B in G1
············End:     Compute B in G1 ...............................................56.323ms
············Start:   Compute B in G2
············End:     Compute B in G2 ...............................................189.787ms
············Start:   Finish C
············End:     Finish C ......................................................4.714µs
··········End:     Groth16::Prover .................................................3.4s
········End:     start proof generation ............................................34.11s
······End:     upload the mc+proof generation ......................................34.14s
······Start:   upload the data
[2mDec 03 08:05:06.633[0m [33m WARN[0m [1mAtom Client[0m: client: data prepared
[2mDec 03 08:05:06.641[0m [33m WARN[0m [1mAtom Client[0m: client: data uploaded,receving ms proof
[2mDec 03 08:05:06.758[0m [33m WARN[0m [1mAtom Client[0m: client: ms proof received
······End:     upload the data .....................................................126.870ms
····End:     upload data ...........................................................34.980s
Prover CPU Time 149.666525355 s
····Start:   verify the data
······Start:   verify
········Start:   receive verify
········End:     receive verify ....................................................1.276s
········Start:   verify the proofs
········End:     verify the proofs .................................................6.90ms
Verifier CPU Time 0.080175786 s
······End:     verify the data .....................................................1.282s
····End:     one round .............................................................37.264s
··End:     clients .................................................................37.264s
[2mDec 03 08:05:08.115[0m [33m WARN[0m [1mAtom Client[0m: client: close time.busy=81.9ms time.idle=45.8s

real	0m46.198s
user	2m32.463s
sys	0m6.235s
