[2mOct 01 03:46:23.927[0m [33m WARN[0m [1mAtom Client[0m: client: new
Start:   clients
··Start:   one round
····Start:   train model
······Start:   retrieve the model
······End:     retrieve the model ..................................................845.332ms
····End:     train model ...........................................................1.845s
····Start:   upload data
······Start:   encrypt the gradients
········Start:   new public key
········End:     new public key ....................................................361.855ms
······End:     encrypt the gradients ...............................................18.750s
······Start:   upload the mc+proof generation
········Start:   start proof generation
········End:     start proof generation ............................................165.0s
······End:     upload the mc+proof generation ......................................165.2s
······Start:   upload the data
[2mOct 01 03:49:30.082[0m [33m WARN[0m [1mAtom Client[0m: client: data prepared
[2mOct 01 03:50:06.198[0m [33m WARN[0m [1mAtom Client[0m: client: data uploaded,receving ms proof
[2mOct 01 03:50:06.199[0m [33m WARN[0m [1mAtom Client[0m: client: ms proof received
······End:     upload the data .....................................................36.135s
····End:     upload data ...........................................................219.888s
····Start:   verify the data
······Start:   verify
········Start:   receive verify
········End:     receive verify ....................................................512.425s
········Start:   verify the proofs
········End:     verify the proofs .................................................584.180ms
······End:     verify the data .....................................................513.20s
····End:     one round .............................................................734.755s
····Start:   one round
······Start:   train model
········Start:   retrieve the model
········End:     retrieve the model ................................................835.276ms
······End:     train model .........................................................1.835s
······Start:   upload data
········Start:   encrypt the gradients
··········Start:   new public key
··········End:     new public key ..................................................367.721ms
········End:     encrypt the gradients .............................................18.278s
········Start:   upload the mc+proof generation
··········Start:   start proof generation
··········End:     start proof generation ..........................................165.0s
········End:     upload the mc+proof generation ....................................165.1s
········Start:   upload the data
[2mOct 01 04:01:44.342[0m [33m WARN[0m [1mAtom Client[0m: client: data prepared
[2mOct 01 04:02:12.505[0m [33m WARN[0m [1mAtom Client[0m: client: data uploaded,receving ms proof
[2mOct 01 04:02:20.813[0m [33m WARN[0m [1mAtom Client[0m: client: ms proof received
········End:     upload the data ...................................................36.478s
······End:     upload data .........................................................219.757s
······Start:   verify the data
········Start:   verify
··········Start:   receive verify
··········End:     receive verify ..................................................509.88s
··········Start:   verify the proofs
··········End:     verify the proofs ...............................................581.186ms
········End:     verify the data ...................................................509.681s
······End:     one round ...........................................................731.274s
······Start:   one round
········Start:   train model
··········Start:   retrieve the model
··········End:     retrieve the model ..............................................839.833ms
········End:     train model .......................................................1.840s
········Start:   upload data
··········Start:   encrypt the gradients
············Start:   new public key
············End:     new public key ................................................363.340ms
··········End:     encrypt the gradients ...........................................18.171s
··········Start:   upload the mc+proof generation
············Start:   start proof generation
············End:     start proof generation ........................................165.0s
··········End:     upload the mc+proof generation ..................................165.1s
··········Start:   upload the data
[2mOct 01 04:13:55.514[0m [33m WARN[0m [1mAtom Client[0m: client: data prepared
[2mOct 01 04:14:23.675[0m [33m WARN[0m [1mAtom Client[0m: client: data uploaded,receving ms proof
[2mOct 01 04:14:33.312[0m [33m WARN[0m [1mAtom Client[0m: client: ms proof received
··········End:     upload the data .................................................37.805s
········End:     upload data .......................................................220.977s
········Start:   verify the data
··········Start:   verify
············Start:   receive verify
············End:     receive verify ................................................508.987s
············Start:   verify the proofs
············End:     verify the proofs .............................................587.735ms
··········End:     verify the data .................................................509.588s
········End:     one round .........................................................732.415s
········Start:   one round
··········Start:   train model
············Start:   retrieve the model
············End:     retrieve the model ............................................852.330ms
··········End:     train model .....................................................1.852s
··········Start:   upload data
············Start:   encrypt the gradients
··············Start:   new public key
··············End:     new public key ..............................................361.489ms
············End:     encrypt the gradients .........................................18.137s
············Start:   upload the mc+proof generation
··············Start:   start proof generation
··············End:     start proof generation ......................................165.0s
············End:     upload the mc+proof generation ................................165.1s
············Start:   upload the data
[2mOct 01 04:26:07.909[0m [33m WARN[0m [1mAtom Client[0m: client: data prepared
[2mOct 01 04:26:36.099[0m [33m WARN[0m [1mAtom Client[0m: client: data uploaded,receving ms proof
[2mOct 01 04:26:46.249[0m [33m WARN[0m [1mAtom Client[0m: client: ms proof received
············End:     upload the data ...............................................38.347s
··········End:     upload data .....................................................221.486s
··········Start:   verify the data
············Start:   verify
··············Start:   receive verify
··············End:     receive verify ..............................................511.599s
··············Start:   verify the proofs
··············End:     verify the proofs ...........................................549.670ms
············End:     verify the data ...............................................512.159s
··········End:     one round .......................................................735.499s
··········Start:   one round
············Start:   train model
··············Start:   retrieve the model
··············End:     retrieve the model ..........................................841.622ms
············End:     train model ...................................................1.841s
············Start:   upload data
··············Start:   encrypt the gradients
················Start:   new public key
················End:     new public key ............................................388.664ms
··············End:     encrypt the gradients .......................................18.399s
··············Start:   upload the mc+proof generation
················Start:   start proof generation
················End:     start proof generation ....................................165.0s
··············End:     upload the mc+proof generation ..............................165.2s
··············Start:   upload the data
[2mOct 01 04:38:23.660[0m [33m WARN[0m [1mAtom Client[0m: client: data prepared
[2mOct 01 04:38:59.586[0m [33m WARN[0m [1mAtom Client[0m: client: data uploaded,receving ms proof
[2mOct 01 04:38:59.586[0m [33m WARN[0m [1mAtom Client[0m: client: ms proof received
··············End:     upload the data .............................................35.933s
············End:     upload data ...................................................219.335s
············Start:   verify the data
··············Start:   verify
················Start:   receive verify
················End:     receive verify ............................................510.376s
················Start:   verify the proofs
················End:     verify the proofs .........................................529.799ms
··············End:     verify the data .............................................510.916s
············End:     one round .....................................................732.94s
············Start:   one round
··············Start:   train model
················Start:   retrieve the model
················End:     retrieve the model ........................................834.723ms
··············End:     train model .................................................1.834s
··············Start:   upload data
················Start:   encrypt the gradients
··················Start:   new public key
··················End:     new public key ..........................................359.14ms
················End:     encrypt the gradients .....................................17.969s
················Start:   upload the mc+proof generation
··················Start:   start proof generation
··················End:     start proof generation ..................................165.0s
················End:     upload the mc+proof generation ............................165.1s
················Start:   upload the data
[2mOct 01 04:50:35.316[0m [33m WARN[0m [1mAtom Client[0m: client: data prepared
[2mOct 01 04:51:03.466[0m [33m WARN[0m [1mAtom Client[0m: client: data uploaded,receving ms proof
[2mOct 01 04:51:13.187[0m [33m WARN[0m [1mAtom Client[0m: client: ms proof received
················End:     upload the data ...........................................37.877s
··············End:     upload data .................................................220.848s
··············Start:   verify the data
················Start:   verify
··················Start:   receive verify
··················End:     receive verify ..........................................510.442s
··················Start:   verify the proofs
··················End:     verify the proofs .......................................541.201ms
················End:     verify the data ...........................................510.996s
··············End:     one round ...................................................733.679s
··············Start:   one round
················Start:   train model
··················Start:   retrieve the model
··················End:     retrieve the model ......................................832.254ms
················End:     train model ...............................................1.832s
················Start:   upload data
··················Start:   encrypt the gradients
····················Start:   new public key
····················End:     new public key ........................................360.856ms
··················End:     encrypt the gradients ...................................18.569s
··················Start:   upload the mc+proof generation
····················Start:   start proof generation
····················End:     start proof generation ................................165.0s
··················End:     upload the mc+proof generation ..........................165.1s
··················Start:   upload the data
[2mOct 01 05:02:49.594[0m [33m WARN[0m [1mAtom Client[0m: client: data prepared
[2mOct 01 05:03:17.737[0m [33m WARN[0m [1mAtom Client[0m: client: data uploaded,receving ms proof
[2mOct 01 05:03:25.924[0m [33m WARN[0m [1mAtom Client[0m: client: ms proof received
··················End:     upload the data .........................................36.337s
················End:     upload data ...............................................219.908s
················Start:   verify the data
··················Start:   verify
····················Start:   receive verify
····················End:     receive verify ........................................508.971s
····················Start:   verify the proofs
····················End:     verify the proofs .....................................567.45ms
··················End:     verify the data .........................................509.552s
················End:     one round .................................................731.293s
················Start:   one round
··················Start:   train model
····················Start:   retrieve the model
····················End:     retrieve the model ....................................834.954ms
··················End:     train model .............................................1.835s
··················Start:   upload data
····················Start:   encrypt the gradients
······················Start:   new public key
······················End:     new public key ......................................361.711ms
····················End:     encrypt the gradients .................................18.91s
····················Start:   upload the mc+proof generation
······················Start:   start proof generation
······················End:     start proof generation ..............................165.0s
····················End:     upload the mc+proof generation ........................165.1s
····················Start:   upload the data
[2mOct 01 05:15:00.412[0m [33m WARN[0m [1mAtom Client[0m: client: data prepared
[2mOct 01 05:15:28.573[0m [33m WARN[0m [1mAtom Client[0m: client: data uploaded,receving ms proof
[2mOct 01 05:15:39.048[0m [33m WARN[0m [1mAtom Client[0m: client: ms proof received
····················End:     upload the data .......................................38.643s
··················End:     upload data .............................................221.736s
··················Start:   verify the data
····················Start:   verify
······················Start:   receive verify
······················End:     receive verify ......................................511.13s
······················Start:   verify the proofs
······················End:     verify the proofs ...................................558.618ms
····················End:     verify the data .......................................511.582s
··················End:     one round ...............................................735.154s
··················Start:   one round
····················Start:   train model
······················Start:   retrieve the model
······················End:     retrieve the model ..................................835.18ms
····················End:     train model ...........................................1.835s
····················Start:   upload data
······················Start:   encrypt the gradients
························Start:   new public key
························End:     new public key ....................................360.850ms
······················End:     encrypt the gradients ...............................17.845s
······················Start:   upload the mc+proof generation
························Start:   start proof generation
························End:     start proof generation ............................165.0s
······················End:     upload the mc+proof generation ......................165.1s
······················Start:   upload the data
[2mOct 01 05:27:15.320[0m [33m WARN[0m [1mAtom Client[0m: client: data prepared
[2mOct 01 05:27:43.471[0m [33m WARN[0m [1mAtom Client[0m: client: data uploaded,receving ms proof
[2mOct 01 05:27:53.826[0m [33m WARN[0m [1mAtom Client[0m: client: ms proof received
······················End:     upload the data .....................................38.512s
····················End:     upload data ...........................................221.359s
····················Start:   verify the data
······················Start:   verify
························Start:   receive verify
························End:     receive verify ....................................508.808s
························Start:   verify the proofs
························End:     verify the proofs .................................562.529ms
······················End:     verify the data .....................................509.381s
····················End:     one round .............................................732.576s
····················Start:   one round
······················Start:   train model
························Start:   retrieve the model
························End:     retrieve the model ................................835.860ms
······················End:     train model .........................................1.836s
······················Start:   upload data
························Start:   encrypt the gradients
··························Start:   new public key
··························End:     new public key ..................................368.737ms
························End:     encrypt the gradients .............................18.454s
························Start:   upload the mc+proof generation
··························Start:   start proof generation
··························End:     start proof generation ..........................165.0s
························End:     upload the mc+proof generation ....................165.1s
························Start:   upload the data
[2mOct 01 05:39:28.506[0m [33m WARN[0m [1mAtom Client[0m: client: data prepared
[2mOct 01 05:39:56.677[0m [33m WARN[0m [1mAtom Client[0m: client: data uploaded,receving ms proof
[2mOct 01 05:40:06.799[0m [33m WARN[0m [1mAtom Client[0m: client: ms proof received
························End:     upload the data ...................................38.299s
······················End:     upload data .........................................221.755s
······················Start:   verify the data
························Start:   verify
··························Start:   receive verify
··························End:     receive verify ..................................509.275s
··························Start:   verify the proofs
··························End:     verify the proofs ...............................563.997ms
························End:     verify the data ...................................509.850s
······················End:     one round ...........................................733.441s
····················End:     clients ...............................................7332.722s
[2mOct 01 05:48:36.654[0m [33m WARN[0m [1mAtom Client[0m: client: close time.busy=925ms time.idle=7332s
