[2mOct 01 03:46:23.927[0m [33m WARN[0m [1mAtom Client[0m: client: new
Start:   clients
··Start:   one round
····Start:   train model
······Start:   retrieve the model
······End:     retrieve the model ..................................................105.951ms
····End:     train model ...........................................................1.106s
····Start:   upload data
······Start:   encrypt the gradients
········Start:   new public key
········End:     new public key ....................................................357.388ms
······End:     encrypt the gradients ...............................................18.177s
······Start:   upload the mc+proof generation
········Start:   start proof generation
········End:     start proof generation ............................................165.0s
······End:     upload the mc+proof generation ......................................165.1s
······Start:   upload the data
[2mOct 01 03:49:28.487[0m [33m WARN[0m [1mAtom Client[0m: client: data prepared
[2mOct 01 03:49:56.670[0m [33m WARN[0m [1mAtom Client[0m: client: data uploaded,receving ms proof
[2mOct 01 03:50:06.198[0m [33m WARN[0m [1mAtom Client[0m: client: ms proof received
······End:     upload the data .....................................................37.729s
····End:     upload data ...........................................................220.908s
····Start:   verify the data
······Start:   verify
········Start:   receive verify
········End:     receive verify ....................................................512.345s
········Start:   verify the proofs
········End:     verify the proofs .................................................614.935ms
······End:     verify the data .....................................................512.973s
····End:     one round .............................................................734.991s
····Start:   one round
······Start:   train model
········Start:   retrieve the model
········End:     retrieve the model ................................................849.19ms
······End:     train model .........................................................1.849s
······Start:   upload data
········Start:   encrypt the gradients
··········Start:   new public key
··········End:     new public key ..................................................364.434ms
········End:     encrypt the gradients .............................................18.352s
········Start:   upload the mc+proof generation
··········Start:   start proof generation
··········End:     start proof generation ..........................................165.0s
········End:     upload the mc+proof generation ....................................165.1s
········Start:   upload the data
[2mOct 01 04:01:44.385[0m [33m WARN[0m [1mAtom Client[0m: client: data prepared
[2mOct 01 04:02:12.541[0m [33m WARN[0m [1mAtom Client[0m: client: data uploaded,receving ms proof
[2mOct 01 04:02:20.813[0m [33m WARN[0m [1mAtom Client[0m: client: ms proof received
········End:     upload the data ...................................................36.434s
······End:     upload data .........................................................219.788s
······Start:   verify the data
········Start:   verify
··········Start:   receive verify
··········End:     receive verify ..................................................509.87s
··········Start:   verify the proofs
··········End:     verify the proofs ...............................................586.794ms
········End:     verify the data ...................................................509.694s
······End:     one round ...........................................................731.331s
······Start:   one round
········Start:   train model
··········Start:   retrieve the model
··········End:     retrieve the model ..............................................842.693ms
········End:     train model .......................................................1.842s
········Start:   upload data
··········Start:   encrypt the gradients
············Start:   new public key
············End:     new public key ................................................364.298ms
··········End:     encrypt the gradients ...........................................18.284s
··········Start:   upload the mc+proof generation
············Start:   start proof generation
············End:     start proof generation ........................................165.0s
··········End:     upload the mc+proof generation ..................................165.1s
··········Start:   upload the data
[2mOct 01 04:13:55.643[0m [33m WARN[0m [1mAtom Client[0m: client: data prepared
[2mOct 01 04:14:23.792[0m [33m WARN[0m [1mAtom Client[0m: client: data uploaded,receving ms proof
[2mOct 01 04:14:33.312[0m [33m WARN[0m [1mAtom Client[0m: client: ms proof received
··········End:     upload the data .................................................37.676s
········End:     upload data .......................................................220.962s
········Start:   verify the data
··········Start:   verify
············Start:   receive verify
············End:     receive verify ................................................509.2s
············Start:   verify the proofs
············End:     verify the proofs .............................................577.448ms
··········End:     verify the data .................................................509.594s
········End:     one round .........................................................732.400s
········Start:   one round
··········Start:   train model
············Start:   retrieve the model
············End:     retrieve the model ............................................834.834ms
··········End:     train model .....................................................1.835s
··········Start:   upload data
············Start:   encrypt the gradients
··············Start:   new public key
··············End:     new public key ..............................................361.745ms
············End:     encrypt the gradients .........................................18.156s
············Start:   upload the mc+proof generation
··············Start:   start proof generation
··············End:     start proof generation ......................................165.0s
············End:     upload the mc+proof generation ................................165.1s
············Start:   upload the data
[2mOct 01 04:26:07.907[0m [33m WARN[0m [1mAtom Client[0m: client: data prepared
[2mOct 01 04:26:36.092[0m [33m WARN[0m [1mAtom Client[0m: client: data uploaded,receving ms proof
[2mOct 01 04:26:46.249[0m [33m WARN[0m [1mAtom Client[0m: client: ms proof received
············End:     upload the data ...............................................38.348s
··········End:     upload data .....................................................221.507s
··········Start:   verify the data
············Start:   verify
··············Start:   receive verify
··············End:     receive verify ..............................................510.453s
··············Start:   verify the proofs
··············End:     verify the proofs ...........................................537.532ms
············End:     verify the data ...............................................511.9s
··········End:     one round .......................................................734.351s
··········Start:   one round
············Start:   train model
··············Start:   retrieve the model
··············End:     retrieve the model ..........................................835.159ms
············End:     train model ...................................................1.835s
············Start:   upload data
··············Start:   encrypt the gradients
················Start:   new public key
················End:     new public key ............................................356.14ms
··············End:     encrypt the gradients .......................................18.42s
··············Start:   upload the mc+proof generation
················Start:   start proof generation
················End:     start proof generation ....................................165.0s
··············End:     upload the mc+proof generation ..............................165.1s
··············Start:   upload the data
[2mOct 01 04:38:22.145[0m [33m WARN[0m [1mAtom Client[0m: client: data prepared
[2mOct 01 04:38:50.287[0m [33m WARN[0m [1mAtom Client[0m: client: data uploaded,receving ms proof
[2mOct 01 04:38:59.586[0m [33m WARN[0m [1mAtom Client[0m: client: ms proof received
··············End:     upload the data .............................................37.447s
············End:     upload data ...................................................220.491s
············Start:   verify the data
··············Start:   verify
················Start:   receive verify
················End:     receive verify ............................................508.892s
················Start:   verify the proofs
················End:     verify the proofs .........................................571.382ms
··············End:     verify the data .............................................509.482s
············End:     one round .....................................................731.809s
············Start:   one round
··············Start:   train model
················Start:   retrieve the model
················End:     retrieve the model ........................................845.739ms
··············End:     train model .................................................1.845s
··············Start:   upload data
················Start:   encrypt the gradients
··················Start:   new public key
··················End:     new public key ..........................................360.233ms
················End:     encrypt the gradients .....................................17.920s
················Start:   upload the mc+proof generation
··················Start:   start proof generation
··················End:     start proof generation ..................................165.0s
················End:     upload the mc+proof generation ............................165.1s
················Start:   upload the data
[2mOct 01 04:50:33.844[0m [33m WARN[0m [1mAtom Client[0m: client: data prepared
[2mOct 01 04:51:01.996[0m [33m WARN[0m [1mAtom Client[0m: client: data uploaded,receving ms proof
[2mOct 01 04:51:13.187[0m [33m WARN[0m [1mAtom Client[0m: client: ms proof received
················End:     upload the data ...........................................39.349s
··············End:     upload data .................................................222.271s
··············Start:   verify the data
················Start:   verify
··················Start:   receive verify
··················End:     receive verify ..........................................510.558s
··················Start:   verify the proofs
··················End:     verify the proofs .......................................536.153ms
················End:     verify the data ...........................................511.112s
··············End:     one round ...................................................735.230s
··············Start:   one round
················Start:   train model
··················Start:   retrieve the model
··················End:     retrieve the model ......................................825.858ms
················End:     train model ...............................................1.826s
················Start:   upload data
··················Start:   encrypt the gradients
····················Start:   new public key
····················End:     new public key ........................................363.398ms
··················End:     encrypt the gradients ...................................18.69s
··················Start:   upload the mc+proof generation
····················Start:   start proof generation
····················End:     start proof generation ................................165.0s
··················End:     upload the mc+proof generation ..........................165.1s
··················Start:   upload the data
[2mOct 01 05:02:49.203[0m [33m WARN[0m [1mAtom Client[0m: client: data prepared
[2mOct 01 05:03:17.353[0m [33m WARN[0m [1mAtom Client[0m: client: data uploaded,receving ms proof
[2mOct 01 05:03:25.924[0m [33m WARN[0m [1mAtom Client[0m: client: ms proof received
··················End:     upload the data .........................................36.727s
················End:     upload data ...............................................219.798s
················Start:   verify the data
··················Start:   verify
····················Start:   receive verify
····················End:     receive verify ........................................510.447s
····················Start:   verify the proofs
····················End:     verify the proofs .....................................548.106ms
··················End:     verify the data .........................................511.12s
················End:     one round .................................................732.637s
················Start:   one round
··················Start:   train model
····················Start:   retrieve the model
····················End:     retrieve the model ....................................834.664ms
··················End:     train model .............................................1.834s
··················Start:   upload data
····················Start:   encrypt the gradients
······················Start:   new public key
······················End:     new public key ......................................358.89ms
····················End:     encrypt the gradients .................................18.476s
····················Start:   upload the mc+proof generation
······················Start:   start proof generation
······················End:     start proof generation ..............................165.0s
····················End:     upload the mc+proof generation ........................165.1s
····················Start:   upload the data
[2mOct 01 05:15:02.257[0m [33m WARN[0m [1mAtom Client[0m: client: data prepared
[2mOct 01 05:15:30.408[0m [33m WARN[0m [1mAtom Client[0m: client: data uploaded,receving ms proof
[2mOct 01 05:15:39.048[0m [33m WARN[0m [1mAtom Client[0m: client: ms proof received
····················End:     upload the data .......................................36.798s
··················End:     upload data .............................................220.276s
··················Start:   verify the data
····················Start:   verify
······················Start:   receive verify
······················End:     receive verify ......................................509.277s
······················Start:   verify the proofs
······················End:     verify the proofs ...................................538.831ms
····················End:     verify the data .......................................509.833s
··················End:     one round ...............................................731.944s
··················Start:   one round
····················Start:   train model
······················Start:   retrieve the model
······················End:     retrieve the model ..................................834.782ms
····················End:     train model ...........................................1.834s
····················Start:   upload data
······················Start:   encrypt the gradients
························Start:   new public key
························End:     new public key ....................................355.447ms
······················End:     encrypt the gradients ...............................17.925s
······················Start:   upload the mc+proof generation
························Start:   start proof generation
························End:     start proof generation ............................165.0s
······················End:     upload the mc+proof generation ......................165.19s
······················Start:   upload the data
[2mOct 01 05:27:13.669[0m [33m WARN[0m [1mAtom Client[0m: client: data prepared
[2mOct 01 05:27:41.811[0m [33m WARN[0m [1mAtom Client[0m: client: data uploaded,receving ms proof
[2mOct 01 05:27:53.826[0m [33m WARN[0m [1mAtom Client[0m: client: ms proof received
······················End:     upload the data .....................................40.164s
····················End:     upload data ...........................................223.109s
····················Start:   verify the data
······················Start:   verify
························Start:   receive verify
························End:     receive verify ....................................510.944s
························Start:   verify the proofs
························End:     verify the proofs .................................551.606ms
······················End:     verify the data .....................................511.514s
····················End:     one round .............................................736.458s
····················Start:   one round
······················Start:   train model
························Start:   retrieve the model
························End:     retrieve the model ................................835.70ms
······················End:     train model .........................................1.835s
······················Start:   upload data
························Start:   encrypt the gradients
··························Start:   new public key
··························End:     new public key ..................................363.212ms
························End:     encrypt the gradients .............................18.693s
························Start:   upload the mc+proof generation
··························Start:   start proof generation
··························End:     start proof generation ..........................165.0s
························End:     upload the mc+proof generation ....................165.2s
························Start:   upload the data
[2mOct 01 05:39:30.878[0m [33m WARN[0m [1mAtom Client[0m: client: data prepared
[2mOct 01 05:40:06.799[0m [33m WARN[0m [1mAtom Client[0m: client: data uploaded,receving ms proof
[2mOct 01 05:40:06.799[0m [33m WARN[0m [1mAtom Client[0m: client: ms proof received
························End:     upload the data ...................................35.927s
······················End:     upload data .........................................219.623s
······················Start:   verify the data
························Start:   verify
··························Start:   receive verify
··························End:     receive verify ..................................509.770s
··························Start:   verify the proofs
··························End:     verify the proofs ...............................539.132ms
························End:     verify the data ...................................510.333s
······················End:     one round ...........................................731.792s
····················End:     clients ...............................................7333.205s
[2mOct 01 05:48:37.136[0m [33m WARN[0m [1mAtom Client[0m: client: close time.busy=903ms time.idle=7332s
