[2mOct 01 03:46:23.928[0m [33m WARN[0m [1mAtom Client[0m: client: new
Start:   clients
··Start:   one round
····Start:   train model
······Start:   retrieve the model
······End:     retrieve the model ..................................................845.97ms
····End:     train model ...........................................................1.845s
····Start:   upload data
······Start:   encrypt the gradients
········Start:   new public key
········End:     new public key ....................................................359.121ms
······End:     encrypt the gradients ...............................................18.202s
······Start:   upload the mc+proof generation
········Start:   start proof generation
········End:     start proof generation ............................................165.0s
······End:     upload the mc+proof generation ......................................165.1s
······Start:   upload the data
[2mOct 01 03:49:29.447[0m [33m WARN[0m [1mAtom Client[0m: client: data prepared
[2mOct 01 03:49:57.627[0m [33m WARN[0m [1mAtom Client[0m: client: data uploaded,receving ms proof
[2mOct 01 03:50:06.198[0m [33m WARN[0m [1mAtom Client[0m: client: ms proof received
······End:     upload the data .....................................................36.769s
····End:     upload data ...........................................................219.973s
····Start:   verify the data
······Start:   verify
········Start:   receive verify
········End:     receive verify ....................................................512.352s
········Start:   verify the proofs
········End:     verify the proofs .................................................605.129ms
······End:     verify the data .....................................................512.971s
····End:     one round .............................................................734.790s
····Start:   one round
······Start:   train model
········Start:   retrieve the model
········End:     retrieve the model ................................................844.266ms
······End:     train model .........................................................1.844s
······Start:   upload data
········Start:   encrypt the gradients
··········Start:   new public key
··········End:     new public key ..................................................362.947ms
········End:     encrypt the gradients .............................................18.284s
········Start:   upload the mc+proof generation
··········Start:   start proof generation
··········End:     start proof generation ..........................................165.0s
········End:     upload the mc+proof generation ....................................165.1s
········Start:   upload the data
[2mOct 01 04:01:44.306[0m [33m WARN[0m [1mAtom Client[0m: client: data prepared
[2mOct 01 04:02:12.459[0m [33m WARN[0m [1mAtom Client[0m: client: data uploaded,receving ms proof
[2mOct 01 04:02:20.813[0m [33m WARN[0m [1mAtom Client[0m: client: ms proof received
········End:     upload the data ...................................................36.513s
······End:     upload data .........................................................219.799s
······Start:   verify the data
········Start:   verify
··········Start:   receive verify
··········End:     receive verify ..................................................509.236s
··········Start:   verify the proofs
··········End:     verify the proofs ...............................................538.235ms
········End:     verify the data ...................................................509.792s
······End:     one round ...........................................................731.436s
······Start:   one round
········Start:   train model
··········Start:   retrieve the model
··········End:     retrieve the model ..............................................825.913ms
········End:     train model .......................................................1.826s
········Start:   upload data
··········Start:   encrypt the gradients
············Start:   new public key
············End:     new public key ................................................364.539ms
··········End:     encrypt the gradients ...........................................18.619s
··········Start:   upload the mc+proof generation
············Start:   start proof generation
············End:     start proof generation ........................................165.0s
··········End:     upload the mc+proof generation ..................................165.1s
··········Start:   upload the data
[2mOct 01 04:13:56.060[0m [33m WARN[0m [1mAtom Client[0m: client: data prepared
[2mOct 01 04:14:24.210[0m [33m WARN[0m [1mAtom Client[0m: client: data uploaded,receving ms proof
[2mOct 01 04:14:33.312[0m [33m WARN[0m [1mAtom Client[0m: client: ms proof received
··········End:     upload the data .................................................37.259s
········End:     upload data .......................................................220.880s
········Start:   verify the data
··········Start:   verify
············Start:   receive verify
············End:     receive verify ................................................509.0s
············Start:   verify the proofs
············End:     verify the proofs .............................................590.711ms
··········End:     verify the data .................................................509.602s
········End:     one round .........................................................732.308s
········Start:   one round
··········Start:   train model
············Start:   retrieve the model
············End:     retrieve the model ............................................868.278ms
··········End:     train model .....................................................1.868s
··········Start:   upload data
············Start:   encrypt the gradients
··············Start:   new public key
··············End:     new public key ..............................................364.16ms
············End:     encrypt the gradients .........................................18.33s
············Start:   upload the mc+proof generation
··············Start:   start proof generation
··············End:     start proof generation ......................................165.0s
············End:     upload the mc+proof generation ................................165.1s
············Start:   upload the data
[2mOct 01 04:26:07.825[0m [33m WARN[0m [1mAtom Client[0m: client: data prepared
[2mOct 01 04:26:35.973[0m [33m WARN[0m [1mAtom Client[0m: client: data uploaded,receving ms proof
[2mOct 01 04:26:46.249[0m [33m WARN[0m [1mAtom Client[0m: client: ms proof received
············End:     upload the data ...............................................38.431s
··········End:     upload data .....................................................221.466s
··········Start:   verify the data
············Start:   verify
··············Start:   receive verify
··············End:     receive verify ..............................................508.989s
··············Start:   verify the proofs
··············End:     verify the proofs ...........................................547.315ms
············End:     verify the data ...............................................509.547s
··········End:     one round .......................................................732.881s
··········Start:   one round
············Start:   train model
··············Start:   retrieve the model
··············End:     retrieve the model ..........................................852.840ms
············End:     train model ...................................................1.853s
············Start:   upload data
··············Start:   encrypt the gradients
················Start:   new public key
················End:     new public key ............................................359.777ms
··············End:     encrypt the gradients .......................................18.41s
··············Start:   upload the mc+proof generation
················Start:   start proof generation
················End:     start proof generation ....................................165.0s
··············End:     upload the mc+proof generation ..............................165.1s
··············Start:   upload the data
[2mOct 01 04:38:20.699[0m [33m WARN[0m [1mAtom Client[0m: client: data prepared
[2mOct 01 04:38:48.848[0m [33m WARN[0m [1mAtom Client[0m: client: data uploaded,receving ms proof
[2mOct 01 04:38:59.586[0m [33m WARN[0m [1mAtom Client[0m: client: ms proof received
··············End:     upload the data .............................................38.893s
············End:     upload data ...................................................221.936s
············Start:   verify the data
··············Start:   verify
················Start:   receive verify
················End:     receive verify ............................................508.909s
················Start:   verify the proofs
················End:     verify the proofs .........................................562.971ms
··············End:     verify the data .............................................509.482s
············End:     one round .....................................................733.272s
············Start:   one round
··············Start:   train model
················Start:   retrieve the model
················End:     retrieve the model ........................................830.636ms
··············End:     train model .................................................1.830s
··············Start:   upload data
················Start:   encrypt the gradients
··················Start:   new public key
··················End:     new public key ..........................................359.683ms
················End:     encrypt the gradients .....................................17.992s
················Start:   upload the mc+proof generation
··················Start:   start proof generation
··················End:     start proof generation ..................................165.0s
················End:     upload the mc+proof generation ............................165.1s
················Start:   upload the data
[2mOct 01 04:50:33.900[0m [33m WARN[0m [1mAtom Client[0m: client: data prepared
[2mOct 01 04:51:02.055[0m [33m WARN[0m [1mAtom Client[0m: client: data uploaded,receving ms proof
[2mOct 01 04:51:13.187[0m [33m WARN[0m [1mAtom Client[0m: client: ms proof received
················End:     upload the data ...........................................39.293s
··············End:     upload data .................................................222.287s
··············Start:   verify the data
················Start:   verify
··················Start:   receive verify
··················End:     receive verify ..........................................508.995s
··················Start:   verify the proofs
··················End:     verify the proofs .......................................537.643ms
················End:     verify the data ...........................................509.550s
··············End:     one round ...................................................733.669s
··············Start:   one round
················Start:   train model
··················Start:   retrieve the model
··················End:     retrieve the model ......................................834.976ms
················End:     train model ...............................................1.835s
················Start:   upload data
··················Start:   encrypt the gradients
····················Start:   new public key
····················End:     new public key ........................................361.522ms
··················End:     encrypt the gradients ...................................18.235s
··················Start:   upload the mc+proof generation
····················Start:   start proof generation
····················End:     start proof generation ................................165.0s
··················End:     upload the mc+proof generation ..........................165.1s
··················Start:   upload the data
[2mOct 01 05:02:47.817[0m [33m WARN[0m [1mAtom Client[0m: client: data prepared
[2mOct 01 05:03:15.967[0m [33m WARN[0m [1mAtom Client[0m: client: data uploaded,receving ms proof
[2mOct 01 05:03:25.924[0m [33m WARN[0m [1mAtom Client[0m: client: ms proof received
··················End:     upload the data .........................................38.113s
················End:     upload data ...............................................221.351s
················Start:   verify the data
··················Start:   verify
····················Start:   receive verify
····················End:     receive verify ........................................510.984s
····················Start:   verify the proofs
····················End:     verify the proofs .....................................547.368ms
··················End:     verify the data .........................................511.540s
················End:     one round .................................................734.727s
················Start:   one round
··················Start:   train model
····················Start:   retrieve the model
····················End:     retrieve the model ....................................830.493ms
··················End:     train model .............................................1.830s
··················Start:   upload data
····················Start:   encrypt the gradients
······················Start:   new public key
······················End:     new public key ......................................367.4ms
····················End:     encrypt the gradients .................................18.348s
····················Start:   upload the mc+proof generation
······················Start:   start proof generation
······················End:     start proof generation ..............................165.0s
····················End:     upload the mc+proof generation ........................165.1s
····················Start:   upload the data
[2mOct 01 05:15:02.652[0m [33m WARN[0m [1mAtom Client[0m: client: data prepared
[2mOct 01 05:15:30.817[0m [33m WARN[0m [1mAtom Client[0m: client: data uploaded,receving ms proof
[2mOct 01 05:15:39.049[0m [33m WARN[0m [1mAtom Client[0m: client: ms proof received
····················End:     upload the data .......................................36.402s
··················End:     upload data .............................................219.752s
··················Start:   verify the data
····················Start:   verify
······················Start:   receive verify
······················End:     receive verify ......................................508.940s
······················Start:   verify the proofs
······················End:     verify the proofs ...................................540.536ms
····················End:     verify the data .......................................509.490s
··················End:     one round ...............................................731.74s
··················Start:   one round
····················Start:   train model
······················Start:   retrieve the model
······················End:     retrieve the model ..................................841.194ms
····················End:     train model ...........................................1.841s
····················Start:   upload data
······················Start:   encrypt the gradients
························Start:   new public key
························End:     new public key ....................................361.71ms
······················End:     encrypt the gradients ...............................18.385s
······················Start:   upload the mc+proof generation
························Start:   start proof generation
························End:     start proof generation ............................165.0s
······················End:     upload the mc+proof generation ......................165.1s
······················Start:   upload the data
[2mOct 01 05:27:13.787[0m [33m WARN[0m [1mAtom Client[0m: client: data prepared
[2mOct 01 05:27:41.937[0m [33m WARN[0m [1mAtom Client[0m: client: data uploaded,receving ms proof
[2mOct 01 05:27:53.826[0m [33m WARN[0m [1mAtom Client[0m: client: ms proof received
······················End:     upload the data .....................................40.58s
····················End:     upload data ...........................................223.445s
····················Start:   verify the data
······················Start:   verify
························Start:   receive verify
························End:     receive verify ....................................508.911s
························Start:   verify the proofs
························End:     verify the proofs .................................547.667ms
······················End:     verify the data .....................................509.476s
····················End:     one round .............................................734.763s
····················Start:   one round
······················Start:   train model
························Start:   retrieve the model
························End:     retrieve the model ................................834.978ms
······················End:     train model .........................................1.835s
······················Start:   upload data
························Start:   encrypt the gradients
··························Start:   new public key
··························End:     new public key ..................................371.354ms
························End:     encrypt the gradients .............................18.464s
························Start:   upload the mc+proof generation
··························Start:   start proof generation
··························End:     start proof generation ..........................165.0s
························End:     upload the mc+proof generation ....................165.1s
························Start:   upload the data
[2mOct 01 05:39:28.611[0m [33m WARN[0m [1mAtom Client[0m: client: data prepared
[2mOct 01 05:39:56.763[0m [33m WARN[0m [1mAtom Client[0m: client: data uploaded,receving ms proof
[2mOct 01 05:40:06.799[0m [33m WARN[0m [1mAtom Client[0m: client: ms proof received
························End:     upload the data ...................................38.194s
······················End:     upload data .........................................221.660s
······················Start:   verify the data
························Start:   verify
··························Start:   receive verify
··························End:     receive verify ..................................508.959s
··························Start:   verify the proofs
··························End:     verify the proofs ...............................605.857ms
························End:     verify the data ...................................509.592s
······················End:     one round ...........................................733.88s
····················End:     clients ...............................................7332.463s
[2mOct 01 05:48:36.438[0m [33m WARN[0m [1mAtom Client[0m: client: close time.busy=1.03s time.idle=7331s
