[2mNov 30 21:55:54.474[0m [33m WARN[0m [1mAtom Client[0m: client: new
Start:   clients
··Start:   one round
····Start:   train model
······Start:   retrieve the model
······End:     retrieve the model ..................................................1.145ms
····End:     train model ...........................................................1.1s
····Start:   upload data
······Start:   encrypt the gradients
······End:     encrypt the gradients ...............................................188.37ms
······Start:   upload the mc+proof generation
········Start:   start proof generation
··········Start:   Groth16::Prover
············Start:   R1CS to QAP witness map
············End:     R1CS to QAP witness map .......................................661.256ms
············Start:   Compute C
··············Start:   Compute C1
··············End:     Compute C1 ..................................................1.582s
··············Start:   Compute C2
··············End:     Compute C2 ..................................................990.381µs
············End:     Compute C .....................................................1.775s
············Start:   Compute A
············End:     Compute A .....................................................161.359ms
············Start:   Compute B in G1
············End:     Compute B in G1 ...............................................133.735ms
············Start:   Compute B in G2
············End:     Compute B in G2 ...............................................282.0ms
············Start:   Finish C
············End:     Finish C ......................................................4.524µs
··········End:     Groth16::Prover .................................................3.15s
········End:     start proof generation ............................................7.363s
······End:     upload the mc+proof generation ......................................7.365s
······Start:   upload the data
[2mNov 30 21:56:11.129[0m [33m WARN[0m [1mAtom Client[0m: client: data prepared
[2mNov 30 21:56:11.265[0m [33m WARN[0m [1mAtom Client[0m: client: data uploaded,receving ms proof
[2mNov 30 21:56:11.348[0m [33m WARN[0m [1mAtom Client[0m: client: ms proof received
······End:     upload the data .....................................................218.725ms
····End:     upload data ...........................................................7.772s
Prover CPU Time 17.4873469 s
····Start:   verify the data
······Start:   verify
········Start:   receive verify
········End:     receive verify ....................................................1.397ms
Verifier CPU Time 0.0003828 s
······End:     verify the data .....................................................1.467ms
····End:     one round .............................................................8.775s
··End:     clients .................................................................8.775s
[2mNov 30 21:56:11.407[0m [33m WARN[0m [1mAtom Client[0m: client: close time.busy=58.4ms time.idle=16.9s

real	0m17.203s
user	0m23.193s
sys	0m2.738s
