[2mNov 30 21:55:54.474[0m [33m WARN[0m [1mAtom Client[0m: client: new
Start:   clients
··Start:   one round
····Start:   train model
······Start:   retrieve the model
······End:     retrieve the model ..................................................1.233ms
····End:     train model ...........................................................1.1s
····Start:   upload data
······Start:   encrypt the gradients
······End:     encrypt the gradients ...............................................188.939ms
······Start:   upload the mc+proof generation
········Start:   start proof generation
··········Start:   Groth16::Prover
············Start:   R1CS to QAP witness map
············End:     R1CS to QAP witness map .......................................655.368ms
············Start:   Compute C
··············Start:   Compute C1
··············End:     Compute C1 ..................................................1.494s
··············Start:   Compute C2
··············End:     Compute C2 ..................................................872.935µs
············End:     Compute C .....................................................1.686s
············Start:   Compute A
············End:     Compute A .....................................................127.247ms
············Start:   Compute B in G1
············End:     Compute B in G1 ...............................................94.224ms
············Start:   Compute B in G2
············End:     Compute B in G2 ...............................................238.175ms
············Start:   Finish C
············End:     Finish C ......................................................8.827µs
··········End:     Groth16::Prover .................................................2.802s
········End:     start proof generation ............................................7.112s
······End:     upload the mc+proof generation ......................................7.114s
······Start:   upload the data
[2mNov 30 21:56:10.933[0m [33m WARN[0m [1mAtom Client[0m: client: data prepared
[2mNov 30 21:56:11.069[0m [33m WARN[0m [1mAtom Client[0m: client: data uploaded,receving ms proof
[2mNov 30 21:56:11.348[0m [33m WARN[0m [1mAtom Client[0m: client: ms proof received
······End:     upload the data .....................................................415.446ms
····End:     upload data ...........................................................7.719s
Prover CPU Time 17.249066292 s
····Start:   verify the data
······Start:   verify
········Start:   receive verify
········End:     receive verify ....................................................1.333ms
Verifier CPU Time 0.000322709 s
······End:     verify the data .....................................................1.400ms
····End:     one round .............................................................8.722s
··End:     clients .................................................................8.722s
[2mNov 30 21:56:11.402[0m [33m WARN[0m [1mAtom Client[0m: client: close time.busy=53.2ms time.idle=16.9s

real	0m17.205s
user	0m22.994s
sys	0m2.760s
