[2mNov 30 21:55:54.475[0m [33m WARN[0m [1mAtom Client[0m: client: new
Start:   clients
··Start:   one round
····Start:   train model
······Start:   retrieve the model
······End:     retrieve the model ..................................................1.129ms
····End:     train model ...........................................................1.1s
····Start:   upload data
······Start:   encrypt the gradients
······End:     encrypt the gradients ...............................................193.568ms
······Start:   upload the mc+proof generation
········Start:   start proof generation
··········Start:   Groth16::Prover
············Start:   R1CS to QAP witness map
············End:     R1CS to QAP witness map .......................................838.676ms
············Start:   Compute C
··············Start:   Compute C1
··············End:     Compute C1 ..................................................1.395s
··············Start:   Compute C2
··············End:     Compute C2 ..................................................865.578µs
············End:     Compute C .....................................................1.501s
············Start:   Compute A
············End:     Compute A .....................................................112.214ms
············Start:   Compute B in G1
············End:     Compute B in G1 ...............................................74.2ms
············Start:   Compute B in G2
············End:     Compute B in G2 ...............................................230.532ms
············Start:   Finish C
············End:     Finish C ......................................................4.379µs
··········End:     Groth16::Prover .................................................2.758s
········End:     start proof generation ............................................7.66s
······End:     upload the mc+proof generation ......................................7.67s
······Start:   upload the data
[2mNov 30 21:56:11.077[0m [33m WARN[0m [1mAtom Client[0m: client: data prepared
[2mNov 30 21:56:11.213[0m [33m WARN[0m [1mAtom Client[0m: client: data uploaded,receving ms proof
[2mNov 30 21:56:11.348[0m [33m WARN[0m [1mAtom Client[0m: client: ms proof received
······End:     upload the data .....................................................271.227ms
····End:     upload data ...........................................................7.532s
Prover CPU Time 17.675291447 s
····Start:   verify the data
······Start:   verify
········Start:   receive verify
········End:     receive verify ....................................................1.558ms
Verifier CPU Time 0.000470598 s
······End:     verify the data .....................................................1.612ms
····End:     one round .............................................................8.535s
··End:     clients .................................................................8.535s
[2mNov 30 21:56:11.415[0m [33m WARN[0m [1mAtom Client[0m: client: close time.busy=65.5ms time.idle=16.9s

real	0m17.223s
user	0m23.622s
sys	0m2.757s
