[2mNov 30 21:55:54.474[0m [33m WARN[0m [1mAtom Client[0m: client: new
Start:   clients
··Start:   one round
····Start:   train model
······Start:   retrieve the model
······End:     retrieve the model ..................................................997.467µs
····End:     train model ...........................................................1.1s
····Start:   upload data
······Start:   encrypt the gradients
······End:     encrypt the gradients ...............................................194.736ms
······Start:   upload the mc+proof generation
········Start:   start proof generation
··········Start:   Groth16::Prover
············Start:   R1CS to QAP witness map
············End:     R1CS to QAP witness map .......................................890.92ms
············Start:   Compute C
··············Start:   Compute C1
··············End:     Compute C1 ..................................................1.153s
··············Start:   Compute C2
··············End:     Compute C2 ..................................................904.195µs
············End:     Compute C .....................................................1.347s
············Start:   Compute A
············End:     Compute A .....................................................109.35ms
············Start:   Compute B in G1
············End:     Compute B in G1 ...............................................68.970ms
············Start:   Compute B in G2
············End:     Compute B in G2 ...............................................230.983ms
············Start:   Finish C
············End:     Finish C ......................................................7.330µs
··········End:     Groth16::Prover .................................................2.647s
········End:     start proof generation ............................................7.85s
······End:     upload the mc+proof generation ......................................7.87s
······Start:   upload the data
[2mNov 30 21:56:11.201[0m [33m WARN[0m [1mAtom Client[0m: client: data prepared
[2mNov 30 21:56:11.348[0m [33m WARN[0m [1mAtom Client[0m: client: data uploaded,receving ms proof
[2mNov 30 21:56:11.348[0m [33m WARN[0m [1mAtom Client[0m: client: ms proof received
······End:     upload the data .....................................................146.894ms
····End:     upload data ...........................................................7.428s
Prover CPU Time 17.402463552 s
····Start:   verify the data
······Start:   verify
········Start:   receive verify
········End:     receive verify ....................................................1.257ms
Verifier CPU Time 0.000346619 s
······End:     verify the data .....................................................1.335ms
····End:     one round .............................................................8.431s
··End:     clients .................................................................8.431s
[2mNov 30 21:56:11.429[0m [33m WARN[0m [1mAtom Client[0m: client: close time.busy=79.5ms time.idle=16.9s

real	0m17.275s
user	0m23.280s
sys	0m2.984s
