[2mNov 30 21:55:54.474[0m [33m WARN[0m [1mAtom Client[0m: client: new
Start:   clients
··Start:   one round
····Start:   train model
······Start:   retrieve the model
······End:     retrieve the model ..................................................1.156ms
····End:     train model ...........................................................1.1s
····Start:   upload data
······Start:   encrypt the gradients
······End:     encrypt the gradients ...............................................194.787ms
······Start:   upload the mc+proof generation
········Start:   start proof generation
··········Start:   Groth16::Prover
············Start:   R1CS to QAP witness map
············End:     R1CS to QAP witness map .......................................839.84ms
············Start:   Compute C
··············Start:   Compute C1
··············End:     Compute C1 ..................................................1.422s
··············Start:   Compute C2
··············End:     Compute C2 ..................................................1.63ms
············End:     Compute C .....................................................1.547s
············Start:   Compute A
············End:     Compute A .....................................................130.264ms
············Start:   Compute B in G1
············End:     Compute B in G1 ...............................................72.172ms
············Start:   Compute B in G2
············End:     Compute B in G2 ...............................................236.138ms
············Start:   Finish C
············End:     Finish C ......................................................7.731µs
··········End:     Groth16::Prover .................................................2.827s
········End:     start proof generation ............................................7.207s
······End:     upload the mc+proof generation ......................................7.209s
······Start:   upload the data
[2mNov 30 21:56:11.061[0m [33m WARN[0m [1mAtom Client[0m: client: data prepared
[2mNov 30 21:56:11.200[0m [33m WARN[0m [1mAtom Client[0m: client: data uploaded,receving ms proof
[2mNov 30 21:56:11.348[0m [33m WARN[0m [1mAtom Client[0m: client: ms proof received
······End:     upload the data .....................................................286.953ms
····End:     upload data ...........................................................7.691s
Prover CPU Time 18.454324348 s
····Start:   verify the data
······Start:   verify
········Start:   receive verify
········End:     receive verify ....................................................793.173µs
Verifier CPU Time 0.000374915 s
······End:     verify the data .....................................................858.339µs
····End:     one round .............................................................8.693s
··End:     clients .................................................................8.693s
[2mNov 30 21:56:11.416[0m [33m WARN[0m [1mAtom Client[0m: client: close time.busy=67.8ms time.idle=16.9s

real	0m17.270s
user	0m24.127s
sys	0m2.922s
