[2mNov 30 21:55:54.474[0m [33m WARN[0m [1mAtom Client[0m: client: new
Start:   clients
··Start:   one round
····Start:   train model
······Start:   retrieve the model
······End:     retrieve the model ..................................................1.310ms
····End:     train model ...........................................................1.1s
····Start:   upload data
······Start:   encrypt the gradients
······End:     encrypt the gradients ...............................................196.794ms
······Start:   upload the mc+proof generation
········Start:   start proof generation
··········Start:   Groth16::Prover
············Start:   R1CS to QAP witness map
············End:     R1CS to QAP witness map .......................................809.924ms
············Start:   Compute C
··············Start:   Compute C1
··············End:     Compute C1 ..................................................1.302s
··············Start:   Compute C2
··············End:     Compute C2 ..................................................819.524µs
············End:     Compute C .....................................................1.408s
············Start:   Compute A
············End:     Compute A .....................................................112.190ms
············Start:   Compute B in G1
············End:     Compute B in G1 ...............................................73.905ms
············Start:   Compute B in G2
············End:     Compute B in G2 ...............................................230.96ms
············Start:   Finish C
············End:     Finish C ......................................................4.717µs
··········End:     Groth16::Prover .................................................2.635s
········End:     start proof generation ............................................6.987s
······End:     upload the mc+proof generation ......................................6.995s
······Start:   upload the data
[2mNov 30 21:56:11.163[0m [33m WARN[0m [1mAtom Client[0m: client: data prepared
[2mNov 30 21:56:11.298[0m [33m WARN[0m [1mAtom Client[0m: client: data uploaded,receving ms proof
[2mNov 30 21:56:11.348[0m [33m WARN[0m [1mAtom Client[0m: client: ms proof received
······End:     upload the data .....................................................184.993ms
····End:     upload data ...........................................................7.377s
Prover CPU Time 17.28343198 s
····Start:   verify the data
······Start:   verify
········Start:   receive verify
········End:     receive verify ....................................................1.296ms
Verifier CPU Time 0.000296789 s
······End:     verify the data .....................................................1.366ms
····End:     one round .............................................................8.380s
··End:     clients .................................................................8.380s
[2mNov 30 21:56:11.419[0m [33m WARN[0m [1mAtom Client[0m: client: close time.busy=69.4ms time.idle=16.9s

real	0m17.261s
user	0m23.414s
sys	0m2.763s
