[2mOct 01 02:06:14.653[0m [33m WARN[0m [1mAtom Client[0m: client: new
Start:   clients
··Start:   one round
····Start:   train model
······Start:   retrieve the model
······End:     retrieve the model ..................................................27.872ms
····End:     train model ...........................................................1.28s
····Start:   upload data
······Start:   encrypt the gradients
········Start:   new public key
········End:     new public key ....................................................357.808ms
······End:     encrypt the gradients ...............................................6.423s
······Start:   upload the mc+proof generation
········Start:   start proof generation
········End:     start proof generation ............................................41.250s
······End:     upload the mc+proof generation ......................................41.251s
······Start:   upload the data
[2mOct 01 02:07:03.487[0m [33m WARN[0m [1mAtom Client[0m: client: data prepared
[2mOct 01 02:07:10.530[0m [33m WARN[0m [1mAtom Client[0m: client: data uploaded,receving ms proof
[2mOct 01 02:07:13.291[0m [33m WARN[0m [1mAtom Client[0m: client: ms proof received
······End:     upload the data .....................................................9.808s
····End:     upload data ...........................................................57.483s
····Start:   verify the data
······Start:   verify
········Start:   receive verify
········End:     receive verify ....................................................127.912s
········Start:   verify the proofs
········End:     verify the proofs .................................................116.30ms
······End:     verify the data .....................................................128.31s
····End:     one round .............................................................186.543s
····Start:   one round
······Start:   train model
········Start:   retrieve the model
········End:     retrieve the model ................................................194.666ms
······End:     train model .........................................................1.194s
······Start:   upload data
········Start:   encrypt the gradients
··········Start:   new public key
··········End:     new public key ..................................................357.837ms
········End:     encrypt the gradients .............................................6.476s
········Start:   upload the mc+proof generation
··········Start:   start proof generation
··········End:     start proof generation ..........................................41.250s
········End:     upload the mc+proof generation ....................................41.251s
········Start:   upload the data
[2mOct 01 02:10:10.247[0m [33m WARN[0m [1mAtom Client[0m: client: data prepared
[2mOct 01 02:10:17.276[0m [33m WARN[0m [1mAtom Client[0m: client: data uploaded,receving ms proof
[2mOct 01 02:10:19.942[0m [33m WARN[0m [1mAtom Client[0m: client: ms proof received
········End:     upload the data ...................................................9.696s
······End:     upload data .........................................................57.424s
······Start:   verify the data
········Start:   verify
··········Start:   receive verify
··········End:     receive verify ..................................................126.518s
··········Start:   verify the proofs
··········End:     verify the proofs ...............................................105.704ms
········End:     verify the data ...................................................126.627s
······End:     one round ...........................................................185.246s
······Start:   one round
········Start:   train model
··········Start:   retrieve the model
··········End:     retrieve the model ..............................................203.797ms
········End:     train model .......................................................1.203s
········Start:   upload data
··········Start:   encrypt the gradients
············Start:   new public key
············End:     new public key ................................................351.452ms
··········End:     encrypt the gradients ...........................................6.386s
··········Start:   upload the mc+proof generation
············Start:   start proof generation
············End:     start proof generation ........................................41.250s
··········End:     upload the mc+proof generation ..................................41.251s
··········Start:   upload the data
[2mOct 01 02:13:15.413[0m [33m WARN[0m [1mAtom Client[0m: client: data prepared
[2mOct 01 02:13:22.437[0m [33m WARN[0m [1mAtom Client[0m: client: data uploaded,receving ms proof
[2mOct 01 02:13:25.946[0m [33m WARN[0m [1mAtom Client[0m: client: ms proof received
··········End:     upload the data .................................................10.535s
········End:     upload data .......................................................58.173s
········Start:   verify the data
··········Start:   verify
············Start:   receive verify
············End:     receive verify ................................................127.826s
············Start:   verify the proofs
············End:     verify the proofs .............................................110.583ms
··········End:     verify the data .................................................127.940s
········End:     one round .........................................................187.317s
········Start:   one round
··········Start:   train model
············Start:   retrieve the model
············End:     retrieve the model ............................................203.683ms
··········End:     train model .....................................................1.203s
··········Start:   upload data
············Start:   encrypt the gradients
··············Start:   new public key
··············End:     new public key ..............................................352.285ms
············End:     encrypt the gradients .........................................6.337s
············Start:   upload the mc+proof generation
··············Start:   start proof generation
··············End:     start proof generation ......................................41.250s
············End:     upload the mc+proof generation ................................41.252s
············Start:   upload the data
[2mOct 01 02:16:22.682[0m [33m WARN[0m [1mAtom Client[0m: client: data prepared
[2mOct 01 02:16:31.885[0m [33m WARN[0m [1mAtom Client[0m: client: data uploaded,receving ms proof
[2mOct 01 02:16:31.885[0m [33m WARN[0m [1mAtom Client[0m: client: ms proof received
············End:     upload the data ...............................................9.205s
··········End:     upload data .....................................................56.794s
··········Start:   verify the data
············Start:   verify
··············Start:   receive verify
··············End:     receive verify ..............................................127.266s
··············Start:   verify the proofs
··············End:     verify the proofs ...........................................106.703ms
············End:     verify the data ...............................................127.375s
··········End:     one round .......................................................185.374s
··········Start:   one round
············Start:   train model
··············Start:   retrieve the model
··············End:     retrieve the model ..........................................205.117ms
············End:     train model ...................................................1.205s
············Start:   upload data
··············Start:   encrypt the gradients
················Start:   new public key
················End:     new public key ............................................358.747ms
··············End:     encrypt the gradients .......................................6.434s
··············Start:   upload the mc+proof generation
················Start:   start proof generation
················End:     start proof generation ....................................41.250s
··············End:     upload the mc+proof generation ..............................41.251s
··············Start:   upload the data
[2mOct 01 02:19:28.155[0m [33m WARN[0m [1mAtom Client[0m: client: data prepared
[2mOct 01 02:19:35.178[0m [33m WARN[0m [1mAtom Client[0m: client: data uploaded,receving ms proof
[2mOct 01 02:19:38.067[0m [33m WARN[0m [1mAtom Client[0m: client: ms proof received
··············End:     upload the data .............................................9.914s
············End:     upload data ...................................................57.600s
············Start:   verify the data
··············Start:   verify
················Start:   receive verify
················End:     receive verify ............................................127.232s
················Start:   verify the proofs
················End:     verify the proofs .........................................105.239ms
··············End:     verify the data .............................................127.340s
············End:     one round .....................................................186.146s
············Start:   one round
··············Start:   train model
················Start:   retrieve the model
················End:     retrieve the model ........................................204.998ms
··············End:     train model .................................................1.205s
··············Start:   upload data
················Start:   encrypt the gradients
··················Start:   new public key
··················End:     new public key ..........................................351.330ms
················End:     encrypt the gradients .....................................6.400s
················Start:   upload the mc+proof generation
··················Start:   start proof generation
··················End:     start proof generation ..................................41.250s
················End:     upload the mc+proof generation ............................41.251s
················Start:   upload the data
[2mOct 01 02:22:34.267[0m [33m WARN[0m [1mAtom Client[0m: client: data prepared
[2mOct 01 02:22:41.290[0m [33m WARN[0m [1mAtom Client[0m: client: data uploaded,receving ms proof
[2mOct 01 02:22:44.016[0m [33m WARN[0m [1mAtom Client[0m: client: ms proof received
················End:     upload the data ...........................................9.750s
··············End:     upload data .................................................57.402s
··············Start:   verify the data
················Start:   verify
··················Start:   receive verify
··················End:     receive verify ..........................................126.654s
··················Start:   verify the proofs
··················End:     verify the proofs .......................................105.280ms
················End:     verify the data ...........................................126.762s
··············End:     one round ...................................................185.370s
··············Start:   one round
················Start:   train model
··················Start:   retrieve the model
··················End:     retrieve the model ......................................203.703ms
················End:     train model ...............................................1.203s
················Start:   upload data
··················Start:   encrypt the gradients
····················Start:   new public key
····················End:     new public key ........................................352.302ms
··················End:     encrypt the gradients ...................................6.404s
··················Start:   upload the mc+proof generation
····················Start:   start proof generation
····················End:     start proof generation ................................41.250s
··················End:     upload the mc+proof generation ..........................41.251s
··················Start:   upload the data
[2mOct 01 02:25:39.640[0m [33m WARN[0m [1mAtom Client[0m: client: data prepared
[2mOct 01 02:25:46.663[0m [33m WARN[0m [1mAtom Client[0m: client: data uploaded,receving ms proof
[2mOct 01 02:25:50.028[0m [33m WARN[0m [1mAtom Client[0m: client: ms proof received
··················End:     upload the data .........................................10.389s
················End:     upload data ...............................................58.45s
················Start:   verify the data
··················Start:   verify
····················Start:   receive verify
····················End:     receive verify ........................................127.810s
····················Start:   verify the proofs
····················End:     verify the proofs .....................................105.717ms
··················End:     verify the data .........................................127.919s
················End:     one round .................................................187.168s
················Start:   one round
··················Start:   train model
····················Start:   retrieve the model
····················End:     retrieve the model ....................................203.841ms
··················End:     train model .............................................1.203s
··················Start:   upload data
····················Start:   encrypt the gradients
······················Start:   new public key
······················End:     new public key ......................................353.21ms
····················End:     encrypt the gradients .................................6.329s
····················Start:   upload the mc+proof generation
······················Start:   start proof generation
······················End:     start proof generation ..............................41.250s
····················End:     upload the mc+proof generation ........................41.252s
····················Start:   upload the data
[2mOct 01 02:28:46.734[0m [33m WARN[0m [1mAtom Client[0m: client: data prepared
[2mOct 01 02:28:55.940[0m [33m WARN[0m [1mAtom Client[0m: client: data uploaded,receving ms proof
[2mOct 01 02:28:55.941[0m [33m WARN[0m [1mAtom Client[0m: client: ms proof received
····················End:     upload the data .......................................9.207s
··················End:     upload data .............................................56.789s
··················Start:   verify the data
····················Start:   verify
······················Start:   receive verify
······················End:     receive verify ......................................127.264s
······················Start:   verify the proofs
······················End:     verify the proofs ...................................111.139ms
····················End:     verify the data .......................................127.376s
··················End:     one round ...............................................185.369s
··················Start:   one round
····················Start:   train model
······················Start:   retrieve the model
······················End:     retrieve the model ..................................203.555ms
····················End:     train model ...........................................1.203s
····················Start:   upload data
······················Start:   encrypt the gradients
························Start:   new public key
························End:     new public key ....................................352.312ms
······················End:     encrypt the gradients ...............................6.428s
······················Start:   upload the mc+proof generation
························Start:   start proof generation
························End:     start proof generation ............................41.250s
······················End:     upload the mc+proof generation ......................41.251s
······················Start:   upload the data
[2mOct 01 02:31:52.203[0m [33m WARN[0m [1mAtom Client[0m: client: data prepared
[2mOct 01 02:31:59.225[0m [33m WARN[0m [1mAtom Client[0m: client: data uploaded,receving ms proof
[2mOct 01 02:32:02.006[0m [33m WARN[0m [1mAtom Client[0m: client: ms proof received
······················End:     upload the data .....................................9.805s
····················End:     upload data ...........................................57.485s
····················Start:   verify the data
······················Start:   verify
························Start:   receive verify
························End:     receive verify ....................................126.669s
························Start:   verify the proofs
························End:     verify the proofs .................................106.448ms
······················End:     verify the data .....................................126.776s
····················End:     one round .............................................185.466s
····················Start:   one round
······················Start:   train model
························Start:   retrieve the model
························End:     retrieve the model ................................203.613ms
······················End:     train model .........................................1.203s
······················Start:   upload data
························Start:   encrypt the gradients
··························Start:   new public key
··························End:     new public key ..................................354.215ms
························End:     encrypt the gradients .............................6.377s
························Start:   upload the mc+proof generation
··························Start:   start proof generation
··························End:     start proof generation ..........................41.250s
························End:     upload the mc+proof generation ....................41.251s
························Start:   upload the data
[2mOct 01 02:34:57.621[0m [33m WARN[0m [1mAtom Client[0m: client: data prepared
[2mOct 01 02:35:04.644[0m [33m WARN[0m [1mAtom Client[0m: client: data uploaded,receving ms proof
[2mOct 01 02:35:07.951[0m [33m WARN[0m [1mAtom Client[0m: client: ms proof received
························End:     upload the data ...................................10.332s
······················End:     upload data .........................................57.961s
······················Start:   verify the data
························Start:   verify
··························Start:   receive verify
[2mOct 01 02:35:37.117[0m [33m WARN[0m tarpc::client: Connection broken: could not read from the transport

Caused by:
    bytes remaining on stream
