[2mDec 03 07:52:27.218[0m [33m WARN[0m [1mAtom Client[0m: client: new
Start:   clients
··Start:   one round
····Start:   train model
······Start:   retrieve the model
······End:     retrieve the model ..................................................769.607µs
····End:     train model ...........................................................1.0s
····Start:   upload data
······Start:   encrypt the gradients
······End:     encrypt the gradients ...............................................197.253ms
······Start:   upload the mc+proof generation
········Start:   start proof generation
··········Start:   Groth16::Prover
············Start:   R1CS to QAP witness map
············End:     R1CS to QAP witness map .......................................782.872ms
············Start:   Compute C
··············Start:   Compute C1
··············End:     Compute C1 ..................................................1.457s
··············Start:   Compute C2
··············End:     Compute C2 ..................................................830.463µs
············End:     Compute C .....................................................1.577s
············Start:   Compute A
············End:     Compute A .....................................................124.224ms
············Start:   Compute B in G1
············End:     Compute B in G1 ...............................................73.992ms
············Start:   Compute B in G2
············End:     Compute B in G2 ...............................................229.964ms
············Start:   Finish C
············End:     Finish C ......................................................6.840µs
··········End:     Groth16::Prover .................................................2.790s
········End:     start proof generation ............................................7.194s
······End:     upload the mc+proof generation ......................................7.195s
······Start:   upload the data
[2mDec 03 07:52:43.846[0m [33m WARN[0m [1mAtom Client[0m: client: data prepared
[2mDec 03 07:52:43.848[0m [33m WARN[0m [1mAtom Client[0m: client: data uploaded,receving ms proof
[2mDec 03 07:52:44.177[0m [33m WARN[0m [1mAtom Client[0m: client: ms proof received
······End:     upload the data .....................................................330.508ms
····End:     upload data ...........................................................7.723s
Prover CPU Time 17.659861805 s
····Start:   verify the data
······Start:   verify
········Start:   receive verify
········End:     receive verify ....................................................1.268ms
Verifier CPU Time 0.000245516 s
······End:     verify the data .....................................................1.313ms
····End:     one round .............................................................8.726s
··End:     clients .................................................................8.726s
[2mDec 03 07:52:44.251[0m [33m WARN[0m [1mAtom Client[0m: client: close time.busy=73.8ms time.idle=17.0s

real	0m17.310s
user	0m23.346s
sys	0m2.911s
