[2mDec 03 07:52:27.219[0m [33m WARN[0m [1mAtom Client[0m: client: new
Start:   clients
··Start:   one round
····Start:   train model
······Start:   retrieve the model
······End:     retrieve the model ..................................................724.603µs
····End:     train model ...........................................................1.0s
····Start:   upload data
······Start:   encrypt the gradients
······End:     encrypt the gradients ...............................................204.340ms
······Start:   upload the mc+proof generation
········Start:   start proof generation
··········Start:   Groth16::Prover
············Start:   R1CS to QAP witness map
············End:     R1CS to QAP witness map .......................................699.168ms
············Start:   Compute C
··············Start:   Compute C1
··············End:     Compute C1 ..................................................1.599s
··············Start:   Compute C2
··············End:     Compute C2 ..................................................901.625µs
············End:     Compute C .....................................................1.789s
············Start:   Compute A
············End:     Compute A .....................................................111.869ms
············Start:   Compute B in G1
············End:     Compute B in G1 ...............................................72.822ms
············Start:   Compute B in G2
············End:     Compute B in G2 ...............................................230.231ms
············Start:   Finish C
············End:     Finish C ......................................................4.195µs
··········End:     Groth16::Prover .................................................2.905s
········End:     start proof generation ............................................7.323s
······End:     upload the mc+proof generation ......................................7.325s
······Start:   upload the data
[2mDec 03 07:52:43.783[0m [33m WARN[0m [1mAtom Client[0m: client: data prepared
[2mDec 03 07:52:43.785[0m [33m WARN[0m [1mAtom Client[0m: client: data uploaded,receving ms proof
[2mDec 03 07:52:44.176[0m [33m WARN[0m [1mAtom Client[0m: client: ms proof received
······End:     upload the data .....................................................393.521ms
····End:     upload data ...........................................................7.923s
Prover CPU Time 17.854539262 s
····Start:   verify the data
······Start:   verify
········Start:   receive verify
········End:     receive verify ....................................................1.368ms
Verifier CPU Time 0.000292877 s
······End:     verify the data .....................................................1.429ms
····End:     one round .............................................................8.925s
··End:     clients .................................................................8.925s
[2mDec 03 07:52:44.254[0m [33m WARN[0m [1mAtom Client[0m: client: close time.busy=76.1ms time.idle=17.0s

real	0m17.307s
user	0m23.326s
sys	0m2.926s
