[2mDec 03 07:52:27.219[0m [33m WARN[0m [1mAtom Client[0m: client: new
Start:   clients
··Start:   one round
····Start:   train model
······Start:   retrieve the model
······End:     retrieve the model ..................................................1.246ms
····End:     train model ...........................................................1.1s
····Start:   upload data
······Start:   encrypt the gradients
······End:     encrypt the gradients ...............................................198.225ms
······Start:   upload the mc+proof generation
········Start:   start proof generation
··········Start:   Groth16::Prover
············Start:   R1CS to QAP witness map
············End:     R1CS to QAP witness map .......................................790.225ms
············Start:   Compute C
··············Start:   Compute C1
··············End:     Compute C1 ..................................................1.377s
··············Start:   Compute C2
··············End:     Compute C2 ..................................................1.83ms
············End:     Compute C .....................................................1.511s
············Start:   Compute A
············End:     Compute A .....................................................137.333ms
············Start:   Compute B in G1
············End:     Compute B in G1 ...............................................104.772ms
············Start:   Compute B in G2
············End:     Compute B in G2 ...............................................238.706ms
············Start:   Finish C
············End:     Finish C ......................................................4.342µs
··········End:     Groth16::Prover .................................................2.784s
········End:     start proof generation ............................................7.136s
······End:     upload the mc+proof generation ......................................7.137s
······Start:   upload the data
[2mDec 03 07:52:43.765[0m [33m WARN[0m [1mAtom Client[0m: client: data prepared
[2mDec 03 07:52:43.767[0m [33m WARN[0m [1mAtom Client[0m: client: data uploaded,receving ms proof
[2mDec 03 07:52:44.177[0m [33m WARN[0m [1mAtom Client[0m: client: ms proof received
······End:     upload the data .....................................................411.165ms
····End:     upload data ...........................................................7.747s
Prover CPU Time 18.107690485 s
····Start:   verify the data
······Start:   verify
········Start:   receive verify
········End:     receive verify ....................................................1.16ms
Verifier CPU Time 0.000236082 s
······End:     verify the data .....................................................1.63ms
····End:     one round .............................................................8.750s
··End:     clients .................................................................8.750s
[2mDec 03 07:52:44.236[0m [33m WARN[0m [1mAtom Client[0m: client: close time.busy=58.1ms time.idle=17.0s

real	0m17.320s
user	0m23.783s
sys	0m2.914s
