[2mDec 03 07:52:27.219[0m [33m WARN[0m [1mAtom Client[0m: client: new
Start:   clients
··Start:   one round
····Start:   train model
······Start:   retrieve the model
······End:     retrieve the model ..................................................1.64ms
····End:     train model ...........................................................1.1s
····Start:   upload data
······Start:   encrypt the gradients
······End:     encrypt the gradients ...............................................196.90ms
······Start:   upload the mc+proof generation
········Start:   start proof generation
··········Start:   Groth16::Prover
············Start:   R1CS to QAP witness map
············End:     R1CS to QAP witness map .......................................806.671ms
············Start:   Compute C
··············Start:   Compute C1
··············End:     Compute C1 ..................................................1.380s
··············Start:   Compute C2
··············End:     Compute C2 ..................................................858.830µs
············End:     Compute C .....................................................1.558s
············Start:   Compute A
············End:     Compute A .....................................................138.787ms
············Start:   Compute B in G1
············End:     Compute B in G1 ...............................................72.115ms
············Start:   Compute B in G2
············End:     Compute B in G2 ...............................................234.126ms
············Start:   Finish C
············End:     Finish C ......................................................4.598µs
··········End:     Groth16::Prover .................................................2.811s
········End:     start proof generation ............................................7.164s
······End:     upload the mc+proof generation ......................................7.166s
······Start:   upload the data
[2mDec 03 07:52:43.742[0m [33m WARN[0m [1mAtom Client[0m: client: data prepared
[2mDec 03 07:52:43.744[0m [33m WARN[0m [1mAtom Client[0m: client: data uploaded,receving ms proof
[2mDec 03 07:52:44.176[0m [33m WARN[0m [1mAtom Client[0m: client: ms proof received
······End:     upload the data .....................................................434.86ms
····End:     upload data ...........................................................7.796s
Prover CPU Time 18.196488735 s
····Start:   verify the data
······Start:   verify
········Start:   receive verify
········End:     receive verify ....................................................342.919µs
Verifier CPU Time 0.000314132 s
······End:     verify the data .....................................................403.20µs
····End:     one round .............................................................8.798s
··End:     clients .................................................................8.798s
[2mDec 03 07:52:44.251[0m [33m WARN[0m [1mAtom Client[0m: client: close time.busy=74.3ms time.idle=17.0s

real	0m17.328s
user	0m23.732s
sys	0m3.012s
