[2mDec 03 07:52:27.219[0m [33m WARN[0m [1mAtom Client[0m: client: new
Start:   clients
··Start:   one round
····Start:   train model
······Start:   retrieve the model
······End:     retrieve the model ..................................................711.804µs
····End:     train model ...........................................................1.0s
····Start:   upload data
······Start:   encrypt the gradients
······End:     encrypt the gradients ...............................................201.860ms
······Start:   upload the mc+proof generation
········Start:   start proof generation
··········Start:   Groth16::Prover
············Start:   R1CS to QAP witness map
············End:     R1CS to QAP witness map .......................................717.890ms
············Start:   Compute C
··············Start:   Compute C1
··············End:     Compute C1 ..................................................1.604s
··············Start:   Compute C2
··············End:     Compute C2 ..................................................1.77ms
············End:     Compute C .....................................................1.796s
············Start:   Compute A
············End:     Compute A .....................................................197.555ms
············Start:   Compute B in G1
············End:     Compute B in G1 ...............................................84.599ms
············Start:   Compute B in G2
············End:     Compute B in G2 ...............................................233.566ms
············Start:   Finish C
············End:     Finish C ......................................................4.366µs
··········End:     Groth16::Prover .................................................3.32s
········End:     start proof generation ............................................7.393s
······End:     upload the mc+proof generation ......................................7.395s
······Start:   upload the data
[2mDec 03 07:52:43.850[0m [33m WARN[0m [1mAtom Client[0m: client: data prepared
[2mDec 03 07:52:43.852[0m [33m WARN[0m [1mAtom Client[0m: client: data uploaded,receving ms proof
[2mDec 03 07:52:44.177[0m [33m WARN[0m [1mAtom Client[0m: client: ms proof received
······End:     upload the data .....................................................326.206ms
····End:     upload data ...........................................................7.923s
Prover CPU Time 18.026704039 s
····Start:   verify the data
······Start:   verify
········Start:   receive verify
········End:     receive verify ....................................................1.91ms
Verifier CPU Time 0.000261498 s
······End:     verify the data .....................................................1.138ms
····End:     one round .............................................................8.925s
··End:     clients .................................................................8.925s
[2mDec 03 07:52:44.252[0m [33m WARN[0m [1mAtom Client[0m: client: close time.busy=74.9ms time.idle=17.0s

real	0m17.309s
user	0m23.638s
sys	0m2.786s
