[2mOct 01 02:00:14.386[0m [33m WARN[0m [1mAtom Client[0m: client: new
Start:   clients
··Start:   one round
····Start:   train model
······Start:   retrieve the model
······End:     retrieve the model ..................................................814.111µs
····End:     train model ...........................................................1.0s
····Start:   upload data
······Start:   encrypt the gradients
········Start:   new public key
········End:     new public key ....................................................359.238ms
······End:     encrypt the gradients ...............................................2.703s
······Start:   upload the mc+proof generation
········Start:   start proof generation
········End:     start proof generation ............................................825.178ms
······End:     upload the mc+proof generation ......................................826.255ms
······Start:   upload the data
[2mOct 01 02:00:19.272[0m [33m WARN[0m [1mAtom Client[0m: client: data prepared
[2mOct 01 02:00:19.407[0m [33m WARN[0m [1mAtom Client[0m: client: data uploaded,receving ms proof
[2mOct 01 02:00:19.697[0m [33m WARN[0m [1mAtom Client[0m: client: ms proof received
······End:     upload the data .....................................................425.513ms
····End:     upload data ...........................................................3.955s
····Start:   verify the data
······Start:   verify
········Start:   receive verify
········End:     receive verify ....................................................2.551s
········Start:   verify the proofs
········End:     verify the proofs .................................................3.209ms
······End:     verify the data .....................................................2.555s
····End:     one round .............................................................7.512s
····Start:   one round
······Start:   train model
········Start:   retrieve the model
········End:     retrieve the model ................................................7.460s
······End:     train model .........................................................8.460s
······Start:   upload data
········Start:   encrypt the gradients
··········Start:   new public key
··········End:     new public key ..................................................361.337ms
········End:     encrypt the gradients .............................................2.715s
········Start:   upload the mc+proof generation
··········Start:   start proof generation
··········End:     start proof generation ..........................................825.150ms
········End:     upload the mc+proof generation ....................................826.142ms
········Start:   upload the data
[2mOct 01 02:00:34.254[0m [33m WARN[0m [1mAtom Client[0m: client: data prepared
[2mOct 01 02:00:34.389[0m [33m WARN[0m [1mAtom Client[0m: client: data uploaded,receving ms proof
[2mOct 01 02:00:34.536[0m [33m WARN[0m [1mAtom Client[0m: client: ms proof received
········End:     upload the data ...................................................282.23ms
······End:     upload data .........................................................3.823s
······Start:   verify the data
········Start:   verify
··········Start:   receive verify
··········End:     receive verify ..................................................2.548s
··········Start:   verify the proofs
··········End:     verify the proofs ...............................................2.852ms
········End:     verify the data ...................................................2.551s
······End:     one round ...........................................................14.835s
······Start:   one round
········Start:   train model
··········Start:   retrieve the model
··········End:     retrieve the model ..............................................7.467s
········End:     train model .......................................................8.467s
········Start:   upload data
··········Start:   encrypt the gradients
············Start:   new public key
············End:     new public key ................................................359.582ms
··········End:     encrypt the gradients ...........................................2.714s
··········Start:   upload the mc+proof generation
············Start:   start proof generation
············End:     start proof generation ........................................825.173ms
··········End:     upload the mc+proof generation ..................................826.289ms
··········Start:   upload the data
[2mOct 01 02:00:49.096[0m [33m WARN[0m [1mAtom Client[0m: client: data prepared
[2mOct 01 02:00:49.231[0m [33m WARN[0m [1mAtom Client[0m: client: data uploaded,receving ms proof
[2mOct 01 02:00:49.377[0m [33m WARN[0m [1mAtom Client[0m: client: ms proof received
··········End:     upload the data .................................................280.857ms
········End:     upload data .......................................................3.821s
········Start:   verify the data
··········Start:   verify
············Start:   receive verify
············End:     receive verify ................................................2.537s
············Start:   verify the proofs
············End:     verify the proofs .............................................2.864ms
··········End:     verify the data .................................................2.540s
········End:     one round .........................................................14.829s
········Start:   one round
··········Start:   train model
············Start:   retrieve the model
············End:     retrieve the model ............................................7.478s
··········End:     train model .....................................................8.478s
··········Start:   upload data
············Start:   encrypt the gradients
··············Start:   new public key
··············End:     new public key ..............................................360.967ms
············End:     encrypt the gradients .........................................2.721s
············Start:   upload the mc+proof generation
··············Start:   start proof generation
··············End:     start proof generation ......................................825.136ms
············End:     upload the mc+proof generation ................................828.467ms
············Start:   upload the data
[2mOct 01 02:01:03.946[0m [33m WARN[0m [1mAtom Client[0m: client: data prepared
[2mOct 01 02:01:04.220[0m [33m WARN[0m [1mAtom Client[0m: client: data uploaded,receving ms proof
[2mOct 01 02:01:04.221[0m [33m WARN[0m [1mAtom Client[0m: client: ms proof received
············End:     upload the data ...............................................274.561ms
··········End:     upload data .....................................................3.824s
··········Start:   verify the data
············Start:   verify
··············Start:   receive verify
··············End:     receive verify ..............................................2.559s
··············Start:   verify the proofs
··············End:     verify the proofs ...........................................2.855ms
············End:     verify the data ...............................................2.562s
··········End:     one round .......................................................14.865s
··········Start:   one round
············Start:   train model
··············Start:   retrieve the model
··············End:     retrieve the model ..........................................7.456s
············End:     train model ...................................................8.456s
············Start:   upload data
··············Start:   encrypt the gradients
················Start:   new public key
················End:     new public key ............................................358.810ms
··············End:     encrypt the gradients .......................................2.711s
··············Start:   upload the mc+proof generation
················Start:   start proof generation
················End:     start proof generation ....................................825.136ms
··············End:     upload the mc+proof generation ..............................826.97ms
··············Start:   upload the data
[2mOct 01 02:01:18.778[0m [33m WARN[0m [1mAtom Client[0m: client: data prepared
[2mOct 01 02:01:18.913[0m [33m WARN[0m [1mAtom Client[0m: client: data uploaded,receving ms proof
[2mOct 01 02:01:19.058[0m [33m WARN[0m [1mAtom Client[0m: client: ms proof received
··············End:     upload the data .............................................280.179ms
············End:     upload data ...................................................3.818s
············Start:   verify the data
··············Start:   verify
················Start:   receive verify
················End:     receive verify ............................................2.549s
················Start:   verify the proofs
················End:     verify the proofs .........................................2.882ms
··············End:     verify the data .............................................2.552s
············End:     one round .....................................................14.828s
············Start:   one round
··············Start:   train model
················Start:   retrieve the model
················End:     retrieve the model ........................................7.466s
··············End:     train model .................................................8.466s
··············Start:   upload data
················Start:   encrypt the gradients
··················Start:   new public key
··················End:     new public key ..........................................357.918ms
················End:     encrypt the gradients .....................................2.711s
················Start:   upload the mc+proof generation
··················Start:   start proof generation
··················End:     start proof generation ..................................825.130ms
················End:     upload the mc+proof generation ............................826.195ms
················Start:   upload the data
[2mOct 01 02:01:33.615[0m [33m WARN[0m [1mAtom Client[0m: client: data prepared
[2mOct 01 02:01:33.751[0m [33m WARN[0m [1mAtom Client[0m: client: data uploaded,receving ms proof
[2mOct 01 02:01:33.900[0m [33m WARN[0m [1mAtom Client[0m: client: ms proof received
················End:     upload the data ...........................................284.817ms
··············End:     upload data .................................................3.822s
··············Start:   verify the data
················Start:   verify
··················Start:   receive verify
··················End:     receive verify ..........................................2.537s
··················Start:   verify the proofs
··················End:     verify the proofs .......................................2.905ms
················End:     verify the data ...........................................2.540s
··············End:     one round ...................................................14.829s
··············Start:   one round
················Start:   train model
··················Start:   retrieve the model
··················End:     retrieve the model ......................................7.478s
················End:     train model ...............................................8.478s
················Start:   upload data
··················Start:   encrypt the gradients
····················Start:   new public key
····················End:     new public key ........................................359.170ms
··················End:     encrypt the gradients ...................................2.712s
··················Start:   upload the mc+proof generation
····················Start:   start proof generation
····················End:     start proof generation ................................825.167ms
··················End:     upload the mc+proof generation ..........................826.334ms
··················Start:   upload the data
[2mOct 01 02:01:48.458[0m [33m WARN[0m [1mAtom Client[0m: client: data prepared
[2mOct 01 02:01:48.592[0m [33m WARN[0m [1mAtom Client[0m: client: data uploaded,receving ms proof
[2mOct 01 02:01:48.743[0m [33m WARN[0m [1mAtom Client[0m: client: ms proof received
··················End:     upload the data .........................................285.62ms
················End:     upload data ...............................................3.823s
················Start:   verify the data
··················Start:   verify
····················Start:   receive verify
····················End:     receive verify ........................................2.534s
····················Start:   verify the proofs
····················End:     verify the proofs .....................................3.11ms
··················End:     verify the data .........................................2.538s
················End:     one round .................................................14.840s
················Start:   one round
··················Start:   train model
····················Start:   retrieve the model
····················End:     retrieve the model ....................................7.480s
··················End:     train model .............................................8.481s
··················Start:   upload data
····················Start:   encrypt the gradients
······················Start:   new public key
······················End:     new public key ......................................359.96ms
····················End:     encrypt the gradients .................................2.718s
····················Start:   upload the mc+proof generation
······················Start:   start proof generation
······················End:     start proof generation ..............................825.131ms
····················End:     upload the mc+proof generation ........................826.116ms
····················Start:   upload the data
[2mOct 01 02:02:03.307[0m [33m WARN[0m [1mAtom Client[0m: client: data prepared
[2mOct 01 02:02:03.441[0m [33m WARN[0m [1mAtom Client[0m: client: data uploaded,receving ms proof
[2mOct 01 02:02:03.581[0m [33m WARN[0m [1mAtom Client[0m: client: ms proof received
····················End:     upload the data .......................................274.930ms
··················End:     upload data .............................................3.819s
··················Start:   verify the data
····················Start:   verify
······················Start:   receive verify
······················End:     receive verify ......................................2.557s
······················Start:   verify the proofs
······················End:     verify the proofs ...................................2.947ms
····················End:     verify the data .......................................2.560s
··················End:     one round ...............................................14.860s
··················Start:   one round
····················Start:   train model
······················Start:   retrieve the model
······················End:     retrieve the model ..................................7.459s
····················End:     train model ...........................................8.459s
····················Start:   upload data
······················Start:   encrypt the gradients
························Start:   new public key
························End:     new public key ....................................362.599ms
······················End:     encrypt the gradients ...............................2.717s
······················Start:   upload the mc+proof generation
························Start:   start proof generation
························End:     start proof generation ............................825.139ms
······················End:     upload the mc+proof generation ......................826.712ms
······················Start:   upload the data
[2mOct 01 02:02:18.146[0m [33m WARN[0m [1mAtom Client[0m: client: data prepared
[2mOct 01 02:02:18.420[0m [33m WARN[0m [1mAtom Client[0m: client: data uploaded,receving ms proof
[2mOct 01 02:02:18.421[0m [33m WARN[0m [1mAtom Client[0m: client: ms proof received
······················End:     upload the data .....................................275.364ms
····················End:     upload data ...........................................3.819s
····················Start:   verify the data
······················Start:   verify
························Start:   receive verify
························End:     receive verify ....................................2.559s
························Start:   verify the proofs
························End:     verify the proofs .................................2.834ms
······················End:     verify the data .....................................2.562s
····················End:     one round .............................................14.841s
····················Start:   one round
······················Start:   train model
························Start:   retrieve the model
························End:     retrieve the model ................................7.457s
······················End:     train model .........................................8.457s
······················Start:   upload data
························Start:   encrypt the gradients
··························Start:   new public key
··························End:     new public key ..................................356.900ms
························End:     encrypt the gradients .............................2.710s
························Start:   upload the mc+proof generation
··························Start:   start proof generation
··························End:     start proof generation ..........................825.187ms
························End:     upload the mc+proof generation ....................826.386ms
························Start:   upload the data
[2mOct 01 02:02:32.978[0m [33m WARN[0m [1mAtom Client[0m: client: data prepared
[2mOct 01 02:02:33.112[0m [33m WARN[0m [1mAtom Client[0m: client: data uploaded,receving ms proof
[2mOct 01 02:02:33.260[0m [33m WARN[0m [1mAtom Client[0m: client: ms proof received
························End:     upload the data ...................................282.351ms
······················End:     upload data .........................................3.819s
······················Start:   verify the data
························Start:   verify
··························Start:   receive verify
··························End:     receive verify ..................................2.536s
··························Start:   verify the proofs
··························End:     verify the proofs ...............................2.954ms
························End:     verify the data ...................................2.539s
······················End:     one round ...........................................14.816s
····················End:     clients ...............................................141.414s
[2mOct 01 02:02:35.800[0m [33m WARN[0m [1mAtom Client[0m: client: close time.busy=6.03ms time.idle=141s
