[2mOct 01 02:43:35.582[0m [33m WARN[0m [1mAtom Client[0m: client: new
Start:   clients
··Start:   one round
····Start:   train model
······Start:   retrieve the model
······End:     retrieve the model ..................................................52.133ms
····End:     train model ...........................................................1.52s
····Start:   upload data
······Start:   encrypt the gradients
········Start:   new public key
········End:     new public key ....................................................353.177ms
······End:     encrypt the gradients ...............................................10.141s
······Start:   upload the mc+proof generation
········Start:   start proof generation
········End:     start proof generation ............................................82.500s
······End:     upload the mc+proof generation ......................................82.501s
······Start:   upload the data
[2mOct 01 02:45:09.476[0m [33m WARN[0m [1mAtom Client[0m: client: data prepared
[2mOct 01 02:45:23.554[0m [33m WARN[0m [1mAtom Client[0m: client: data uploaded,receving ms proof
[2mOct 01 02:45:28.654[0m [33m WARN[0m [1mAtom Client[0m: client: ms proof received
······End:     upload the data .....................................................19.187s
····End:     upload data ...........................................................111.830s
····Start:   verify the data
······Start:   verify
········Start:   receive verify
········End:     receive verify ....................................................256.17s
········Start:   verify the proofs
········End:     verify the proofs .................................................233.268ms
······End:     verify the data .....................................................256.256s
····End:     one round .............................................................369.142s
····Start:   one round
······Start:   train model
········Start:   retrieve the model
········End:     retrieve the model ................................................423.777ms
······End:     train model .........................................................1.423s
······Start:   upload data
········Start:   encrypt the gradients
··········Start:   new public key
··········End:     new public key ..................................................358.311ms
········End:     encrypt the gradients .............................................10.159s
········Start:   upload the mc+proof generation
··········Start:   start proof generation
··········End:     start proof generation ..........................................82.500s
········End:     upload the mc+proof generation ....................................82.501s
········Start:   upload the data
[2mOct 01 02:51:19.002[0m [33m WARN[0m [1mAtom Client[0m: client: data prepared
[2mOct 01 02:51:33.074[0m [33m WARN[0m [1mAtom Client[0m: client: data uploaded,receving ms proof
[2mOct 01 02:51:38.143[0m [33m WARN[0m [1mAtom Client[0m: client: ms proof received
········End:     upload the data ...................................................19.144s
······End:     upload data .........................................................111.805s
······Start:   verify the data
········Start:   verify
··········Start:   receive verify
··········End:     receive verify ..................................................253.537s
··········Start:   verify the proofs
··········End:     verify the proofs ...............................................209.995ms
········End:     verify the data ...................................................253.755s
······End:     one round ...........................................................366.984s
······Start:   one round
········Start:   train model
··········Start:   retrieve the model
··········End:     retrieve the model ..............................................417.883ms
········End:     train model .......................................................1.418s
········Start:   upload data
··········Start:   encrypt the gradients
············Start:   new public key
············End:     new public key ................................................352.57ms
··········End:     encrypt the gradients ...........................................10.123s
··········Start:   upload the mc+proof generation
············Start:   start proof generation
············End:     start proof generation ........................................82.500s
··········End:     upload the mc+proof generation ..................................82.501s
··········Start:   upload the data
[2mOct 01 02:57:25.945[0m [33m WARN[0m [1mAtom Client[0m: client: data prepared
[2mOct 01 02:57:40.008[0m [33m WARN[0m [1mAtom Client[0m: client: data uploaded,receving ms proof
[2mOct 01 02:57:46.803[0m [33m WARN[0m [1mAtom Client[0m: client: ms proof received
··········End:     upload the data .................................................20.861s
········End:     upload data .......................................................113.486s
········Start:   verify the data
··········Start:   verify
············Start:   receive verify
············End:     receive verify ................................................254.204s
············Start:   verify the proofs
············End:     verify the proofs .............................................208.333ms
··········End:     verify the data .................................................254.416s
········End:     one round .........................................................369.325s
········Start:   one round
··········Start:   train model
············Start:   retrieve the model
············End:     retrieve the model ............................................416.976ms
··········End:     train model .....................................................1.417s
··········Start:   upload data
············Start:   encrypt the gradients
··············Start:   new public key
··············End:     new public key ..............................................354.452ms
············End:     encrypt the gradients .........................................10.131s
············Start:   upload the mc+proof generation
··············Start:   start proof generation
··············End:     start proof generation ......................................82.500s
············End:     upload the mc+proof generation ................................82.501s
············Start:   upload the data
[2mOct 01 03:03:35.277[0m [33m WARN[0m [1mAtom Client[0m: client: data prepared
[2mOct 01 03:03:49.338[0m [33m WARN[0m [1mAtom Client[0m: client: data uploaded,receving ms proof
[2mOct 01 03:03:54.815[0m [33m WARN[0m [1mAtom Client[0m: client: ms proof received
············End:     upload the data ...............................................19.541s
··········End:     upload data .....................................................112.173s
··········Start:   verify the data
············Start:   verify
··············Start:   receive verify
··············End:     receive verify ..............................................253.680s
··············Start:   verify the proofs
··············End:     verify the proofs ...........................................210.803ms
············End:     verify the data ...............................................253.899s
··········End:     one round .......................................................367.490s
··········Start:   one round
············Start:   train model
··············Start:   retrieve the model
··············End:     retrieve the model ..........................................408.117ms
············End:     train model ...................................................1.408s
············Start:   upload data
··············Start:   encrypt the gradients
················Start:   new public key
················End:     new public key ............................................351.420ms
··············End:     encrypt the gradients .......................................10.137s
··············Start:   upload the mc+proof generation
················Start:   start proof generation
················End:     start proof generation ....................................82.500s
··············End:     upload the mc+proof generation ..............................82.501s
··············Start:   upload the data
[2mOct 01 03:09:42.765[0m [33m WARN[0m [1mAtom Client[0m: client: data prepared
[2mOct 01 03:09:56.824[0m [33m WARN[0m [1mAtom Client[0m: client: data uploaded,receving ms proof
[2mOct 01 03:10:03.205[0m [33m WARN[0m [1mAtom Client[0m: client: ms proof received
··············End:     upload the data .............................................20.442s
············End:     upload data ...................................................113.81s
············Start:   verify the data
··············Start:   verify
················Start:   receive verify
················End:     receive verify ............................................255.83s
················Start:   verify the proofs
················End:     verify the proofs .........................................208.923ms
··············End:     verify the data .............................................255.294s
············End:     one round .....................................................369.789s
············Start:   one round
··············Start:   train model
················Start:   retrieve the model
················End:     retrieve the model ........................................417.15ms
··············End:     train model .................................................1.417s
··············Start:   upload data
················Start:   encrypt the gradients
··················Start:   new public key
··················End:     new public key ..........................................353.78ms
················End:     encrypt the gradients .....................................10.154s
················Start:   upload the mc+proof generation
··················Start:   start proof generation
··················End:     start proof generation ..................................82.500s
················End:     upload the mc+proof generation ............................82.501s
················Start:   upload the data
[2mOct 01 03:15:52.580[0m [33m WARN[0m [1mAtom Client[0m: client: data prepared
[2mOct 01 03:16:06.636[0m [33m WARN[0m [1mAtom Client[0m: client: data uploaded,receving ms proof
[2mOct 01 03:16:11.124[0m [33m WARN[0m [1mAtom Client[0m: client: ms proof received
················End:     upload the data ...........................................18.547s
··············End:     upload data .................................................111.202s
··············Start:   verify the data
················Start:   verify
··················Start:   receive verify
··················End:     receive verify ..........................................255.368s
··················Start:   verify the proofs
··················End:     verify the proofs .......................................212.929ms
················End:     verify the data ...........................................255.588s
··············End:     one round ...................................................368.208s
··············Start:   one round
················Start:   train model
··················Start:   retrieve the model
··················End:     retrieve the model ......................................417.184ms
················End:     train model ...............................................1.417s
················Start:   upload data
··················Start:   encrypt the gradients
····················Start:   new public key
····················End:     new public key ........................................352.255ms
··················End:     encrypt the gradients ...................................10.82s
··················Start:   upload the mc+proof generation
····················Start:   start proof generation
····················End:     start proof generation ................................82.500s
··················End:     upload the mc+proof generation ..........................82.501s
··················Start:   upload the data
[2mOct 01 03:22:00.717[0m [33m WARN[0m [1mAtom Client[0m: client: data prepared
[2mOct 01 03:22:14.775[0m [33m WARN[0m [1mAtom Client[0m: client: data uploaded,receving ms proof
[2mOct 01 03:22:19.379[0m [33m WARN[0m [1mAtom Client[0m: client: ms proof received
··················End:     upload the data .........................................18.664s
················End:     upload data ...............................................111.248s
················Start:   verify the data
··················Start:   verify
····················Start:   receive verify
····················End:     receive verify ........................................253.640s
····················Start:   verify the proofs
····················End:     verify the proofs .....................................217.635ms
··················End:     verify the data .........................................253.860s
················End:     one round .................................................366.526s
················Start:   one round
··················Start:   train model
····················Start:   retrieve the model
····················End:     retrieve the model ....................................408.365ms
··················End:     train model .............................................1.408s
··················Start:   upload data
····················Start:   encrypt the gradients
······················Start:   new public key
······················End:     new public key ......................................351.893ms
····················End:     encrypt the gradients .................................10.121s
····················Start:   upload the mc+proof generation
······················Start:   start proof generation
······················End:     start proof generation ..............................82.500s
····················End:     upload the mc+proof generation ........................82.501s
····················Start:   upload the data
[2mOct 01 03:28:07.275[0m [33m WARN[0m [1mAtom Client[0m: client: data prepared
[2mOct 01 03:28:21.332[0m [33m WARN[0m [1mAtom Client[0m: client: data uploaded,receving ms proof
[2mOct 01 03:28:27.847[0m [33m WARN[0m [1mAtom Client[0m: client: ms proof received
····················End:     upload the data .......................................20.575s
··················End:     upload data .............................................113.198s
··················Start:   verify the data
····················Start:   verify
······················Start:   receive verify
······················End:     receive verify ......................................254.308s
······················Start:   verify the proofs
······················End:     verify the proofs ...................................217.228ms
····················End:     verify the data .......................................254.528s
··················End:     one round ...............................................369.135s
··················Start:   one round
····················Start:   train model
······················Start:   retrieve the model
······················End:     retrieve the model ..................................417.85ms
····················End:     train model ...........................................1.417s
····················Start:   upload data
······················Start:   encrypt the gradients
························Start:   new public key
························End:     new public key ....................................352.506ms
······················End:     encrypt the gradients ...............................10.97s
······················Start:   upload the mc+proof generation
························Start:   start proof generation
························End:     start proof generation ............................82.500s
······················End:     upload the mc+proof generation ......................82.501s
······················Start:   upload the data
[2mOct 01 03:34:16.395[0m [33m WARN[0m [1mAtom Client[0m: client: data prepared
[2mOct 01 03:34:30.450[0m [33m WARN[0m [1mAtom Client[0m: client: data uploaded,receving ms proof
[2mOct 01 03:34:36.474[0m [33m WARN[0m [1mAtom Client[0m: client: ms proof received
······················End:     upload the data .....................................20.82s
····················End:     upload data ...........................................112.682s
····················Start:   verify the data
······················Start:   verify
························Start:   receive verify
························End:     receive verify ....................................254.776s
························Start:   verify the proofs
························End:     verify the proofs .................................214.118ms
······················End:     verify the data .....................................254.998s
····················End:     one round .............................................369.97s
····················Start:   one round
······················Start:   train model
························Start:   retrieve the model
························End:     retrieve the model ................................416.964ms
······················End:     train model .........................................1.417s
······················Start:   upload data
························Start:   encrypt the gradients
··························Start:   new public key
··························End:     new public key ..................................353.754ms
························End:     encrypt the gradients .............................10.67s
························Start:   upload the mc+proof generation
··························Start:   start proof generation
··························End:     start proof generation ..........................82.500s
························End:     upload the mc+proof generation ....................82.501s
························Start:   upload the data
[2mOct 01 03:40:25.462[0m [33m WARN[0m [1mAtom Client[0m: client: data prepared
[2mOct 01 03:40:39.522[0m [33m WARN[0m [1mAtom Client[0m: client: data uploaded,receving ms proof
[2mOct 01 03:40:44.686[0m [33m WARN[0m [1mAtom Client[0m: client: ms proof received
························End:     upload the data ...................................19.226s
······················End:     upload data .........................................111.795s
······················Start:   verify the data
························Start:   verify
··························Start:   receive verify
··························End:     receive verify ..................................252.998s
··························Start:   verify the proofs
··························End:     verify the proofs ...............................208.277ms
························End:     verify the data ...................................253.209s
······················End:     one round ...........................................366.422s
····················End:     clients ...............................................3682.312s
[2mOct 01 03:44:57.897[0m [33m WARN[0m [1mAtom Client[0m: client: close time.busy=366ms time.idle=3682s
