[2mOct 01 02:43:35.582[0m [33m WARN[0m [1mAtom Client[0m: client: new
Start:   clients
··Start:   one round
····Start:   train model
······Start:   retrieve the model
······End:     retrieve the model ..................................................417.909ms
····End:     train model ...........................................................1.418s
····Start:   upload data
······Start:   encrypt the gradients
········Start:   new public key
········End:     new public key ....................................................355.773ms
······End:     encrypt the gradients ...............................................10.170s
······Start:   upload the mc+proof generation
········Start:   start proof generation
········End:     start proof generation ............................................82.500s
······End:     upload the mc+proof generation ......................................82.501s
······Start:   upload the data
[2mOct 01 02:45:10.083[0m [33m WARN[0m [1mAtom Client[0m: client: data prepared
[2mOct 01 02:45:24.167[0m [33m WARN[0m [1mAtom Client[0m: client: data uploaded,receving ms proof
[2mOct 01 02:45:28.654[0m [33m WARN[0m [1mAtom Client[0m: client: ms proof received
······End:     upload the data .....................................................18.580s
····End:     upload data ...........................................................111.252s
····Start:   verify the data
······Start:   verify
········Start:   receive verify
········End:     receive verify ....................................................256.19s
········Start:   verify the proofs
········End:     verify the proofs .................................................232.310ms
······End:     verify the data .....................................................256.256s
····End:     one round .............................................................368.926s
····Start:   one round
······Start:   train model
········Start:   retrieve the model
········End:     retrieve the model ................................................421.194ms
······End:     train model .........................................................1.421s
······Start:   upload data
········Start:   encrypt the gradients
··········Start:   new public key
··········End:     new public key ..................................................357.668ms
········End:     encrypt the gradients .............................................10.174s
········Start:   upload the mc+proof generation
··········Start:   start proof generation
··········End:     start proof generation ..........................................82.500s
········End:     upload the mc+proof generation ....................................82.501s
········Start:   upload the data
[2mOct 01 02:51:19.011[0m [33m WARN[0m [1mAtom Client[0m: client: data prepared
[2mOct 01 02:51:33.078[0m [33m WARN[0m [1mAtom Client[0m: client: data uploaded,receving ms proof
[2mOct 01 02:51:38.143[0m [33m WARN[0m [1mAtom Client[0m: client: ms proof received
········End:     upload the data ...................................................19.135s
······End:     upload data .........................................................111.811s
······Start:   verify the data
········Start:   verify
··········Start:   receive verify
··········End:     receive verify ..................................................255.556s
··········Start:   verify the proofs
··········End:     verify the proofs ...............................................212.317ms
········End:     verify the data ...................................................255.777s
······End:     one round ...........................................................369.10s
······Start:   one round
········Start:   train model
··········Start:   retrieve the model
··········End:     retrieve the model ..............................................416.998ms
········End:     train model .......................................................1.417s
········Start:   upload data
··········Start:   encrypt the gradients
············Start:   new public key
············End:     new public key ................................................352.416ms
··········End:     encrypt the gradients ...........................................10.120s
··········Start:   upload the mc+proof generation
············Start:   start proof generation
············End:     start proof generation ........................................82.500s
··········End:     upload the mc+proof generation ..................................82.501s
··········Start:   upload the data
[2mOct 01 02:57:27.963[0m [33m WARN[0m [1mAtom Client[0m: client: data prepared
[2mOct 01 02:57:42.020[0m [33m WARN[0m [1mAtom Client[0m: client: data uploaded,receving ms proof
[2mOct 01 02:57:46.803[0m [33m WARN[0m [1mAtom Client[0m: client: ms proof received
··········End:     upload the data .................................................18.843s
········End:     upload data .......................................................111.465s
········Start:   verify the data
··········Start:   verify
············Start:   receive verify
············End:     receive verify ................................................255.363s
············Start:   verify the proofs
············End:     verify the proofs .............................................221.910ms
··········End:     verify the data .................................................255.593s
········End:     one round .........................................................368.476s
········Start:   one round
··········Start:   train model
············Start:   retrieve the model
············End:     retrieve the model ............................................417.102ms
··········End:     train model .....................................................1.417s
··········Start:   upload data
············Start:   encrypt the gradients
··············Start:   new public key
··············End:     new public key ..............................................353.129ms
············End:     encrypt the gradients .........................................10.154s
············Start:   upload the mc+proof generation
··············Start:   start proof generation
··············End:     start proof generation ......................................82.500s
············End:     upload the mc+proof generation ................................82.501s
············Start:   upload the data
[2mOct 01 03:03:36.477[0m [33m WARN[0m [1mAtom Client[0m: client: data prepared
[2mOct 01 03:03:50.532[0m [33m WARN[0m [1mAtom Client[0m: client: data uploaded,receving ms proof
[2mOct 01 03:03:54.815[0m [33m WARN[0m [1mAtom Client[0m: client: ms proof received
············End:     upload the data ...............................................18.344s
··········End:     upload data .....................................................111.0s
··········Start:   verify the data
············Start:   verify
··············Start:   receive verify
··············End:     receive verify ..............................................255.422s
··············Start:   verify the proofs
··············End:     verify the proofs ...........................................222.471ms
············End:     verify the data ...............................................255.648s
··········End:     one round .......................................................368.66s
··········Start:   one round
············Start:   train model
··············Start:   retrieve the model
··············End:     retrieve the model ..........................................408.114ms
············End:     train model ...................................................1.408s
············Start:   upload data
··············Start:   encrypt the gradients
················Start:   new public key
················End:     new public key ............................................353.401ms
··············End:     encrypt the gradients .......................................10.89s
··············Start:   upload the mc+proof generation
················Start:   start proof generation
················End:     start proof generation ....................................82.500s
··············End:     upload the mc+proof generation ..............................82.501s
··············Start:   upload the data
[2mOct 01 03:09:44.467[0m [33m WARN[0m [1mAtom Client[0m: client: data prepared
[2mOct 01 03:09:58.523[0m [33m WARN[0m [1mAtom Client[0m: client: data uploaded,receving ms proof
[2mOct 01 03:10:03.205[0m [33m WARN[0m [1mAtom Client[0m: client: ms proof received
··············End:     upload the data .............................................18.740s
············End:     upload data ...................................................111.332s
············Start:   verify the data
··············Start:   verify
················Start:   receive verify
················End:     receive verify ............................................255.614s
················Start:   verify the proofs
················End:     verify the proofs .........................................210.284ms
··············End:     verify the data .............................................255.828s
············End:     one round .....................................................368.569s
············Start:   one round
··············Start:   train model
················Start:   retrieve the model
················End:     retrieve the model ........................................407.968ms
··············End:     train model .................................................1.408s
··············Start:   upload data
················Start:   encrypt the gradients
··················Start:   new public key
··················End:     new public key ..........................................351.868ms
················End:     encrypt the gradients .....................................10.60s
················Start:   upload the mc+proof generation
··················Start:   start proof generation
··················End:     start proof generation ..................................82.500s
················End:     upload the mc+proof generation ............................82.502s
················Start:   upload the data
[2mOct 01 03:15:53.007[0m [33m WARN[0m [1mAtom Client[0m: client: data prepared
[2mOct 01 03:16:11.124[0m [33m WARN[0m [1mAtom Client[0m: client: data uploaded,receving ms proof
[2mOct 01 03:16:11.124[0m [33m WARN[0m [1mAtom Client[0m: client: ms proof received
················End:     upload the data ...........................................18.120s
··············End:     upload data .................................................110.683s
··············Start:   verify the data
················Start:   verify
··················Start:   receive verify
··················End:     receive verify ..........................................255.41s
··················Start:   verify the proofs
··················End:     verify the proofs .......................................229.56ms
················End:     verify the data ...........................................255.274s
··············End:     one round ...................................................367.365s
··············Start:   one round
················Start:   train model
··················Start:   retrieve the model
··················End:     retrieve the model ......................................417.217ms
················End:     train model ...............................................1.417s
················Start:   upload data
··················Start:   encrypt the gradients
····················Start:   new public key
····················End:     new public key ........................................351.849ms
··················End:     encrypt the gradients ...................................10.91s
··················Start:   upload the mc+proof generation
····················Start:   start proof generation
····················End:     start proof generation ................................82.500s
··················End:     upload the mc+proof generation ..........................82.501s
··················Start:   upload the data
[2mOct 01 03:22:00.413[0m [33m WARN[0m [1mAtom Client[0m: client: data prepared
[2mOct 01 03:22:14.476[0m [33m WARN[0m [1mAtom Client[0m: client: data uploaded,receving ms proof
[2mOct 01 03:22:19.379[0m [33m WARN[0m [1mAtom Client[0m: client: ms proof received
··················End:     upload the data .........................................18.969s
················End:     upload data ...............................................111.562s
················Start:   verify the data
··················Start:   verify
····················Start:   receive verify
····················End:     receive verify ........................................253.335s
····················Start:   verify the proofs
····················End:     verify the proofs .....................................228.582ms
··················End:     verify the data .........................................253.572s
················End:     one round .................................................366.552s
················Start:   one round
··················Start:   train model
····················Start:   retrieve the model
····················End:     retrieve the model ....................................408.131ms
··················End:     train model .............................................1.408s
··················Start:   upload data
····················Start:   encrypt the gradients
······················Start:   new public key
······················End:     new public key ......................................352.856ms
····················End:     encrypt the gradients .................................10.170s
····················Start:   upload the mc+proof generation
······················Start:   start proof generation
······················End:     start proof generation ..............................82.500s
····················End:     upload the mc+proof generation ........................82.501s
····················Start:   upload the data
[2mOct 01 03:28:07.035[0m [33m WARN[0m [1mAtom Client[0m: client: data prepared
[2mOct 01 03:28:21.090[0m [33m WARN[0m [1mAtom Client[0m: client: data uploaded,receving ms proof
[2mOct 01 03:28:27.847[0m [33m WARN[0m [1mAtom Client[0m: client: ms proof received
····················End:     upload the data .......................................20.815s
··················End:     upload data .............................................113.487s
··················Start:   verify the data
····················Start:   verify
······················Start:   receive verify
······················End:     receive verify ......................................253.450s
······················Start:   verify the proofs
······················End:     verify the proofs ...................................209.713ms
····················End:     verify the data .......................................253.663s
··················End:     one round ...............................................368.559s
··················Start:   one round
····················Start:   train model
······················Start:   retrieve the model
······················End:     retrieve the model ..................................417.77ms
····················End:     train model ...........................................1.417s
····················Start:   upload data
······················Start:   encrypt the gradients
························Start:   new public key
························End:     new public key ....................................351.657ms
······················End:     encrypt the gradients ...............................10.76s
······················Start:   upload the mc+proof generation
························Start:   start proof generation
························End:     start proof generation ............................82.500s
······················End:     upload the mc+proof generation ......................82.501s
······················Start:   upload the data
[2mOct 01 03:34:15.509[0m [33m WARN[0m [1mAtom Client[0m: client: data prepared
[2mOct 01 03:34:29.571[0m [33m WARN[0m [1mAtom Client[0m: client: data uploaded,receving ms proof
[2mOct 01 03:34:36.474[0m [33m WARN[0m [1mAtom Client[0m: client: ms proof received
······················End:     upload the data .....................................20.968s
····················End:     upload data ...........................................113.546s
····················Start:   verify the data
······················Start:   verify
························Start:   receive verify
························End:     receive verify ....................................253.892s
························Start:   verify the proofs
························End:     verify the proofs .................................220.814ms
······················End:     verify the data .....................................254.121s
····················End:     one round .............................................369.84s
····················Start:   one round
······················Start:   train model
························Start:   retrieve the model
························End:     retrieve the model ................................417.11ms
······················End:     train model .........................................1.417s
······················Start:   upload data
························Start:   encrypt the gradients
··························Start:   new public key
··························End:     new public key ..................................355.368ms
························End:     encrypt the gradients .............................10.127s
························Start:   upload the mc+proof generation
··························Start:   start proof generation
··························End:     start proof generation ..........................82.500s
························End:     upload the mc+proof generation ....................82.501s
························Start:   upload the data
[2mOct 01 03:40:24.650[0m [33m WARN[0m [1mAtom Client[0m: client: data prepared
[2mOct 01 03:40:38.706[0m [33m WARN[0m [1mAtom Client[0m: client: data uploaded,receving ms proof
[2mOct 01 03:40:44.686[0m [33m WARN[0m [1mAtom Client[0m: client: ms proof received
························End:     upload the data ...................................20.44s
······················End:     upload data .........................................112.673s
······················Start:   verify the data
························Start:   verify
··························Start:   receive verify
··························End:     receive verify ..................................253.872s
··························Start:   verify the proofs
··························End:     verify the proofs ...............................218.545ms
························End:     verify the data ...................................254.94s
······················End:     one round ...........................................368.184s
····················End:     clients ...............................................3683.198s
[2mOct 01 03:44:58.782[0m [33m WARN[0m [1mAtom Client[0m: client: close time.busy=377ms time.idle=3683s
