[2mOct 01 02:43:35.582[0m [33m WARN[0m [1mAtom Client[0m: client: new
Start:   clients
··Start:   one round
····Start:   train model
······Start:   retrieve the model
······End:     retrieve the model ..................................................417.996ms
····End:     train model ...........................................................1.418s
····Start:   upload data
······Start:   encrypt the gradients
········Start:   new public key
········End:     new public key ....................................................358.542ms
······End:     encrypt the gradients ...............................................10.218s
······Start:   upload the mc+proof generation
········Start:   start proof generation
········End:     start proof generation ............................................82.500s
······End:     upload the mc+proof generation ......................................82.501s
······Start:   upload the data
[2mOct 01 02:45:10.196[0m [33m WARN[0m [1mAtom Client[0m: client: data prepared
[2mOct 01 02:45:24.279[0m [33m WARN[0m [1mAtom Client[0m: client: data uploaded,receving ms proof
[2mOct 01 02:45:28.654[0m [33m WARN[0m [1mAtom Client[0m: client: ms proof received
······End:     upload the data .....................................................18.467s
····End:     upload data ...........................................................111.187s
····Start:   verify the data
······Start:   verify
········Start:   receive verify
········End:     receive verify ....................................................256.216s
········Start:   verify the proofs
········End:     verify the proofs .................................................216.436ms
······End:     verify the data .....................................................256.437s
····End:     one round .............................................................369.43s
····Start:   one round
······Start:   train model
········Start:   retrieve the model
········End:     retrieve the model ................................................418.471ms
······End:     train model .........................................................1.418s
······Start:   upload data
········Start:   encrypt the gradients
··········Start:   new public key
··········End:     new public key ..................................................354.849ms
········End:     encrypt the gradients .............................................10.141s
········Start:   upload the mc+proof generation
··········Start:   start proof generation
··········End:     start proof generation ..........................................82.500s
········End:     upload the mc+proof generation ....................................82.501s
········Start:   upload the data
[2mOct 01 02:51:19.156[0m [33m WARN[0m [1mAtom Client[0m: client: data prepared
[2mOct 01 02:51:33.223[0m [33m WARN[0m [1mAtom Client[0m: client: data uploaded,receving ms proof
[2mOct 01 02:51:38.143[0m [33m WARN[0m [1mAtom Client[0m: client: ms proof received
········End:     upload the data ...................................................18.990s
······End:     upload data .........................................................111.633s
······Start:   verify the data
········Start:   verify
··········Start:   receive verify
··········End:     receive verify ..................................................255.257s
··········Start:   verify the proofs
··········End:     verify the proofs ...............................................221.260ms
········End:     verify the data ...................................................255.485s
······End:     one round ...........................................................368.537s
······Start:   one round
········Start:   train model
··········Start:   retrieve the model
··········End:     retrieve the model ..............................................417.443ms
········End:     train model .......................................................1.417s
········Start:   upload data
··········Start:   encrypt the gradients
············Start:   new public key
············End:     new public key ................................................351.515ms
··········End:     encrypt the gradients ...........................................10.77s
··········Start:   upload the mc+proof generation
············Start:   start proof generation
············End:     start proof generation ........................................82.500s
··········End:     upload the mc+proof generation ..................................82.501s
··········Start:   upload the data
[2mOct 01 02:57:27.629[0m [33m WARN[0m [1mAtom Client[0m: client: data prepared
[2mOct 01 02:57:41.691[0m [33m WARN[0m [1mAtom Client[0m: client: data uploaded,receving ms proof
[2mOct 01 02:57:46.803[0m [33m WARN[0m [1mAtom Client[0m: client: ms proof received
··········End:     upload the data .................................................19.177s
········End:     upload data .......................................................111.756s
········Start:   verify the data
··········Start:   verify
············Start:   receive verify
············End:     receive verify ................................................255.654s
············Start:   verify the proofs
············End:     verify the proofs .............................................212.456ms
··········End:     verify the data .................................................255.874s
········End:     one round .........................................................369.48s
········Start:   one round
··········Start:   train model
············Start:   retrieve the model
············End:     retrieve the model ............................................417.57ms
··········End:     train model .....................................................1.417s
··········Start:   upload data
············Start:   encrypt the gradients
··············Start:   new public key
··············End:     new public key ..............................................353.155ms
············End:     encrypt the gradients .........................................10.104s
············Start:   upload the mc+proof generation
··············Start:   start proof generation
··············End:     start proof generation ......................................82.500s
············End:     upload the mc+proof generation ................................82.501s
············Start:   upload the data
[2mOct 01 03:03:36.705[0m [33m WARN[0m [1mAtom Client[0m: client: data prepared
[2mOct 01 03:03:54.815[0m [33m WARN[0m [1mAtom Client[0m: client: data uploaded,receving ms proof
[2mOct 01 03:03:54.816[0m [33m WARN[0m [1mAtom Client[0m: client: ms proof received
············End:     upload the data ...............................................18.114s
··········End:     upload data .....................................................110.720s
··········Start:   verify the data
············Start:   verify
··············Start:   receive verify
··············End:     receive verify ..............................................255.122s
··············Start:   verify the proofs
··············End:     verify the proofs ...........................................245.574ms
············End:     verify the data ...............................................255.372s
··········End:     one round .......................................................367.510s
··········Start:   one round
············Start:   train model
··············Start:   retrieve the model
··············End:     retrieve the model ..........................................417.213ms
············End:     train model ...................................................1.417s
············Start:   upload data
··············Start:   encrypt the gradients
················Start:   new public key
················End:     new public key ............................................352.789ms
··············End:     encrypt the gradients .......................................10.144s
··············Start:   upload the mc+proof generation
················Start:   start proof generation
················End:     start proof generation ....................................82.500s
··············End:     upload the mc+proof generation ..............................82.501s
··············Start:   upload the data
[2mOct 01 03:09:44.255[0m [33m WARN[0m [1mAtom Client[0m: client: data prepared
[2mOct 01 03:09:58.314[0m [33m WARN[0m [1mAtom Client[0m: client: data uploaded,receving ms proof
[2mOct 01 03:10:03.205[0m [33m WARN[0m [1mAtom Client[0m: client: ms proof received
··············End:     upload the data .............................................18.953s
············End:     upload data ...................................................111.598s
············Start:   verify the data
··············Start:   verify
················Start:   receive verify
················End:     receive verify ............................................253.925s
················Start:   verify the proofs
················End:     verify the proofs .........................................208.681ms
··············End:     verify the data .............................................254.136s
············End:     one round .....................................................367.152s
············Start:   one round
··············Start:   train model
················Start:   retrieve the model
················End:     retrieve the model ........................................422.304ms
··············End:     train model .................................................1.422s
··············Start:   upload data
················Start:   encrypt the gradients
··················Start:   new public key
··················End:     new public key ..........................................352.843ms
················End:     encrypt the gradients .....................................10.66s
················Start:   upload the mc+proof generation
··················Start:   start proof generation
··················End:     start proof generation ..................................82.500s
················End:     upload the mc+proof generation ............................82.501s
················Start:   upload the data
[2mOct 01 03:15:51.335[0m [33m WARN[0m [1mAtom Client[0m: client: data prepared
[2mOct 01 03:16:05.395[0m [33m WARN[0m [1mAtom Client[0m: client: data uploaded,receving ms proof
[2mOct 01 03:16:11.124[0m [33m WARN[0m [1mAtom Client[0m: client: ms proof received
················End:     upload the data ...........................................19.792s
··············End:     upload data .................................................112.360s
··············Start:   verify the data
················Start:   verify
··················Start:   receive verify
··················End:     receive verify ..........................................253.30s
··················Start:   verify the proofs
··················End:     verify the proofs .......................................208.943ms
················End:     verify the data ...........................................253.241s
··············End:     one round ...................................................367.24s
··············Start:   one round
················Start:   train model
··················Start:   retrieve the model
··················End:     retrieve the model ......................................411.965ms
················End:     train model ...............................................1.412s
················Start:   upload data
··················Start:   encrypt the gradients
····················Start:   new public key
····················End:     new public key ........................................352.732ms
··················End:     encrypt the gradients ...................................10.67s
··················Start:   upload the mc+proof generation
····················Start:   start proof generation
····················End:     start proof generation ................................82.500s
··················End:     upload the mc+proof generation ..........................82.501s
··················Start:   upload the data
[2mOct 01 03:21:58.350[0m [33m WARN[0m [1mAtom Client[0m: client: data prepared
[2mOct 01 03:22:12.407[0m [33m WARN[0m [1mAtom Client[0m: client: data uploaded,receving ms proof
[2mOct 01 03:22:19.379[0m [33m WARN[0m [1mAtom Client[0m: client: ms proof received
··················End:     upload the data .........................................21.31s
················End:     upload data ...............................................113.601s
················Start:   verify the data
··················Start:   verify
····················Start:   receive verify
····················End:     receive verify ........................................254.772s
····················Start:   verify the proofs
····················End:     verify the proofs .....................................213.657ms
··················End:     verify the data .........................................254.988s
················End:     one round .................................................370.1s
················Start:   one round
··················Start:   train model
····················Start:   retrieve the model
····················End:     retrieve the model ....................................417.225ms
··················End:     train model .............................................1.417s
··················Start:   upload data
····················Start:   encrypt the gradients
······················Start:   new public key
······················End:     new public key ......................................353.487ms
····················End:     encrypt the gradients .................................10.88s
····················Start:   upload the mc+proof generation
······················Start:   start proof generation
······················End:     start proof generation ..............................82.500s
····················End:     upload the mc+proof generation ........................82.501s
····················Start:   upload the data
[2mOct 01 03:28:08.383[0m [33m WARN[0m [1mAtom Client[0m: client: data prepared
[2mOct 01 03:28:22.439[0m [33m WARN[0m [1mAtom Client[0m: client: data uploaded,receving ms proof
[2mOct 01 03:28:27.847[0m [33m WARN[0m [1mAtom Client[0m: client: ms proof received
····················End:     upload the data .......................................19.466s
··················End:     upload data .............................................112.57s
··················Start:   verify the data
····················Start:   verify
······················Start:   receive verify
······················End:     receive verify ......................................254.606s
······················Start:   verify the proofs
······················End:     verify the proofs ...................................209.269ms
····················End:     verify the data .......................................254.818s
··················End:     one round ...............................................368.292s
··················Start:   one round
····················Start:   train model
······················Start:   retrieve the model
······················End:     retrieve the model ..................................418.775ms
····················End:     train model ...........................................1.418s
····················Start:   upload data
······················Start:   encrypt the gradients
························Start:   new public key
························End:     new public key ....................................352.953ms
······················End:     encrypt the gradients ...............................10.109s
······················Start:   upload the mc+proof generation
························Start:   start proof generation
························End:     start proof generation ............................82.500s
······················End:     upload the mc+proof generation ......................82.501s
······················Start:   upload the data
[2mOct 01 03:34:16.699[0m [33m WARN[0m [1mAtom Client[0m: client: data prepared
[2mOct 01 03:34:30.754[0m [33m WARN[0m [1mAtom Client[0m: client: data uploaded,receving ms proof
[2mOct 01 03:34:36.474[0m [33m WARN[0m [1mAtom Client[0m: client: ms proof received
······················End:     upload the data .....................................19.779s
····················End:     upload data ...........................................112.390s
····················Start:   verify the data
······················Start:   verify
························Start:   receive verify
························End:     receive verify ....................................254.475s
························Start:   verify the proofs
························End:     verify the proofs .................................216.743ms
······················End:     verify the data .....................................254.694s
····················End:     one round .............................................368.503s
····················Start:   one round
······················Start:   train model
························Start:   retrieve the model
························End:     retrieve the model ................................422.307ms
······················End:     train model .........................................1.422s
······················Start:   upload data
························Start:   encrypt the gradients
··························Start:   new public key
··························End:     new public key ..................................351.598ms
························End:     encrypt the gradients .............................10.103s
························Start:   upload the mc+proof generation
··························Start:   start proof generation
··························End:     start proof generation ..........................82.500s
························End:     upload the mc+proof generation ....................82.501s
························Start:   upload the data
[2mOct 01 03:40:25.200[0m [33m WARN[0m [1mAtom Client[0m: client: data prepared
[2mOct 01 03:40:39.255[0m [33m WARN[0m [1mAtom Client[0m: client: data uploaded,receving ms proof
[2mOct 01 03:40:44.686[0m [33m WARN[0m [1mAtom Client[0m: client: ms proof received
························End:     upload the data ...................................19.489s
······················End:     upload data .........................................112.94s
······················Start:   verify the data
························Start:   verify
··························Start:   receive verify
··························End:     receive verify ..................................255.350s
··························Start:   verify the proofs
··························End:     verify the proofs ...............................210.765ms
························End:     verify the data ...................................255.564s
······················End:     one round ...........................................369.81s
····················End:     clients ...............................................3684.668s
[2mOct 01 03:45:00.253[0m [33m WARN[0m [1mAtom Client[0m: client: close time.busy=375ms time.idle=3684s
