08:01:36 [INFO] RPC; otel.kind="client" otel.name="ServerService.retrieve_model"
08:01:36 [WARN] OpenTelemetry subscriber not installed; making unsampled child context. 
08:01:36 [INFO] SendRequest tarpc.deadline=2021-09-17T08:11:36.326885423Z 
08:01:36 [INFO] ReceiveResponse 
08:01:37 [INFO] RPC; otel.kind="client" otel.name="ServerService.retrieve_proving_key"
08:01:37 [WARN] OpenTelemetry subscriber not installed; making unsampled child context. 
08:01:37 [INFO] SendRequest tarpc.deadline=2021-09-17T08:11:36.326880631Z 
08:01:37 [INFO] ReceiveResponse 
08:01:38 [INFO] Atom: encryption get c0s len 40960
08:01:38 [INFO] RPC; otel.kind="client" otel.name="ServerService.aggregate_commit"
08:01:38 [WARN] OpenTelemetry subscriber not installed; making unsampled child context. 
08:01:38 [INFO] SendRequest tarpc.deadline=2021-09-17T08:11:38.415450751Z 
08:01:38 [INFO] ReceiveResponse 
08:01:46 [INFO] RPC; otel.kind="client" otel.name="ServerService.get_mc_proof"
08:01:46 [WARN] OpenTelemetry subscriber not installed; making unsampled child context. 
08:01:46 [INFO] SendRequest tarpc.deadline=2021-09-17T08:11:38.415450751Z 
08:01:46 [INFO] ReceiveResponse 
08:01:46 [INFO] RPC; otel.kind="client" otel.name="ServerService.aggregate_data"
08:01:46 [WARN] OpenTelemetry subscriber not installed; making unsampled child context. 
08:01:46 [INFO] SendRequest tarpc.deadline=2021-09-17T08:11:46.876062563Z 
08:01:47 [INFO] ReceiveResponse 
08:01:47 [INFO] RPC; otel.kind="client" otel.name="ServerService.get_ms_proof"
08:01:47 [WARN] OpenTelemetry subscriber not installed; making unsampled child context. 
08:01:47 [INFO] SendRequest tarpc.deadline=2021-09-17T08:11:46.876062563Z 
08:01:48 [INFO] ReceiveResponse 
08:01:48 [INFO] RPC; otel.kind="client" otel.name="ServerService.verify"
08:01:48 [WARN] OpenTelemetry subscriber not installed; making unsampled child context. 
08:01:48 [INFO] SendRequest tarpc.deadline=2021-09-17T08:11:48.749795118Z 
08:01:51 [INFO] ReceiveResponse 
08:01:51 [INFO] RPC; otel.kind="client" otel.name="ServerService.retrieve_model"
08:01:51 [WARN] OpenTelemetry subscriber not installed; making unsampled child context. 
08:01:51 [INFO] SendRequest tarpc.deadline=2021-09-17T08:11:51.129450101Z 
08:01:51 [INFO] ReceiveResponse 
08:01:52 [INFO] RPC; otel.kind="client" otel.name="ServerService.retrieve_proving_key"
08:01:52 [WARN] OpenTelemetry subscriber not installed; making unsampled child context. 
08:01:52 [INFO] SendRequest tarpc.deadline=2021-09-17T08:11:51.129445558Z 
08:01:52 [INFO] ReceiveResponse 
08:01:53 [INFO] Atom: encryption get c0s len 81920
08:01:53 [INFO] RPC; otel.kind="client" otel.name="ServerService.aggregate_commit"
08:01:53 [WARN] OpenTelemetry subscriber not installed; making unsampled child context. 
08:01:53 [INFO] SendRequest tarpc.deadline=2021-09-17T08:11:53.244363243Z 
08:01:53 [INFO] ReceiveResponse 
08:02:09 [INFO] RPC; otel.kind="client" otel.name="ServerService.get_mc_proof"
08:02:09 [WARN] OpenTelemetry subscriber not installed; making unsampled child context. 
08:02:09 [INFO] SendRequest tarpc.deadline=2021-09-17T08:11:53.244363243Z 
08:02:09 [INFO] ReceiveResponse 
08:02:09 [INFO] RPC; otel.kind="client" otel.name="ServerService.aggregate_data"
08:02:09 [WARN] OpenTelemetry subscriber not installed; making unsampled child context. 
08:02:09 [INFO] SendRequest tarpc.deadline=2021-09-17T08:12:09.949307788Z 
08:02:10 [INFO] ReceiveResponse 
08:02:10 [INFO] RPC; otel.kind="client" otel.name="ServerService.get_ms_proof"
08:02:10 [WARN] OpenTelemetry subscriber not installed; making unsampled child context. 
08:02:10 [INFO] SendRequest tarpc.deadline=2021-09-17T08:12:09.949307788Z 
08:02:12 [INFO] ReceiveResponse 
08:02:12 [INFO] RPC; otel.kind="client" otel.name="ServerService.verify"
08:02:12 [WARN] OpenTelemetry subscriber not installed; making unsampled child context. 
08:02:12 [INFO] SendRequest tarpc.deadline=2021-09-17T08:12:12.317237955Z 
08:02:15 [INFO] ReceiveResponse 
08:02:15 [INFO] RPC; otel.kind="client" otel.name="ServerService.retrieve_model"
08:02:15 [WARN] OpenTelemetry subscriber not installed; making unsampled child context. 
08:02:15 [INFO] SendRequest tarpc.deadline=2021-09-17T08:12:15.935112348Z 
08:02:16 [INFO] ReceiveResponse 
08:02:17 [INFO] RPC; otel.kind="client" otel.name="ServerService.retrieve_proving_key"
08:02:17 [WARN] OpenTelemetry subscriber not installed; making unsampled child context. 
08:02:17 [INFO] SendRequest tarpc.deadline=2021-09-17T08:12:15.935107736Z 
08:02:17 [INFO] ReceiveResponse 
08:02:18 [INFO] Atom: encryption get c0s len 122880
08:02:18 [INFO] RPC; otel.kind="client" otel.name="ServerService.aggregate_commit"
08:02:18 [WARN] OpenTelemetry subscriber not installed; making unsampled child context. 
08:02:18 [INFO] SendRequest tarpc.deadline=2021-09-17T08:12:18.063548050Z 
08:02:18 [INFO] ReceiveResponse 
08:02:42 [INFO] RPC; otel.kind="client" otel.name="ServerService.get_mc_proof"
08:02:42 [WARN] OpenTelemetry subscriber not installed; making unsampled child context. 
08:02:42 [INFO] SendRequest tarpc.deadline=2021-09-17T08:12:18.063548050Z 
08:02:43 [INFO] ReceiveResponse 
08:02:43 [INFO] RPC; otel.kind="client" otel.name="ServerService.aggregate_data"
08:02:43 [WARN] OpenTelemetry subscriber not installed; making unsampled child context. 
08:02:43 [INFO] SendRequest tarpc.deadline=2021-09-17T08:12:43.018700946Z 
08:02:43 [INFO] ReceiveResponse 
08:02:43 [INFO] RPC; otel.kind="client" otel.name="ServerService.get_ms_proof"
08:02:43 [WARN] OpenTelemetry subscriber not installed; making unsampled child context. 
08:02:43 [INFO] SendRequest tarpc.deadline=2021-09-17T08:12:43.018700946Z 
08:02:45 [INFO] ReceiveResponse 
08:02:45 [INFO] RPC; otel.kind="client" otel.name="ServerService.verify"
08:02:45 [WARN] OpenTelemetry subscriber not installed; making unsampled child context. 
08:02:45 [INFO] SendRequest tarpc.deadline=2021-09-17T08:12:45.574691167Z 
08:02:51 [INFO] ReceiveResponse 
08:02:51 [INFO] RPC; otel.kind="client" otel.name="ServerService.retrieve_model"
08:02:51 [WARN] OpenTelemetry subscriber not installed; making unsampled child context. 
08:02:51 [INFO] SendRequest tarpc.deadline=2021-09-17T08:12:51.410943059Z 
08:02:51 [INFO] ReceiveResponse 
08:02:52 [INFO] RPC; otel.kind="client" otel.name="ServerService.retrieve_proving_key"
08:02:52 [WARN] OpenTelemetry subscriber not installed; making unsampled child context. 
08:02:52 [INFO] SendRequest tarpc.deadline=2021-09-17T08:12:51.410938676Z 
08:02:52 [INFO] ReceiveResponse 
08:02:53 [INFO] Atom: encryption get c0s len 163840
08:02:53 [INFO] RPC; otel.kind="client" otel.name="ServerService.aggregate_commit"
08:02:53 [WARN] OpenTelemetry subscriber not installed; making unsampled child context. 
08:02:53 [INFO] SendRequest tarpc.deadline=2021-09-17T08:12:53.560086806Z 
08:02:53 [INFO] ReceiveResponse 
08:03:26 [INFO] RPC; otel.kind="client" otel.name="ServerService.get_mc_proof"
08:03:26 [WARN] OpenTelemetry subscriber not installed; making unsampled child context. 
08:03:26 [INFO] SendRequest tarpc.deadline=2021-09-17T08:12:53.560086806Z 
08:08:26 [INFO] Shutdown: read half closed, so shutting down. 
08:08:26 [INFO] Shutdown: read half closed, so shutting down. 
