08:01:36 [INFO] RPC; otel.kind="client" otel.name="ServerService.retrieve_model"
08:01:36 [WARN] OpenTelemetry subscriber not installed; making unsampled child context. 
08:01:36 [INFO] SendRequest tarpc.deadline=2021-09-17T08:11:36.187155143Z 
08:01:36 [INFO] ReceiveResponse 
08:01:37 [INFO] RPC; otel.kind="client" otel.name="ServerService.retrieve_proving_key"
08:01:37 [WARN] OpenTelemetry subscriber not installed; making unsampled child context. 
08:01:37 [INFO] SendRequest tarpc.deadline=2021-09-17T08:11:36.187137070Z 
08:01:37 [INFO] ReceiveResponse 
08:01:38 [INFO] Atom: encryption get c0s len 40960
08:01:38 [INFO] RPC; otel.kind="client" otel.name="ServerService.aggregate_commit"
08:01:38 [WARN] OpenTelemetry subscriber not installed; making unsampled child context. 
08:01:38 [INFO] SendRequest tarpc.deadline=2021-09-17T08:11:38.292574676Z 
08:01:38 [INFO] ReceiveResponse 
08:01:46 [INFO] RPC; otel.kind="client" otel.name="ServerService.get_mc_proof"
08:01:46 [WARN] OpenTelemetry subscriber not installed; making unsampled child context. 
08:01:46 [INFO] SendRequest tarpc.deadline=2021-09-17T08:11:38.292574676Z 
08:01:46 [INFO] ReceiveResponse 
08:01:46 [INFO] RPC; otel.kind="client" otel.name="ServerService.aggregate_data"
08:01:46 [WARN] OpenTelemetry subscriber not installed; making unsampled child context. 
08:01:46 [INFO] SendRequest tarpc.deadline=2021-09-17T08:11:46.753082819Z 
08:01:48 [INFO] ReceiveResponse 
08:01:48 [INFO] RPC; otel.kind="client" otel.name="ServerService.get_ms_proof"
08:01:48 [WARN] OpenTelemetry subscriber not installed; making unsampled child context. 
08:01:48 [INFO] SendRequest tarpc.deadline=2021-09-17T08:11:46.753082819Z 
08:01:48 [INFO] ReceiveResponse 
08:01:48 [INFO] RPC; otel.kind="client" otel.name="ServerService.verify"
08:01:48 [WARN] OpenTelemetry subscriber not installed; making unsampled child context. 
08:01:48 [INFO] SendRequest tarpc.deadline=2021-09-17T08:11:48.749828825Z 
08:01:50 [INFO] ReceiveResponse 
08:01:51 [INFO] RPC; otel.kind="client" otel.name="ServerService.retrieve_model"
08:01:51 [WARN] OpenTelemetry subscriber not installed; making unsampled child context. 
08:01:51 [INFO] SendRequest tarpc.deadline=2021-09-17T08:11:51.010098166Z 
08:01:51 [INFO] ReceiveResponse 
08:01:52 [INFO] RPC; otel.kind="client" otel.name="ServerService.retrieve_proving_key"
08:01:52 [WARN] OpenTelemetry subscriber not installed; making unsampled child context. 
08:01:52 [INFO] SendRequest tarpc.deadline=2021-09-17T08:11:51.010093235Z 
08:01:52 [INFO] ReceiveResponse 
08:01:53 [INFO] Atom: encryption get c0s len 81920
08:01:53 [INFO] RPC; otel.kind="client" otel.name="ServerService.aggregate_commit"
08:01:53 [WARN] OpenTelemetry subscriber not installed; making unsampled child context. 
08:01:53 [INFO] SendRequest tarpc.deadline=2021-09-17T08:11:53.118810956Z 
08:01:53 [INFO] ReceiveResponse 
08:02:09 [INFO] RPC; otel.kind="client" otel.name="ServerService.get_mc_proof"
08:02:09 [WARN] OpenTelemetry subscriber not installed; making unsampled child context. 
08:02:09 [INFO] SendRequest tarpc.deadline=2021-09-17T08:11:53.118810956Z 
08:02:09 [INFO] ReceiveResponse 
08:02:09 [INFO] RPC; otel.kind="client" otel.name="ServerService.aggregate_data"
08:02:09 [WARN] OpenTelemetry subscriber not installed; making unsampled child context. 
08:02:09 [INFO] SendRequest tarpc.deadline=2021-09-17T08:12:09.834130032Z 
08:02:11 [INFO] ReceiveResponse 
08:02:11 [INFO] RPC; otel.kind="client" otel.name="ServerService.get_ms_proof"
08:02:11 [WARN] OpenTelemetry subscriber not installed; making unsampled child context. 
08:02:11 [INFO] SendRequest tarpc.deadline=2021-09-17T08:12:09.834130032Z 
08:02:12 [INFO] ReceiveResponse 
08:02:12 [INFO] RPC; otel.kind="client" otel.name="ServerService.verify"
08:02:12 [WARN] OpenTelemetry subscriber not installed; making unsampled child context. 
08:02:12 [INFO] SendRequest tarpc.deadline=2021-09-17T08:12:12.317184270Z 
08:02:15 [INFO] ReceiveResponse 
08:02:15 [INFO] RPC; otel.kind="client" otel.name="ServerService.retrieve_model"
08:02:15 [WARN] OpenTelemetry subscriber not installed; making unsampled child context. 
08:02:15 [INFO] SendRequest tarpc.deadline=2021-09-17T08:12:15.665633992Z 
08:02:15 [INFO] ReceiveResponse 
08:02:16 [INFO] RPC; otel.kind="client" otel.name="ServerService.retrieve_proving_key"
08:02:16 [WARN] OpenTelemetry subscriber not installed; making unsampled child context. 
08:02:16 [INFO] SendRequest tarpc.deadline=2021-09-17T08:12:15.665612695Z 
08:02:16 [INFO] ReceiveResponse 
08:02:17 [INFO] Atom: encryption get c0s len 122880
08:02:17 [INFO] RPC; otel.kind="client" otel.name="ServerService.aggregate_commit"
08:02:17 [WARN] OpenTelemetry subscriber not installed; making unsampled child context. 
08:02:17 [INFO] SendRequest tarpc.deadline=2021-09-17T08:12:17.802602661Z 
08:02:17 [INFO] ReceiveResponse 
08:02:42 [INFO] RPC; otel.kind="client" otel.name="ServerService.get_mc_proof"
08:02:42 [WARN] OpenTelemetry subscriber not installed; making unsampled child context. 
08:02:42 [INFO] SendRequest tarpc.deadline=2021-09-17T08:12:17.802602661Z 
08:02:42 [INFO] ReceiveResponse 
08:02:42 [INFO] RPC; otel.kind="client" otel.name="ServerService.aggregate_data"
08:02:42 [WARN] OpenTelemetry subscriber not installed; making unsampled child context. 
08:02:42 [INFO] SendRequest tarpc.deadline=2021-09-17T08:12:42.747671099Z 
08:02:44 [INFO] ReceiveResponse 
08:02:44 [INFO] RPC; otel.kind="client" otel.name="ServerService.get_ms_proof"
08:02:44 [WARN] OpenTelemetry subscriber not installed; making unsampled child context. 
08:02:44 [INFO] SendRequest tarpc.deadline=2021-09-17T08:12:42.747671099Z 
08:02:45 [INFO] ReceiveResponse 
08:02:45 [INFO] RPC; otel.kind="client" otel.name="ServerService.verify"
08:02:45 [WARN] OpenTelemetry subscriber not installed; making unsampled child context. 
08:02:45 [INFO] SendRequest tarpc.deadline=2021-09-17T08:12:45.574764511Z 
08:02:51 [INFO] ReceiveResponse 
08:02:51 [INFO] RPC; otel.kind="client" otel.name="ServerService.retrieve_model"
08:02:51 [WARN] OpenTelemetry subscriber not installed; making unsampled child context. 
08:02:51 [INFO] SendRequest tarpc.deadline=2021-09-17T08:12:51.480081920Z 
08:02:51 [INFO] ReceiveResponse 
08:02:52 [INFO] RPC; otel.kind="client" otel.name="ServerService.retrieve_proving_key"
08:02:52 [WARN] OpenTelemetry subscriber not installed; making unsampled child context. 
08:02:52 [INFO] SendRequest tarpc.deadline=2021-09-17T08:12:51.480077426Z 
08:02:52 [INFO] ReceiveResponse 
08:02:53 [INFO] Atom: encryption get c0s len 163840
08:02:53 [INFO] RPC; otel.kind="client" otel.name="ServerService.aggregate_commit"
08:02:53 [WARN] OpenTelemetry subscriber not installed; making unsampled child context. 
08:02:53 [INFO] SendRequest tarpc.deadline=2021-09-17T08:12:53.623118231Z 
08:02:53 [INFO] ReceiveResponse 
08:03:26 [INFO] RPC; otel.kind="client" otel.name="ServerService.get_mc_proof"
08:03:26 [WARN] OpenTelemetry subscriber not installed; making unsampled child context. 
08:03:26 [INFO] SendRequest tarpc.deadline=2021-09-17T08:12:53.623118231Z 
08:08:26 [INFO] Shutdown: read half closed, so shutting down. 
08:08:26 [INFO] Shutdown: read half closed, so shutting down. 
