Start:   clients
··Start:   one round
····Start:   train model
······Start:   retrieve the model
08:01:36 [0m[33m[WARN] [0mOpenTelemetry subscriber not installed; making unsampled child context. 
······End:     retrieve the model ..................................................99.642ms
····End:     train model ...........................................................1.99s
····Start:   upload data
08:01:37 [0m[33m[WARN] [0mOpenTelemetry subscriber not installed; making unsampled child context. 
······Start:   encrypt the gradients
······End:     encrypt the gradients ...............................................892.212ms
······Start:   upload the mc+proof generation
08:01:38 [0m[33m[WARN] [0mOpenTelemetry subscriber not installed; making unsampled child context. 
08:01:46 [0m[33m[WARN] [0mOpenTelemetry subscriber not installed; making unsampled child context. 
······End:     upload the mc+proof generation ......................................8.459s
······Start:   upload the data
08:01:46 [0m[33m[WARN] [0mOpenTelemetry subscriber not installed; making unsampled child context. 
08:01:47 [0m[33m[WARN] [0mOpenTelemetry subscriber not installed; making unsampled child context. 
······End:     upload the data .....................................................1.874s
····End:     upload data ...........................................................11.323s
····Start:   verify the data
······Start:   verify
········Start:   receive verify
08:01:48 [0m[33m[WARN] [0mOpenTelemetry subscriber not installed; making unsampled child context. 
········End:     receive verify ....................................................2.256s
········Start:   verify the proofs
········End:     verify the proofs .................................................121.986ms
······End:     verify the data .....................................................2.379s
····End:     one round .............................................................14.802s
····Start:   one round
······Start:   train model
········Start:   retrieve the model
08:01:51 [0m[33m[WARN] [0mOpenTelemetry subscriber not installed; making unsampled child context. 
········End:     retrieve the model ................................................104.375ms
······End:     train model .........................................................1.104s
······Start:   upload data
08:01:52 [0m[33m[WARN] [0mOpenTelemetry subscriber not installed; making unsampled child context. 
········Start:   encrypt the gradients
········End:     encrypt the gradients .............................................912.198ms
········Start:   upload the mc+proof generation
08:01:53 [0m[33m[WARN] [0mOpenTelemetry subscriber not installed; making unsampled child context. 
08:02:09 [0m[33m[WARN] [0mOpenTelemetry subscriber not installed; making unsampled child context. 
········End:     upload the mc+proof generation ....................................16.703s
········Start:   upload the data
08:02:09 [0m[33m[WARN] [0mOpenTelemetry subscriber not installed; making unsampled child context. 
08:02:10 [0m[33m[WARN] [0mOpenTelemetry subscriber not installed; making unsampled child context. 
········End:     upload the data ...................................................2.369s
······End:     upload data .........................................................20.83s
······Start:   verify the data
········Start:   verify
··········Start:   receive verify
08:02:12 [0m[33m[WARN] [0mOpenTelemetry subscriber not installed; making unsampled child context. 
··········End:     receive verify ..................................................3.363s
··········Start:   verify the proofs
··········End:     verify the proofs ...............................................252.433ms
········End:     verify the data ...................................................3.617s
······End:     one round ...........................................................24.805s
······Start:   one round
········Start:   train model
··········Start:   retrieve the model
08:02:15 [0m[33m[WARN] [0mOpenTelemetry subscriber not installed; making unsampled child context. 
··········End:     retrieve the model ..............................................100.668ms
········End:     train model .......................................................1.100s
········Start:   upload data
08:02:17 [0m[33m[WARN] [0mOpenTelemetry subscriber not installed; making unsampled child context. 
··········Start:   encrypt the gradients
··········End:     encrypt the gradients ...........................................930.484ms
··········Start:   upload the mc+proof generation
08:02:18 [0m[33m[WARN] [0mOpenTelemetry subscriber not installed; making unsampled child context. 
08:02:42 [0m[33m[WARN] [0mOpenTelemetry subscriber not installed; making unsampled child context. 
··········End:     upload the mc+proof generation ..................................24.953s
··········Start:   upload the data
08:02:43 [0m[33m[WARN] [0mOpenTelemetry subscriber not installed; making unsampled child context. 
08:02:43 [0m[33m[WARN] [0mOpenTelemetry subscriber not installed; making unsampled child context. 
··········End:     upload the data .................................................2.557s
········End:     upload data .......................................................28.538s
········Start:   verify the data
··········Start:   verify
············Start:   receive verify
08:02:45 [0m[33m[WARN] [0mOpenTelemetry subscriber not installed; making unsampled child context. 
············End:     receive verify ................................................5.490s
············Start:   verify the proofs
············End:     verify the proofs .............................................345.351ms
··········End:     verify the data .................................................5.836s
········End:     one round .........................................................35.475s
········Start:   one round
··········Start:   train model
············Start:   retrieve the model
08:02:51 [0m[33m[WARN] [0mOpenTelemetry subscriber not installed; making unsampled child context. 
············End:     retrieve the model ............................................107.823ms
··········End:     train model .....................................................1.108s
··········Start:   upload data
08:02:52 [0m[33m[WARN] [0mOpenTelemetry subscriber not installed; making unsampled child context. 
············Start:   encrypt the gradients
············End:     encrypt the gradients .........................................949.461ms
············Start:   upload the mc+proof generation
08:02:53 [0m[33m[WARN] [0mOpenTelemetry subscriber not installed; making unsampled child context. 
08:03:26 [0m[33m[WARN] [0mOpenTelemetry subscriber not installed; making unsampled child context. 
thread 'main' panicked at 'called `Result::unwrap()` on an `Err` value: Kind(ConnectionReset)', src/client.rs:129:44
note: run with `RUST_BACKTRACE=1` environment variable to display a backtrace
