<tensorflow_federated.python.core.impl.executors.executor_stacks.SizingExecutorFactory object at 0x7f18300e2c70>
SizeInfo(broadcast_history={}, aggregate_history={}, broadcast_bits=[], aggregate_bits=[])
<tensorflow_federated.python.core.impl.executors.executor_stacks.SizingExecutorFactory object at 0x7f175c36d760>
SizeInfo(broadcast_history={}, aggregate_history={}, broadcast_bits=[], aggregate_bits=[])
round  0, metrics=OrderedDict([('broadcast', ()), ('aggregation', OrderedDict([('mean_value', ()), ('mean_weight', ())])), ('train', OrderedDict([('sparse_categorical_accuracy', 0.11661443), ('loss', 2.348494)])), ('stat', OrderedDict([('num_examples', 507330)]))])
SizeInfo(broadcast_history={}, aggregate_history={}, broadcast_bits=[], aggregate_bits=[])
round  1, metrics=OrderedDict([('broadcast', ()), ('aggregation', OrderedDict([('mean_value', ()), ('mean_weight', ())])), ('train', OrderedDict([('sparse_categorical_accuracy', 0.12568206), ('loss', 2.3170788)])), ('stat', OrderedDict([('num_examples', 505275)]))])
SizeInfo(broadcast_history={}, aggregate_history={}, broadcast_bits=[], aggregate_bits=[])
round  2, metrics=OrderedDict([('broadcast', ()), ('aggregation', OrderedDict([('mean_value', ()), ('mean_weight', ())])), ('train', OrderedDict([('sparse_categorical_accuracy', 0.14590493), ('loss', 2.2870271)])), ('stat', OrderedDict([('num_examples', 504815)]))])
SizeInfo(broadcast_history={}, aggregate_history={}, broadcast_bits=[], aggregate_bits=[])
round  3, metrics=OrderedDict([('broadcast', ()), ('aggregation', OrderedDict([('mean_value', ()), ('mean_weight', ())])), ('train', OrderedDict([('sparse_categorical_accuracy', 0.15553193), ('loss', 2.2552454)])), ('stat', OrderedDict([('num_examples', 507960)]))])
SizeInfo(broadcast_history={}, aggregate_history={}, broadcast_bits=[], aggregate_bits=[])
round  4, metrics=OrderedDict([('broadcast', ()), ('aggregation', OrderedDict([('mean_value', ()), ('mean_weight', ())])), ('train', OrderedDict([('sparse_categorical_accuracy', 0.18992895), ('loss', 2.2258403)])), ('stat', OrderedDict([('num_examples', 507395)]))])
SizeInfo(broadcast_history={}, aggregate_history={}, broadcast_bits=[], aggregate_bits=[])
round  5, metrics=OrderedDict([('broadcast', ()), ('aggregation', OrderedDict([('mean_value', ()), ('mean_weight', ())])), ('train', OrderedDict([('sparse_categorical_accuracy', 0.20830572), ('loss', 2.1954398)])), ('stat', OrderedDict([('num_examples', 506880)]))])
SizeInfo(broadcast_history={}, aggregate_history={}, broadcast_bits=[], aggregate_bits=[])
round  6, metrics=OrderedDict([('broadcast', ()), ('aggregation', OrderedDict([('mean_value', ()), ('mean_weight', ())])), ('train', OrderedDict([('sparse_categorical_accuracy', 0.22533149), ('loss', 2.1670928)])), ('stat', OrderedDict([('num_examples', 503405)]))])
SizeInfo(broadcast_history={}, aggregate_history={}, broadcast_bits=[], aggregate_bits=[])
round  7, metrics=OrderedDict([('broadcast', ()), ('aggregation', OrderedDict([('mean_value', ()), ('mean_weight', ())])), ('train', OrderedDict([('sparse_categorical_accuracy', 0.24182492), ('loss', 2.1399581)])), ('stat', OrderedDict([('num_examples', 503145)]))])
SizeInfo(broadcast_history={}, aggregate_history={}, broadcast_bits=[], aggregate_bits=[])
round  8, metrics=OrderedDict([('broadcast', ()), ('aggregation', OrderedDict([('mean_value', ()), ('mean_weight', ())])), ('train', OrderedDict([('sparse_categorical_accuracy', 0.26300147), ('loss', 2.1103833)])), ('stat', OrderedDict([('num_examples', 503020)]))])
SizeInfo(broadcast_history={}, aggregate_history={}, broadcast_bits=[], aggregate_bits=[])
round  9, metrics=OrderedDict([('broadcast', ()), ('aggregation', OrderedDict([('mean_value', ()), ('mean_weight', ())])), ('train', OrderedDict([('sparse_categorical_accuracy', 0.28050756), ('loss', 2.086493)])), ('stat', OrderedDict([('num_examples', 502015)]))])
SizeInfo(broadcast_history={}, aggregate_history={}, broadcast_bits=[], aggregate_bits=[])
round 10, metrics=OrderedDict([('broadcast', ()), ('aggregation', OrderedDict([('mean_value', ()), ('mean_weight', ())])), ('train', OrderedDict([('sparse_categorical_accuracy', 0.30002573), ('loss', 2.060276)])), ('stat', OrderedDict([('num_examples', 505360)]))])
SizeInfo(broadcast_history={}, aggregate_history={}, broadcast_bits=[], aggregate_bits=[])
round 11, metrics=OrderedDict([('broadcast', ()), ('aggregation', OrderedDict([('mean_value', ()), ('mean_weight', ())])), ('train', OrderedDict([('sparse_categorical_accuracy', 0.3160053), ('loss', 2.0339026)])), ('stat', OrderedDict([('num_examples', 505770)]))])
SizeInfo(broadcast_history={}, aggregate_history={}, broadcast_bits=[], aggregate_bits=[])
round 12, metrics=OrderedDict([('broadcast', ()), ('aggregation', OrderedDict([('mean_value', ()), ('mean_weight', ())])), ('train', OrderedDict([('sparse_categorical_accuracy', 0.33641538), ('loss', 2.0108604)])), ('stat', OrderedDict([('num_examples', 504320)]))])
SizeInfo(broadcast_history={}, aggregate_history={}, broadcast_bits=[], aggregate_bits=[])
round 13, metrics=OrderedDict([('broadcast', ()), ('aggregation', OrderedDict([('mean_value', ()), ('mean_weight', ())])), ('train', OrderedDict([('sparse_categorical_accuracy', 0.35830152), ('loss', 1.9807322)])), ('stat', OrderedDict([('num_examples', 502800)]))])
SizeInfo(broadcast_history={}, aggregate_history={}, broadcast_bits=[], aggregate_bits=[])
round 14, metrics=OrderedDict([('broadcast', ()), ('aggregation', OrderedDict([('mean_value', ()), ('mean_weight', ())])), ('train', OrderedDict([('sparse_categorical_accuracy', 0.37499753), ('loss', 1.9557855)])), ('stat', OrderedDict([('num_examples', 506150)]))])
SizeInfo(broadcast_history={}, aggregate_history={}, broadcast_bits=[], aggregate_bits=[])
round 15, metrics=OrderedDict([('broadcast', ()), ('aggregation', OrderedDict([('mean_value', ()), ('mean_weight', ())])), ('train', OrderedDict([('sparse_categorical_accuracy', 0.39201128), ('loss', 1.933119)])), ('stat', OrderedDict([('num_examples', 503085)]))])
SizeInfo(broadcast_history={}, aggregate_history={}, broadcast_bits=[], aggregate_bits=[])
round 16, metrics=OrderedDict([('broadcast', ()), ('aggregation', OrderedDict([('mean_value', ()), ('mean_weight', ())])), ('train', OrderedDict([('sparse_categorical_accuracy', 0.40715262), ('loss', 1.9107006)])), ('stat', OrderedDict([('num_examples', 507785)]))])
SizeInfo(broadcast_history={}, aggregate_history={}, broadcast_bits=[], aggregate_bits=[])
round 17, metrics=OrderedDict([('broadcast', ()), ('aggregation', OrderedDict([('mean_value', ()), ('mean_weight', ())])), ('train', OrderedDict([('sparse_categorical_accuracy', 0.4201576), ('loss', 1.8922712)])), ('stat', OrderedDict([('num_examples', 504375)]))])
SizeInfo(broadcast_history={}, aggregate_history={}, broadcast_bits=[], aggregate_bits=[])
round 18, metrics=OrderedDict([('broadcast', ()), ('aggregation', OrderedDict([('mean_value', ()), ('mean_weight', ())])), ('train', OrderedDict([('sparse_categorical_accuracy', 0.43764126), ('loss', 1.8679626)])), ('stat', OrderedDict([('num_examples', 504845)]))])
SizeInfo(broadcast_history={}, aggregate_history={}, broadcast_bits=[], aggregate_bits=[])
round 19, metrics=OrderedDict([('broadcast', ()), ('aggregation', OrderedDict([('mean_value', ()), ('mean_weight', ())])), ('train', OrderedDict([('sparse_categorical_accuracy', 0.4555987), ('loss', 1.8444614)])), ('stat', OrderedDict([('num_examples', 504580)]))])
SizeInfo(broadcast_history={}, aggregate_history={}, broadcast_bits=[], aggregate_bits=[])
round 20, metrics=OrderedDict([('broadcast', ()), ('aggregation', OrderedDict([('mean_value', ()), ('mean_weight', ())])), ('train', OrderedDict([('sparse_categorical_accuracy', 0.46876204), ('loss', 1.8250395)])), ('stat', OrderedDict([('num_examples', 504130)]))])
SizeInfo(broadcast_history={}, aggregate_history={}, broadcast_bits=[], aggregate_bits=[])
round 21, metrics=OrderedDict([('broadcast', ()), ('aggregation', OrderedDict([('mean_value', ()), ('mean_weight', ())])), ('train', OrderedDict([('sparse_categorical_accuracy', 0.48187515), ('loss', 1.8020461)])), ('stat', OrderedDict([('num_examples', 502790)]))])
SizeInfo(broadcast_history={}, aggregate_history={}, broadcast_bits=[], aggregate_bits=[])
round 22, metrics=OrderedDict([('broadcast', ()), ('aggregation', OrderedDict([('mean_value', ()), ('mean_weight', ())])), ('train', OrderedDict([('sparse_categorical_accuracy', 0.49159646), ('loss', 1.7876498)])), ('stat', OrderedDict([('num_examples', 505620)]))])
SizeInfo(broadcast_history={}, aggregate_history={}, broadcast_bits=[], aggregate_bits=[])
round 23, metrics=OrderedDict([('broadcast', ()), ('aggregation', OrderedDict([('mean_value', ()), ('mean_weight', ())])), ('train', OrderedDict([('sparse_categorical_accuracy', 0.5067162), ('loss', 1.765638)])), ('stat', OrderedDict([('num_examples', 502220)]))])
SizeInfo(broadcast_history={}, aggregate_history={}, broadcast_bits=[], aggregate_bits=[])
round 24, metrics=OrderedDict([('broadcast', ()), ('aggregation', OrderedDict([('mean_value', ()), ('mean_weight', ())])), ('train', OrderedDict([('sparse_categorical_accuracy', 0.52217585), ('loss', 1.742554)])), ('stat', OrderedDict([('num_examples', 506475)]))])
SizeInfo(broadcast_history={}, aggregate_history={}, broadcast_bits=[], aggregate_bits=[])
round 25, metrics=OrderedDict([('broadcast', ()), ('aggregation', OrderedDict([('mean_value', ()), ('mean_weight', ())])), ('train', OrderedDict([('sparse_categorical_accuracy', 0.52940756), ('loss', 1.7278125)])), ('stat', OrderedDict([('num_examples', 507250)]))])
SizeInfo(broadcast_history={}, aggregate_history={}, broadcast_bits=[], aggregate_bits=[])
round 26, metrics=OrderedDict([('broadcast', ()), ('aggregation', OrderedDict([('mean_value', ()), ('mean_weight', ())])), ('train', OrderedDict([('sparse_categorical_accuracy', 0.54112446), ('loss', 1.7094649)])), ('stat', OrderedDict([('num_examples', 502450)]))])
SizeInfo(broadcast_history={}, aggregate_history={}, broadcast_bits=[], aggregate_bits=[])
round 27, metrics=OrderedDict([('broadcast', ()), ('aggregation', OrderedDict([('mean_value', ()), ('mean_weight', ())])), ('train', OrderedDict([('sparse_categorical_accuracy', 0.54872495), ('loss', 1.6948868)])), ('stat', OrderedDict([('num_examples', 507225)]))])
SizeInfo(broadcast_history={}, aggregate_history={}, broadcast_bits=[], aggregate_bits=[])
round 28, metrics=OrderedDict([('broadcast', ()), ('aggregation', OrderedDict([('mean_value', ()), ('mean_weight', ())])), ('train', OrderedDict([('sparse_categorical_accuracy', 0.56737065), ('loss', 1.667784)])), ('stat', OrderedDict([('num_examples', 506385)]))])
SizeInfo(broadcast_history={}, aggregate_history={}, broadcast_bits=[], aggregate_bits=[])
round 29, metrics=OrderedDict([('broadcast', ()), ('aggregation', OrderedDict([('mean_value', ()), ('mean_weight', ())])), ('train', OrderedDict([('sparse_categorical_accuracy', 0.5730097), ('loss', 1.6558912)])), ('stat', OrderedDict([('num_examples', 508405)]))])
SizeInfo(broadcast_history={}, aggregate_history={}, broadcast_bits=[], aggregate_bits=[])
round 30, metrics=OrderedDict([('broadcast', ()), ('aggregation', OrderedDict([('mean_value', ()), ('mean_weight', ())])), ('train', OrderedDict([('sparse_categorical_accuracy', 0.5844854), ('loss', 1.6362482)])), ('stat', OrderedDict([('num_examples', 507135)]))])
SizeInfo(broadcast_history={}, aggregate_history={}, broadcast_bits=[], aggregate_bits=[])
round 31, metrics=OrderedDict([('broadcast', ()), ('aggregation', OrderedDict([('mean_value', ()), ('mean_weight', ())])), ('train', OrderedDict([('sparse_categorical_accuracy', 0.58918494), ('loss', 1.6249229)])), ('stat', OrderedDict([('num_examples', 503835)]))])
SizeInfo(broadcast_history={}, aggregate_history={}, broadcast_bits=[], aggregate_bits=[])
round 32, metrics=OrderedDict([('broadcast', ()), ('aggregation', OrderedDict([('mean_value', ()), ('mean_weight', ())])), ('train', OrderedDict([('sparse_categorical_accuracy', 0.5952675), ('loss', 1.6128896)])), ('stat', OrderedDict([('num_examples', 502905)]))])
SizeInfo(broadcast_history={}, aggregate_history={}, broadcast_bits=[], aggregate_bits=[])
round 33, metrics=OrderedDict([('broadcast', ()), ('aggregation', OrderedDict([('mean_value', ()), ('mean_weight', ())])), ('train', OrderedDict([('sparse_categorical_accuracy', 0.60711426), ('loss', 1.5910511)])), ('stat', OrderedDict([('num_examples', 504900)]))])
SizeInfo(broadcast_history={}, aggregate_history={}, broadcast_bits=[], aggregate_bits=[])
round 34, metrics=OrderedDict([('broadcast', ()), ('aggregation', OrderedDict([('mean_value', ()), ('mean_weight', ())])), ('train', OrderedDict([('sparse_categorical_accuracy', 0.6183263), ('loss', 1.569799)])), ('stat', OrderedDict([('num_examples', 504685)]))])
SizeInfo(broadcast_history={}, aggregate_history={}, broadcast_bits=[], aggregate_bits=[])
round 35, metrics=OrderedDict([('broadcast', ()), ('aggregation', OrderedDict([('mean_value', ()), ('mean_weight', ())])), ('train', OrderedDict([('sparse_categorical_accuracy', 0.6250425), ('loss', 1.555605)])), ('stat', OrderedDict([('num_examples', 506060)]))])
SizeInfo(broadcast_history={}, aggregate_history={}, broadcast_bits=[], aggregate_bits=[])
round 36, metrics=OrderedDict([('broadcast', ()), ('aggregation', OrderedDict([('mean_value', ()), ('mean_weight', ())])), ('train', OrderedDict([('sparse_categorical_accuracy', 0.63298655), ('loss', 1.5396687)])), ('stat', OrderedDict([('num_examples', 506540)]))])
SizeInfo(broadcast_history={}, aggregate_history={}, broadcast_bits=[], aggregate_bits=[])
round 37, metrics=OrderedDict([('broadcast', ()), ('aggregation', OrderedDict([('mean_value', ()), ('mean_weight', ())])), ('train', OrderedDict([('sparse_categorical_accuracy', 0.64246106), ('loss', 1.5221637)])), ('stat', OrderedDict([('num_examples', 500765)]))])
SizeInfo(broadcast_history={}, aggregate_history={}, broadcast_bits=[], aggregate_bits=[])
round 38, metrics=OrderedDict([('broadcast', ()), ('aggregation', OrderedDict([('mean_value', ()), ('mean_weight', ())])), ('train', OrderedDict([('sparse_categorical_accuracy', 0.6422957), ('loss', 1.5189233)])), ('stat', OrderedDict([('num_examples', 500760)]))])
SizeInfo(broadcast_history={}, aggregate_history={}, broadcast_bits=[], aggregate_bits=[])
round 39, metrics=OrderedDict([('broadcast', ()), ('aggregation', OrderedDict([('mean_value', ()), ('mean_weight', ())])), ('train', OrderedDict([('sparse_categorical_accuracy', 0.6500947), ('loss', 1.504219)])), ('stat', OrderedDict([('num_examples', 501650)]))])
SizeInfo(broadcast_history={}, aggregate_history={}, broadcast_bits=[], aggregate_bits=[])
round 40, metrics=OrderedDict([('broadcast', ()), ('aggregation', OrderedDict([('mean_value', ()), ('mean_weight', ())])), ('train', OrderedDict([('sparse_categorical_accuracy', 0.6558277), ('loss', 1.48706)])), ('stat', OrderedDict([('num_examples', 504785)]))])
SizeInfo(broadcast_history={}, aggregate_history={}, broadcast_bits=[], aggregate_bits=[])
round 41, metrics=OrderedDict([('broadcast', ()), ('aggregation', OrderedDict([('mean_value', ()), ('mean_weight', ())])), ('train', OrderedDict([('sparse_categorical_accuracy', 0.66518), ('loss', 1.469635)])), ('stat', OrderedDict([('num_examples', 502915)]))])
SizeInfo(broadcast_history={}, aggregate_history={}, broadcast_bits=[], aggregate_bits=[])
round 42, metrics=OrderedDict([('broadcast', ()), ('aggregation', OrderedDict([('mean_value', ()), ('mean_weight', ())])), ('train', OrderedDict([('sparse_categorical_accuracy', 0.6638946), ('loss', 1.4696615)])), ('stat', OrderedDict([('num_examples', 505755)]))])
SizeInfo(broadcast_history={}, aggregate_history={}, broadcast_bits=[], aggregate_bits=[])
round 43, metrics=OrderedDict([('broadcast', ()), ('aggregation', OrderedDict([('mean_value', ()), ('mean_weight', ())])), ('train', OrderedDict([('sparse_categorical_accuracy', 0.67413765), ('loss', 1.4449757)])), ('stat', OrderedDict([('num_examples', 503415)]))])
SizeInfo(broadcast_history={}, aggregate_history={}, broadcast_bits=[], aggregate_bits=[])
round 44, metrics=OrderedDict([('broadcast', ()), ('aggregation', OrderedDict([('mean_value', ()), ('mean_weight', ())])), ('train', OrderedDict([('sparse_categorical_accuracy', 0.67261916), ('loss', 1.4416792)])), ('stat', OrderedDict([('num_examples', 507180)]))])
SizeInfo(broadcast_history={}, aggregate_history={}, broadcast_bits=[], aggregate_bits=[])
round 45, metrics=OrderedDict([('broadcast', ()), ('aggregation', OrderedDict([('mean_value', ()), ('mean_weight', ())])), ('train', OrderedDict([('sparse_categorical_accuracy', 0.67622346), ('loss', 1.4346544)])), ('stat', OrderedDict([('num_examples', 507875)]))])
SizeInfo(broadcast_history={}, aggregate_history={}, broadcast_bits=[], aggregate_bits=[])
round 46, metrics=OrderedDict([('broadcast', ()), ('aggregation', OrderedDict([('mean_value', ()), ('mean_weight', ())])), ('train', OrderedDict([('sparse_categorical_accuracy', 0.68529844), ('loss', 1.4146017)])), ('stat', OrderedDict([('num_examples', 506680)]))])
SizeInfo(broadcast_history={}, aggregate_history={}, broadcast_bits=[], aggregate_bits=[])
round 47, metrics=OrderedDict([('broadcast', ()), ('aggregation', OrderedDict([('mean_value', ()), ('mean_weight', ())])), ('train', OrderedDict([('sparse_categorical_accuracy', 0.6900249), ('loss', 1.4024496)])), ('stat', OrderedDict([('num_examples', 509870)]))])
SizeInfo(broadcast_history={}, aggregate_history={}, broadcast_bits=[], aggregate_bits=[])
round 48, metrics=OrderedDict([('broadcast', ()), ('aggregation', OrderedDict([('mean_value', ()), ('mean_weight', ())])), ('train', OrderedDict([('sparse_categorical_accuracy', 0.69306445), ('loss', 1.3906364)])), ('stat', OrderedDict([('num_examples', 504285)]))])
SizeInfo(broadcast_history={}, aggregate_history={}, broadcast_bits=[], aggregate_bits=[])
round 49, metrics=OrderedDict([('broadcast', ()), ('aggregation', OrderedDict([('mean_value', ()), ('mean_weight', ())])), ('train', OrderedDict([('sparse_categorical_accuracy', 0.68960977), ('loss', 1.3928045)])), ('stat', OrderedDict([('num_examples', 505570)]))])
SizeInfo(broadcast_history={}, aggregate_history={}, broadcast_bits=[], aggregate_bits=[])
round 50, metrics=OrderedDict([('broadcast', ()), ('aggregation', OrderedDict([('mean_value', ()), ('mean_weight', ())])), ('train', OrderedDict([('sparse_categorical_accuracy', 0.7008186), ('loss', 1.3701873)])), ('stat', OrderedDict([('num_examples', 506960)]))])
SizeInfo(broadcast_history={}, aggregate_history={}, broadcast_bits=[], aggregate_bits=[])
round 51, metrics=OrderedDict([('broadcast', ()), ('aggregation', OrderedDict([('mean_value', ()), ('mean_weight', ())])), ('train', OrderedDict([('sparse_categorical_accuracy', 0.70329154), ('loss', 1.3622154)])), ('stat', OrderedDict([('num_examples', 504630)]))])
SizeInfo(broadcast_history={}, aggregate_history={}, broadcast_bits=[], aggregate_bits=[])
round 52, metrics=OrderedDict([('broadcast', ()), ('aggregation', OrderedDict([('mean_value', ()), ('mean_weight', ())])), ('train', OrderedDict([('sparse_categorical_accuracy', 0.7062728), ('loss', 1.3496958)])), ('stat', OrderedDict([('num_examples', 505040)]))])
SizeInfo(broadcast_history={}, aggregate_history={}, broadcast_bits=[], aggregate_bits=[])
round 53, metrics=OrderedDict([('broadcast', ()), ('aggregation', OrderedDict([('mean_value', ()), ('mean_weight', ())])), ('train', OrderedDict([('sparse_categorical_accuracy', 0.7150726), ('loss', 1.3333195)])), ('stat', OrderedDict([('num_examples', 503430)]))])
SizeInfo(broadcast_history={}, aggregate_history={}, broadcast_bits=[], aggregate_bits=[])
round 54, metrics=OrderedDict([('broadcast', ()), ('aggregation', OrderedDict([('mean_value', ()), ('mean_weight', ())])), ('train', OrderedDict([('sparse_categorical_accuracy', 0.7175275), ('loss', 1.3216813)])), ('stat', OrderedDict([('num_examples', 502980)]))])
SizeInfo(broadcast_history={}, aggregate_history={}, broadcast_bits=[], aggregate_bits=[])
round 55, metrics=OrderedDict([('broadcast', ()), ('aggregation', OrderedDict([('mean_value', ()), ('mean_weight', ())])), ('train', OrderedDict([('sparse_categorical_accuracy', 0.71618223), ('loss', 1.3164004)])), ('stat', OrderedDict([('num_examples', 506420)]))])
SizeInfo(broadcast_history={}, aggregate_history={}, broadcast_bits=[], aggregate_bits=[])
round 56, metrics=OrderedDict([('broadcast', ()), ('aggregation', OrderedDict([('mean_value', ()), ('mean_weight', ())])), ('train', OrderedDict([('sparse_categorical_accuracy', 0.7202865), ('loss', 1.3061968)])), ('stat', OrderedDict([('num_examples', 504030)]))])
SizeInfo(broadcast_history={}, aggregate_history={}, broadcast_bits=[], aggregate_bits=[])
round 57, metrics=OrderedDict([('broadcast', ()), ('aggregation', OrderedDict([('mean_value', ()), ('mean_weight', ())])), ('train', OrderedDict([('sparse_categorical_accuracy', 0.7293792), ('loss', 1.2894539)])), ('stat', OrderedDict([('num_examples', 503265)]))])
SizeInfo(broadcast_history={}, aggregate_history={}, broadcast_bits=[], aggregate_bits=[])
round 58, metrics=OrderedDict([('broadcast', ()), ('aggregation', OrderedDict([('mean_value', ()), ('mean_weight', ())])), ('train', OrderedDict([('sparse_categorical_accuracy', 0.7287997), ('loss', 1.2843745)])), ('stat', OrderedDict([('num_examples', 503720)]))])
SizeInfo(broadcast_history={}, aggregate_history={}, broadcast_bits=[], aggregate_bits=[])
round 59, metrics=OrderedDict([('broadcast', ()), ('aggregation', OrderedDict([('mean_value', ()), ('mean_weight', ())])), ('train', OrderedDict([('sparse_categorical_accuracy', 0.7345233), ('loss', 1.270618)])), ('stat', OrderedDict([('num_examples', 504790)]))])
SizeInfo(broadcast_history={}, aggregate_history={}, broadcast_bits=[], aggregate_bits=[])
round 60, metrics=OrderedDict([('broadcast', ()), ('aggregation', OrderedDict([('mean_value', ()), ('mean_weight', ())])), ('train', OrderedDict([('sparse_categorical_accuracy', 0.73515004), ('loss', 1.264659)])), ('stat', OrderedDict([('num_examples', 504025)]))])
SizeInfo(broadcast_history={}, aggregate_history={}, broadcast_bits=[], aggregate_bits=[])
round 61, metrics=OrderedDict([('broadcast', ()), ('aggregation', OrderedDict([('mean_value', ()), ('mean_weight', ())])), ('train', OrderedDict([('sparse_categorical_accuracy', 0.72763026), ('loss', 1.2743287)])), ('stat', OrderedDict([('num_examples', 505515)]))])
SizeInfo(broadcast_history={}, aggregate_history={}, broadcast_bits=[], aggregate_bits=[])
round 62, metrics=OrderedDict([('broadcast', ()), ('aggregation', OrderedDict([('mean_value', ()), ('mean_weight', ())])), ('train', OrderedDict([('sparse_categorical_accuracy', 0.73314524), ('loss', 1.260277)])), ('stat', OrderedDict([('num_examples', 506875)]))])
SizeInfo(broadcast_history={}, aggregate_history={}, broadcast_bits=[], aggregate_bits=[])
round 63, metrics=OrderedDict([('broadcast', ()), ('aggregation', OrderedDict([('mean_value', ()), ('mean_weight', ())])), ('train', OrderedDict([('sparse_categorical_accuracy', 0.7406963), ('loss', 1.2447715)])), ('stat', OrderedDict([('num_examples', 504640)]))])
SizeInfo(broadcast_history={}, aggregate_history={}, broadcast_bits=[], aggregate_bits=[])
round 64, metrics=OrderedDict([('broadcast', ()), ('aggregation', OrderedDict([('mean_value', ()), ('mean_weight', ())])), ('train', OrderedDict([('sparse_categorical_accuracy', 0.74209154), ('loss', 1.2336538)])), ('stat', OrderedDict([('num_examples', 505090)]))])
SizeInfo(broadcast_history={}, aggregate_history={}, broadcast_bits=[], aggregate_bits=[])
round 65, metrics=OrderedDict([('broadcast', ()), ('aggregation', OrderedDict([('mean_value', ()), ('mean_weight', ())])), ('train', OrderedDict([('sparse_categorical_accuracy', 0.74377036), ('loss', 1.226631)])), ('stat', OrderedDict([('num_examples', 507010)]))])
SizeInfo(broadcast_history={}, aggregate_history={}, broadcast_bits=[], aggregate_bits=[])
round 66, metrics=OrderedDict([('broadcast', ()), ('aggregation', OrderedDict([('mean_value', ()), ('mean_weight', ())])), ('train', OrderedDict([('sparse_categorical_accuracy', 0.74270016), ('loss', 1.223042)])), ('stat', OrderedDict([('num_examples', 504975)]))])
SizeInfo(broadcast_history={}, aggregate_history={}, broadcast_bits=[], aggregate_bits=[])
round 67, metrics=OrderedDict([('broadcast', ()), ('aggregation', OrderedDict([('mean_value', ()), ('mean_weight', ())])), ('train', OrderedDict([('sparse_categorical_accuracy', 0.74272156), ('loss', 1.2201947)])), ('stat', OrderedDict([('num_examples', 503610)]))])
SizeInfo(broadcast_history={}, aggregate_history={}, broadcast_bits=[], aggregate_bits=[])
round 68, metrics=OrderedDict([('broadcast', ()), ('aggregation', OrderedDict([('mean_value', ()), ('mean_weight', ())])), ('train', OrderedDict([('sparse_categorical_accuracy', 0.7540784), ('loss', 1.193493)])), ('stat', OrderedDict([('num_examples', 509150)]))])
SizeInfo(broadcast_history={}, aggregate_history={}, broadcast_bits=[], aggregate_bits=[])
round 69, metrics=OrderedDict([('broadcast', ()), ('aggregation', OrderedDict([('mean_value', ()), ('mean_weight', ())])), ('train', OrderedDict([('sparse_categorical_accuracy', 0.75006765), ('loss', 1.2032113)])), ('stat', OrderedDict([('num_examples', 506145)]))])
SizeInfo(broadcast_history={}, aggregate_history={}, broadcast_bits=[], aggregate_bits=[])
round 70, metrics=OrderedDict([('broadcast', ()), ('aggregation', OrderedDict([('mean_value', ()), ('mean_weight', ())])), ('train', OrderedDict([('sparse_categorical_accuracy', 0.749543), ('loss', 1.1969038)])), ('stat', OrderedDict([('num_examples', 506015)]))])
SizeInfo(broadcast_history={}, aggregate_history={}, broadcast_bits=[], aggregate_bits=[])
round 71, metrics=OrderedDict([('broadcast', ()), ('aggregation', OrderedDict([('mean_value', ()), ('mean_weight', ())])), ('train', OrderedDict([('sparse_categorical_accuracy', 0.75445133), ('loss', 1.1809561)])), ('stat', OrderedDict([('num_examples', 507040)]))])
SizeInfo(broadcast_history={}, aggregate_history={}, broadcast_bits=[], aggregate_bits=[])
round 72, metrics=OrderedDict([('broadcast', ()), ('aggregation', OrderedDict([('mean_value', ()), ('mean_weight', ())])), ('train', OrderedDict([('sparse_categorical_accuracy', 0.7557083), ('loss', 1.18023)])), ('stat', OrderedDict([('num_examples', 506370)]))])
SizeInfo(broadcast_history={}, aggregate_history={}, broadcast_bits=[], aggregate_bits=[])
round 73, metrics=OrderedDict([('broadcast', ()), ('aggregation', OrderedDict([('mean_value', ()), ('mean_weight', ())])), ('train', OrderedDict([('sparse_categorical_accuracy', 0.755795), ('loss', 1.1706022)])), ('stat', OrderedDict([('num_examples', 505825)]))])
SizeInfo(broadcast_history={}, aggregate_history={}, broadcast_bits=[], aggregate_bits=[])
round 74, metrics=OrderedDict([('broadcast', ()), ('aggregation', OrderedDict([('mean_value', ()), ('mean_weight', ())])), ('train', OrderedDict([('sparse_categorical_accuracy', 0.7590992), ('loss', 1.1620721)])), ('stat', OrderedDict([('num_examples', 506640)]))])
SizeInfo(broadcast_history={}, aggregate_history={}, broadcast_bits=[], aggregate_bits=[])
round 75, metrics=OrderedDict([('broadcast', ()), ('aggregation', OrderedDict([('mean_value', ()), ('mean_weight', ())])), ('train', OrderedDict([('sparse_categorical_accuracy', 0.7644892), ('loss', 1.1498948)])), ('stat', OrderedDict([('num_examples', 506240)]))])
SizeInfo(broadcast_history={}, aggregate_history={}, broadcast_bits=[], aggregate_bits=[])
round 76, metrics=OrderedDict([('broadcast', ()), ('aggregation', OrderedDict([('mean_value', ()), ('mean_weight', ())])), ('train', OrderedDict([('sparse_categorical_accuracy', 0.7596464), ('loss', 1.1558652)])), ('stat', OrderedDict([('num_examples', 507935)]))])
SizeInfo(broadcast_history={}, aggregate_history={}, broadcast_bits=[], aggregate_bits=[])
round 77, metrics=OrderedDict([('broadcast', ()), ('aggregation', OrderedDict([('mean_value', ()), ('mean_weight', ())])), ('train', OrderedDict([('sparse_categorical_accuracy', 0.7594325), ('loss', 1.1506573)])), ('stat', OrderedDict([('num_examples', 506095)]))])
SizeInfo(broadcast_history={}, aggregate_history={}, broadcast_bits=[], aggregate_bits=[])
round 78, metrics=OrderedDict([('broadcast', ()), ('aggregation', OrderedDict([('mean_value', ()), ('mean_weight', ())])), ('train', OrderedDict([('sparse_categorical_accuracy', 0.75696176), ('loss', 1.1477249)])), ('stat', OrderedDict([('num_examples', 502925)]))])
SizeInfo(broadcast_history={}, aggregate_history={}, broadcast_bits=[], aggregate_bits=[])
round 79, metrics=OrderedDict([('broadcast', ()), ('aggregation', OrderedDict([('mean_value', ()), ('mean_weight', ())])), ('train', OrderedDict([('sparse_categorical_accuracy', 0.76333046), ('loss', 1.1339626)])), ('stat', OrderedDict([('num_examples', 505460)]))])
SizeInfo(broadcast_history={}, aggregate_history={}, broadcast_bits=[], aggregate_bits=[])
round 80, metrics=OrderedDict([('broadcast', ()), ('aggregation', OrderedDict([('mean_value', ()), ('mean_weight', ())])), ('train', OrderedDict([('sparse_categorical_accuracy', 0.76456785), ('loss', 1.1257994)])), ('stat', OrderedDict([('num_examples', 501945)]))])
SizeInfo(broadcast_history={}, aggregate_history={}, broadcast_bits=[], aggregate_bits=[])
round 81, metrics=OrderedDict([('broadcast', ()), ('aggregation', OrderedDict([('mean_value', ()), ('mean_weight', ())])), ('train', OrderedDict([('sparse_categorical_accuracy', 0.76873505), ('loss', 1.1154581)])), ('stat', OrderedDict([('num_examples', 507405)]))])
SizeInfo(broadcast_history={}, aggregate_history={}, broadcast_bits=[], aggregate_bits=[])
round 82, metrics=OrderedDict([('broadcast', ()), ('aggregation', OrderedDict([('mean_value', ()), ('mean_weight', ())])), ('train', OrderedDict([('sparse_categorical_accuracy', 0.7681309), ('loss', 1.1113166)])), ('stat', OrderedDict([('num_examples', 503340)]))])
SizeInfo(broadcast_history={}, aggregate_history={}, broadcast_bits=[], aggregate_bits=[])
round 83, metrics=OrderedDict([('broadcast', ()), ('aggregation', OrderedDict([('mean_value', ()), ('mean_weight', ())])), ('train', OrderedDict([('sparse_categorical_accuracy', 0.7672629), ('loss', 1.109192)])), ('stat', OrderedDict([('num_examples', 507100)]))])
SizeInfo(broadcast_history={}, aggregate_history={}, broadcast_bits=[], aggregate_bits=[])
round 84, metrics=OrderedDict([('broadcast', ()), ('aggregation', OrderedDict([('mean_value', ()), ('mean_weight', ())])), ('train', OrderedDict([('sparse_categorical_accuracy', 0.7759091), ('loss', 1.0896667)])), ('stat', OrderedDict([('num_examples', 504340)]))])
SizeInfo(broadcast_history={}, aggregate_history={}, broadcast_bits=[], aggregate_bits=[])
round 85, metrics=OrderedDict([('broadcast', ()), ('aggregation', OrderedDict([('mean_value', ()), ('mean_weight', ())])), ('train', OrderedDict([('sparse_categorical_accuracy', 0.7757965), ('loss', 1.0854682)])), ('stat', OrderedDict([('num_examples', 504555)]))])
SizeInfo(broadcast_history={}, aggregate_history={}, broadcast_bits=[], aggregate_bits=[])
round 86, metrics=OrderedDict([('broadcast', ()), ('aggregation', OrderedDict([('mean_value', ()), ('mean_weight', ())])), ('train', OrderedDict([('sparse_categorical_accuracy', 0.7765736), ('loss', 1.0828913)])), ('stat', OrderedDict([('num_examples', 505840)]))])
SizeInfo(broadcast_history={}, aggregate_history={}, broadcast_bits=[], aggregate_bits=[])
round 87, metrics=OrderedDict([('broadcast', ()), ('aggregation', OrderedDict([('mean_value', ()), ('mean_weight', ())])), ('train', OrderedDict([('sparse_categorical_accuracy', 0.7763167), ('loss', 1.0789846)])), ('stat', OrderedDict([('num_examples', 508080)]))])
SizeInfo(broadcast_history={}, aggregate_history={}, broadcast_bits=[], aggregate_bits=[])
round 88, metrics=OrderedDict([('broadcast', ()), ('aggregation', OrderedDict([('mean_value', ()), ('mean_weight', ())])), ('train', OrderedDict([('sparse_categorical_accuracy', 0.77577525), ('loss', 1.0795385)])), ('stat', OrderedDict([('num_examples', 507085)]))])
SizeInfo(broadcast_history={}, aggregate_history={}, broadcast_bits=[], aggregate_bits=[])
round 89, metrics=OrderedDict([('broadcast', ()), ('aggregation', OrderedDict([('mean_value', ()), ('mean_weight', ())])), ('train', OrderedDict([('sparse_categorical_accuracy', 0.780057), ('loss', 1.0656103)])), ('stat', OrderedDict([('num_examples', 505390)]))])
SizeInfo(broadcast_history={}, aggregate_history={}, broadcast_bits=[], aggregate_bits=[])
round 90, metrics=OrderedDict([('broadcast', ()), ('aggregation', OrderedDict([('mean_value', ()), ('mean_weight', ())])), ('train', OrderedDict([('sparse_categorical_accuracy', 0.77804255), ('loss', 1.0706413)])), ('stat', OrderedDict([('num_examples', 501470)]))])
SizeInfo(broadcast_history={}, aggregate_history={}, broadcast_bits=[], aggregate_bits=[])
round 91, metrics=OrderedDict([('broadcast', ()), ('aggregation', OrderedDict([('mean_value', ()), ('mean_weight', ())])), ('train', OrderedDict([('sparse_categorical_accuracy', 0.7840778), ('loss', 1.0511583)])), ('stat', OrderedDict([('num_examples', 506715)]))])
SizeInfo(broadcast_history={}, aggregate_history={}, broadcast_bits=[], aggregate_bits=[])
round 92, metrics=OrderedDict([('broadcast', ()), ('aggregation', OrderedDict([('mean_value', ()), ('mean_weight', ())])), ('train', OrderedDict([('sparse_categorical_accuracy', 0.78020024), ('loss', 1.0553023)])), ('stat', OrderedDict([('num_examples', 505815)]))])
SizeInfo(broadcast_history={}, aggregate_history={}, broadcast_bits=[], aggregate_bits=[])
round 93, metrics=OrderedDict([('broadcast', ()), ('aggregation', OrderedDict([('mean_value', ()), ('mean_weight', ())])), ('train', OrderedDict([('sparse_categorical_accuracy', 0.772239), ('loss', 1.0672759)])), ('stat', OrderedDict([('num_examples', 505350)]))])
SizeInfo(broadcast_history={}, aggregate_history={}, broadcast_bits=[], aggregate_bits=[])
round 94, metrics=OrderedDict([('broadcast', ()), ('aggregation', OrderedDict([('mean_value', ()), ('mean_weight', ())])), ('train', OrderedDict([('sparse_categorical_accuracy', 0.78159153), ('loss', 1.0455794)])), ('stat', OrderedDict([('num_examples', 503355)]))])
SizeInfo(broadcast_history={}, aggregate_history={}, broadcast_bits=[], aggregate_bits=[])
round 95, metrics=OrderedDict([('broadcast', ()), ('aggregation', OrderedDict([('mean_value', ()), ('mean_weight', ())])), ('train', OrderedDict([('sparse_categorical_accuracy', 0.7809727), ('loss', 1.0464536)])), ('stat', OrderedDict([('num_examples', 505800)]))])
SizeInfo(broadcast_history={}, aggregate_history={}, broadcast_bits=[], aggregate_bits=[])
round 96, metrics=OrderedDict([('broadcast', ()), ('aggregation', OrderedDict([('mean_value', ()), ('mean_weight', ())])), ('train', OrderedDict([('sparse_categorical_accuracy', 0.7865931), ('loss', 1.0286895)])), ('stat', OrderedDict([('num_examples', 503845)]))])
SizeInfo(broadcast_history={}, aggregate_history={}, broadcast_bits=[], aggregate_bits=[])
round 97, metrics=OrderedDict([('broadcast', ()), ('aggregation', OrderedDict([('mean_value', ()), ('mean_weight', ())])), ('train', OrderedDict([('sparse_categorical_accuracy', 0.7867452), ('loss', 1.0273986)])), ('stat', OrderedDict([('num_examples', 507815)]))])
SizeInfo(broadcast_history={}, aggregate_history={}, broadcast_bits=[], aggregate_bits=[])
round 98, metrics=OrderedDict([('broadcast', ()), ('aggregation', OrderedDict([('mean_value', ()), ('mean_weight', ())])), ('train', OrderedDict([('sparse_categorical_accuracy', 0.7868916), ('loss', 1.0238374)])), ('stat', OrderedDict([('num_examples', 510130)]))])
SizeInfo(broadcast_history={}, aggregate_history={}, broadcast_bits=[], aggregate_bits=[])
round 99, metrics=OrderedDict([('broadcast', ()), ('aggregation', OrderedDict([('mean_value', ()), ('mean_weight', ())])), ('train', OrderedDict([('sparse_categorical_accuracy', 0.7923939), ('loss', 1.0088013)])), ('stat', OrderedDict([('num_examples', 506830)]))])
Train metrics: OrderedDict([('sparse_categorical_accuracy', 0.77054435), ('loss', 1.028088)])
Test metrics: OrderedDict([('sparse_categorical_accuracy', 0.76551783), ('loss', 1.0329752)])
