[2mOct 01 06:28:34.766[0m [33m WARN[0m [1mAtom Client[0m: client: new
Start:   clients
··Start:   one round
····Start:   train model
······Start:   retrieve the model
······End:     retrieve the model ..................................................1.439s
····End:     train model ...........................................................2.439s
····Start:   upload data
······Start:   encrypt the gradients
········Start:   new public key
········End:     new public key ....................................................355.291ms
······End:     encrypt the gradients ...............................................28.844s
······Start:   upload the mc+proof generation
········Start:   start proof generation
········End:     start proof generation ............................................282.150s
······End:     upload the mc+proof generation ......................................282.151s
······Start:   upload the data
[2mOct 01 06:33:48.812[0m [33m WARN[0m [1mAtom Client[0m: client: data prepared
[2mOct 01 06:34:37.005[0m [33m WARN[0m [1mAtom Client[0m: client: data uploaded,receving ms proof
[2mOct 01 06:34:51.930[0m [33m WARN[0m [1mAtom Client[0m: client: ms proof received
······End:     upload the data .....................................................63.149s
····End:     upload data ...........................................................374.146s
····Start:   verify the data
······Start:   verify
········Start:   receive verify
········End:     receive verify ....................................................875.515s
········Start:   verify the proofs
········End:     verify the proofs .................................................1.50s
······End:     verify the data .....................................................876.611s
····End:     one round .............................................................1253.197s
····Start:   one round
······Start:   train model
········Start:   retrieve the model
········End:     retrieve the model ................................................1.466s
······End:     train model .........................................................2.466s
······Start:   upload data
········Start:   encrypt the gradients
··········Start:   new public key
··········End:     new public key ..................................................358.996ms
········End:     encrypt the gradients .............................................28.675s
········Start:   upload the mc+proof generation
··········Start:   start proof generation
··········End:     start proof generation ..........................................282.150s
········End:     upload the mc+proof generation ....................................282.151s
········Start:   upload the data
[2mOct 01 06:54:41.867[0m [33m WARN[0m [1mAtom Client[0m: client: data prepared
[2mOct 01 06:55:30.017[0m [33m WARN[0m [1mAtom Client[0m: client: data uploaded,receving ms proof
[2mOct 01 06:55:48.268[0m [33m WARN[0m [1mAtom Client[0m: client: ms proof received
········End:     upload the data ...................................................66.432s
······End:     upload data .........................................................377.259s
······Start:   verify the data
········Start:   verify
··········Start:   receive verify
··········End:     receive verify ..................................................872.646s
··········Start:   verify the proofs
··········End:     verify the proofs ...............................................1.42s
········End:     verify the data ...................................................873.722s
······End:     one round ...........................................................1253.449s
······Start:   one round
········Start:   train model
··········Start:   retrieve the model
··········End:     retrieve the model ..............................................1.438s
········End:     train model .......................................................2.438s
········Start:   upload data
··········Start:   encrypt the gradients
············Start:   new public key
············End:     new public key ................................................354.188ms
··········End:     encrypt the gradients ...........................................29.35s
··········Start:   upload the mc+proof generation
············Start:   start proof generation
············End:     start proof generation ........................................282.150s
··········End:     upload the mc+proof generation ..................................282.151s
··········Start:   upload the data
[2mOct 01 07:15:35.647[0m [33m WARN[0m [1mAtom Client[0m: client: data prepared
[2mOct 01 07:16:23.790[0m [33m WARN[0m [1mAtom Client[0m: client: data uploaded,receving ms proof
[2mOct 01 07:16:39.902[0m [33m WARN[0m [1mAtom Client[0m: client: ms proof received
··········End:     upload the data .................................................64.285s
········End:     upload data .......................................................375.473s
········Start:   verify the data
··········Start:   verify
············Start:   receive verify
············End:     receive verify ................................................874.593s
············Start:   verify the proofs
············End:     verify the proofs .............................................1.51s
··········End:     verify the data .................................................875.681s
········End:     one round .........................................................1253.593s
········Start:   one round
··········Start:   train model
············Start:   retrieve the model
············End:     retrieve the model ............................................1.442s
··········End:     train model .....................................................2.442s
··········Start:   upload data
············Start:   encrypt the gradients
··············Start:   new public key
··············End:     new public key ..............................................357.26ms
············End:     encrypt the gradients .........................................28.879s
············Start:   upload the mc+proof generation
··············Start:   start proof generation
··············End:     start proof generation ......................................282.150s
············End:     upload the mc+proof generation ................................282.151s
············Start:   upload the data
[2mOct 01 07:36:29.089[0m [33m WARN[0m [1mAtom Client[0m: client: data prepared
[2mOct 01 07:37:17.240[0m [33m WARN[0m [1mAtom Client[0m: client: data uploaded,receving ms proof
[2mOct 01 07:37:33.016[0m [33m WARN[0m [1mAtom Client[0m: client: ms proof received
············End:     upload the data ...............................................63.958s
··········End:     upload data .....................................................374.989s
··········Start:   verify the data
············Start:   verify
··············Start:   receive verify
··············End:     receive verify ..............................................872.74s
··············Start:   verify the proofs
··············End:     verify the proofs ...........................................1.19s
············End:     verify the data ...............................................873.127s
··········End:     one round .......................................................1250.559s
··········Start:   one round
············Start:   train model
··············Start:   retrieve the model
··············End:     retrieve the model ..........................................1.518s
············End:     train model ...................................................2.518s
············Start:   upload data
··············Start:   encrypt the gradients
················Start:   new public key
················End:     new public key ............................................355.616ms
··············End:     encrypt the gradients .......................................28.516s
··············Start:   upload the mc+proof generation
················Start:   start proof generation
················End:     start proof generation ....................................282.150s
··············End:     upload the mc+proof generation ..............................282.151s
··············Start:   upload the data
[2mOct 01 07:57:19.362[0m [33m WARN[0m [1mAtom Client[0m: client: data prepared
[2mOct 01 07:58:07.508[0m [33m WARN[0m [1mAtom Client[0m: client: data uploaded,receving ms proof
[2mOct 01 07:58:24.612[0m [33m WARN[0m [1mAtom Client[0m: client: ms proof received
··············End:     upload the data .............................................65.281s
············End:     upload data ...................................................375.950s
············Start:   verify the data
··············Start:   verify
················Start:   receive verify
················End:     receive verify ............................................872.288s
················Start:   verify the proofs
················End:     verify the proofs .........................................1.14s
··············End:     verify the data .............................................873.333s
············End:     one round .....................................................1251.802s
············Start:   one round
··············Start:   train model
················Start:   retrieve the model
················End:     retrieve the model ........................................1.534s
··············End:     train model .................................................2.535s
··············Start:   upload data
················Start:   encrypt the gradients
··················Start:   new public key
··················End:     new public key ..........................................353.258ms
················End:     encrypt the gradients .....................................28.533s
················Start:   upload the mc+proof generation
··················Start:   start proof generation
··················End:     start proof generation ..................................282.150s
················End:     upload the mc+proof generation ............................282.151s
················Start:   upload the data
[2mOct 01 08:18:11.197[0m [33m WARN[0m [1mAtom Client[0m: client: data prepared
[2mOct 01 08:18:59.346[0m [33m WARN[0m [1mAtom Client[0m: client: data uploaded,receving ms proof
[2mOct 01 08:19:17.268[0m [33m WARN[0m [1mAtom Client[0m: client: ms proof received
················End:     upload the data ...........................................66.101s
··············End:     upload data .................................................376.787s
··············Start:   verify the data
················Start:   verify
··················Start:   receive verify
··················End:     receive verify ..........................................872.357s
··················Start:   verify the proofs
··················End:     verify the proofs .......................................961.63ms
················End:     verify the data ...........................................873.350s
··············End:     one round ...................................................1252.672s
··············Start:   one round
················Start:   train model
··················Start:   retrieve the model
··················End:     retrieve the model ......................................1.484s
················End:     train model ...............................................2.484s
················Start:   upload data
··················Start:   encrypt the gradients
····················Start:   new public key
····················End:     new public key ........................................354.154ms
··················End:     encrypt the gradients ...................................28.448s
··················Start:   upload the mc+proof generation
····················Start:   start proof generation
····················End:     start proof generation ................................282.150s
··················End:     upload the mc+proof generation ..........................282.151s
··················Start:   upload the data
[2mOct 01 08:39:03.736[0m [33m WARN[0m [1mAtom Client[0m: client: data prepared
[2mOct 01 08:39:51.882[0m [33m WARN[0m [1mAtom Client[0m: client: data uploaded,receving ms proof
[2mOct 01 08:40:11.301[0m [33m WARN[0m [1mAtom Client[0m: client: ms proof received
··················End:     upload the data .........................................67.596s
················End:     upload data ...............................................378.197s
················Start:   verify the data
··················Start:   verify
····················Start:   receive verify
····················End:     receive verify ........................................874.508s
····················Start:   verify the proofs
····················End:     verify the proofs .....................................1.69s
··················End:     verify the data .........................................875.610s
················End:     one round .................................................1256.293s
················Start:   one round
··················Start:   train model
····················Start:   retrieve the model
····················End:     retrieve the model ....................................1.457s
··················End:     train model .............................................2.457s
··················Start:   upload data
····················Start:   encrypt the gradients
······················Start:   new public key
······················End:     new public key ......................................359.637ms
····················End:     encrypt the gradients .................................29.104s
····················Start:   upload the mc+proof generation
······················Start:   start proof generation
······················End:     start proof generation ..............................282.150s
····················End:     upload the mc+proof generation ........................282.151s
····················Start:   upload the data
[2mOct 01 09:00:00.658[0m [33m WARN[0m [1mAtom Client[0m: client: data prepared
[2mOct 01 09:00:48.804[0m [33m WARN[0m [1mAtom Client[0m: client: data uploaded,receving ms proof
[2mOct 01 09:01:07.909[0m [33m WARN[0m [1mAtom Client[0m: client: ms proof received
····················End:     upload the data .......................................67.283s
··················End:     upload data .............................................378.540s
··················Start:   verify the data
····················Start:   verify
······················Start:   receive verify
······················End:     receive verify ......................................872.135s
······················Start:   verify the proofs
······················End:     verify the proofs ...................................1.87s
····················End:     verify the data .......................................873.255s
··················End:     one round ...............................................1254.253s
··················Start:   one round
····················Start:   train model
······················Start:   retrieve the model
······················End:     retrieve the model ..................................1.457s
····················End:     train model ...........................................2.457s
····················Start:   upload data
······················Start:   encrypt the gradients
························Start:   new public key
························End:     new public key ....................................356.199ms
······················End:     encrypt the gradients ...............................29.302s
······················Start:   upload the mc+proof generation
························Start:   start proof generation
························End:     start proof generation ............................282.150s
······················End:     upload the mc+proof generation ......................282.151s
······················Start:   upload the data
[2mOct 01 09:20:55.107[0m [33m WARN[0m [1mAtom Client[0m: client: data prepared
[2mOct 01 09:21:43.264[0m [33m WARN[0m [1mAtom Client[0m: client: data uploaded,receving ms proof
[2mOct 01 09:22:02.116[0m [33m WARN[0m [1mAtom Client[0m: client: ms proof received
······················End:     upload the data .....................................67.39s
····················End:     upload data ...........................................378.493s
····················Start:   verify the data
······················Start:   verify
························Start:   receive verify
························End:     receive verify ....................................872.237s
························Start:   verify the proofs
························End:     verify the proofs .................................1.87s
······················End:     verify the data .....................................873.356s
····················End:     one round .............................................1254.307s
····················Start:   one round
······················Start:   train model
························Start:   retrieve the model
························End:     retrieve the model ................................1.483s
······················End:     train model .........................................2.483s
······················Start:   upload data
························Start:   encrypt the gradients
··························Start:   new public key
··························End:     new public key ..................................356.491ms
························End:     encrypt the gradients .............................28.978s
························Start:   upload the mc+proof generation
··························Start:   start proof generation
··························End:     start proof generation ..........................282.150s
························End:     upload the mc+proof generation ....................282.151s
························Start:   upload the data
[2mOct 01 09:41:49.117[0m [33m WARN[0m [1mAtom Client[0m: client: data prepared
[2mOct 01 09:42:37.263[0m [33m WARN[0m [1mAtom Client[0m: client: data uploaded,receving ms proof
[2mOct 01 09:42:56.836[0m [33m WARN[0m [1mAtom Client[0m: client: ms proof received
························End:     upload the data ...................................67.750s
······················End:     upload data .........................................378.880s
······················Start:   verify the data
························Start:   verify
··························Start:   receive verify
··························End:     receive verify ..................................872.177s
··························Start:   verify the proofs
··························End:     verify the proofs ...............................1.61s
························End:     verify the data ...................................873.281s
······················End:     one round ...........................................1254.645s
····················End:     clients ...............................................12535.351s
[2mOct 01 09:57:30.125[0m [33m WARN[0m [1mAtom Client[0m: client: close time.busy=1.83s time.idle=12534s
