[2mOct 01 06:28:34.766[0m [33m WARN[0m [1mAtom Client[0m: client: new
Start:   clients
··Start:   one round
····Start:   train model
······Start:   retrieve the model
······End:     retrieve the model ..................................................204.363ms
····End:     train model ...........................................................1.204s
····Start:   upload data
······Start:   encrypt the gradients
········Start:   new public key
········End:     new public key ....................................................360.88ms
······End:     encrypt the gradients ...............................................28.781s
······Start:   upload the mc+proof generation
········Start:   start proof generation
········End:     start proof generation ............................................282.150s
······End:     upload the mc+proof generation ......................................282.151s
······Start:   upload the data
[2mOct 01 06:33:47.061[0m [33m WARN[0m [1mAtom Client[0m: client: data prepared
[2mOct 01 06:34:35.286[0m [33m WARN[0m [1mAtom Client[0m: client: data uploaded,receving ms proof
[2mOct 01 06:34:51.930[0m [33m WARN[0m [1mAtom Client[0m: client: ms proof received
······End:     upload the data .....................................................64.900s
····End:     upload data ...........................................................375.833s
····Start:   verify the data
······Start:   verify
········Start:   receive verify
········End:     receive verify ....................................................875.950s
········Start:   verify the proofs
········End:     verify the proofs .................................................928.430ms
······End:     verify the data .....................................................876.909s
····End:     one round .............................................................1253.947s
····Start:   one round
······Start:   train model
········Start:   retrieve the model
········End:     retrieve the model ................................................1.439s
······End:     train model .........................................................2.439s
······Start:   upload data
········Start:   encrypt the gradients
··········Start:   new public key
··········End:     new public key ..................................................354.714ms
········End:     encrypt the gradients .............................................28.470s
········Start:   upload the mc+proof generation
··········Start:   start proof generation
··········End:     start proof generation ..........................................282.150s
········End:     upload the mc+proof generation ....................................282.151s
········Start:   upload the data
[2mOct 01 06:54:41.932[0m [33m WARN[0m [1mAtom Client[0m: client: data prepared
[2mOct 01 06:55:30.077[0m [33m WARN[0m [1mAtom Client[0m: client: data uploaded,receving ms proof
[2mOct 01 06:55:48.268[0m [33m WARN[0m [1mAtom Client[0m: client: ms proof received
········End:     upload the data ...................................................66.366s
······End:     upload data .........................................................376.988s
······Start:   verify the data
········Start:   verify
··········Start:   receive verify
··········End:     receive verify ..................................................874.101s
··········Start:   verify the proofs
··········End:     verify the proofs ...............................................953.786ms
········End:     verify the data ...................................................875.89s
······End:     one round ...........................................................1254.518s
······Start:   one round
········Start:   train model
··········Start:   retrieve the model
··········End:     retrieve the model ..............................................1.438s
········End:     train model .......................................................2.439s
········Start:   upload data
··········Start:   encrypt the gradients
············Start:   new public key
············End:     new public key ................................................351.957ms
··········End:     encrypt the gradients ...........................................28.203s
··········Start:   upload the mc+proof generation
············Start:   start proof generation
············End:     start proof generation ........................................282.150s
··········End:     upload the mc+proof generation ..................................282.151s
··········Start:   upload the data
[2mOct 01 07:15:36.184[0m [33m WARN[0m [1mAtom Client[0m: client: data prepared
[2mOct 01 07:16:24.329[0m [33m WARN[0m [1mAtom Client[0m: client: data uploaded,receving ms proof
[2mOct 01 07:16:39.902[0m [33m WARN[0m [1mAtom Client[0m: client: ms proof received
··········End:     upload the data .................................................63.749s
········End:     upload data .......................................................374.105s
········Start:   verify the data
··········Start:   verify
············Start:   receive verify
············End:     receive verify ................................................874.459s
············Start:   verify the proofs
············End:     verify the proofs .............................................1.22s
··········End:     verify the data .................................................875.517s
········End:     one round .........................................................1252.61s
········Start:   one round
··········Start:   train model
············Start:   retrieve the model
············End:     retrieve the model ............................................1.438s
··········End:     train model .....................................................2.438s
··········Start:   upload data
············Start:   encrypt the gradients
··············Start:   new public key
··············End:     new public key ..............................................356.391ms
············End:     encrypt the gradients .........................................28.448s
············Start:   upload the mc+proof generation
··············Start:   start proof generation
··············End:     start proof generation ......................................282.150s
············End:     upload the mc+proof generation ................................282.151s
············Start:   upload the data
[2mOct 01 07:36:28.490[0m [33m WARN[0m [1mAtom Client[0m: client: data prepared
[2mOct 01 07:37:16.634[0m [33m WARN[0m [1mAtom Client[0m: client: data uploaded,receving ms proof
[2mOct 01 07:37:33.016[0m [33m WARN[0m [1mAtom Client[0m: client: ms proof received
············End:     upload the data ...............................................64.557s
··········End:     upload data .....................................................375.158s
··········Start:   verify the data
············Start:   verify
··············Start:   receive verify
··············End:     receive verify ..............................................871.962s
··············Start:   verify the proofs
··············End:     verify the proofs ...........................................1.26s
············End:     verify the data ...............................................873.39s
··········End:     one round .......................................................1250.635s
··········Start:   one round
············Start:   train model
··············Start:   retrieve the model
··············End:     retrieve the model ..........................................1.437s
············End:     train model ...................................................2.438s
············Start:   upload data
··············Start:   encrypt the gradients
················Start:   new public key
················End:     new public key ............................................356.340ms
··············End:     encrypt the gradients .......................................28.550s
··············Start:   upload the mc+proof generation
················Start:   start proof generation
················End:     start proof generation ....................................282.150s
··············End:     upload the mc+proof generation ..............................282.151s
··············Start:   upload the data
[2mOct 01 07:57:19.227[0m [33m WARN[0m [1mAtom Client[0m: client: data prepared
[2mOct 01 07:58:07.380[0m [33m WARN[0m [1mAtom Client[0m: client: data uploaded,receving ms proof
[2mOct 01 07:58:24.612[0m [33m WARN[0m [1mAtom Client[0m: client: ms proof received
··············End:     upload the data .............................................65.416s
············End:     upload data ...................................................376.119s
············Start:   verify the data
··············Start:   verify
················Start:   receive verify
················End:     receive verify ............................................872.189s
················Start:   verify the proofs
················End:     verify the proofs .........................................1.66s
··············End:     verify the data .............................................873.292s
············End:     one round .....................................................1251.849s
············Start:   one round
··············Start:   train model
················Start:   retrieve the model
················End:     retrieve the model ........................................1.437s
··············End:     train model .................................................2.438s
··············Start:   upload data
················Start:   encrypt the gradients
··················Start:   new public key
··················End:     new public key ..........................................359.785ms
················End:     encrypt the gradients .....................................28.540s
················Start:   upload the mc+proof generation
··················Start:   start proof generation
··················End:     start proof generation ..................................282.150s
················End:     upload the mc+proof generation ............................282.152s
················Start:   upload the data
[2mOct 01 08:18:11.066[0m [33m WARN[0m [1mAtom Client[0m: client: data prepared
[2mOct 01 08:18:59.212[0m [33m WARN[0m [1mAtom Client[0m: client: data uploaded,receving ms proof
[2mOct 01 08:19:17.268[0m [33m WARN[0m [1mAtom Client[0m: client: ms proof received
················End:     upload the data ...........................................66.232s
··············End:     upload data .................................................376.925s
··············Start:   verify the data
················Start:   verify
··················Start:   receive verify
··················End:     receive verify ..........................................874.897s
··················Start:   verify the proofs
··················End:     verify the proofs .......................................990.840ms
················End:     verify the data ...........................................875.921s
··············End:     one round ...................................................1255.284s
··············Start:   one round
················Start:   train model
··················Start:   retrieve the model
··················End:     retrieve the model ......................................1.437s
················End:     train model ...............................................2.438s
················Start:   upload data
··················Start:   encrypt the gradients
····················Start:   new public key
····················End:     new public key ........................................355.251ms
··················End:     encrypt the gradients ...................................28.307s
··················Start:   upload the mc+proof generation
····················Start:   start proof generation
····················End:     start proof generation ................................282.150s
··················End:     upload the mc+proof generation ..........................282.151s
··················Start:   upload the data
[2mOct 01 08:39:06.118[0m [33m WARN[0m [1mAtom Client[0m: client: data prepared
[2mOct 01 08:39:54.276[0m [33m WARN[0m [1mAtom Client[0m: client: data uploaded,receving ms proof
[2mOct 01 08:40:11.301[0m [33m WARN[0m [1mAtom Client[0m: client: ms proof received
··················End:     upload the data .........................................65.214s
················End:     upload data ...............................................375.673s
················Start:   verify the data
··················Start:   verify
····················Start:   receive verify
····················End:     receive verify ........................................874.429s
····················Start:   verify the proofs
····················End:     verify the proofs .....................................1.90s
··················End:     verify the data .........................................875.560s
················End:     one round .................................................1253.671s
················Start:   one round
··················Start:   train model
····················Start:   retrieve the model
····················End:     retrieve the model ....................................1.438s
··················End:     train model .............................................2.438s
··················Start:   upload data
····················Start:   encrypt the gradients
······················Start:   new public key
······················End:     new public key ......................................366.84ms
····················End:     encrypt the gradients .................................28.705s
····················Start:   upload the mc+proof generation
······················Start:   start proof generation
······················End:     start proof generation ..............................282.150s
····················End:     upload the mc+proof generation ........................282.151s
····················Start:   upload the data
[2mOct 01 09:00:00.190[0m [33m WARN[0m [1mAtom Client[0m: client: data prepared
[2mOct 01 09:00:48.366[0m [33m WARN[0m [1mAtom Client[0m: client: data uploaded,receving ms proof
[2mOct 01 09:01:07.909[0m [33m WARN[0m [1mAtom Client[0m: client: ms proof received
····················End:     upload the data .......................................67.751s
··················End:     upload data .............................................378.608s
··················Start:   verify the data
····················Start:   verify
······················Start:   receive verify
······················End:     receive verify ......................................872.79s
······················Start:   verify the proofs
······················End:     verify the proofs ...................................1.81s
····················End:     verify the data .......................................873.206s
··················End:     one round ...............................................1254.254s
··················Start:   one round
····················Start:   train model
······················Start:   retrieve the model
······················End:     retrieve the model ..................................1.471s
····················End:     train model ...........................................2.471s
····················Start:   upload data
······················Start:   encrypt the gradients
························Start:   new public key
························End:     new public key ....................................358.649ms
······················End:     encrypt the gradients ...............................28.736s
······················Start:   upload the mc+proof generation
························Start:   start proof generation
························End:     start proof generation ............................282.150s
······················End:     upload the mc+proof generation ......................282.151s
······················Start:   upload the data
[2mOct 01 09:20:54.507[0m [33m WARN[0m [1mAtom Client[0m: client: data prepared
[2mOct 01 09:21:42.671[0m [33m WARN[0m [1mAtom Client[0m: client: data uploaded,receving ms proof
[2mOct 01 09:22:02.116[0m [33m WARN[0m [1mAtom Client[0m: client: ms proof received
······················End:     upload the data .....................................67.640s
····················End:     upload data ...........................................378.528s
····················Start:   verify the data
······················Start:   verify
························Start:   receive verify
························End:     receive verify ....................................872.175s
························Start:   verify the proofs
························End:     verify the proofs .................................1.92s
······················End:     verify the data .....................................873.313s
····················End:     one round .............................................1254.313s
····················Start:   one round
······················Start:   train model
························Start:   retrieve the model
························End:     retrieve the model ................................1.457s
······················End:     train model .........................................2.458s
······················Start:   upload data
························Start:   encrypt the gradients
··························Start:   new public key
··························End:     new public key ..................................358.465ms
························End:     encrypt the gradients .............................28.796s
························Start:   upload the mc+proof generation
··························Start:   start proof generation
··························End:     start proof generation ..........................282.150s
························End:     upload the mc+proof generation ....................282.151s
························Start:   upload the data
[2mOct 01 09:41:48.867[0m [33m WARN[0m [1mAtom Client[0m: client: data prepared
[2mOct 01 09:42:37.013[0m [33m WARN[0m [1mAtom Client[0m: client: data uploaded,receving ms proof
[2mOct 01 09:42:56.836[0m [33m WARN[0m [1mAtom Client[0m: client: ms proof received
························End:     upload the data ...................................68.0s
······················End:     upload data .........................................378.948s
······················Start:   verify the data
························Start:   verify
··························Start:   receive verify
··························End:     receive verify ..................................872.137s
··························Start:   verify the proofs
··························End:     verify the proofs ...............................1.51s
························End:     verify the data ...................................873.228s
······················End:     one round ...........................................1254.635s
····················End:     clients ...............................................12535.298s
[2mOct 01 09:57:30.072[0m [33m WARN[0m [1mAtom Client[0m: client: close time.busy=1.81s time.idle=12533s
