[2mOct 01 06:28:34.767[0m [33m WARN[0m [1mAtom Client[0m: client: new
Start:   clients
··Start:   one round
····Start:   train model
······Start:   retrieve the model
······End:     retrieve the model ..................................................253.716ms
····End:     train model ...........................................................1.253s
····Start:   upload data
······Start:   encrypt the gradients
········Start:   new public key
········End:     new public key ....................................................355.133ms
······End:     encrypt the gradients ...............................................28.634s
······Start:   upload the mc+proof generation
········Start:   start proof generation
········End:     start proof generation ............................................282.150s
······End:     upload the mc+proof generation ......................................282.151s
······Start:   upload the data
[2mOct 01 06:33:47.055[0m [33m WARN[0m [1mAtom Client[0m: client: data prepared
[2mOct 01 06:34:35.270[0m [33m WARN[0m [1mAtom Client[0m: client: data uploaded,receving ms proof
[2mOct 01 06:34:51.930[0m [33m WARN[0m [1mAtom Client[0m: client: ms proof received
······End:     upload the data .....................................................64.905s
····End:     upload data ...........................................................375.692s
····Start:   verify the data
······Start:   verify
········Start:   receive verify
········End:     receive verify ....................................................875.507s
········Start:   verify the proofs
········End:     verify the proofs .................................................1.36s
······End:     verify the data .....................................................876.604s
····End:     one round .............................................................1253.550s
····Start:   one round
······Start:   train model
········Start:   retrieve the model
········End:     retrieve the model ................................................1.438s
······End:     train model .........................................................2.438s
······Start:   upload data
········Start:   encrypt the gradients
··········Start:   new public key
··········End:     new public key ..................................................354.653ms
········End:     encrypt the gradients .............................................28.625s
········Start:   upload the mc+proof generation
··········Start:   start proof generation
··········End:     start proof generation ..........................................282.150s
········End:     upload the mc+proof generation ....................................282.151s
········Start:   upload the data
[2mOct 01 06:54:41.781[0m [33m WARN[0m [1mAtom Client[0m: client: data prepared
[2mOct 01 06:55:29.935[0m [33m WARN[0m [1mAtom Client[0m: client: data uploaded,receving ms proof
[2mOct 01 06:55:48.268[0m [33m WARN[0m [1mAtom Client[0m: client: ms proof received
········End:     upload the data ...................................................66.516s
······End:     upload data .........................................................377.294s
······Start:   verify the data
········Start:   verify
··········Start:   receive verify
··········End:     receive verify ..................................................872.695s
··········Start:   verify the proofs
··········End:     verify the proofs ...............................................1.57s
········End:     verify the data ...................................................873.783s
······End:     one round ...........................................................1253.516s
······Start:   one round
········Start:   train model
··········Start:   retrieve the model
··········End:     retrieve the model ..............................................1.480s
········End:     train model .......................................................2.480s
········Start:   upload data
··········Start:   encrypt the gradients
············Start:   new public key
············End:     new public key ................................................354.155ms
··········End:     encrypt the gradients ...........................................28.399s
··········Start:   upload the mc+proof generation
············Start:   start proof generation
············End:     start proof generation ........................................282.150s
··········End:     upload the mc+proof generation ..................................282.151s
··········Start:   upload the data
[2mOct 01 07:15:35.113[0m [33m WARN[0m [1mAtom Client[0m: client: data prepared
[2mOct 01 07:16:23.259[0m [33m WARN[0m [1mAtom Client[0m: client: data uploaded,receving ms proof
[2mOct 01 07:16:39.902[0m [33m WARN[0m [1mAtom Client[0m: client: ms proof received
··········End:     upload the data .................................................64.819s
········End:     upload data .......................................................375.370s
········Start:   verify the data
··········Start:   verify
············Start:   receive verify
············End:     receive verify ................................................874.581s
············Start:   verify the proofs
············End:     verify the proofs .............................................1.67s
··········End:     verify the data .................................................875.684s
········End:     one round .........................................................1253.535s
········Start:   one round
··········Start:   train model
············Start:   retrieve the model
············End:     retrieve the model ............................................1.473s
··········End:     train model .....................................................2.473s
··········Start:   upload data
············Start:   encrypt the gradients
··············Start:   new public key
··············End:     new public key ..............................................358.304ms
············End:     encrypt the gradients .........................................28.408s
············Start:   upload the mc+proof generation
··············Start:   start proof generation
··············End:     start proof generation ......................................282.150s
············End:     upload the mc+proof generation ................................282.151s
············Start:   upload the data
[2mOct 01 07:36:28.651[0m [33m WARN[0m [1mAtom Client[0m: client: data prepared
[2mOct 01 07:37:16.806[0m [33m WARN[0m [1mAtom Client[0m: client: data uploaded,receving ms proof
[2mOct 01 07:37:33.016[0m [33m WARN[0m [1mAtom Client[0m: client: ms proof received
············End:     upload the data ...............................................64.395s
··········End:     upload data .....................................................374.955s
··········Start:   verify the data
············Start:   verify
··············Start:   receive verify
··············End:     receive verify ..............................................873.678s
··············Start:   verify the proofs
··············End:     verify the proofs ...........................................963.782ms
············End:     verify the data ...............................................874.678s
··········End:     one round .......................................................1252.107s
··········Start:   one round
············Start:   train model
··············Start:   retrieve the model
··············End:     retrieve the model ..........................................1.447s
············End:     train model ...................................................2.447s
············Start:   upload data
··············Start:   encrypt the gradients
················Start:   new public key
················End:     new public key ............................................351.912ms
··············End:     encrypt the gradients .......................................28.393s
··············Start:   upload the mc+proof generation
················Start:   start proof generation
················End:     start proof generation ....................................282.150s
··············End:     upload the mc+proof generation ..............................282.151s
··············Start:   upload the data
[2mOct 01 07:57:20.718[0m [33m WARN[0m [1mAtom Client[0m: client: data prepared
[2mOct 01 07:58:08.874[0m [33m WARN[0m [1mAtom Client[0m: client: data uploaded,receving ms proof
[2mOct 01 07:58:24.613[0m [33m WARN[0m [1mAtom Client[0m: client: ms proof received
··············End:     upload the data .............................................63.925s
············End:     upload data ...................................................374.470s
············Start:   verify the data
··············Start:   verify
················Start:   receive verify
················End:     receive verify ............................................872.97s
················Start:   verify the proofs
················End:     verify the proofs .........................................1.33s
··············End:     verify the data .............................................873.176s
············End:     one round .....................................................1250.94s
············Start:   one round
··············Start:   train model
················Start:   retrieve the model
················End:     retrieve the model ........................................1.438s
··············End:     train model .................................................2.439s
··············Start:   upload data
················Start:   encrypt the gradients
··················Start:   new public key
··················End:     new public key ..........................................361.711ms
················End:     encrypt the gradients .....................................28.752s
················Start:   upload the mc+proof generation
··················Start:   start proof generation
··················End:     start proof generation ..................................282.150s
················End:     upload the mc+proof generation ............................282.151s
················Start:   upload the data
[2mOct 01 08:18:11.164[0m [33m WARN[0m [1mAtom Client[0m: client: data prepared
[2mOct 01 08:18:59.340[0m [33m WARN[0m [1mAtom Client[0m: client: data uploaded,receving ms proof
[2mOct 01 08:19:17.268[0m [33m WARN[0m [1mAtom Client[0m: client: ms proof received
················End:     upload the data ...........................................66.135s
··············End:     upload data .................................................377.40s
··············Start:   verify the data
················Start:   verify
··················Start:   receive verify
··················End:     receive verify ..........................................872.180s
··················Start:   verify the proofs
··················End:     verify the proofs .......................................985.965ms
················End:     verify the data ...........................................873.200s
··············End:     one round ...................................................1252.679s
··············Start:   one round
················Start:   train model
··················Start:   retrieve the model
··················End:     retrieve the model ......................................1.438s
················End:     train model ...............................................2.438s
················Start:   upload data
··················Start:   encrypt the gradients
····················Start:   new public key
····················End:     new public key ........................................356.349ms
··················End:     encrypt the gradients ...................................28.728s
··················Start:   upload the mc+proof generation
····················Start:   start proof generation
····················End:     start proof generation ................................282.150s
··················End:     upload the mc+proof generation ..........................282.151s
··················Start:   upload the data
[2mOct 01 08:39:03.819[0m [33m WARN[0m [1mAtom Client[0m: client: data prepared
[2mOct 01 08:39:51.970[0m [33m WARN[0m [1mAtom Client[0m: client: data uploaded,receving ms proof
[2mOct 01 08:40:11.301[0m [33m WARN[0m [1mAtom Client[0m: client: ms proof received
··················End:     upload the data .........................................67.513s
················End:     upload data ...............................................378.393s
················Start:   verify the data
··················Start:   verify
····················Start:   receive verify
····················End:     receive verify ........................................874.439s
····················Start:   verify the proofs
····················End:     verify the proofs .....................................1.103s
··················End:     verify the data .........................................875.581s
················End:     one round .................................................1256.413s
················Start:   one round
··················Start:   train model
····················Start:   retrieve the model
····················End:     retrieve the model ....................................1.452s
··················End:     train model .............................................2.452s
··················Start:   upload data
····················Start:   encrypt the gradients
······················Start:   new public key
······················End:     new public key ......................................362.992ms
····················End:     encrypt the gradients .................................28.649s
····················Start:   upload the mc+proof generation
······················Start:   start proof generation
······················End:     start proof generation ..............................282.150s
····················End:     upload the mc+proof generation ........................282.151s
····················Start:   upload the data
[2mOct 01 09:00:00.169[0m [33m WARN[0m [1mAtom Client[0m: client: data prepared
[2mOct 01 09:00:48.348[0m [33m WARN[0m [1mAtom Client[0m: client: data uploaded,receving ms proof
[2mOct 01 09:01:07.909[0m [33m WARN[0m [1mAtom Client[0m: client: ms proof received
····················End:     upload the data .......................................67.772s
··················End:     upload data .............................................378.574s
··················Start:   verify the data
····················Start:   verify
······················Start:   receive verify
······················End:     receive verify ......................................872.74s
······················Start:   verify the proofs
······················End:     verify the proofs ...................................1.89s
····················End:     verify the data .......................................873.205s
··················End:     one round ...............................................1254.232s
··················Start:   one round
····················Start:   train model
······················Start:   retrieve the model
······················End:     retrieve the model ..................................1.438s
····················End:     train model ...........................................2.438s
····················Start:   upload data
······················Start:   encrypt the gradients
························Start:   new public key
························End:     new public key ....................................361.299ms
······················End:     encrypt the gradients ...............................28.738s
······················Start:   upload the mc+proof generation
························Start:   start proof generation
························End:     start proof generation ............................282.150s
······················End:     upload the mc+proof generation ......................282.151s
······················Start:   upload the data
[2mOct 01 09:20:54.475[0m [33m WARN[0m [1mAtom Client[0m: client: data prepared
[2mOct 01 09:21:42.653[0m [33m WARN[0m [1mAtom Client[0m: client: data uploaded,receving ms proof
[2mOct 01 09:22:02.116[0m [33m WARN[0m [1mAtom Client[0m: client: ms proof received
······················End:     upload the data .....................................67.671s
····················End:     upload data ...........................................378.562s
····················Start:   verify the data
······················Start:   verify
························Start:   receive verify
························End:     receive verify ....................................872.174s
························Start:   verify the proofs
························End:     verify the proofs .................................1.77s
······················End:     verify the data .....................................873.297s
····················End:     one round .............................................1254.299s
····················Start:   one round
······················Start:   train model
························Start:   retrieve the model
························End:     retrieve the model ................................1.438s
······················End:     train model .........................................2.438s
······················Start:   upload data
························Start:   encrypt the gradients
··························Start:   new public key
··························End:     new public key ..................................360.636ms
························End:     encrypt the gradients .............................28.538s
························Start:   upload the mc+proof generation
··························Start:   start proof generation
··························End:     start proof generation ..........................282.150s
························End:     upload the mc+proof generation ....................282.151s
························Start:   upload the data
[2mOct 01 09:41:48.574[0m [33m WARN[0m [1mAtom Client[0m: client: data prepared
[2mOct 01 09:42:36.718[0m [33m WARN[0m [1mAtom Client[0m: client: data uploaded,receving ms proof
[2mOct 01 09:42:56.836[0m [33m WARN[0m [1mAtom Client[0m: client: ms proof received
························End:     upload the data ...................................68.293s
······················End:     upload data .........................................378.983s
······················Start:   verify the data
························Start:   verify
··························Start:   receive verify
··························End:     receive verify ..................................873.846s
··························Start:   verify the proofs
··························End:     verify the proofs ...............................959.838ms
························End:     verify the data ...................................874.850s
······················End:     one round ...........................................1256.272s
····················End:     clients ...............................................12536.919s
[2mOct 01 09:57:31.692[0m [33m WARN[0m [1mAtom Client[0m: client: close time.busy=1.72s time.idle=12535s
