[2mOct 01 06:28:34.793[0m [33m WARN[0m [1mAtom Client[0m: client: new
Start:   clients
··Start:   one round
····Start:   train model
······Start:   retrieve the model
······End:     retrieve the model ..................................................392.400ms
····End:     train model ...........................................................1.392s
····Start:   upload data
······Start:   encrypt the gradients
········Start:   new public key
········End:     new public key ....................................................361.424ms
······End:     encrypt the gradients ...............................................29.364s
······Start:   upload the mc+proof generation
········Start:   start proof generation
········End:     start proof generation ............................................282.150s
······End:     upload the mc+proof generation ......................................282.151s
······Start:   upload the data
[2mOct 01 06:33:47.894[0m [33m WARN[0m [1mAtom Client[0m: client: data prepared
[2mOct 01 06:34:36.091[0m [33m WARN[0m [1mAtom Client[0m: client: data uploaded,receving ms proof
[2mOct 01 06:34:51.931[0m [33m WARN[0m [1mAtom Client[0m: client: ms proof received
······End:     upload the data .....................................................64.68s
····End:     upload data ...........................................................375.584s
····Start:   verify the data
······Start:   verify
········Start:   receive verify
········End:     receive verify ....................................................876.175s
········Start:   verify the proofs
········End:     verify the proofs .................................................1.168s
······End:     verify the data .....................................................877.382s
····End:     one round .............................................................1254.359s
····Start:   one round
······Start:   train model
········Start:   retrieve the model
········End:     retrieve the model ................................................1.438s
······End:     train model .........................................................2.438s
······Start:   upload data
········Start:   encrypt the gradients
··········Start:   new public key
··········End:     new public key ..................................................381.536ms
········End:     encrypt the gradients .............................................31.850s
········Start:   upload the mc+proof generation
··········Start:   start proof generation
··········End:     start proof generation ..........................................282.150s
········End:     upload the mc+proof generation ....................................282.151s
········Start:   upload the data
[2mOct 01 06:54:45.788[0m [33m WARN[0m [1mAtom Client[0m: client: data prepared
[2mOct 01 06:55:33.951[0m [33m WARN[0m [1mAtom Client[0m: client: data uploaded,receving ms proof
[2mOct 01 06:55:48.269[0m [33m WARN[0m [1mAtom Client[0m: client: ms proof received
········End:     upload the data ...................................................62.514s
······End:     upload data .........................................................376.516s
······Start:   verify the data
········Start:   verify
··········Start:   receive verify
··········End:     receive verify ..................................................875.229s
··········Start:   verify the proofs
··········End:     verify the proofs ...............................................965.747ms
········End:     verify the data ...................................................876.226s
······End:     one round ...........................................................1255.181s
······Start:   one round
········Start:   train model
··········Start:   retrieve the model
··········End:     retrieve the model ..............................................1.438s
········End:     train model .......................................................2.439s
········Start:   upload data
··········Start:   encrypt the gradients
············Start:   new public key
············End:     new public key ................................................395.326ms
··········End:     encrypt the gradients ...........................................29.729s
··········Start:   upload the mc+proof generation
············Start:   start proof generation
············End:     start proof generation ........................................282.150s
··········End:     upload the mc+proof generation ..................................282.152s
··········Start:   upload the data
[2mOct 01 07:15:38.849[0m [33m WARN[0m [1mAtom Client[0m: client: data prepared
[2mOct 01 07:16:39.902[0m [33m WARN[0m [1mAtom Client[0m: client: data uploaded,receving ms proof
[2mOct 01 07:16:39.903[0m [33m WARN[0m [1mAtom Client[0m: client: ms proof received
··········End:     upload the data .................................................61.85s
········End:     upload data .......................................................372.968s
········Start:   verify the data
··········Start:   verify
············Start:   receive verify
············End:     receive verify ................................................877.181s
············Start:   verify the proofs
············End:     verify the proofs .............................................967.422ms
··········End:     verify the data .................................................878.183s
········End:     one round .........................................................1253.591s
········Start:   one round
··········Start:   train model
············Start:   retrieve the model
············End:     retrieve the model ............................................1.438s
··········End:     train model .....................................................2.438s
··········Start:   upload data
············Start:   encrypt the gradients
··············Start:   new public key
··············End:     new public key ..............................................390.191ms
············End:     encrypt the gradients .........................................29.262s
············Start:   upload the mc+proof generation
··············Start:   start proof generation
··············End:     start proof generation ......................................282.150s
············End:     upload the mc+proof generation ................................282.152s
············Start:   upload the data
[2mOct 01 07:36:31.973[0m [33m WARN[0m [1mAtom Client[0m: client: data prepared
[2mOct 01 07:37:33.015[0m [33m WARN[0m [1mAtom Client[0m: client: data uploaded,receving ms proof
[2mOct 01 07:37:33.016[0m [33m WARN[0m [1mAtom Client[0m: client: ms proof received
············End:     upload the data ...............................................61.75s
··········End:     upload data .....................................................372.490s
··········Start:   verify the data
············Start:   verify
··············Start:   receive verify
··············End:     receive verify ..............................................872.43s
··············Start:   verify the proofs
··············End:     verify the proofs ...........................................1.72s
············End:     verify the data ...............................................873.170s
··········End:     one round .......................................................1248.99s
··········Start:   one round
············Start:   train model
··············Start:   retrieve the model
··············End:     retrieve the model ..........................................1.510s
············End:     train model ...................................................2.510s
············Start:   upload data
··············Start:   encrypt the gradients
················Start:   new public key
················End:     new public key ............................................377.232ms
··············End:     encrypt the gradients .......................................32.673s
··············Start:   upload the mc+proof generation
················Start:   start proof generation
················End:     start proof generation ....................................282.150s
··············End:     upload the mc+proof generation ..............................282.152s
··············Start:   upload the data
[2mOct 01 07:57:23.554[0m [33m WARN[0m [1mAtom Client[0m: client: data prepared
[2mOct 01 07:58:24.613[0m [33m WARN[0m [1mAtom Client[0m: client: data uploaded,receving ms proof
[2mOct 01 07:58:24.613[0m [33m WARN[0m [1mAtom Client[0m: client: ms proof received
··············End:     upload the data .............................................61.90s
············End:     upload data ...................................................375.916s
············Start:   verify the data
··············Start:   verify
················Start:   receive verify
················End:     receive verify ............................................872.290s
················Start:   verify the proofs
················End:     verify the proofs .........................................1.34s
··············End:     verify the data .............................................873.364s
············End:     one round .....................................................1251.791s
············Start:   one round
··············Start:   train model
················Start:   retrieve the model
················End:     retrieve the model ........................................1.537s
··············End:     train model .................................................2.537s
··············Start:   upload data
················Start:   encrypt the gradients
··················Start:   new public key
··················End:     new public key ..........................................371.674ms
················End:     encrypt the gradients .....................................30.869s
················Start:   upload the mc+proof generation
··················Start:   start proof generation
··················End:     start proof generation ..................................282.150s
················End:     upload the mc+proof generation ............................282.151s
················Start:   upload the data
[2mOct 01 08:18:13.568[0m [33m WARN[0m [1mAtom Client[0m: client: data prepared
[2mOct 01 08:19:01.716[0m [33m WARN[0m [1mAtom Client[0m: client: data uploaded,receving ms proof
[2mOct 01 08:19:17.269[0m [33m WARN[0m [1mAtom Client[0m: client: ms proof received
················End:     upload the data ...........................................63.732s
··············End:     upload data .................................................376.753s
··············Start:   verify the data
················Start:   verify
··················Start:   receive verify
··················End:     receive verify ..........................................872.316s
··················Start:   verify the proofs
··················End:     verify the proofs .......................................1.159s
················End:     verify the data ...........................................873.520s
··············End:     one round ...................................................1252.811s
··············Start:   one round
················Start:   train model
··················Start:   retrieve the model
··················End:     retrieve the model ......................................1.448s
················End:     train model ...............................................2.448s
················Start:   upload data
··················Start:   encrypt the gradients
····················Start:   new public key
····················End:     new public key ........................................373.892ms
··················End:     encrypt the gradients ...................................31.8s
··················Start:   upload the mc+proof generation
····················Start:   start proof generation
····················End:     start proof generation ................................282.150s
··················End:     upload the mc+proof generation ..........................282.151s
··················Start:   upload the data
[2mOct 01 08:39:06.430[0m [33m WARN[0m [1mAtom Client[0m: client: data prepared
[2mOct 01 08:39:54.579[0m [33m WARN[0m [1mAtom Client[0m: client: data uploaded,receving ms proof
[2mOct 01 08:40:11.302[0m [33m WARN[0m [1mAtom Client[0m: client: ms proof received
··················End:     upload the data .........................................64.903s
················End:     upload data ...............................................378.63s
················Start:   verify the data
··················Start:   verify
····················Start:   receive verify
····················End:     receive verify ........................................877.217s
····················Start:   verify the proofs
····················End:     verify the proofs .....................................969.200ms
··················End:     verify the data .........................................878.222s
················End:     one round .................................................1258.735s
················Start:   one round
··················Start:   train model
····················Start:   retrieve the model
····················End:     retrieve the model ....................................1.438s
··················End:     train model .............................................2.438s
··················Start:   upload data
····················Start:   encrypt the gradients
······················Start:   new public key
······················End:     new public key ......................................408.504ms
····················End:     encrypt the gradients .................................32.708s
····················Start:   upload the mc+proof generation
······················Start:   start proof generation
······················End:     start proof generation ..............................282.150s
····················End:     upload the mc+proof generation ........................282.152s
····················Start:   upload the data
[2mOct 01 09:00:06.856[0m [33m WARN[0m [1mAtom Client[0m: client: data prepared
[2mOct 01 09:01:07.910[0m [33m WARN[0m [1mAtom Client[0m: client: data uploaded,receving ms proof
[2mOct 01 09:01:07.910[0m [33m WARN[0m [1mAtom Client[0m: client: ms proof received
····················End:     upload the data .......................................61.87s
··················End:     upload data .............................................375.947s
··················Start:   verify the data
····················Start:   verify
······················Start:   receive verify
······················End:     receive verify ......................................873.822s
······················Start:   verify the proofs
······················End:     verify the proofs ...................................998.431ms
····················End:     verify the data .......................................874.861s
··················End:     one round ...............................................1253.247s
··················Start:   one round
····················Start:   train model
······················Start:   retrieve the model
······················End:     retrieve the model ..................................1.448s
····················End:     train model ...........................................2.448s
····················Start:   upload data
······················Start:   encrypt the gradients
························Start:   new public key
························End:     new public key ....................................371.742ms
······················End:     encrypt the gradients ...............................30.845s
······················Start:   upload the mc+proof generation
························Start:   start proof generation
························End:     start proof generation ............................282.150s
······················End:     upload the mc+proof generation ......................282.151s
······················Start:   upload the data
[2mOct 01 09:20:58.250[0m [33m WARN[0m [1mAtom Client[0m: client: data prepared
[2mOct 01 09:21:46.400[0m [33m WARN[0m [1mAtom Client[0m: client: data uploaded,receving ms proof
[2mOct 01 09:22:02.116[0m [33m WARN[0m [1mAtom Client[0m: client: ms proof received
······················End:     upload the data .....................................63.898s
····················End:     upload data ...........................................376.895s
····················Start:   verify the data
······················Start:   verify
························Start:   receive verify
························End:     receive verify ....................................872.334s
························Start:   verify the proofs
························End:     verify the proofs .................................1.73s
······················End:     verify the data .....................................873.447s
····················End:     one round .............................................1252.791s
····················Start:   one round
······················Start:   train model
························Start:   retrieve the model
························End:     retrieve the model ................................1.461s
······················End:     train model .........................................2.461s
······················Start:   upload data
························Start:   encrypt the gradients
··························Start:   new public key
··························End:     new public key ..................................375.943ms
························End:     encrypt the gradients .............................30.793s
························Start:   upload the mc+proof generation
··························Start:   start proof generation
··························End:     start proof generation ..........................282.150s
························End:     upload the mc+proof generation ....................282.151s
························Start:   upload the data
[2mOct 01 09:41:51.002[0m [33m WARN[0m [1mAtom Client[0m: client: data prepared
[2mOct 01 09:42:39.185[0m [33m WARN[0m [1mAtom Client[0m: client: data uploaded,receving ms proof
[2mOct 01 09:42:56.836[0m [33m WARN[0m [1mAtom Client[0m: client: ms proof received
························End:     upload the data ...................................65.865s
······················End:     upload data .........................................378.810s
······················Start:   verify the data
························Start:   verify
··························Start:   receive verify
··························End:     receive verify ..................................874.919s
··························Start:   verify the proofs
··························End:     verify the proofs ...............................972.973ms
························End:     verify the data ...................................875.945s
······················End:     one round ...........................................1257.217s
····················End:     clients ...............................................12537.988s
[2mOct 01 09:57:32.787[0m [33m WARN[0m [1mAtom Client[0m: client: close time.busy=1.80s time.idle=12536s
