[2mOct 01 02:06:14.656[0m [33m WARN[0m [1mAtom Client[0m: client: new
Start:   clients
··Start:   one round
····Start:   train model
······Start:   retrieve the model
······End:     retrieve the model ..................................................35.959ms
····End:     train model ...........................................................1.36s
····Start:   upload data
······Start:   encrypt the gradients
········Start:   new public key
········End:     new public key ....................................................329.302ms
······End:     encrypt the gradients ...............................................6.446s
······Start:   upload the mc+proof generation
········Start:   start proof generation
········End:     start proof generation ............................................41.250s
······End:     upload the mc+proof generation ......................................41.251s
······Start:   upload the data
[2mOct 01 02:07:03.567[0m [33m WARN[0m [1mAtom Client[0m: client: data prepared
[2mOct 01 02:07:10.599[0m [33m WARN[0m [1mAtom Client[0m: client: data uploaded,receving ms proof
[2mOct 01 02:07:13.290[0m [33m WARN[0m [1mAtom Client[0m: client: ms proof received
······End:     upload the data .....................................................9.726s
····End:     upload data ...........................................................57.424s
····Start:   verify the data
······Start:   verify
········Start:   receive verify
········End:     receive verify ....................................................127.898s
········Start:   verify the proofs
········End:     verify the proofs .................................................136.839ms
······End:     verify the data .....................................................128.38s
····End:     one round .............................................................186.499s
····Start:   one round
······Start:   train model
········Start:   retrieve the model
········End:     retrieve the model ................................................204.369ms
······End:     train model .........................................................1.204s
······Start:   upload data
········Start:   encrypt the gradients
··········Start:   new public key
··········End:     new public key ..................................................333.997ms
········End:     encrypt the gradients .............................................6.310s
········Start:   upload the mc+proof generation
··········Start:   start proof generation
··········End:     start proof generation ..........................................41.250s
········End:     upload the mc+proof generation ....................................41.251s
········Start:   upload the data
[2mOct 01 02:10:10.096[0m [33m WARN[0m [1mAtom Client[0m: client: data prepared
[2mOct 01 02:10:17.120[0m [33m WARN[0m [1mAtom Client[0m: client: data uploaded,receving ms proof
[2mOct 01 02:10:19.940[0m [33m WARN[0m [1mAtom Client[0m: client: ms proof received
········End:     upload the data ...................................................9.845s
······End:     upload data .........................................................57.407s
······Start:   verify the data
········Start:   verify
··········Start:   receive verify
··········End:     receive verify ..................................................126.793s
··········Start:   verify the proofs
··········End:     verify the proofs ...............................................135.696ms
········End:     verify the data ...................................................126.929s
······End:     one round ...........................................................185.541s
······Start:   one round
········Start:   train model
··········Start:   retrieve the model
··········End:     retrieve the model ..............................................205.585ms
········End:     train model .......................................................1.205s
········Start:   upload data
··········Start:   encrypt the gradients
············Start:   new public key
············End:     new public key ................................................327.115ms
··········End:     encrypt the gradients ...........................................6.280s
··········Start:   upload the mc+proof generation
············Start:   start proof generation
············End:     start proof generation ........................................41.250s
··········End:     upload the mc+proof generation ..................................41.251s
··········Start:   upload the data
[2mOct 01 02:13:15.609[0m [33m WARN[0m [1mAtom Client[0m: client: data prepared
[2mOct 01 02:13:22.632[0m [33m WARN[0m [1mAtom Client[0m: client: data uploaded,receving ms proof
[2mOct 01 02:13:25.945[0m [33m WARN[0m [1mAtom Client[0m: client: ms proof received
··········End:     upload the data .................................................10.336s
········End:     upload data .......................................................57.868s
········Start:   verify the data
··········Start:   verify
············Start:   receive verify
············End:     receive verify ................................................126.793s
············Start:   verify the proofs
············End:     verify the proofs .............................................131.396ms
··········End:     verify the data .................................................126.927s
········End:     one round .........................................................186.2s
········Start:   one round
··········Start:   train model
············Start:   retrieve the model
············End:     retrieve the model ............................................203.720ms
··········End:     train model .....................................................1.203s
··········Start:   upload data
············Start:   encrypt the gradients
··············Start:   new public key
··············End:     new public key ..............................................327.455ms
············End:     encrypt the gradients .........................................6.343s
············Start:   upload the mc+proof generation
··············Start:   start proof generation
··············End:     start proof generation ......................................41.250s
············End:     upload the mc+proof generation ................................41.251s
············Start:   upload the data
[2mOct 01 02:16:21.673[0m [33m WARN[0m [1mAtom Client[0m: client: data prepared
[2mOct 01 02:16:28.696[0m [33m WARN[0m [1mAtom Client[0m: client: data uploaded,receving ms proof
[2mOct 01 02:16:31.884[0m [33m WARN[0m [1mAtom Client[0m: client: ms proof received
············End:     upload the data ...............................................10.211s
··········End:     upload data .....................................................57.806s
··········Start:   verify the data
············Start:   verify
··············Start:   receive verify
··············End:     receive verify ..............................................127.572s
··············Start:   verify the proofs
··············End:     verify the proofs ...........................................131.351ms
············End:     verify the data ...............................................127.706s
··········End:     one round .......................................................186.717s
··········Start:   one round
············Start:   train model
··············Start:   retrieve the model
··············End:     retrieve the model ..........................................203.740ms
············End:     train model ...................................................1.203s
············Start:   upload data
··············Start:   encrypt the gradients
················Start:   new public key
················End:     new public key ............................................329.946ms
··············End:     encrypt the gradients .......................................6.317s
··············Start:   upload the mc+proof generation
················Start:   start proof generation
················End:     start proof generation ....................................41.250s
··············End:     upload the mc+proof generation ..............................41.251s
··············Start:   upload the data
[2mOct 01 02:19:28.365[0m [33m WARN[0m [1mAtom Client[0m: client: data prepared
[2mOct 01 02:19:35.388[0m [33m WARN[0m [1mAtom Client[0m: client: data uploaded,receving ms proof
[2mOct 01 02:19:38.066[0m [33m WARN[0m [1mAtom Client[0m: client: ms proof received
··············End:     upload the data .............................................9.702s
············End:     upload data ...................................................57.271s
············Start:   verify the data
··············Start:   verify
················Start:   receive verify
················End:     receive verify ............................................126.530s
················Start:   verify the proofs
················End:     verify the proofs .........................................133.128ms
··············End:     verify the data .............................................126.666s
············End:     one round .....................................................185.141s
············Start:   one round
··············Start:   train model
················Start:   retrieve the model
················End:     retrieve the model ........................................203.747ms
··············End:     train model .................................................1.203s
··············Start:   upload data
················Start:   encrypt the gradients
··················Start:   new public key
··················End:     new public key ..........................................322.997ms
················End:     encrypt the gradients .....................................6.317s
················Start:   upload the mc+proof generation
··················Start:   start proof generation
··················End:     start proof generation ..................................41.250s
················End:     upload the mc+proof generation ............................41.251s
················Start:   upload the data
[2mOct 01 02:22:33.507[0m [33m WARN[0m [1mAtom Client[0m: client: data prepared
[2mOct 01 02:22:40.530[0m [33m WARN[0m [1mAtom Client[0m: client: data uploaded,receving ms proof
[2mOct 01 02:22:44.014[0m [33m WARN[0m [1mAtom Client[0m: client: ms proof received
················End:     upload the data ...........................................10.508s
··············End:     upload data .................................................58.77s
··············Start:   verify the data
················Start:   verify
··················Start:   receive verify
··················End:     receive verify ..........................................126.511s
··················Start:   verify the proofs
··················End:     verify the proofs .......................................131.513ms
················End:     verify the data ...........................................126.645s
··············End:     one round ...................................................185.927s
··············Start:   one round
················Start:   train model
··················Start:   retrieve the model
··················End:     retrieve the model ......................................205.319ms
················End:     train model ...............................................1.205s
················Start:   upload data
··················Start:   encrypt the gradients
····················Start:   new public key
····················End:     new public key ........................................322.808ms
··················End:     encrypt the gradients ...................................6.346s
··················Start:   upload the mc+proof generation
····················Start:   start proof generation
····················End:     start proof generation ................................41.250s
··················End:     upload the mc+proof generation ..........................41.251s
··················Start:   upload the data
[2mOct 01 02:25:39.466[0m [33m WARN[0m [1mAtom Client[0m: client: data prepared
[2mOct 01 02:25:46.489[0m [33m WARN[0m [1mAtom Client[0m: client: data uploaded,receving ms proof
[2mOct 01 02:25:50.027[0m [33m WARN[0m [1mAtom Client[0m: client: ms proof received
··················End:     upload the data .........................................10.562s
················End:     upload data ...............................................58.160s
················Start:   verify the data
··················Start:   verify
····················Start:   receive verify
····················End:     receive verify ........................................127.520s
····················Start:   verify the proofs
····················End:     verify the proofs .....................................134.809ms
··················End:     verify the data .........................................127.658s
················End:     one round .................................................187.24s
················Start:   one round
··················Start:   train model
····················Start:   retrieve the model
····················End:     retrieve the model ....................................194.652ms
··················End:     train model .............................................1.194s
··················Start:   upload data
····················Start:   encrypt the gradients
······················Start:   new public key
······················End:     new public key ......................................331.860ms
····················End:     encrypt the gradients .................................6.374s
····················Start:   upload the mc+proof generation
······················Start:   start proof generation
······················End:     start proof generation ..............................41.250s
····················End:     upload the mc+proof generation ........................41.251s
····················Start:   upload the data
[2mOct 01 02:28:46.508[0m [33m WARN[0m [1mAtom Client[0m: client: data prepared
[2mOct 01 02:28:53.531[0m [33m WARN[0m [1mAtom Client[0m: client: data uploaded,receving ms proof
[2mOct 01 02:28:55.939[0m [33m WARN[0m [1mAtom Client[0m: client: ms proof received
····················End:     upload the data .......................................9.432s
··················End:     upload data .............................................57.58s
··················Start:   verify the data
····················Start:   verify
······················Start:   receive verify
······················End:     receive verify ......................................127.825s
······················Start:   verify the proofs
······················End:     verify the proofs ...................................133.643ms
····················End:     verify the data .......................................127.960s
··················End:     one round ...............................................186.214s
··················Start:   one round
····················Start:   train model
······················Start:   retrieve the model
······················End:     retrieve the model ..................................203.502ms
····················End:     train model ...........................................1.203s
····················Start:   upload data
······················Start:   encrypt the gradients
························Start:   new public key
························End:     new public key ....................................333.958ms
······················End:     encrypt the gradients ...............................6.443s
······················Start:   upload the mc+proof generation
························Start:   start proof generation
························End:     start proof generation ............................41.250s
······················End:     upload the mc+proof generation ......................41.251s
······················Start:   upload the data
[2mOct 01 02:31:52.802[0m [33m WARN[0m [1mAtom Client[0m: client: data prepared
[2mOct 01 02:32:02.005[0m [33m WARN[0m [1mAtom Client[0m: client: data uploaded,receving ms proof
[2mOct 01 02:32:02.006[0m [33m WARN[0m [1mAtom Client[0m: client: ms proof received
······················End:     upload the data .....................................9.204s
····················End:     upload data ...........................................56.900s
····················Start:   verify the data
······················Start:   verify
························Start:   receive verify
························End:     receive verify ....................................127.789s
························Start:   verify the proofs
························End:     verify the proofs .................................134.259ms
······················End:     verify the data .....................................127.926s
····················End:     one round .............................................186.32s
····················Start:   one round
······················Start:   train model
························Start:   retrieve the model
························End:     retrieve the model ................................203.700ms
······················End:     train model .........................................1.203s
······················Start:   upload data
························Start:   encrypt the gradients
··························Start:   new public key
··························End:     new public key ..................................334.840ms
························End:     encrypt the gradients .............................6.366s
························Start:   upload the mc+proof generation
··························Start:   start proof generation
··························End:     start proof generation ..........................41.250s
························End:     upload the mc+proof generation ....................41.251s
························Start:   upload the data
[2mOct 01 02:34:58.756[0m [33m WARN[0m [1mAtom Client[0m: client: data prepared
[2mOct 01 02:35:07.949[0m [33m WARN[0m [1mAtom Client[0m: client: data uploaded,receving ms proof
[2mOct 01 02:35:07.950[0m [33m WARN[0m [1mAtom Client[0m: client: ms proof received
························End:     upload the data ...................................9.194s
······················End:     upload data .........................................56.813s
······················Start:   verify the data
························Start:   verify
··························Start:   receive verify
[2mOct 01 02:35:37.583[0m [33m WARN[0m tarpc::client: Connection broken: could not read from the transport

Caused by:
    bytes remaining on stream
