[2mOct 01 02:06:14.656[0m [33m WARN[0m [1mAtom Client[0m: client: new
Start:   clients
··Start:   one round
····Start:   train model
······Start:   retrieve the model
······End:     retrieve the model ..................................................30.239ms
····End:     train model ...........................................................1.30s
····Start:   upload data
······Start:   encrypt the gradients
········Start:   new public key
········End:     new public key ....................................................329.453ms
······End:     encrypt the gradients ...............................................6.458s
······Start:   upload the mc+proof generation
········Start:   start proof generation
········End:     start proof generation ............................................41.250s
······End:     upload the mc+proof generation ......................................41.251s
······Start:   upload the data
[2mOct 01 02:07:03.866[0m [33m WARN[0m [1mAtom Client[0m: client: data prepared
[2mOct 01 02:07:10.908[0m [33m WARN[0m [1mAtom Client[0m: client: data uploaded,receving ms proof
[2mOct 01 02:07:13.290[0m [33m WARN[0m [1mAtom Client[0m: client: ms proof received
······End:     upload the data .....................................................9.427s
····End:     upload data ...........................................................57.137s
····Start:   verify the data
······Start:   verify
········Start:   receive verify
········End:     receive verify ....................................................128.71s
········Start:   verify the proofs
········End:     verify the proofs .................................................131.547ms
······End:     verify the data .....................................................128.205s
····End:     one round .............................................................186.374s
····Start:   one round
······Start:   train model
········Start:   retrieve the model
········End:     retrieve the model ................................................203.871ms
······End:     train model .........................................................1.204s
······Start:   upload data
········Start:   encrypt the gradients
··········Start:   new public key
··········End:     new public key ..................................................333.744ms
········End:     encrypt the gradients .............................................6.293s
········Start:   upload the mc+proof generation
··········Start:   start proof generation
··········End:     start proof generation ..........................................41.250s
········End:     upload the mc+proof generation ....................................41.251s
········Start:   upload the data
[2mOct 01 02:10:10.246[0m [33m WARN[0m [1mAtom Client[0m: client: data prepared
[2mOct 01 02:10:17.272[0m [33m WARN[0m [1mAtom Client[0m: client: data uploaded,receving ms proof
[2mOct 01 02:10:19.940[0m [33m WARN[0m [1mAtom Client[0m: client: ms proof received
········End:     upload the data ...................................................9.695s
······End:     upload data .........................................................57.240s
······Start:   verify the data
········Start:   verify
··········Start:   receive verify
··········End:     receive verify ..................................................126.670s
··········Start:   verify the proofs
··········End:     verify the proofs ...............................................133.489ms
········End:     verify the data ...................................................126.807s
······End:     one round ...........................................................185.251s
······Start:   one round
········Start:   train model
··········Start:   retrieve the model
··········End:     retrieve the model ..............................................204.351ms
········End:     train model .......................................................1.204s
········Start:   upload data
··········Start:   encrypt the gradients
············Start:   new public key
············End:     new public key ................................................331.45ms
··········End:     encrypt the gradients ...........................................6.284s
··········Start:   upload the mc+proof generation
············Start:   start proof generation
············End:     start proof generation ........................................41.250s
··········End:     upload the mc+proof generation ..................................41.251s
··········Start:   upload the data
[2mOct 01 02:13:15.490[0m [33m WARN[0m [1mAtom Client[0m: client: data prepared
[2mOct 01 02:13:22.513[0m [33m WARN[0m [1mAtom Client[0m: client: data uploaded,receving ms proof
[2mOct 01 02:13:25.945[0m [33m WARN[0m [1mAtom Client[0m: client: ms proof received
··········End:     upload the data .................................................10.456s
········End:     upload data .......................................................57.992s
········Start:   verify the data
··········Start:   verify
············Start:   receive verify
············End:     receive verify ................................................127.77s
············Start:   verify the proofs
············End:     verify the proofs .............................................136.182ms
··········End:     verify the data .................................................127.216s
········End:     one round .........................................................186.414s
········Start:   one round
··········Start:   train model
············Start:   retrieve the model
············End:     retrieve the model ............................................204.120ms
··········End:     train model .....................................................1.204s
··········Start:   upload data
············Start:   encrypt the gradients
··············Start:   new public key
··············End:     new public key ..............................................328.428ms
············End:     encrypt the gradients .........................................6.327s
············Start:   upload the mc+proof generation
··············Start:   start proof generation
··············End:     start proof generation ......................................41.250s
············End:     upload the mc+proof generation ................................41.251s
············Start:   upload the data
[2mOct 01 02:16:21.946[0m [33m WARN[0m [1mAtom Client[0m: client: data prepared
[2mOct 01 02:16:28.969[0m [33m WARN[0m [1mAtom Client[0m: client: data uploaded,receving ms proof
[2mOct 01 02:16:31.884[0m [33m WARN[0m [1mAtom Client[0m: client: ms proof received
············End:     upload the data ...............................................9.938s
··········End:     upload data .....................................................57.517s
··········Start:   verify the data
············Start:   verify
··············Start:   receive verify
··············End:     receive verify ..............................................126.975s
··············Start:   verify the proofs
··············End:     verify the proofs ...........................................133.154ms
············End:     verify the data ...............................................127.111s
··········End:     one round .......................................................185.833s
··········Start:   one round
············Start:   train model
··············Start:   retrieve the model
··············End:     retrieve the model ..........................................203.861ms
············End:     train model ...................................................1.204s
············Start:   upload data
··············Start:   encrypt the gradients
················Start:   new public key
················End:     new public key ............................................328.625ms
··············End:     encrypt the gradients .......................................6.278s
··············Start:   upload the mc+proof generation
················Start:   start proof generation
················End:     start proof generation ....................................41.250s
··············End:     upload the mc+proof generation ..............................41.251s
··············Start:   upload the data
[2mOct 01 02:19:27.731[0m [33m WARN[0m [1mAtom Client[0m: client: data prepared
[2mOct 01 02:19:34.754[0m [33m WARN[0m [1mAtom Client[0m: client: data uploaded,receving ms proof
[2mOct 01 02:19:38.066[0m [33m WARN[0m [1mAtom Client[0m: client: ms proof received
··············End:     upload the data .............................................10.336s
············End:     upload data ...................................................57.866s
············Start:   verify the data
··············Start:   verify
················Start:   receive verify
················End:     receive verify ............................................127.79s
················Start:   verify the proofs
················End:     verify the proofs .........................................131.737ms
··············End:     verify the data .............................................127.213s
············End:     one round .....................................................186.284s
············Start:   one round
··············Start:   train model
················Start:   retrieve the model
················End:     retrieve the model ........................................203.605ms
··············End:     train model .................................................1.203s
··············Start:   upload data
················Start:   encrypt the gradients
··················Start:   new public key
··················End:     new public key ..........................................329.55ms
················End:     encrypt the gradients .....................................6.336s
················Start:   upload the mc+proof generation
··················Start:   start proof generation
··················End:     start proof generation ..................................41.250s
················End:     upload the mc+proof generation ............................41.251s
················Start:   upload the data
[2mOct 01 02:22:34.073[0m [33m WARN[0m [1mAtom Client[0m: client: data prepared
[2mOct 01 02:22:41.099[0m [33m WARN[0m [1mAtom Client[0m: client: data uploaded,receving ms proof
[2mOct 01 02:22:44.014[0m [33m WARN[0m [1mAtom Client[0m: client: ms proof received
················End:     upload the data ...........................................9.942s
··············End:     upload data .................................................57.530s
··············Start:   verify the data
················Start:   verify
··················Start:   receive verify
··················End:     receive verify ..........................................126.791s
··················Start:   verify the proofs
··················End:     verify the proofs .......................................131.809ms
················End:     verify the data ...........................................126.926s
··············End:     one round ...................................................185.660s
··············Start:   one round
················Start:   train model
··················Start:   retrieve the model
··················End:     retrieve the model ......................................203.701ms
················End:     train model ...............................................1.203s
················Start:   upload data
··················Start:   encrypt the gradients
····················Start:   new public key
····················End:     new public key ........................................329.441ms
··················End:     encrypt the gradients ...................................6.347s
··················Start:   upload the mc+proof generation
····················Start:   start proof generation
····················End:     start proof generation ................................41.250s
··················End:     upload the mc+proof generation ..........................41.251s
··················Start:   upload the data
[2mOct 01 02:25:39.745[0m [33m WARN[0m [1mAtom Client[0m: client: data prepared
[2mOct 01 02:25:46.768[0m [33m WARN[0m [1mAtom Client[0m: client: data uploaded,receving ms proof
[2mOct 01 02:25:50.027[0m [33m WARN[0m [1mAtom Client[0m: client: ms proof received
··················End:     upload the data .........................................10.282s
················End:     upload data ...............................................57.882s
················Start:   verify the data
··················Start:   verify
····················Start:   receive verify
····················End:     receive verify ........................................127.372s
····················Start:   verify the proofs
····················End:     verify the proofs .....................................132.655ms
··················End:     verify the data .........................................127.507s
················End:     one round .................................................186.593s
················Start:   one round
··················Start:   train model
····················Start:   retrieve the model
····················End:     retrieve the model ....................................194.598ms
··················End:     train model .............................................1.194s
··················Start:   upload data
····················Start:   encrypt the gradients
······················Start:   new public key
······················End:     new public key ......................................330.293ms
····················End:     encrypt the gradients .................................6.410s
····················Start:   upload the mc+proof generation
······················Start:   start proof generation
······················End:     start proof generation ..............................41.250s
····················End:     upload the mc+proof generation ........................41.251s
····················Start:   upload the data
[2mOct 01 02:28:46.394[0m [33m WARN[0m [1mAtom Client[0m: client: data prepared
[2mOct 01 02:28:53.417[0m [33m WARN[0m [1mAtom Client[0m: client: data uploaded,receving ms proof
[2mOct 01 02:28:55.939[0m [33m WARN[0m [1mAtom Client[0m: client: ms proof received
····················End:     upload the data .......................................9.548s
··················End:     upload data .............................................57.209s
··················Start:   verify the data
····················Start:   verify
······················Start:   receive verify
······················End:     receive verify ......................................127.688s
······················Start:   verify the proofs
······················End:     verify the proofs ...................................134.555ms
····················End:     verify the data .......................................127.825s
··················End:     one round ...............................................186.230s
··················Start:   one round
····················Start:   train model
······················Start:   retrieve the model
······················End:     retrieve the model ..................................203.549ms
····················End:     train model ...........................................1.203s
····················Start:   upload data
······················Start:   encrypt the gradients
························Start:   new public key
························End:     new public key ....................................339.919ms
······················End:     encrypt the gradients ...............................6.455s
······················Start:   upload the mc+proof generation
························Start:   start proof generation
························End:     start proof generation ............................41.250s
······················End:     upload the mc+proof generation ......................41.251s
······················Start:   upload the data
[2mOct 01 02:31:52.676[0m [33m WARN[0m [1mAtom Client[0m: client: data prepared
[2mOct 01 02:31:59.701[0m [33m WARN[0m [1mAtom Client[0m: client: data uploaded,receving ms proof
[2mOct 01 02:32:02.005[0m [33m WARN[0m [1mAtom Client[0m: client: ms proof received
······················End:     upload the data .....................................9.330s
····················End:     upload data ...........................................57.36s
····················Start:   verify the data
······················Start:   verify
························Start:   receive verify
························End:     receive verify ....................................127.72s
························Start:   verify the proofs
························End:     verify the proofs .................................132.466ms
······················End:     verify the data .....................................127.208s
····················End:     one round .............................................185.448s
····················Start:   one round
······················Start:   train model
························Start:   retrieve the model
························End:     retrieve the model ................................205.420ms
······················End:     train model .........................................1.205s
······················Start:   upload data
························Start:   encrypt the gradients
··························Start:   new public key
··························End:     new public key ..................................329.454ms
························End:     encrypt the gradients .............................6.392s
························Start:   upload the mc+proof generation
··························Start:   start proof generation
··························End:     start proof generation ..........................41.250s
························End:     upload the mc+proof generation ....................41.251s
························Start:   upload the data
[2mOct 01 02:34:58.064[0m [33m WARN[0m [1mAtom Client[0m: client: data prepared
[2mOct 01 02:35:05.087[0m [33m WARN[0m [1mAtom Client[0m: client: data uploaded,receving ms proof
[2mOct 01 02:35:07.949[0m [33m WARN[0m [1mAtom Client[0m: client: ms proof received
························End:     upload the data ...................................9.886s
······················End:     upload data .........................................57.530s
······················Start:   verify the data
························Start:   verify
··························Start:   receive verify
[2mOct 01 02:35:37.372[0m [33m WARN[0m tarpc::client: Connection broken: could not read from the transport

Caused by:
    bytes remaining on stream
