[2mOct 01 02:06:14.656[0m [33m WARN[0m [1mAtom Client[0m: client: new
Start:   clients
··Start:   one round
····Start:   train model
······Start:   retrieve the model
······End:     retrieve the model ..................................................34.72ms
····End:     train model ...........................................................1.34s
····Start:   upload data
······Start:   encrypt the gradients
········Start:   new public key
········End:     new public key ....................................................327.735ms
······End:     encrypt the gradients ...............................................6.437s
······Start:   upload the mc+proof generation
········Start:   start proof generation
········End:     start proof generation ............................................41.250s
······End:     upload the mc+proof generation ......................................41.251s
······Start:   upload the data
[2mOct 01 02:07:03.544[0m [33m WARN[0m [1mAtom Client[0m: client: data prepared
[2mOct 01 02:07:10.577[0m [33m WARN[0m [1mAtom Client[0m: client: data uploaded,receving ms proof
[2mOct 01 02:07:13.290[0m [33m WARN[0m [1mAtom Client[0m: client: ms proof received
······End:     upload the data .....................................................9.749s
····End:     upload data ...........................................................57.438s
····Start:   verify the data
······Start:   verify
········Start:   receive verify
········End:     receive verify ....................................................127.908s
········Start:   verify the proofs
········End:     verify the proofs .................................................135.394ms
······End:     verify the data .....................................................128.47s
····End:     one round .............................................................186.520s
····Start:   one round
······Start:   train model
········Start:   retrieve the model
········End:     retrieve the model ................................................203.751ms
······End:     train model .........................................................1.203s
······Start:   upload data
········Start:   encrypt the gradients
··········Start:   new public key
··········End:     new public key ..................................................335.408ms
········End:     encrypt the gradients .............................................6.347s
········Start:   upload the mc+proof generation
··········Start:   start proof generation
··········End:     start proof generation ..........................................41.250s
········End:     upload the mc+proof generation ....................................41.251s
········Start:   upload the data
[2mOct 01 02:10:10.141[0m [33m WARN[0m [1mAtom Client[0m: client: data prepared
[2mOct 01 02:10:17.165[0m [33m WARN[0m [1mAtom Client[0m: client: data uploaded,receving ms proof
[2mOct 01 02:10:19.940[0m [33m WARN[0m [1mAtom Client[0m: client: ms proof received
········End:     upload the data ...................................................9.800s
······End:     upload data .........................................................57.398s
······Start:   verify the data
········Start:   verify
··········Start:   receive verify
··········End:     receive verify ..................................................127.817s
··········Start:   verify the proofs
··········End:     verify the proofs ...............................................129.897ms
········End:     verify the data ...................................................127.949s
······End:     one round ...........................................................186.552s
······Start:   one round
········Start:   train model
··········Start:   retrieve the model
··········End:     retrieve the model ..............................................203.645ms
········End:     train model .......................................................1.203s
········Start:   upload data
··········Start:   encrypt the gradients
············Start:   new public key
············End:     new public key ................................................330.698ms
··········End:     encrypt the gradients ...........................................6.272s
··········Start:   upload the mc+proof generation
············Start:   start proof generation
············End:     start proof generation ........................................41.250s
··········End:     upload the mc+proof generation ..................................41.251s
··········Start:   upload the data
[2mOct 01 02:13:16.619[0m [33m WARN[0m [1mAtom Client[0m: client: data prepared
[2mOct 01 02:13:23.642[0m [33m WARN[0m [1mAtom Client[0m: client: data uploaded,receving ms proof
[2mOct 01 02:13:25.945[0m [33m WARN[0m [1mAtom Client[0m: client: ms proof received
··········End:     upload the data .................................................9.327s
········End:     upload data .......................................................56.850s
········Start:   verify the data
··········Start:   verify
············Start:   receive verify
············End:     receive verify ................................................127.655s
············Start:   verify the proofs
············End:     verify the proofs .............................................131.790ms
··········End:     verify the data .................................................127.790s
········End:     one round .........................................................185.845s
········Start:   one round
··········Start:   train model
············Start:   retrieve the model
············End:     retrieve the model ............................................203.668ms
··········End:     train model .....................................................1.203s
··········Start:   upload data
············Start:   encrypt the gradients
··············Start:   new public key
··············End:     new public key ..............................................329.345ms
············End:     encrypt the gradients .........................................6.325s
············Start:   upload the mc+proof generation
··············Start:   start proof generation
··············End:     start proof generation ......................................41.250s
············End:     upload the mc+proof generation ................................41.251s
············Start:   upload the data
[2mOct 01 02:16:22.518[0m [33m WARN[0m [1mAtom Client[0m: client: data prepared
[2mOct 01 02:16:29.540[0m [33m WARN[0m [1mAtom Client[0m: client: data uploaded,receving ms proof
[2mOct 01 02:16:31.884[0m [33m WARN[0m [1mAtom Client[0m: client: ms proof received
············End:     upload the data ...............................................9.367s
··········End:     upload data .....................................................56.944s
··········Start:   verify the data
············Start:   verify
··············Start:   receive verify
··············End:     receive verify ..............................................127.125s
··············Start:   verify the proofs
··············End:     verify the proofs ...........................................132.667ms
············End:     verify the data ...............................................127.260s
··········End:     one round .......................................................185.408s
··········Start:   one round
············Start:   train model
··············Start:   retrieve the model
··············End:     retrieve the model ..........................................203.708ms
············End:     train model ...................................................1.203s
············Start:   upload data
··············Start:   encrypt the gradients
················Start:   new public key
················End:     new public key ............................................328.695ms
··············End:     encrypt the gradients .......................................6.291s
··············Start:   upload the mc+proof generation
················Start:   start proof generation
················End:     start proof generation ....................................41.250s
··············End:     upload the mc+proof generation ..............................41.251s
··············Start:   upload the data
[2mOct 01 02:19:27.893[0m [33m WARN[0m [1mAtom Client[0m: client: data prepared
[2mOct 01 02:19:34.916[0m [33m WARN[0m [1mAtom Client[0m: client: data uploaded,receving ms proof
[2mOct 01 02:19:38.066[0m [33m WARN[0m [1mAtom Client[0m: client: ms proof received
··············End:     upload the data .............................................10.174s
············End:     upload data ...................................................57.717s
············Start:   verify the data
··············Start:   verify
················Start:   receive verify
················End:     receive verify ............................................127.390s
················Start:   verify the proofs
················End:     verify the proofs .........................................131.895ms
··············End:     verify the data .............................................127.525s
············End:     one round .....................................................186.446s
············Start:   one round
··············Start:   train model
················Start:   retrieve the model
················End:     retrieve the model ........................................203.844ms
··············End:     train model .................................................1.204s
··············Start:   upload data
················Start:   encrypt the gradients
··················Start:   new public key
··················End:     new public key ..........................................336.313ms
················End:     encrypt the gradients .....................................6.295s
················Start:   upload the mc+proof generation
··················Start:   start proof generation
··················End:     start proof generation ..................................41.250s
················End:     upload the mc+proof generation ............................41.251s
················Start:   upload the data
[2mOct 01 02:22:34.344[0m [33m WARN[0m [1mAtom Client[0m: client: data prepared
[2mOct 01 02:22:41.367[0m [33m WARN[0m [1mAtom Client[0m: client: data uploaded,receving ms proof
[2mOct 01 02:22:44.014[0m [33m WARN[0m [1mAtom Client[0m: client: ms proof received
················End:     upload the data ...........................................9.672s
··············End:     upload data .................................................57.218s
··············Start:   verify the data
················Start:   verify
··················Start:   receive verify
··················End:     receive verify ..........................................127.224s
··················Start:   verify the proofs
··················End:     verify the proofs .......................................132.44ms
················End:     verify the data ...........................................127.359s
··············End:     one round ...................................................185.782s
··············Start:   one round
················Start:   train model
··················Start:   retrieve the model
··················End:     retrieve the model ......................................203.713ms
················End:     train model ...............................................1.203s
················Start:   upload data
··················Start:   encrypt the gradients
····················Start:   new public key
····················End:     new public key ........................................332.897ms
··················End:     encrypt the gradients ...................................6.341s
··················Start:   upload the mc+proof generation
····················Start:   start proof generation
····················End:     start proof generation ................................41.250s
··················End:     upload the mc+proof generation ..........................41.251s
··················Start:   upload the data
[2mOct 01 02:25:40.172[0m [33m WARN[0m [1mAtom Client[0m: client: data prepared
[2mOct 01 02:25:47.195[0m [33m WARN[0m [1mAtom Client[0m: client: data uploaded,receving ms proof
[2mOct 01 02:25:50.027[0m [33m WARN[0m [1mAtom Client[0m: client: ms proof received
··················End:     upload the data .........................................9.856s
················End:     upload data ...............................................57.449s
················Start:   verify the data
··················Start:   verify
····················Start:   receive verify
····················End:     receive verify ........................................127.674s
····················Start:   verify the proofs
····················End:     verify the proofs .....................................131.583ms
··················End:     verify the data .........................................127.809s
················End:     one round .................................................186.462s
················Start:   one round
··················Start:   train model
····················Start:   retrieve the model
····················End:     retrieve the model ....................................203.701ms
··················End:     train model .............................................1.203s
··················Start:   upload data
····················Start:   encrypt the gradients
······················Start:   new public key
······················End:     new public key ......................................336.756ms
····················End:     encrypt the gradients .................................6.391s
····················Start:   upload the mc+proof generation
······················Start:   start proof generation
······················End:     start proof generation ..............................41.250s
····················End:     upload the mc+proof generation ........................41.251s
····················Start:   upload the data
[2mOct 01 02:28:46.685[0m [33m WARN[0m [1mAtom Client[0m: client: data prepared
[2mOct 01 02:28:53.708[0m [33m WARN[0m [1mAtom Client[0m: client: data uploaded,receving ms proof
[2mOct 01 02:28:55.939[0m [33m WARN[0m [1mAtom Client[0m: client: ms proof received
····················End:     upload the data .......................................9.255s
··················End:     upload data .............................................56.898s
··················Start:   verify the data
····················Start:   verify
······················Start:   receive verify
······················End:     receive verify ......................................127.110s
······················Start:   verify the proofs
······················End:     verify the proofs ...................................136.164ms
····················End:     verify the data .......................................127.249s
··················End:     one round ...............................................185.352s
··················Start:   one round
····················Start:   train model
······················Start:   retrieve the model
······················End:     retrieve the model ..................................203.542ms
····················End:     train model ...........................................1.203s
····················Start:   upload data
······················Start:   encrypt the gradients
························Start:   new public key
························End:     new public key ....................................333.669ms
······················End:     encrypt the gradients ...............................6.435s
······················Start:   upload the mc+proof generation
························Start:   start proof generation
························End:     start proof generation ............................41.250s
······················End:     upload the mc+proof generation ......................41.251s
······················Start:   upload the data
[2mOct 01 02:31:52.080[0m [33m WARN[0m [1mAtom Client[0m: client: data prepared
[2mOct 01 02:31:59.105[0m [33m WARN[0m [1mAtom Client[0m: client: data uploaded,receving ms proof
[2mOct 01 02:32:02.005[0m [33m WARN[0m [1mAtom Client[0m: client: ms proof received
······················End:     upload the data .....................................9.926s
····················End:     upload data ...........................................57.613s
····················Start:   verify the data
······················Start:   verify
························Start:   receive verify
························End:     receive verify ....................................126.791s
························Start:   verify the proofs
························End:     verify the proofs .................................131.505ms
······················End:     verify the data .....................................126.925s
····················End:     one round .............................................185.742s
····················Start:   one round
······················Start:   train model
························Start:   retrieve the model
························End:     retrieve the model ................................203.702ms
······················End:     train model .........................................1.203s
······················Start:   upload data
························Start:   encrypt the gradients
··························Start:   new public key
··························End:     new public key ..................................331.702ms
························End:     encrypt the gradients .............................6.371s
························Start:   upload the mc+proof generation
··························Start:   start proof generation
··························End:     start proof generation ..........................41.250s
························End:     upload the mc+proof generation ....................41.251s
························Start:   upload the data
[2mOct 01 02:34:57.759[0m [33m WARN[0m [1mAtom Client[0m: client: data prepared
[2mOct 01 02:35:04.782[0m [33m WARN[0m [1mAtom Client[0m: client: data uploaded,receving ms proof
[2mOct 01 02:35:07.949[0m [33m WARN[0m [1mAtom Client[0m: client: ms proof received
························End:     upload the data ...................................10.191s
······················End:     upload data .........................................57.814s
······················Start:   verify the data
························Start:   verify
··························Start:   receive verify
[2mOct 01 02:35:37.238[0m [33m WARN[0m tarpc::client: Connection broken: could not read from the transport

Caused by:
    bytes remaining on stream
