[2mOct 01 02:43:35.569[0m [33m WARN[0m [1mAtom Client[0m: client: new
Start:   clients
··Start:   one round
····Start:   train model
······Start:   retrieve the model
······End:     retrieve the model ..................................................52.93ms
····End:     train model ...........................................................1.52s
····Start:   upload data
······Start:   encrypt the gradients
········Start:   new public key
········End:     new public key ....................................................350.747ms
······End:     encrypt the gradients ...............................................10.319s
······Start:   upload the mc+proof generation
········Start:   start proof generation
········End:     start proof generation ............................................82.500s
······End:     upload the mc+proof generation ......................................82.501s
······Start:   upload the data
[2mOct 01 02:45:09.796[0m [33m WARN[0m [1mAtom Client[0m: client: data prepared
[2mOct 01 02:45:23.870[0m [33m WARN[0m [1mAtom Client[0m: client: data uploaded,receving ms proof
[2mOct 01 02:45:28.653[0m [33m WARN[0m [1mAtom Client[0m: client: ms proof received
······End:     upload the data .....................................................18.865s
····End:     upload data ...........................................................111.687s
····Start:   verify the data
······Start:   verify
········Start:   receive verify
········End:     receive verify ....................................................256.11s
········Start:   verify the proofs
········End:     verify the proofs .................................................307.165ms
······End:     verify the data .....................................................256.323s
····End:     one round .............................................................369.62s
····Start:   one round
······Start:   train model
········Start:   retrieve the model
········End:     retrieve the model ................................................433.757ms
······End:     train model .........................................................1.433s
······Start:   upload data
········Start:   encrypt the gradients
··········Start:   new public key
··········End:     new public key ..................................................334.657ms
········End:     encrypt the gradients .............................................10.270s
········Start:   upload the mc+proof generation
··········Start:   start proof generation
··········End:     start proof generation ..........................................82.500s
········End:     upload the mc+proof generation ....................................82.501s
········Start:   upload the data
[2mOct 01 02:51:19.185[0m [33m WARN[0m [1mAtom Client[0m: client: data prepared
[2mOct 01 02:51:33.251[0m [33m WARN[0m [1mAtom Client[0m: client: data uploaded,receving ms proof
[2mOct 01 02:51:38.142[0m [33m WARN[0m [1mAtom Client[0m: client: ms proof received
········End:     upload the data ...................................................18.959s
······End:     upload data .........................................................111.731s
······Start:   verify the data
········Start:   verify
··········Start:   receive verify
··········End:     receive verify ..................................................253.806s
··········Start:   verify the proofs
··········End:     verify the proofs ...............................................275.331ms
········End:     verify the data ...................................................254.90s
······End:     one round ...........................................................367.256s
······Start:   one round
········Start:   train model
··········Start:   retrieve the model
··········End:     retrieve the model ..............................................408.280ms
········End:     train model .......................................................1.408s
········Start:   upload data
··········Start:   encrypt the gradients
············Start:   new public key
············End:     new public key ................................................328.331ms
··········End:     encrypt the gradients ...........................................10.228s
··········Start:   upload the mc+proof generation
············Start:   start proof generation
············End:     start proof generation ........................................82.500s
··········End:     upload the mc+proof generation ..................................82.501s
··········Start:   upload the data
[2mOct 01 02:57:26.376[0m [33m WARN[0m [1mAtom Client[0m: client: data prepared
[2mOct 01 02:57:40.435[0m [33m WARN[0m [1mAtom Client[0m: client: data uploaded,receving ms proof
[2mOct 01 02:57:46.802[0m [33m WARN[0m [1mAtom Client[0m: client: ms proof received
··········End:     upload the data .................................................20.431s
········End:     upload data .......................................................113.161s
········Start:   verify the data
··········Start:   verify
············Start:   receive verify
············End:     receive verify ................................................255.86s
············Start:   verify the proofs
············End:     verify the proofs .............................................273.78ms
··········End:     verify the data .................................................255.367s
········End:     one round .........................................................369.936s
········Start:   one round
··········Start:   train model
············Start:   retrieve the model
············End:     retrieve the model ............................................417.168ms
··········End:     train model .....................................................1.417s
··········Start:   upload data
············Start:   encrypt the gradients
··············Start:   new public key
··············End:     new public key ..............................................333.580ms
············End:     encrypt the gradients .........................................10.74s
············Start:   upload the mc+proof generation
··············Start:   start proof generation
··············End:     start proof generation ......................................82.500s
············End:     upload the mc+proof generation ................................82.501s
············Start:   upload the data
[2mOct 01 03:03:36.165[0m [33m WARN[0m [1mAtom Client[0m: client: data prepared
[2mOct 01 03:03:50.220[0m [33m WARN[0m [1mAtom Client[0m: client: data uploaded,receving ms proof
[2mOct 01 03:03:54.814[0m [33m WARN[0m [1mAtom Client[0m: client: ms proof received
············End:     upload the data ...............................................18.652s
··········End:     upload data .....................................................111.227s
··········Start:   verify the data
············Start:   verify
··············Start:   receive verify
··············End:     receive verify ..............................................254.823s
··············Start:   verify the proofs
··············End:     verify the proofs ...........................................263.876ms
············End:     verify the data ...............................................255.94s
··········End:     one round .......................................................367.739s
··········Start:   one round
············Start:   train model
··············Start:   retrieve the model
··············End:     retrieve the model ..........................................417.157ms
············End:     train model ...................................................1.417s
············Start:   upload data
··············Start:   encrypt the gradients
················Start:   new public key
················End:     new public key ............................................333.215ms
··············End:     encrypt the gradients .......................................10.25s
··············Start:   upload the mc+proof generation
················Start:   start proof generation
················End:     start proof generation ....................................82.500s
··············End:     upload the mc+proof generation ..............................82.501s
··············Start:   upload the data
[2mOct 01 03:09:43.856[0m [33m WARN[0m [1mAtom Client[0m: client: data prepared
[2mOct 01 03:09:57.913[0m [33m WARN[0m [1mAtom Client[0m: client: data uploaded,receving ms proof
[2mOct 01 03:10:03.203[0m [33m WARN[0m [1mAtom Client[0m: client: ms proof received
··············End:     upload the data .............................................19.349s
············End:     upload data ...................................................111.876s
············Start:   verify the data
··············Start:   verify
················Start:   receive verify
················End:     receive verify ............................................253.328s
················Start:   verify the proofs
················End:     verify the proofs .........................................264.240ms
··············End:     verify the data .............................................253.600s
············End:     one round .....................................................366.894s
············Start:   one round
··············Start:   train model
················Start:   retrieve the model
················End:     retrieve the model ........................................408.145ms
··············End:     train model .................................................1.408s
··············Start:   upload data
················Start:   encrypt the gradients
··················Start:   new public key
··················End:     new public key ..........................................327.606ms
················End:     encrypt the gradients .....................................10.11s
················Start:   upload the mc+proof generation
··················Start:   start proof generation
··················End:     start proof generation ..................................82.500s
················End:     upload the mc+proof generation ............................82.501s
················Start:   upload the data
[2mOct 01 03:15:50.728[0m [33m WARN[0m [1mAtom Client[0m: client: data prepared
[2mOct 01 03:16:04.784[0m [33m WARN[0m [1mAtom Client[0m: client: data uploaded,receving ms proof
[2mOct 01 03:16:11.123[0m [33m WARN[0m [1mAtom Client[0m: client: ms proof received
················End:     upload the data ...........................................20.397s
··············End:     upload data .................................................112.910s
··············Start:   verify the data
················Start:   verify
··················Start:   receive verify
··················End:     receive verify ..........................................254.770s
··················Start:   verify the proofs
··················End:     verify the proofs .......................................266.272ms
················End:     verify the data ...........................................255.44s
··············End:     one round ...................................................369.363s
··············Start:   one round
················Start:   train model
··················Start:   retrieve the model
··················End:     retrieve the model ......................................408.228ms
················End:     train model ...............................................1.408s
················Start:   upload data
··················Start:   encrypt the gradients
····················Start:   new public key
····················End:     new public key ........................................332.118ms
··················End:     encrypt the gradients ...................................10.322s
··················Start:   upload the mc+proof generation
····················Start:   start proof generation
····················End:     start proof generation ................................82.500s
··················End:     upload the mc+proof generation ..........................82.501s
··················Start:   upload the data
[2mOct 01 03:22:00.408[0m [33m WARN[0m [1mAtom Client[0m: client: data prepared
[2mOct 01 03:22:14.470[0m [33m WARN[0m [1mAtom Client[0m: client: data uploaded,receving ms proof
[2mOct 01 03:22:19.378[0m [33m WARN[0m [1mAtom Client[0m: client: ms proof received
··················End:     upload the data .........................................18.978s
················End:     upload data ...............................................111.802s
················Start:   verify the data
··················Start:   verify
····················Start:   receive verify
····················End:     receive verify ........................................255.64s
····················Start:   verify the proofs
····················End:     verify the proofs .....................................268.27ms
··················End:     verify the data .........................................255.339s
················End:     one round .................................................368.550s
················Start:   one round
··················Start:   train model
····················Start:   retrieve the model
····················End:     retrieve the model ....................................417.364ms
··················End:     train model .............................................1.417s
··················Start:   upload data
····················Start:   encrypt the gradients
······················Start:   new public key
······················End:     new public key ......................................333.193ms
····················End:     encrypt the gradients .................................10.82s
····················Start:   upload the mc+proof generation
······················Start:   start proof generation
······················End:     start proof generation ..............................82.500s
····················End:     upload the mc+proof generation ........................82.501s
····················Start:   upload the data
[2mOct 01 03:28:08.728[0m [33m WARN[0m [1mAtom Client[0m: client: data prepared
[2mOct 01 03:28:22.783[0m [33m WARN[0m [1mAtom Client[0m: client: data uploaded,receving ms proof
[2mOct 01 03:28:27.846[0m [33m WARN[0m [1mAtom Client[0m: client: ms proof received
····················End:     upload the data .......................................19.126s
··················End:     upload data .............................................111.710s
··················Start:   verify the data
····················Start:   verify
······················Start:   receive verify
······················End:     receive verify ......................................253.768s
······················Start:   verify the proofs
······················End:     verify the proofs ...................................255.595ms
····················End:     verify the data .......................................254.32s
··················End:     one round ...............................................367.160s
··················Start:   one round
····················Start:   train model
······················Start:   retrieve the model
······················End:     retrieve the model ..................................408.407ms
····················End:     train model ...........................................1.408s
····················Start:   upload data
······················Start:   encrypt the gradients
························Start:   new public key
························End:     new public key ....................................330.590ms
······················End:     encrypt the gradients ...............................10.134s
······················Start:   upload the mc+proof generation
························Start:   start proof generation
························End:     start proof generation ............................82.500s
······················End:     upload the mc+proof generation ......................82.501s
······················Start:   upload the data
[2mOct 01 03:34:15.926[0m [33m WARN[0m [1mAtom Client[0m: client: data prepared
[2mOct 01 03:34:29.981[0m [33m WARN[0m [1mAtom Client[0m: client: data uploaded,receving ms proof
[2mOct 01 03:34:36.474[0m [33m WARN[0m [1mAtom Client[0m: client: ms proof received
······················End:     upload the data .....................................20.550s
····················End:     upload data ...........................................113.186s
····················Start:   verify the data
······················Start:   verify
························Start:   receive verify
························End:     receive verify ....................................253.319s
························Start:   verify the proofs
························End:     verify the proofs .................................258.115ms
······················End:     verify the data .....................................253.580s
····················End:     one round .............................................368.175s
····················Start:   one round
······················Start:   train model
························Start:   retrieve the model
························End:     retrieve the model ................................1.598s
······················End:     train model .........................................2.598s
······················Start:   upload data
························Start:   encrypt the gradients
··························Start:   new public key
··························End:     new public key ..................................327.426ms
························End:     encrypt the gradients .............................10.275s
························Start:   upload the mc+proof generation
··························Start:   start proof generation
··························End:     start proof generation ..........................82.500s
························End:     upload the mc+proof generation ....................82.501s
························Start:   upload the data
[2mOct 01 03:40:25.438[0m [33m WARN[0m [1mAtom Client[0m: client: data prepared
[2mOct 01 03:40:39.495[0m [33m WARN[0m [1mAtom Client[0m: client: data uploaded,receving ms proof
[2mOct 01 03:40:44.685[0m [33m WARN[0m [1mAtom Client[0m: client: ms proof received
························End:     upload the data ...................................19.250s
······················End:     upload data .........................................112.27s
······················Start:   verify the data
························Start:   verify
··························Start:   receive verify
··························End:     receive verify ..................................254.481s
··························Start:   verify the proofs
··························End:     verify the proofs ...............................268.352ms
························End:     verify the data ...................................254.752s
······················End:     one round ...........................................369.383s
····················End:     clients ...............................................3683.868s
[2mOct 01 03:44:59.440[0m [33m WARN[0m [1mAtom Client[0m: client: close time.busy=420ms time.idle=3683s
