[2mNov 30 03:11:00.696[0m [33m WARN[0m [1mAtom Client[0m: client: new
Start:   clients
··Start:   one round
····Start:   train model
······Start:   retrieve the model
······End:     retrieve the model ..................................................1.68ms
····End:     train model ...........................................................1.1s
····Start:   upload data
······Start:   encrypt the gradients
······End:     encrypt the gradients ...............................................198.82ms
······Start:   upload the mc+proof generation
········Start:   start proof generation
··········Start:   Groth16::Prover
············Start:   R1CS to QAP witness map
············End:     R1CS to QAP witness map .......................................810.981ms
············Start:   Compute C
··············Start:   Compute C1
··············End:     Compute C1 ..................................................1.316s
··············Start:   Compute C2
··············End:     Compute C2 ..................................................848.130µs
············End:     Compute C .....................................................1.479s
············Start:   Compute A
············End:     Compute A .....................................................133.155ms
············Start:   Compute B in G1
············End:     Compute B in G1 ...............................................60.523ms
············Start:   Compute B in G2
············End:     Compute B in G2 ...............................................192.407ms
············Start:   Finish C
············End:     Finish C ......................................................4.811µs
··········End:     Groth16::Prover .................................................2.678s
········End:     start proof generation ............................................7.193s
······End:     upload the mc+proof generation ......................................7.195s
······Start:   upload the data
[2mNov 30 03:11:17.427[0m [33m WARN[0m [1mAtom Client[0m: client: data prepared
[2mNov 30 03:11:17.562[0m [33m WARN[0m [1mAtom Client[0m: client: data uploaded,receving ms proof
[2mNov 30 03:11:17.827[0m [33m WARN[0m [1mAtom Client[0m: client: ms proof received
······End:     upload the data .....................................................400.862ms
····End:     upload data ...........................................................7.794s
Prover CPU Time 17.619528567 s
····Start:   verify the data
······Start:   verify
········Start:   receive verify
········End:     receive verify ....................................................2.715s
········Start:   verify the proofs
········End:     verify the proofs .................................................1.119ms
Verifier CPU Time 0.041322762 s
······End:     verify the data .....................................................2.716s
····End:     one round .............................................................11.512s
··End:     clients .................................................................11.512s
[2mNov 30 03:11:20.604[0m [33m WARN[0m [1mAtom Client[0m: client: close time.busy=61.7ms time.idle=19.8s

real	0m20.146s
user	0m23.398s
sys	0m2.913s
