[2mNov 30 03:11:00.693[0m [33m WARN[0m [1mAtom Client[0m: client: new
Start:   clients
··Start:   one round
····Start:   train model
······Start:   retrieve the model
······End:     retrieve the model ..................................................1.47ms
····End:     train model ...........................................................1.1s
····Start:   upload data
······Start:   encrypt the gradients
······End:     encrypt the gradients ...............................................198.296ms
······Start:   upload the mc+proof generation
········Start:   start proof generation
··········Start:   Groth16::Prover
············Start:   R1CS to QAP witness map
············End:     R1CS to QAP witness map .......................................817.801ms
············Start:   Compute C
··············Start:   Compute C1
··············End:     Compute C1 ..................................................1.281s
··············Start:   Compute C2
··············End:     Compute C2 ..................................................818.793µs
············End:     Compute C .....................................................1.368s
············Start:   Compute A
············End:     Compute A .....................................................95.667ms
············Start:   Compute B in G1
············End:     Compute B in G1 ...............................................65.417ms
············Start:   Compute B in G2
············End:     Compute B in G2 ...............................................188.923ms
············Start:   Finish C
············End:     Finish C ......................................................4.753µs
··········End:     Groth16::Prover .................................................2.538s
········End:     start proof generation ............................................7.41s
······End:     upload the mc+proof generation ......................................7.42s
······Start:   upload the data
[2mNov 30 03:11:17.437[0m [33m WARN[0m [1mAtom Client[0m: client: data prepared
[2mNov 30 03:11:17.573[0m [33m WARN[0m [1mAtom Client[0m: client: data uploaded,receving ms proof
[2mNov 30 03:11:17.828[0m [33m WARN[0m [1mAtom Client[0m: client: ms proof received
······End:     upload the data .....................................................390.494ms
····End:     upload data ...........................................................7.631s
Prover CPU Time 17.723799199 s
····Start:   verify the data
······Start:   verify
········Start:   receive verify
········End:     receive verify ....................................................2.724s
········Start:   verify the proofs
········End:     verify the proofs .................................................1.156ms
Verifier CPU Time 0.03914479 s
······End:     verify the data .....................................................2.725s
····End:     one round .............................................................11.358s
··End:     clients .................................................................11.358s
[2mNov 30 03:11:20.623[0m [33m WARN[0m [1mAtom Client[0m: client: close time.busy=70.6ms time.idle=19.9s

real	0m20.164s
user	0m23.644s
sys	0m2.949s
