[2mNov 30 03:11:00.695[0m [33m WARN[0m [1mAtom Client[0m: client: new
Start:   clients
··Start:   one round
····Start:   train model
······Start:   retrieve the model
······End:     retrieve the model ..................................................1.360ms
····End:     train model ...........................................................1.1s
····Start:   upload data
······Start:   encrypt the gradients
······End:     encrypt the gradients ...............................................200.180ms
······Start:   upload the mc+proof generation
········Start:   start proof generation
··········Start:   Groth16::Prover
············Start:   R1CS to QAP witness map
············End:     R1CS to QAP witness map .......................................777.854ms
············Start:   Compute C
··············Start:   Compute C1
··············End:     Compute C1 ..................................................1.563s
··············Start:   Compute C2
··············End:     Compute C2 ..................................................1.96ms
············End:     Compute C .....................................................1.728s
············Start:   Compute A
············End:     Compute A .....................................................101.989ms
············Start:   Compute B in G1
············End:     Compute B in G1 ...............................................56.501ms
············Start:   Compute B in G2
············End:     Compute B in G2 ...............................................196.510ms
············Start:   Finish C
············End:     Finish C ......................................................7.590µs
··········End:     Groth16::Prover .................................................2.862s
········End:     start proof generation ............................................7.336s
······End:     upload the mc+proof generation ......................................7.338s
······Start:   upload the data
[2mNov 30 03:11:17.402[0m [33m WARN[0m [1mAtom Client[0m: client: data prepared
[2mNov 30 03:11:17.538[0m [33m WARN[0m [1mAtom Client[0m: client: data uploaded,receving ms proof
[2mNov 30 03:11:17.827[0m [33m WARN[0m [1mAtom Client[0m: client: ms proof received
······End:     upload the data .....................................................425.497ms
····End:     upload data ...........................................................7.964s
Prover CPU Time 18.242322364 s
····Start:   verify the data
······Start:   verify
········Start:   receive verify
········End:     receive verify ....................................................2.679s
········Start:   verify the proofs
········End:     verify the proofs .................................................1.756ms
Verifier CPU Time 0.051298098 s
······End:     verify the data .....................................................2.681s
····End:     one round .............................................................11.647s
··End:     clients .................................................................11.647s
[2mNov 30 03:11:20.563[0m [33m WARN[0m [1mAtom Client[0m: client: close time.busy=56.6ms time.idle=19.8s

real	0m20.129s
user	0m23.744s
sys	0m3.046s
