[2mNov 30 03:11:00.695[0m [33m WARN[0m [1mAtom Client[0m: client: new
Start:   clients
··Start:   one round
····Start:   train model
······Start:   retrieve the model
······End:     retrieve the model ..................................................1.45ms
····End:     train model ...........................................................1.1s
····Start:   upload data
······Start:   encrypt the gradients
······End:     encrypt the gradients ...............................................198.210ms
······Start:   upload the mc+proof generation
········Start:   start proof generation
··········Start:   Groth16::Prover
············Start:   R1CS to QAP witness map
············End:     R1CS to QAP witness map .......................................823.584ms
············Start:   Compute C
··············Start:   Compute C1
··············End:     Compute C1 ..................................................1.398s
··············Start:   Compute C2
··············End:     Compute C2 ..................................................1.77ms
············End:     Compute C .....................................................1.531s
············Start:   Compute A
············End:     Compute A .....................................................188.652ms
············Start:   Compute B in G1
············End:     Compute B in G1 ...............................................61.102ms
············Start:   Compute B in G2
············End:     Compute B in G2 ...............................................187.395ms
············Start:   Finish C
············End:     Finish C ......................................................4.799µs
··········End:     Groth16::Prover .................................................2.793s
········End:     start proof generation ............................................7.303s
······End:     upload the mc+proof generation ......................................7.304s
······Start:   upload the data
[2mNov 30 03:11:17.443[0m [33m WARN[0m [1mAtom Client[0m: client: data prepared
[2mNov 30 03:11:17.579[0m [33m WARN[0m [1mAtom Client[0m: client: data uploaded,receving ms proof
[2mNov 30 03:11:17.828[0m [33m WARN[0m [1mAtom Client[0m: client: ms proof received
······End:     upload the data .....................................................384.271ms
····End:     upload data ...........................................................7.887s
Prover CPU Time 18.683125366 s
····Start:   verify the data
······Start:   verify
········Start:   receive verify
········End:     receive verify ....................................................2.654s
········Start:   verify the proofs
········End:     verify the proofs .................................................1.933ms
Verifier CPU Time 0.049546221 s
······End:     verify the data .....................................................2.656s
····End:     one round .............................................................11.545s
··End:     clients .................................................................11.545s
[2mNov 30 03:11:20.519[0m [33m WARN[0m [1mAtom Client[0m: client: close time.busy=36.9ms time.idle=19.8s

real	0m20.115s
user	0m24.329s
sys	0m2.992s
