[2mNov 30 03:11:00.695[0m [33m WARN[0m [1mAtom Client[0m: client: new
Start:   clients
··Start:   one round
····Start:   train model
······Start:   retrieve the model
······End:     retrieve the model ..................................................1.143ms
····End:     train model ...........................................................1.1s
····Start:   upload data
······Start:   encrypt the gradients
······End:     encrypt the gradients ...............................................199.723ms
······Start:   upload the mc+proof generation
········Start:   start proof generation
··········Start:   Groth16::Prover
············Start:   R1CS to QAP witness map
············End:     R1CS to QAP witness map .......................................797.264ms
············Start:   Compute C
··············Start:   Compute C1
··············End:     Compute C1 ..................................................1.328s
··············Start:   Compute C2
··············End:     Compute C2 ..................................................964.262µs
············End:     Compute C .....................................................1.485s
············Start:   Compute A
············End:     Compute A .....................................................92.270ms
············Start:   Compute B in G1
············End:     Compute B in G1 ...............................................60.576ms
············Start:   Compute B in G2
············End:     Compute B in G2 ...............................................188.186ms
············Start:   Finish C
············End:     Finish C ......................................................4.638µs
··········End:     Groth16::Prover .................................................2.625s
········End:     start proof generation ............................................7.117s
······End:     upload the mc+proof generation ......................................7.118s
······Start:   upload the data
[2mNov 30 03:11:17.515[0m [33m WARN[0m [1mAtom Client[0m: client: data prepared
[2mNov 30 03:11:17.650[0m [33m WARN[0m [1mAtom Client[0m: client: data uploaded,receving ms proof
[2mNov 30 03:11:17.828[0m [33m WARN[0m [1mAtom Client[0m: client: ms proof received
······End:     upload the data .....................................................312.619ms
····End:     upload data ...........................................................7.631s
Prover CPU Time 18.026479406 s
····Start:   verify the data
······Start:   verify
········Start:   receive verify
········End:     receive verify ....................................................2.699s
········Start:   verify the proofs
········End:     verify the proofs .................................................1.247ms
Verifier CPU Time 0.038147383 s
······End:     verify the data .....................................................2.700s
····End:     one round .............................................................11.333s
··End:     clients .................................................................11.333s
[2mNov 30 03:11:20.585[0m [33m WARN[0m [1mAtom Client[0m: client: close time.busy=58.0ms time.idle=19.8s

real	0m20.142s
user	0m24.019s
sys	0m2.872s
