[2mNov 30 03:11:00.696[0m [33m WARN[0m [1mAtom Client[0m: client: new
Start:   clients
··Start:   one round
····Start:   train model
······Start:   retrieve the model
······End:     retrieve the model ..................................................1.92ms
····End:     train model ...........................................................1.1s
····Start:   upload data
······Start:   encrypt the gradients
······End:     encrypt the gradients ...............................................198.799ms
······Start:   upload the mc+proof generation
········Start:   start proof generation
··········Start:   Groth16::Prover
············Start:   R1CS to QAP witness map
············End:     R1CS to QAP witness map .......................................802.654ms
············Start:   Compute C
··············Start:   Compute C1
··············End:     Compute C1 ..................................................1.313s
··············Start:   Compute C2
··············End:     Compute C2 ..................................................985.350µs
············End:     Compute C .....................................................1.401s
············Start:   Compute A
············End:     Compute A .....................................................92.113ms
············Start:   Compute B in G1
············End:     Compute B in G1 ...............................................57.633ms
············Start:   Compute B in G2
············End:     Compute B in G2 ...............................................191.87ms
············Start:   Finish C
············End:     Finish C ......................................................4.612µs
··········End:     Groth16::Prover .................................................2.546s
········End:     start proof generation ............................................6.972s
······End:     upload the mc+proof generation ......................................6.974s
······Start:   upload the data
[2mNov 30 03:11:17.113[0m [33m WARN[0m [1mAtom Client[0m: client: data prepared
[2mNov 30 03:11:17.249[0m [33m WARN[0m [1mAtom Client[0m: client: data uploaded,receving ms proof
[2mNov 30 03:11:17.828[0m [33m WARN[0m [1mAtom Client[0m: client: ms proof received
······End:     upload the data .....................................................714.289ms
····End:     upload data ...........................................................7.887s
Prover CPU Time 17.625865664 s
····Start:   verify the data
······Start:   verify
········Start:   receive verify
········End:     receive verify ....................................................2.679s
········Start:   verify the proofs
········End:     verify the proofs .................................................1.462ms
Verifier CPU Time 0.033363577 s
······End:     verify the data .....................................................2.680s
····End:     one round .............................................................11.569s
··End:     clients .................................................................11.569s
[2mNov 30 03:11:20.560[0m [33m WARN[0m [1mAtom Client[0m: client: close time.busy=53.7ms time.idle=19.8s

real	0m20.128s
user	0m23.425s
sys	0m2.813s
