[2mNov 30 03:11:00.694[0m [33m WARN[0m [1mAtom Client[0m: client: new
Start:   clients
··Start:   one round
····Start:   train model
······Start:   retrieve the model
······End:     retrieve the model ..................................................1.7ms
····End:     train model ...........................................................1.1s
····Start:   upload data
······Start:   encrypt the gradients
······End:     encrypt the gradients ...............................................199.753ms
······Start:   upload the mc+proof generation
········Start:   start proof generation
··········Start:   Groth16::Prover
············Start:   R1CS to QAP witness map
············End:     R1CS to QAP witness map .......................................852.271ms
············Start:   Compute C
··············Start:   Compute C1
··············End:     Compute C1 ..................................................1.391s
··············Start:   Compute C2
··············End:     Compute C2 ..................................................1.5ms
············End:     Compute C .....................................................1.518s
············Start:   Compute A
············End:     Compute A .....................................................119.82ms
············Start:   Compute B in G1
············End:     Compute B in G1 ...............................................58.67ms
············Start:   Compute B in G2
············End:     Compute B in G2 ...............................................188.448ms
············Start:   Finish C
············End:     Finish C ......................................................6.983µs
··········End:     Groth16::Prover .................................................2.738s
········End:     start proof generation ............................................7.285s
······End:     upload the mc+proof generation ......................................7.287s
······Start:   upload the data
[2mNov 30 03:11:17.401[0m [33m WARN[0m [1mAtom Client[0m: client: data prepared
[2mNov 30 03:11:17.536[0m [33m WARN[0m [1mAtom Client[0m: client: data uploaded,receving ms proof
[2mNov 30 03:11:17.827[0m [33m WARN[0m [1mAtom Client[0m: client: ms proof received
······End:     upload the data .....................................................426.775ms
····End:     upload data ...........................................................7.913s
Prover CPU Time 18.68975902 s
····Start:   verify the data
······Start:   verify
········Start:   receive verify
········End:     receive verify ....................................................2.691s
········Start:   verify the proofs
········End:     verify the proofs .................................................1.416ms
Verifier CPU Time 0.046372001 s
······End:     verify the data .....................................................2.692s
····End:     one round .............................................................11.607s
··End:     clients .................................................................11.607s
[2mNov 30 03:11:20.609[0m [33m WARN[0m [1mAtom Client[0m: client: close time.busy=90.7ms time.idle=19.8s

real	0m20.154s
user	0m24.326s
sys	0m2.976s
