[2mNov 30 03:11:00.695[0m [33m WARN[0m [1mAtom Client[0m: client: new
Start:   clients
··Start:   one round
····Start:   train model
······Start:   retrieve the model
······End:     retrieve the model ..................................................1.249ms
····End:     train model ...........................................................1.1s
····Start:   upload data
······Start:   encrypt the gradients
······End:     encrypt the gradients ...............................................197.410ms
······Start:   upload the mc+proof generation
········Start:   start proof generation
··········Start:   Groth16::Prover
············Start:   R1CS to QAP witness map
············End:     R1CS to QAP witness map .......................................833.667ms
············Start:   Compute C
··············Start:   Compute C1
··············End:     Compute C1 ..................................................1.389s
··············Start:   Compute C2
··············End:     Compute C2 ..................................................989.977µs
············End:     Compute C .....................................................1.480s
············Start:   Compute A
············End:     Compute A .....................................................92.359ms
············Start:   Compute B in G1
············End:     Compute B in G1 ...............................................56.323ms
············Start:   Compute B in G2
············End:     Compute B in G2 ...............................................189.61ms
············Start:   Finish C
············End:     Finish C ......................................................5.346µs
··········End:     Groth16::Prover .................................................2.654s
········End:     start proof generation ............................................7.149s
······End:     upload the mc+proof generation ......................................7.152s
······Start:   upload the data
[2mNov 30 03:11:17.314[0m [33m WARN[0m [1mAtom Client[0m: client: data prepared
[2mNov 30 03:11:17.449[0m [33m WARN[0m [1mAtom Client[0m: client: data uploaded,receving ms proof
[2mNov 30 03:11:17.828[0m [33m WARN[0m [1mAtom Client[0m: client: ms proof received
······End:     upload the data .....................................................513.956ms
····End:     upload data ...........................................................7.863s
Prover CPU Time 18.225699123 s
····Start:   verify the data
······Start:   verify
········Start:   receive verify
········End:     receive verify ....................................................2.708s
········Start:   verify the proofs
········End:     verify the proofs .................................................1.274ms
Verifier CPU Time 0.033349813 s
······End:     verify the data .....................................................2.710s
····End:     one round .............................................................11.575s
··End:     clients .................................................................11.575s
[2mNov 30 03:11:20.603[0m [33m WARN[0m [1mAtom Client[0m: client: close time.busy=66.2ms time.idle=19.8s

real	0m20.152s
user	0m23.868s
sys	0m2.996s
