[2mNov 30 03:12:38.717[0m [33m WARN[0m [1mAtom Client[0m: client: new
Start:   clients
··Start:   one round
····Start:   train model
······Start:   retrieve the model
······End:     retrieve the model ..................................................202.129ms
····End:     train model ...........................................................1.202s
····Start:   upload data
······Start:   encrypt the gradients
······End:     encrypt the gradients ...............................................3.469s
······Start:   upload the mc+proof generation
········Start:   start proof generation
··········Start:   Groth16::Prover
············Start:   R1CS to QAP witness map
············End:     R1CS to QAP witness map .......................................729.302ms
············Start:   Compute C
··············Start:   Compute C1
··············End:     Compute C1 ..................................................1.501s
··············Start:   Compute C2
··············End:     Compute C2 ..................................................829.647µs
············End:     Compute C .....................................................1.663s
············Start:   Compute A
············End:     Compute A .....................................................120.774ms
············Start:   Compute B in G1
············End:     Compute B in G1 ...............................................73.163ms
············Start:   Compute B in G2
············End:     Compute B in G2 ...............................................229.978ms
············Start:   Finish C
············End:     Finish C ......................................................4.873µs
··········End:     Groth16::Prover .................................................2.818s
··········Start:   Groth16::Prover
············Start:   R1CS to QAP witness map
············End:     R1CS to QAP witness map .......................................784.769ms
············Start:   Compute C
··············Start:   Compute C1
··············End:     Compute C1 ..................................................1.391s
··············Start:   Compute C2
··············End:     Compute C2 ..................................................956.768µs
············End:     Compute C .....................................................1.533s
············Start:   Compute A
············End:     Compute A .....................................................113.80ms
············Start:   Compute B in G1
············End:     Compute B in G1 ...............................................71.809ms
············Start:   Compute B in G2
············End:     Compute B in G2 ...............................................232.871ms
············Start:   Finish C
············End:     Finish C ......................................................4.590µs
··········End:     Groth16::Prover .................................................2.737s
··········Start:   Groth16::Prover
············Start:   R1CS to QAP witness map
············End:     R1CS to QAP witness map .......................................737.462ms
············Start:   Compute C
··············Start:   Compute C1
··············End:     Compute C1 ..................................................1.544s
··············Start:   Compute C2
··············End:     Compute C2 ..................................................840.133µs
············End:     Compute C .....................................................1.652s
············Start:   Compute A
············End:     Compute A .....................................................130.531ms
············Start:   Compute B in G1
············End:     Compute B in G1 ...............................................72.455ms
············Start:   Compute B in G2
············End:     Compute B in G2 ...............................................228.953ms
············Start:   Finish C
············End:     Finish C ......................................................8.454µs
··········End:     Groth16::Prover .................................................2.823s
··········Start:   Groth16::Prover
············Start:   R1CS to QAP witness map
············End:     R1CS to QAP witness map .......................................759.822ms
············Start:   Compute C
··············Start:   Compute C1
··············End:     Compute C1 ..................................................1.305s
··············Start:   Compute C2
··············End:     Compute C2 ..................................................1.386ms
············End:     Compute C .....................................................1.467s
············Start:   Compute A
············End:     Compute A .....................................................107.181ms
············Start:   Compute B in G1
············End:     Compute B in G1 ...............................................72.673ms
············Start:   Compute B in G2
············End:     Compute B in G2 ...............................................244.191ms
············Start:   Finish C
············End:     Finish C ......................................................8.405µs
··········End:     Groth16::Prover .................................................2.655s
··········Start:   Groth16::Prover
············Start:   R1CS to QAP witness map
············End:     R1CS to QAP witness map .......................................797.878ms
············Start:   Compute C
··············Start:   Compute C1
··············End:     Compute C1 ..................................................1.452s
··············Start:   Compute C2
··············End:     Compute C2 ..................................................1.42ms
············End:     Compute C .....................................................1.562s
············Start:   Compute A
············End:     Compute A .....................................................102.777ms
············Start:   Compute B in G1
············End:     Compute B in G1 ...............................................68.665ms
············Start:   Compute B in G2
············End:     Compute B in G2 ...............................................283.94ms
············Start:   Finish C
············End:     Finish C ......................................................4.474µs
··········End:     Groth16::Prover .................................................2.817s
··········Start:   Groth16::Prover
············Start:   R1CS to QAP witness map
············End:     R1CS to QAP witness map .......................................780.467ms
············Start:   Compute C
··············Start:   Compute C1
··············End:     Compute C1 ..................................................1.453s
··············Start:   Compute C2
··············End:     Compute C2 ..................................................992.254µs
············End:     Compute C .....................................................1.630s
············Start:   Compute A
············End:     Compute A .....................................................180.967ms
············Start:   Compute B in G1
············End:     Compute B in G1 ...............................................124.195ms
············Start:   Compute B in G2
············End:     Compute B in G2 ...............................................383.72ms
············Start:   Finish C
············End:     Finish C ......................................................6.993µs
··········End:     Groth16::Prover .................................................3.100s
··········Start:   Groth16::Prover
············Start:   R1CS to QAP witness map
············End:     R1CS to QAP witness map .......................................819.188ms
············Start:   Compute C
··············Start:   Compute C1
··············End:     Compute C1 ..................................................1.302s
··············Start:   Compute C2
··············End:     Compute C2 ..................................................991.68µs
············End:     Compute C .....................................................1.443s
············Start:   Compute A
············End:     Compute A .....................................................103.359ms
············Start:   Compute B in G1
············End:     Compute B in G1 ...............................................68.952ms
············Start:   Compute B in G2
············End:     Compute B in G2 ...............................................230.85ms
············Start:   Finish C
············End:     Finish C ......................................................6.819µs
··········End:     Groth16::Prover .................................................2.666s
··········Start:   Groth16::Prover
············Start:   R1CS to QAP witness map
············End:     R1CS to QAP witness map .......................................729.411ms
············Start:   Compute C
··············Start:   Compute C1
··············End:     Compute C1 ..................................................1.82s
··············Start:   Compute C2
··············End:     Compute C2 ..................................................1.437ms
············End:     Compute C .....................................................1.215s
············Start:   Compute A
············End:     Compute A .....................................................107.26ms
············Start:   Compute B in G1
············End:     Compute B in G1 ...............................................73.334ms
············Start:   Compute B in G2
············End:     Compute B in G2 ...............................................238.820ms
············Start:   Finish C
············End:     Finish C ......................................................4.505µs
··········End:     Groth16::Prover .................................................2.366s
··········Start:   Groth16::Prover
············Start:   R1CS to QAP witness map
············End:     R1CS to QAP witness map .......................................688.942ms
············Start:   Compute C
··············Start:   Compute C1
··············End:     Compute C1 ..................................................1.68s
··············Start:   Compute C2
··············End:     Compute C2 ..................................................1.191ms
············End:     Compute C .....................................................1.175s
············Start:   Compute A
············End:     Compute A .....................................................108.128ms
············Start:   Compute B in G1
············End:     Compute B in G1 ...............................................73.939ms
············Start:   Compute B in G2
············End:     Compute B in G2 ...............................................246.856ms
············Start:   Finish C
············End:     Finish C ......................................................4.949µs
··········End:     Groth16::Prover .................................................2.297s
··········Start:   Groth16::Prover
············Start:   R1CS to QAP witness map
············End:     R1CS to QAP witness map .......................................862.358ms
············Start:   Compute C
··············Start:   Compute C1
··············End:     Compute C1 ..................................................1.223s
··············Start:   Compute C2
··············End:     Compute C2 ..................................................1.121ms
············End:     Compute C .....................................................1.333s
············Start:   Compute A
············End:     Compute A .....................................................108.596ms
············Start:   Compute B in G1
············End:     Compute B in G1 ...............................................74.566ms
············Start:   Compute B in G2
············End:     Compute B in G2 ...............................................248.396ms
············Start:   Finish C
············End:     Finish C ......................................................4.349µs
··········End:     Groth16::Prover .................................................2.629s
··········Start:   Groth16::Prover
············Start:   R1CS to QAP witness map
············End:     R1CS to QAP witness map .......................................655.417ms
············Start:   Compute C
··············Start:   Compute C1
··············End:     Compute C1 ..................................................1.164s
··············Start:   Compute C2
··············End:     Compute C2 ..................................................1.8ms
············End:     Compute C .....................................................1.292s
············Start:   Compute A
············End:     Compute A .....................................................102.952ms
············Start:   Compute B in G1
············End:     Compute B in G1 ...............................................68.763ms
············Start:   Compute B in G2
············End:     Compute B in G2 ...............................................229.713ms
············Start:   Finish C
············End:     Finish C ......................................................4.389µs
··········End:     Groth16::Prover .................................................2.350s
··········Start:   Groth16::Prover
············Start:   R1CS to QAP witness map
············End:     R1CS to QAP witness map .......................................668.92ms
············Start:   Compute C
··············Start:   Compute C1
··············End:     Compute C1 ..................................................1.222s
··············Start:   Compute C2
··············End:     Compute C2 ..................................................997.948µs
············End:     Compute C .....................................................1.390s
············Start:   Compute A
············End:     Compute A .....................................................185.263ms
············Start:   Compute B in G1
············End:     Compute B in G1 ...............................................128.573ms
············Start:   Compute B in G2
············End:     Compute B in G2 ...............................................426.321ms
············Start:   Finish C
············End:     Finish C ......................................................7.951µs
··········End:     Groth16::Prover .................................................2.800s
··········Start:   Groth16::Prover
············Start:   R1CS to QAP witness map
············End:     R1CS to QAP witness map .......................................685.605ms
············Start:   Compute C
··············Start:   Compute C1
··············End:     Compute C1 ..................................................1.240s
··············Start:   Compute C2
··············End:     Compute C2 ..................................................1.797ms
············End:     Compute C .....................................................1.431s
············Start:   Compute A
············End:     Compute A .....................................................188.305ms
············Start:   Compute B in G1
············End:     Compute B in G1 ...............................................74.91ms
············Start:   Compute B in G2
············End:     Compute B in G2 ...............................................241.252ms
············Start:   Finish C
············End:     Finish C ......................................................8.80µs
··········End:     Groth16::Prover .................................................2.624s
··········Start:   Groth16::Prover
············Start:   R1CS to QAP witness map
············End:     R1CS to QAP witness map .......................................749.832ms
············Start:   Compute C
··············Start:   Compute C1
··············End:     Compute C1 ..................................................1.267s
··············Start:   Compute C2
··············End:     Compute C2 ..................................................1.206ms
············End:     Compute C .....................................................1.461s
············Start:   Compute A
············End:     Compute A .....................................................193.494ms
············Start:   Compute B in G1
············End:     Compute B in G1 ...............................................127.833ms
············Start:   Compute B in G2
············End:     Compute B in G2 ...............................................423.801ms
············Start:   Finish C
············End:     Finish C ......................................................8.307µs
··········End:     Groth16::Prover .................................................2.957s
··········Start:   Groth16::Prover
············Start:   R1CS to QAP witness map
············End:     R1CS to QAP witness map .......................................710.408ms
············Start:   Compute C
··············Start:   Compute C1
··············End:     Compute C1 ..................................................1.171s
··············Start:   Compute C2
··············End:     Compute C2 ..................................................1.50ms
············End:     Compute C .....................................................1.349s
············Start:   Compute A
············End:     Compute A .....................................................137.886ms
············Start:   Compute B in G1
············End:     Compute B in G1 ...............................................69.798ms
············Start:   Compute B in G2
············End:     Compute B in G2 ...............................................327.502ms
············Start:   Finish C
············End:     Finish C ......................................................4.643µs
··········End:     Groth16::Prover .................................................2.596s
··········Start:   Groth16::Prover
············Start:   R1CS to QAP witness map
············End:     R1CS to QAP witness map .......................................718.916ms
············Start:   Compute C
··············Start:   Compute C1
··············End:     Compute C1 ..................................................911.674ms
··············Start:   Compute C2
··············End:     Compute C2 ..................................................1.104ms
············End:     Compute C .....................................................1.98s
············Start:   Compute A
············End:     Compute A .....................................................177.229ms
············Start:   Compute B in G1
············End:     Compute B in G1 ...............................................113.388ms
············Start:   Compute B in G2
············End:     Compute B in G2 ...............................................423.159ms
············Start:   Finish C
············End:     Finish C ......................................................8.243µs
··········End:     Groth16::Prover .................................................2.533s
··········Start:   Groth16::Prover
············Start:   R1CS to QAP witness map
············End:     R1CS to QAP witness map .......................................810.38ms
············Start:   Compute C
··············Start:   Compute C1
··············End:     Compute C1 ..................................................1.71s
··············Start:   Compute C2
··············End:     Compute C2 ..................................................1.504ms
············End:     Compute C .....................................................1.266s
············Start:   Compute A
············End:     Compute A .....................................................198.57ms
············Start:   Compute B in G1
············End:     Compute B in G1 ...............................................128.53ms
············Start:   Compute B in G2
············End:     Compute B in G2 ...............................................335.10ms
············Start:   Finish C
············End:     Finish C ......................................................8.85µs
··········End:     Groth16::Prover .................................................2.741s
··········Start:   Groth16::Prover
············Start:   R1CS to QAP witness map
············End:     R1CS to QAP witness map .......................................775.382ms
············Start:   Compute C
··············Start:   Compute C1
··············End:     Compute C1 ..................................................1.41s
··············Start:   Compute C2
··············End:     Compute C2 ..................................................908.349µs
············End:     Compute C .....................................................1.184s
············Start:   Compute A
············End:     Compute A .....................................................179.771ms
············Start:   Compute B in G1
············End:     Compute B in G1 ...............................................135.2ms
············Start:   Compute B in G2
············End:     Compute B in G2 ...............................................429.480ms
············Start:   Finish C
············End:     Finish C ......................................................8.326µs
··········End:     Groth16::Prover .................................................2.705s
··········Start:   Groth16::Prover
············Start:   R1CS to QAP witness map
············End:     R1CS to QAP witness map .......................................757.623ms
············Start:   Compute C
··············Start:   Compute C1
··············End:     Compute C1 ..................................................1.88s
··············Start:   Compute C2
··············End:     Compute C2 ..................................................1.1ms
············End:     Compute C .....................................................1.191s
············Start:   Compute A
············End:     Compute A .....................................................193.900ms
············Start:   Compute B in G1
············End:     Compute B in G1 ...............................................97.719ms
············Start:   Compute B in G2
············End:     Compute B in G2 ...............................................234.752ms
············Start:   Finish C
············End:     Finish C ......................................................8.94µs
··········End:     Groth16::Prover .................................................2.477s
··········Start:   Groth16::Prover
············Start:   R1CS to QAP witness map
············End:     R1CS to QAP witness map .......................................786.28ms
············Start:   Compute C
··············Start:   Compute C1
··············End:     Compute C1 ..................................................1.149s
··············Start:   Compute C2
··············End:     Compute C2 ..................................................941.683µs
············End:     Compute C .....................................................1.280s
············Start:   Compute A
············End:     Compute A .....................................................173.277ms
············Start:   Compute B in G1
············End:     Compute B in G1 ...............................................113.438ms
············Start:   Compute B in G2
············End:     Compute B in G2 ...............................................290.756ms
············Start:   Finish C
············End:     Finish C ......................................................4.360µs
··········End:     Groth16::Prover .................................................2.645s
··········Start:   Groth16::Prover
············Start:   R1CS to QAP witness map
············End:     R1CS to QAP witness map .......................................718.917ms
············Start:   Compute C
··············Start:   Compute C1
··············End:     Compute C1 ..................................................1.34s
··············Start:   Compute C2
··············End:     Compute C2 ..................................................1.93ms
············End:     Compute C .....................................................1.227s
············Start:   Compute A
············End:     Compute A .....................................................108.805ms
············Start:   Compute B in G1
············End:     Compute B in G1 ...............................................68.771ms
············Start:   Compute B in G2
············End:     Compute B in G2 ...............................................340.678ms
············Start:   Finish C
············End:     Finish C ......................................................4.609µs
··········End:     Groth16::Prover .................................................2.466s
··········Start:   Groth16::Prover
············Start:   R1CS to QAP witness map
············End:     R1CS to QAP witness map .......................................801.615ms
············Start:   Compute C
··············Start:   Compute C1
··············End:     Compute C1 ..................................................1.279s
··············Start:   Compute C2
··············End:     Compute C2 ..................................................1.367ms
············End:     Compute C .....................................................1.416s
············Start:   Compute A
············End:     Compute A .....................................................103.33ms
············Start:   Compute B in G1
············End:     Compute B in G1 ...............................................89.414ms
············Start:   Compute B in G2
············End:     Compute B in G2 ...............................................282.432ms
············Start:   Finish C
············End:     Finish C ......................................................7.991µs
··········End:     Groth16::Prover .................................................2.695s
··········Start:   Groth16::Prover
············Start:   R1CS to QAP witness map
············End:     R1CS to QAP witness map .......................................773.38ms
············Start:   Compute C
··············Start:   Compute C1
··············End:     Compute C1 ..................................................1.215s
··············Start:   Compute C2
··············End:     Compute C2 ..................................................1.12ms
············End:     Compute C .....................................................1.373s
············Start:   Compute A
············End:     Compute A .....................................................108.461ms
············Start:   Compute B in G1
············End:     Compute B in G1 ...............................................71.784ms
············Start:   Compute B in G2
············End:     Compute B in G2 ...............................................238.910ms
············Start:   Finish C
············End:     Finish C ......................................................4.361µs
··········End:     Groth16::Prover .................................................2.567s
··········Start:   Groth16::Prover
············Start:   R1CS to QAP witness map
············End:     R1CS to QAP witness map .......................................753.264ms
············Start:   Compute C
··············Start:   Compute C1
··············End:     Compute C1 ..................................................1.329s
··············Start:   Compute C2
··············End:     Compute C2 ..................................................995.445µs
············End:     Compute C .....................................................1.456s
············Start:   Compute A
············End:     Compute A .....................................................149.620ms
············Start:   Compute B in G1
············End:     Compute B in G1 ...............................................72.698ms
············Start:   Compute B in G2
············End:     Compute B in G2 ...............................................233.499ms
············Start:   Finish C
············End:     Finish C ......................................................8.88µs
··········End:     Groth16::Prover .................................................2.667s
··········Start:   Groth16::Prover
············Start:   R1CS to QAP witness map
············End:     R1CS to QAP witness map .......................................745.787ms
············Start:   Compute C
··············Start:   Compute C1
··············End:     Compute C1 ..................................................1.278s
··············Start:   Compute C2
··············End:     Compute C2 ..................................................1.41ms
············End:     Compute C .....................................................1.471s
············Start:   Compute A
············End:     Compute A .....................................................136.205ms
············Start:   Compute B in G1
············End:     Compute B in G1 ...............................................117.73ms
············Start:   Compute B in G2
············End:     Compute B in G2 ...............................................397.807ms
············Start:   Finish C
············End:     Finish C ......................................................4.423µs
··········End:     Groth16::Prover .................................................2.869s
··········Start:   Groth16::Prover
············Start:   R1CS to QAP witness map
············End:     R1CS to QAP witness map .......................................765.966ms
············Start:   Compute C
··············Start:   Compute C1
··············End:     Compute C1 ..................................................1.255s
··············Start:   Compute C2
··············End:     Compute C2 ..................................................964.961µs
············End:     Compute C .....................................................1.387s
············Start:   Compute A
············End:     Compute A .....................................................147.86ms
············Start:   Compute B in G1
············End:     Compute B in G1 ...............................................68.909ms
············Start:   Compute B in G2
············End:     Compute B in G2 ...............................................231.765ms
············Start:   Finish C
············End:     Finish C ......................................................8.269µs
··········End:     Groth16::Prover .................................................2.602s
··········Start:   Groth16::Prover
············Start:   R1CS to QAP witness map
············End:     R1CS to QAP witness map .......................................779.411ms
············Start:   Compute C
··············Start:   Compute C1
··············End:     Compute C1 ..................................................1.298s
··············Start:   Compute C2
··············End:     Compute C2 ..................................................920.679µs
············End:     Compute C .....................................................1.423s
············Start:   Compute A
············End:     Compute A .....................................................185.201ms
············Start:   Compute B in G1
············End:     Compute B in G1 ...............................................129.389ms
············Start:   Compute B in G2
············End:     Compute B in G2 ...............................................428.789ms
············Start:   Finish C
············End:     Finish C ......................................................4.560µs
··········End:     Groth16::Prover .................................................2.947s
··········Start:   Groth16::Prover
············Start:   R1CS to QAP witness map
············End:     R1CS to QAP witness map .......................................814.108ms
············Start:   Compute C
··············Start:   Compute C1
··············End:     Compute C1 ..................................................1.169s
··············Start:   Compute C2
··············End:     Compute C2 ..................................................1.328ms
············End:     Compute C .....................................................1.349s
············Start:   Compute A
············End:     Compute A .....................................................110.36ms
············Start:   Compute B in G1
············End:     Compute B in G1 ...............................................69.75ms
············Start:   Compute B in G2
············End:     Compute B in G2 ...............................................241.278ms
············Start:   Finish C
············End:     Finish C ......................................................7.913µs
··········End:     Groth16::Prover .................................................2.588s
··········Start:   Groth16::Prover
············Start:   R1CS to QAP witness map
············End:     R1CS to QAP witness map .......................................805.516ms
············Start:   Compute C
··············Start:   Compute C1
··············End:     Compute C1 ..................................................1.96s
··············Start:   Compute C2
··············End:     Compute C2 ..................................................1.296ms
············End:     Compute C .....................................................1.257s
············Start:   Compute A
············End:     Compute A .....................................................190.532ms
············Start:   Compute B in G1
············End:     Compute B in G1 ...............................................114.93ms
············Start:   Compute B in G2
············End:     Compute B in G2 ...............................................422.848ms
············Start:   Finish C
············End:     Finish C ......................................................7.867µs
··········End:     Groth16::Prover .................................................2.792s
··········Start:   Groth16::Prover
············Start:   R1CS to QAP witness map
············End:     R1CS to QAP witness map .......................................828.914ms
············Start:   Compute C
··············Start:   Compute C1
··············End:     Compute C1 ..................................................1.218s
··············Start:   Compute C2
··············End:     Compute C2 ..................................................813.715µs
············End:     Compute C .....................................................1.321s
············Start:   Compute A
············End:     Compute A .....................................................102.998ms
············Start:   Compute B in G1
············End:     Compute B in G1 ...............................................68.878ms
············Start:   Compute B in G2
············End:     Compute B in G2 ...............................................229.673ms
············Start:   Finish C
············End:     Finish C ......................................................8.274µs
··········End:     Groth16::Prover .................................................2.554s
··········Start:   Groth16::Prover
············Start:   R1CS to QAP witness map
············End:     R1CS to QAP witness map .......................................776.862ms
············Start:   Compute C
··············Start:   Compute C1
··············End:     Compute C1 ..................................................1.296s
··············Start:   Compute C2
··············End:     Compute C2 ..................................................1.16ms
············End:     Compute C .....................................................1.488s
············Start:   Compute A
············End:     Compute A .....................................................107.12ms
············Start:   Compute B in G1
············End:     Compute B in G1 ...............................................68.721ms
············Start:   Compute B in G2
············End:     Compute B in G2 ...............................................408.846ms
············Start:   Finish C
············End:     Finish C ......................................................7.934µs
··········End:     Groth16::Prover .................................................2.852s
··········Start:   Groth16::Prover
············Start:   R1CS to QAP witness map
············End:     R1CS to QAP witness map .......................................809.542ms
············Start:   Compute C
··············Start:   Compute C1
··············End:     Compute C1 ..................................................1.186s
··············Start:   Compute C2
··············End:     Compute C2 ..................................................1.25ms
············End:     Compute C .....................................................1.357s
············Start:   Compute A
············End:     Compute A .....................................................185.453ms
············Start:   Compute B in G1
············End:     Compute B in G1 ...............................................128.668ms
············Start:   Compute B in G2
············End:     Compute B in G2 ...............................................424.778ms
············Start:   Finish C
············End:     Finish C ......................................................8.66µs
··········End:     Groth16::Prover .................................................2.907s
··········Start:   Groth16::Prover
············Start:   R1CS to QAP witness map
············End:     R1CS to QAP witness map .......................................771.550ms
············Start:   Compute C
··············Start:   Compute C1
··············End:     Compute C1 ..................................................1.76s
··············Start:   Compute C2
··············End:     Compute C2 ..................................................1.219ms
············End:     Compute C .....................................................1.245s
············Start:   Compute A
············End:     Compute A .....................................................110.623ms
············Start:   Compute B in G1
············End:     Compute B in G1 ...............................................129.545ms
············Start:   Compute B in G2
············End:     Compute B in G2 ...............................................414.659ms
············Start:   Finish C
············End:     Finish C ......................................................8.52µs
··········End:     Groth16::Prover .................................................2.674s
··········Start:   Groth16::Prover
············Start:   R1CS to QAP witness map
············End:     R1CS to QAP witness map .......................................734.998ms
············Start:   Compute C
··············Start:   Compute C1
··············End:     Compute C1 ..................................................1.477s
··············Start:   Compute C2
··············End:     Compute C2 ..................................................1.190ms
············End:     Compute C .....................................................1.671s
············Start:   Compute A
············End:     Compute A .....................................................128.83ms
············Start:   Compute B in G1
············End:     Compute B in G1 ...............................................83.253ms
············Start:   Compute B in G2
············End:     Compute B in G2 ...............................................252.983ms
············Start:   Finish C
············End:     Finish C ......................................................8.416µs
··········End:     Groth16::Prover .................................................2.872s
··········Start:   Groth16::Prover
············Start:   R1CS to QAP witness map
············End:     R1CS to QAP witness map .......................................865.290ms
············Start:   Compute C
··············Start:   Compute C1
··············End:     Compute C1 ..................................................1.209s
··············Start:   Compute C2
··············End:     Compute C2 ..................................................997.760µs
············End:     Compute C .....................................................1.312s
············Start:   Compute A
············End:     Compute A .....................................................193.204ms
············Start:   Compute B in G1
············End:     Compute B in G1 ...............................................128.717ms
············Start:   Compute B in G2
············End:     Compute B in G2 ...............................................427.823ms
············Start:   Finish C
············End:     Finish C ......................................................4.709µs
··········End:     Groth16::Prover .................................................2.929s
··········Start:   Groth16::Prover
············Start:   R1CS to QAP witness map
············End:     R1CS to QAP witness map .......................................809.544ms
············Start:   Compute C
··············Start:   Compute C1
··············End:     Compute C1 ..................................................1.51s
··············Start:   Compute C2
··············End:     Compute C2 ..................................................956.533µs
············End:     Compute C .....................................................1.233s
············Start:   Compute A
············End:     Compute A .....................................................195.353ms
············Start:   Compute B in G1
············End:     Compute B in G1 ...............................................137.832ms
············Start:   Compute B in G2
············End:     Compute B in G2 ...............................................443.680ms
············Start:   Finish C
············End:     Finish C ......................................................8.404µs
··········End:     Groth16::Prover .................................................2.821s
··········Start:   Groth16::Prover
············Start:   R1CS to QAP witness map
············End:     R1CS to QAP witness map .......................................732.341ms
············Start:   Compute C
··············Start:   Compute C1
··············End:     Compute C1 ..................................................1.227s
··············Start:   Compute C2
··············End:     Compute C2 ..................................................1.14ms
············End:     Compute C .....................................................1.426s
············Start:   Compute A
············End:     Compute A .....................................................203.424ms
············Start:   Compute B in G1
············End:     Compute B in G1 ...............................................131.914ms
············Start:   Compute B in G2
············End:     Compute B in G2 ...............................................402.124ms
············Start:   Finish C
············End:     Finish C ......................................................8.34µs
··········End:     Groth16::Prover .................................................2.898s
··········Start:   Groth16::Prover
············Start:   R1CS to QAP witness map
············End:     R1CS to QAP witness map .......................................737.562ms
············Start:   Compute C
··············Start:   Compute C1
··············End:     Compute C1 ..................................................1.274s
··············Start:   Compute C2
··············End:     Compute C2 ..................................................1.140ms
············End:     Compute C .....................................................1.465s
············Start:   Compute A
············End:     Compute A .....................................................197.121ms
············Start:   Compute B in G1
············End:     Compute B in G1 ...............................................129.172ms
············Start:   Compute B in G2
············End:     Compute B in G2 ...............................................290.735ms
············Start:   Finish C
············End:     Finish C ......................................................4.551µs
··········End:     Groth16::Prover .................................................2.821s
··········Start:   Groth16::Prover
············Start:   R1CS to QAP witness map
············End:     R1CS to QAP witness map .......................................683.201ms
············Start:   Compute C
··············Start:   Compute C1
··············End:     Compute C1 ..................................................1.172s
··············Start:   Compute C2
··············End:     Compute C2 ..................................................998.454µs
············End:     Compute C .....................................................1.279s
············Start:   Compute A
············End:     Compute A .....................................................173.345ms
············Start:   Compute B in G1
············End:     Compute B in G1 ...............................................128.830ms
············Start:   Compute B in G2
············End:     Compute B in G2 ...............................................425.371ms
············Start:   Finish C
············End:     Finish C ......................................................4.459µs
··········End:     Groth16::Prover .................................................2.692s
··········Start:   Groth16::Prover
············Start:   R1CS to QAP witness map
············End:     R1CS to QAP witness map .......................................628.28ms
············Start:   Compute C
··············Start:   Compute C1
··············End:     Compute C1 ..................................................1.91s
··············Start:   Compute C2
··············End:     Compute C2 ..................................................1.96ms
············End:     Compute C .....................................................1.284s
············Start:   Compute A
············End:     Compute A .....................................................172.951ms
············Start:   Compute B in G1
············End:     Compute B in G1 ...............................................117.392ms
············Start:   Compute B in G2
············End:     Compute B in G2 ...............................................425.785ms
············Start:   Finish C
············End:     Finish C ......................................................4.522µs
··········End:     Groth16::Prover .................................................2.630s
··········Start:   Groth16::Prover
············Start:   R1CS to QAP witness map
············End:     R1CS to QAP witness map .......................................733.546ms
············Start:   Compute C
··············Start:   Compute C1
··············End:     Compute C1 ..................................................1.270s
··············Start:   Compute C2
··············End:     Compute C2 ..................................................981.145µs
············End:     Compute C .....................................................1.461s
············Start:   Compute A
············End:     Compute A .....................................................193.690ms
············Start:   Compute B in G1
············End:     Compute B in G1 ...............................................129.13ms
············Start:   Compute B in G2
············End:     Compute B in G2 ...............................................271.117ms
············Start:   Finish C
············End:     Finish C ......................................................4.617µs
··········End:     Groth16::Prover .................................................2.791s
··········Start:   Groth16::Prover
············Start:   R1CS to QAP witness map
············End:     R1CS to QAP witness map .......................................709.461ms
············Start:   Compute C
··············Start:   Compute C1
··············End:     Compute C1 ..................................................1.283s
··············Start:   Compute C2
··············End:     Compute C2 ..................................................1.87ms
············End:     Compute C .....................................................1.477s
············Start:   Compute A
············End:     Compute A .....................................................195.668ms
············Start:   Compute B in G1
············End:     Compute B in G1 ...............................................72.695ms
············Start:   Compute B in G2
············End:     Compute B in G2 ...............................................285.882ms
············Start:   Finish C
············End:     Finish C ......................................................4.757µs
··········End:     Groth16::Prover .................................................2.743s
··········Start:   Groth16::Prover
············Start:   R1CS to QAP witness map
············End:     R1CS to QAP witness map .......................................691.600ms
············Start:   Compute C
··············Start:   Compute C1
··············End:     Compute C1 ..................................................1.325s
··············Start:   Compute C2
··············End:     Compute C2 ..................................................1.554ms
············End:     Compute C .....................................................1.520s
············Start:   Compute A
············End:     Compute A .....................................................126.622ms
············Start:   Compute B in G1
············End:     Compute B in G1 ...............................................68.706ms
············Start:   Compute B in G2
············End:     Compute B in G2 ...............................................229.89ms
············Start:   Finish C
············End:     Finish C ......................................................4.442µs
··········End:     Groth16::Prover .................................................2.639s
··········Start:   Groth16::Prover
············Start:   R1CS to QAP witness map
············End:     R1CS to QAP witness map .......................................623.257ms
············Start:   Compute C
··············Start:   Compute C1
··············End:     Compute C1 ..................................................1.267s
··············Start:   Compute C2
··············End:     Compute C2 ..................................................1.595ms
············End:     Compute C .....................................................1.421s
············Start:   Compute A
············End:     Compute A .....................................................109.231ms
············Start:   Compute B in G1
············End:     Compute B in G1 ...............................................74.336ms
············Start:   Compute B in G2
············End:     Compute B in G2 ...............................................241.13ms
············Start:   Finish C
············End:     Finish C ......................................................4.358µs
··········End:     Groth16::Prover .................................................2.471s
··········Start:   Groth16::Prover
············Start:   R1CS to QAP witness map
············End:     R1CS to QAP witness map .......................................626.210ms
············Start:   Compute C
··············Start:   Compute C1
··············End:     Compute C1 ..................................................1.270s
··············Start:   Compute C2
··············End:     Compute C2 ..................................................1.265ms
············End:     Compute C .....................................................1.466s
············Start:   Compute A
············End:     Compute A .....................................................195.443ms
············Start:   Compute B in G1
············End:     Compute B in G1 ...............................................128.206ms
············Start:   Compute B in G2
············End:     Compute B in G2 ...............................................262.885ms
············Start:   Finish C
············End:     Finish C ......................................................8.44µs
··········End:     Groth16::Prover .................................................2.681s
··········Start:   Groth16::Prover
············Start:   R1CS to QAP witness map
············End:     R1CS to QAP witness map .......................................673.829ms
············Start:   Compute C
··············Start:   Compute C1
··············End:     Compute C1 ..................................................1.274s
··············Start:   Compute C2
··············End:     Compute C2 ..................................................1.268ms
············End:     Compute C .....................................................1.475s
············Start:   Compute A
············End:     Compute A .....................................................108.862ms
············Start:   Compute B in G1
············End:     Compute B in G1 ...............................................71.76ms
············Start:   Compute B in G2
············End:     Compute B in G2 ...............................................235.726ms
············Start:   Finish C
············End:     Finish C ......................................................8.39µs
··········End:     Groth16::Prover .................................................2.566s
··········Start:   Groth16::Prover
············Start:   R1CS to QAP witness map
············End:     R1CS to QAP witness map .......................................716.160ms
············Start:   Compute C
··············Start:   Compute C1
··············End:     Compute C1 ..................................................1.249s
··············Start:   Compute C2
··············End:     Compute C2 ..................................................1.255ms
············End:     Compute C .....................................................1.427s
············Start:   Compute A
············End:     Compute A .....................................................174.770ms
············Start:   Compute B in G1
············End:     Compute B in G1 ...............................................130.536ms
············Start:   Compute B in G2
············End:     Compute B in G2 ...............................................327.59ms
············Start:   Finish C
············End:     Finish C ......................................................4.649µs
··········End:     Groth16::Prover .................................................2.777s
··········Start:   Groth16::Prover
············Start:   R1CS to QAP witness map
············End:     R1CS to QAP witness map .......................................650.738ms
············Start:   Compute C
··············Start:   Compute C1
··············End:     Compute C1 ..................................................1.149s
··············Start:   Compute C2
··············End:     Compute C2 ..................................................1.15ms
············End:     Compute C .....................................................1.344s
············Start:   Compute A
············End:     Compute A .....................................................178.205ms
············Start:   Compute B in G1
············End:     Compute B in G1 ...............................................114.423ms
············Start:   Compute B in G2
············End:     Compute B in G2 ...............................................272.872ms
············Start:   Finish C
············End:     Finish C ......................................................8.59µs
··········End:     Groth16::Prover .................................................2.562s
··········Start:   Groth16::Prover
············Start:   R1CS to QAP witness map
············End:     R1CS to QAP witness map .......................................724.627ms
············Start:   Compute C
··············Start:   Compute C1
··············End:     Compute C1 ..................................................980.318ms
··············Start:   Compute C2
··············End:     Compute C2 ..................................................940.446µs
············End:     Compute C .....................................................1.117s
············Start:   Compute A
············End:     Compute A .....................................................104.9ms
············Start:   Compute B in G1
············End:     Compute B in G1 ...............................................68.571ms
············Start:   Compute B in G2
············End:     Compute B in G2 ...............................................229.508ms
············Start:   Finish C
············End:     Finish C ......................................................7.940µs
··········End:     Groth16::Prover .................................................2.245s
··········Start:   Groth16::Prover
············Start:   R1CS to QAP witness map
············End:     R1CS to QAP witness map .......................................749.517ms
············Start:   Compute C
··············Start:   Compute C1
··············End:     Compute C1 ..................................................1.149s
··············Start:   Compute C2
··············End:     Compute C2 ..................................................947.0µs
············End:     Compute C .....................................................1.253s
············Start:   Compute A
············End:     Compute A .....................................................103.235ms
············Start:   Compute B in G1
············End:     Compute B in G1 ...............................................68.898ms
············Start:   Compute B in G2
············End:     Compute B in G2 ...............................................230.540ms
············Start:   Finish C
············End:     Finish C ......................................................4.408µs
··········End:     Groth16::Prover .................................................2.407s
········End:     start proof generation ............................................139.199s
······End:     upload the mc+proof generation ......................................139.201s
······Start:   upload the data
[2mNov 30 03:15:10.511[0m [33m WARN[0m [1mAtom Client[0m: client: data prepared
[2mNov 30 03:15:17.565[0m [33m WARN[0m [1mAtom Client[0m: client: data uploaded,receving ms proof
[2mNov 30 03:15:29.336[0m [33m WARN[0m [1mAtom Client[0m: client: ms proof received
······End:     upload the data .....................................................18.825s
····End:     upload data ...........................................................161.496s
Prover CPU Time 615.852135944 s
····Start:   verify the data
······Start:   verify
········Start:   receive verify
········End:     receive verify ....................................................863.837ms
········Start:   verify the proofs
········End:     verify the proofs .................................................2.265ms
Verifier CPU Time 0.010763598 s
······End:     verify the data .....................................................866.185ms
····End:     one round .............................................................163.565s
··End:     clients .................................................................163.565s
[2mNov 30 03:15:30.248[0m [33m WARN[0m [1mAtom Client[0m: client: close time.busy=61.2ms time.idle=171s

real	2m51.707s
user	10m12.055s
sys	0m11.971s
