[2mSep 28 03:13:52.090[0m [33m WARN[0m [1mAtom Client[0m: client: new
Start:   clients
··Start:   one round
····Start:   train model
[2mSep 28 03:13:52.254[0m [33m WARN[0m [1mAtom Client[0m:[1mtrain_model[0m: client: new
······Start:   retrieve the model
······End:     retrieve the model ..................................................352.225ms
[2mSep 28 03:13:53.607[0m [33m WARN[0m [1mAtom Client[0m:[1mtrain_model[0m: client: close time.busy=1.00s time.idle=352ms
····End:     train model ...........................................................1.352s
····Start:   upload data
[2mSep 28 03:13:53.607[0m [33m WARN[0m [1mAtom Client[0m:[1mupload[0m: client: new
······Start:   encrypt the gradients
[2mSep 28 03:13:55.927[0m [33m WARN[0m [1mAtom Client[0m:[1mupload[0m:[1mencrypt[0m: client: new
········Start:   new public key
········End:     new public key ....................................................331.713ms
[2mSep 28 03:14:23.147[0m [33m WARN[0m [1mAtom Client[0m:[1mupload[0m:[1mencrypt[0m: client: close time.busy=27.2s time.idle=65.4µs
······End:     encrypt the gradients ...............................................29.681s
······Start:   upload the mc+proof generation
[2mSep 28 03:14:23.289[0m [33m WARN[0m [1mAtom Client[0m:[1mupload[0m:[1mgenerate_proof[0m: client: new
········Start:   start proof generation
········End:     start proof generation ............................................282.150s
[2mSep 28 03:19:05.439[0m [33m WARN[0m [1mAtom Client[0m:[1mupload[0m:[1mgenerate_proof[0m: client: close time.busy=282s time.idle=37.2µs
······End:     upload the mc+proof generation ......................................282.151s
······Start:   upload the data
[2mSep 28 03:19:05.468[0m [33m WARN[0m [1mAtom Client[0m:[1mupload[0m: client: data prepared
[2mSep 28 03:19:53.657[0m [33m WARN[0m [1mAtom Client[0m:[1mupload[0m: client: data uploaded,receving ms proof
[2mSep 28 03:20:09.798[0m [33m WARN[0m [1mAtom Client[0m:[1mupload[0m: client: ms proof received
······End:     upload the data .....................................................64.358s
[2mSep 28 03:20:09.798[0m [33m WARN[0m [1mAtom Client[0m:[1mupload[0m: client: close time.busy=312s time.idle=64.2s
····End:     upload data ...........................................................376.191s
····Start:   verify the data
[2mSep 28 03:20:09.799[0m [33m WARN[0m [1mAtom Client[0m:[1mverify[0m: client: new
······Start:   verify
········Start:   receive verify
········End:     receive verify ....................................................868.508s
········Start:   verify the proofs
········End:     verify the proofs .................................................1.170s
[2mSep 28 03:34:39.516[0m [33m WARN[0m [1mAtom Client[0m:[1mverify[0m: client: close time.busy=1.21s time.idle=869s
······End:     verify the data .....................................................869.717s
····End:     one round .............................................................1247.262s
····Start:   one round
······Start:   train model
[2mSep 28 03:34:39.516[0m [33m WARN[0m [1mAtom Client[0m:[1mtrain_model[0m: client: new
········Start:   retrieve the model
········End:     retrieve the model ................................................1.439s
[2mSep 28 03:34:41.956[0m [33m WARN[0m [1mAtom Client[0m:[1mtrain_model[0m: client: close time.busy=1.00s time.idle=1.44s
······End:     train model .........................................................2.439s
······Start:   upload data
[2mSep 28 03:34:41.956[0m [33m WARN[0m [1mAtom Client[0m:[1mupload[0m: client: new
········Start:   encrypt the gradients
[2mSep 28 03:34:44.273[0m [33m WARN[0m [1mAtom Client[0m:[1mupload[0m:[1mencrypt[0m: client: new
··········Start:   new public key
··········End:     new public key ..................................................340.608ms
[2mSep 28 03:35:31.614[0m [33m WARN[0m [1mAtom Client[0m:[1mupload[0m:[1mencrypt[0m: client: close time.busy=47.3s time.idle=54.7µs
········End:     encrypt the gradients .............................................49.820s
········Start:   upload the mc+proof generation
[2mSep 28 03:35:31.778[0m [33m WARN[0m [1mAtom Client[0m:[1mupload[0m:[1mgenerate_proof[0m: client: new
··········Start:   start proof generation
··········End:     start proof generation ..........................................282.150s
[2mSep 28 03:40:13.928[0m [33m WARN[0m [1mAtom Client[0m:[1mupload[0m:[1mgenerate_proof[0m: client: close time.busy=282s time.idle=39.0µs
········End:     upload the mc+proof generation ....................................282.152s
········Start:   upload the data
[2mSep 28 03:40:13.958[0m [33m WARN[0m [1mAtom Client[0m:[1mupload[0m: client: data prepared
[2mSep 28 03:41:02.115[0m [33m WARN[0m [1mAtom Client[0m:[1mupload[0m: client: data uploaded,receving ms proof
[2mSep 28 03:41:17.568[0m [33m WARN[0m [1mAtom Client[0m:[1mupload[0m: client: ms proof received
········End:     upload the data ...................................................63.639s
[2mSep 28 03:41:17.568[0m [33m WARN[0m [1mAtom Client[0m:[1mupload[0m: client: close time.busy=282s time.idle=113s
······End:     upload data .........................................................395.612s
······Start:   verify the data
[2mSep 28 03:41:17.568[0m [33m WARN[0m [1mAtom Client[0m:[1mverify[0m: client: new
········Start:   verify
··········Start:   receive verify
··········End:     receive verify ..................................................868.74s
··········Start:   verify the proofs
··········End:     verify the proofs ...............................................992.818ms
[2mSep 28 03:55:46.676[0m [33m WARN[0m [1mAtom Client[0m:[1mverify[0m: client: close time.busy=1.03s time.idle=868s
········End:     verify the data ...................................................869.107s
······End:     one round ...........................................................1267.159s
····End:     clients ...............................................................2514.586s
[2mSep 28 03:55:46.725[0m [33m WARN[0m [1mAtom Client[0m: client: close time.busy=2515s time.idle=67.0µs
