[2mOct 01 03:46:23.893[0m [33m WARN[0m [1mAtom Client[0m: client: new
Start:   clients
··Start:   one round
····Start:   train model
······Start:   retrieve the model
······End:     retrieve the model ..................................................126.85ms
····End:     train model ...........................................................1.126s
····Start:   upload data
······Start:   encrypt the gradients
········Start:   new public key
········End:     new public key ....................................................331.351ms
······End:     encrypt the gradients ...............................................18.155s
······Start:   upload the mc+proof generation
········Start:   start proof generation
········End:     start proof generation ............................................165.0s
······End:     upload the mc+proof generation ......................................165.1s
······Start:   upload the data
[2mOct 01 03:49:28.572[0m [33m WARN[0m [1mAtom Client[0m: client: data prepared
[2mOct 01 03:49:56.760[0m [33m WARN[0m [1mAtom Client[0m: client: data uploaded,receving ms proof
[2mOct 01 03:50:06.197[0m [33m WARN[0m [1mAtom Client[0m: client: ms proof received
······End:     upload the data .....................................................37.641s
····End:     upload data ...........................................................220.798s
····Start:   verify the data
······Start:   verify
········Start:   receive verify
········End:     receive verify ....................................................512.305s
········Start:   verify the proofs
········End:     verify the proofs .................................................555.381ms
······End:     verify the data .....................................................512.872s
····End:     one round .............................................................734.800s
····Start:   one round
······Start:   train model
········Start:   retrieve the model
········End:     retrieve the model ................................................835.474ms
······End:     train model .........................................................1.835s
······Start:   upload data
········Start:   encrypt the gradients
··········Start:   new public key
··········End:     new public key ..................................................332.379ms
········End:     encrypt the gradients .............................................18.81s
········Start:   upload the mc+proof generation
··········Start:   start proof generation
··········End:     start proof generation ..........................................165.0s
········End:     upload the mc+proof generation ....................................165.1s
········Start:   upload the data
[2mOct 01 04:01:43.997[0m [33m WARN[0m [1mAtom Client[0m: client: data prepared
[2mOct 01 04:02:12.169[0m [33m WARN[0m [1mAtom Client[0m: client: data uploaded,receving ms proof
[2mOct 01 04:02:20.812[0m [33m WARN[0m [1mAtom Client[0m: client: ms proof received
········End:     upload the data ...................................................36.819s
······End:     upload data .........................................................219.902s
······Start:   verify the data
········Start:   verify
··········Start:   receive verify
··········End:     receive verify ..................................................511.71s
··········Start:   verify the proofs
··········End:     verify the proofs ...............................................547.478ms
········End:     verify the data ...................................................511.632s
······End:     one round ...........................................................733.371s
······Start:   one round
········Start:   train model
··········Start:   retrieve the model
··········End:     retrieve the model ..............................................826.418ms
········End:     train model .......................................................1.826s
········Start:   upload data
··········Start:   encrypt the gradients
············Start:   new public key
············End:     new public key ................................................334.70ms
··········End:     encrypt the gradients ...........................................17.899s
··········Start:   upload the mc+proof generation
············Start:   start proof generation
············End:     start proof generation ........................................165.0s
··········End:     upload the mc+proof generation ..................................165.1s
··········Start:   upload the data
[2mOct 01 04:13:57.178[0m [33m WARN[0m [1mAtom Client[0m: client: data prepared
[2mOct 01 04:14:25.336[0m [33m WARN[0m [1mAtom Client[0m: client: data uploaded,receving ms proof
[2mOct 01 04:14:33.311[0m [33m WARN[0m [1mAtom Client[0m: client: ms proof received
··········End:     upload the data .................................................36.138s
········End:     upload data .......................................................219.39s
········Start:   verify the data
··········Start:   verify
············Start:   receive verify
············End:     receive verify ................................................509.13s
············Start:   verify the proofs
············End:     verify the proofs .............................................539.588ms
··········End:     verify the data .................................................509.564s
········End:     one round .........................................................730.436s
········Start:   one round
··········Start:   train model
············Start:   retrieve the model
············End:     retrieve the model ............................................834.914ms
··········End:     train model .....................................................1.835s
··········Start:   upload data
············Start:   encrypt the gradients
··············Start:   new public key
··············End:     new public key ..............................................327.590ms
············End:     encrypt the gradients .........................................18.188s
············Start:   upload the mc+proof generation
··············Start:   start proof generation
··············End:     start proof generation ......................................165.0s
············End:     upload the mc+proof generation ................................165.1s
············Start:   upload the data
[2mOct 01 04:26:07.912[0m [33m WARN[0m [1mAtom Client[0m: client: data prepared
[2mOct 01 04:26:36.091[0m [33m WARN[0m [1mAtom Client[0m: client: data uploaded,receving ms proof
[2mOct 01 04:26:46.248[0m [33m WARN[0m [1mAtom Client[0m: client: ms proof received
············End:     upload the data ...............................................38.341s
··········End:     upload data .....................................................221.531s
··········Start:   verify the data
············Start:   verify
··············Start:   receive verify
··············End:     receive verify ..............................................511.21s
··············Start:   verify the proofs
··············End:     verify the proofs ...........................................544.683ms
············End:     verify the data ...............................................511.576s
··········End:     one round .......................................................734.943s
··········Start:   one round
············Start:   train model
··············Start:   retrieve the model
··············End:     retrieve the model ..........................................835.7ms
············End:     train model ...................................................1.835s
············Start:   upload data
··············Start:   encrypt the gradients
················Start:   new public key
················End:     new public key ............................................334.271ms
··············End:     encrypt the gradients .......................................17.862s
··············Start:   upload the mc+proof generation
················Start:   start proof generation
················End:     start proof generation ....................................165.0s
··············End:     upload the mc+proof generation ..............................165.1s
··············Start:   upload the data
[2mOct 01 04:38:22.529[0m [33m WARN[0m [1mAtom Client[0m: client: data prepared
[2mOct 01 04:38:50.674[0m [33m WARN[0m [1mAtom Client[0m: client: data uploaded,receving ms proof
[2mOct 01 04:38:59.585[0m [33m WARN[0m [1mAtom Client[0m: client: ms proof received
··············End:     upload the data .............................................37.60s
············End:     upload data ...................................................219.924s
············Start:   verify the data
··············Start:   verify
················Start:   receive verify
················End:     receive verify ............................................508.943s
················Start:   verify the proofs
················End:     verify the proofs .........................................533.973ms
··············End:     verify the data .............................................509.487s
············End:     one round .....................................................731.247s
············Start:   one round
··············Start:   train model
················Start:   retrieve the model
················End:     retrieve the model ........................................870.241ms
··············End:     train model .................................................1.870s
··············Start:   upload data
················Start:   encrypt the gradients
··················Start:   new public key
··················End:     new public key ..........................................328.623ms
················End:     encrypt the gradients .....................................17.942s
················Start:   upload the mc+proof generation
··················Start:   start proof generation
··················End:     start proof generation ..................................165.0s
················End:     upload the mc+proof generation ............................165.1s
················Start:   upload the data
[2mOct 01 04:50:33.892[0m [33m WARN[0m [1mAtom Client[0m: client: data prepared
[2mOct 01 04:51:02.050[0m [33m WARN[0m [1mAtom Client[0m: client: data uploaded,receving ms proof
[2mOct 01 04:51:13.185[0m [33m WARN[0m [1mAtom Client[0m: client: ms proof received
················End:     upload the data ...........................................39.298s
··············End:     upload data .................................................222.242s
··············Start:   verify the data
················Start:   verify
··················Start:   receive verify
··················End:     receive verify ..........................................511.568s
··················Start:   verify the proofs
··················End:     verify the proofs .......................................538.842ms
················End:     verify the data ...........................................512.123s
··············End:     one round ...................................................736.236s
··············Start:   one round
················Start:   train model
··················Start:   retrieve the model
··················End:     retrieve the model ......................................835.94ms
················End:     train model ...............................................1.835s
················Start:   upload data
··················Start:   encrypt the gradients
····················Start:   new public key
····················End:     new public key ........................................334.509ms
··················End:     encrypt the gradients ...................................17.848s
··················Start:   upload the mc+proof generation
····················Start:   start proof generation
····················End:     start proof generation ................................165.0s
··················End:     upload the mc+proof generation ..........................165.2s
··················Start:   upload the data
[2mOct 01 05:02:50.001[0m [33m WARN[0m [1mAtom Client[0m: client: data prepared
[2mOct 01 05:03:25.923[0m [33m WARN[0m [1mAtom Client[0m: client: data uploaded,receving ms proof
[2mOct 01 05:03:25.923[0m [33m WARN[0m [1mAtom Client[0m: client: ms proof received
··················End:     upload the data .........................................35.927s
················End:     upload data ...............................................218.779s
················Start:   verify the data
··················Start:   verify
····················Start:   receive verify
····················End:     receive verify ........................................509.3s
····················Start:   verify the proofs
····················End:     verify the proofs .....................................542.634ms
··················End:     verify the data .........................................509.556s
················End:     one round .................................................730.171s
················Start:   one round
··················Start:   train model
····················Start:   retrieve the model
····················End:     retrieve the model ....................................859.655ms
··················End:     train model .............................................1.859s
··················Start:   upload data
····················Start:   encrypt the gradients
······················Start:   new public key
······················End:     new public key ......................................330.93ms
····················End:     encrypt the gradients .................................17.978s
····················Start:   upload the mc+proof generation
······················Start:   start proof generation
······················End:     start proof generation ..............................165.0s
····················End:     upload the mc+proof generation ........................165.1s
····················Start:   upload the data
[2mOct 01 05:15:00.325[0m [33m WARN[0m [1mAtom Client[0m: client: data prepared
[2mOct 01 05:15:28.475[0m [33m WARN[0m [1mAtom Client[0m: client: data uploaded,receving ms proof
[2mOct 01 05:15:39.047[0m [33m WARN[0m [1mAtom Client[0m: client: ms proof received
····················End:     upload the data .......................................38.727s
··················End:     upload data .............................................221.706s
··················Start:   verify the data
····················Start:   verify
······················Start:   receive verify
······················End:     receive verify ......................................510.398s
······················Start:   verify the proofs
······················End:     verify the proofs ...................................528.208ms
····················End:     verify the data .......................................510.937s
··················End:     one round ...............................................734.504s
··················Start:   one round
····················Start:   train model
······················Start:   retrieve the model
······················End:     retrieve the model ..................................841.312ms
····················End:     train model ...........................................1.841s
····················Start:   upload data
······················Start:   encrypt the gradients
························Start:   new public key
························End:     new public key ....................................338.578ms
······················End:     encrypt the gradients ...............................17.850s
······················Start:   upload the mc+proof generation
························Start:   start proof generation
························End:     start proof generation ............................165.0s
······················End:     upload the mc+proof generation ......................165.1s
······················Start:   upload the data
[2mOct 01 05:27:14.683[0m [33m WARN[0m [1mAtom Client[0m: client: data prepared
[2mOct 01 05:27:42.831[0m [33m WARN[0m [1mAtom Client[0m: client: data uploaded,receving ms proof
[2mOct 01 05:27:53.825[0m [33m WARN[0m [1mAtom Client[0m: client: ms proof received
······················End:     upload the data .....................................39.147s
····················End:     upload data ...........................................221.999s
····················Start:   verify the data
······················Start:   verify
························Start:   receive verify
························End:     receive verify ....................................508.918s
························Start:   verify the proofs
························End:     verify the proofs .................................543.652ms
······················End:     verify the data .....................................509.473s
····················End:     one round .............................................733.320s
····················Start:   one round
······················Start:   train model
························Start:   retrieve the model
························End:     retrieve the model ................................853.159ms
······················End:     train model .........................................1.853s
······················Start:   upload data
························Start:   encrypt the gradients
··························Start:   new public key
··························End:     new public key ..................................329.582ms
························End:     encrypt the gradients .............................18.16s
························Start:   upload the mc+proof generation
··························Start:   start proof generation
··························End:     start proof generation ..........................165.0s
························End:     upload the mc+proof generation ....................165.1s
························Start:   upload the data
[2mOct 01 05:39:28.181[0m [33m WARN[0m [1mAtom Client[0m: client: data prepared
[2mOct 01 05:39:56.319[0m [33m WARN[0m [1mAtom Client[0m: client: data uploaded,receving ms proof
[2mOct 01 05:40:06.798[0m [33m WARN[0m [1mAtom Client[0m: client: ms proof received
························End:     upload the data ...................................38.621s
······················End:     upload data .........................................221.639s
······················Start:   verify the data
························Start:   verify
··························Start:   receive verify
··························End:     receive verify ..................................510.950s
··························Start:   verify the proofs
··························End:     verify the proofs ...............................535.481ms
························End:     verify the data ...................................511.500s
······················End:     one round ...........................................734.993s
····················End:     clients ...............................................7334.404s
[2mOct 01 05:48:38.301[0m [33m WARN[0m [1mAtom Client[0m: client: close time.busy=838ms time.idle=7334s
