[2mNov 30 03:12:38.738[0m [33m WARN[0m [1mAtom Client[0m: client: new
Start:   clients
··Start:   one round
····Start:   train model
······Start:   retrieve the model
······End:     retrieve the model ..................................................200.984ms
····End:     train model ...........................................................1.201s
····Start:   upload data
······Start:   encrypt the gradients
······End:     encrypt the gradients ...............................................3.539s
······Start:   upload the mc+proof generation
········Start:   start proof generation
··········Start:   Groth16::Prover
············Start:   R1CS to QAP witness map
············End:     R1CS to QAP witness map .......................................825.551ms
············Start:   Compute C
··············Start:   Compute C1
··············End:     Compute C1 ..................................................1.525s
··············Start:   Compute C2
··············End:     Compute C2 ..................................................929.922µs
············End:     Compute C .....................................................1.650s
············Start:   Compute A
············End:     Compute A .....................................................103.171ms
············Start:   Compute B in G1
············End:     Compute B in G1 ...............................................68.699ms
············Start:   Compute B in G2
············End:     Compute B in G2 ...............................................230.187ms
············Start:   Finish C
············End:     Finish C ......................................................8.48µs
··········End:     Groth16::Prover .................................................2.880s
··········Start:   Groth16::Prover
············Start:   R1CS to QAP witness map
············End:     R1CS to QAP witness map .......................................871.663ms
············Start:   Compute C
··············Start:   Compute C1
··············End:     Compute C1 ..................................................1.502s
··············Start:   Compute C2
··············End:     Compute C2 ..................................................1.218ms
············End:     Compute C .....................................................1.609s
············Start:   Compute A
············End:     Compute A .....................................................102.847ms
············Start:   Compute B in G1
············End:     Compute B in G1 ...............................................73.578ms
············Start:   Compute B in G2
············End:     Compute B in G2 ...............................................410.231ms
············Start:   Finish C
············End:     Finish C ......................................................7.689µs
··········End:     Groth16::Prover .................................................3.71s
··········Start:   Groth16::Prover
············Start:   R1CS to QAP witness map
············End:     R1CS to QAP witness map .......................................904.827ms
············Start:   Compute C
··············Start:   Compute C1
··············End:     Compute C1 ..................................................1.384s
··············Start:   Compute C2
··············End:     Compute C2 ..................................................1.405ms
············End:     Compute C .....................................................1.492s
············Start:   Compute A
············End:     Compute A .....................................................107.902ms
············Start:   Compute B in G1
············End:     Compute B in G1 ...............................................112.973ms
············Start:   Compute B in G2
············End:     Compute B in G2 ...............................................412.699ms
············Start:   Finish C
············End:     Finish C ......................................................8.366µs
··········End:     Groth16::Prover .................................................3.32s
··········Start:   Groth16::Prover
············Start:   R1CS to QAP witness map
············End:     R1CS to QAP witness map .......................................861.311ms
············Start:   Compute C
··············Start:   Compute C1
··············End:     Compute C1 ..................................................1.367s
··············Start:   Compute C2
··············End:     Compute C2 ..................................................1.640ms
············End:     Compute C .....................................................1.526s
············Start:   Compute A
············End:     Compute A .....................................................108.473ms
············Start:   Compute B in G1
············End:     Compute B in G1 ...............................................96.769ms
············Start:   Compute B in G2
············End:     Compute B in G2 ...............................................426.527ms
············Start:   Finish C
············End:     Finish C ......................................................8.712µs
··········End:     Groth16::Prover .................................................3.23s
··········Start:   Groth16::Prover
············Start:   R1CS to QAP witness map
············End:     R1CS to QAP witness map .......................................904.4ms
············Start:   Compute C
··············Start:   Compute C1
··············End:     Compute C1 ..................................................1.239s
··············Start:   Compute C2
··············End:     Compute C2 ..................................................832.223µs
············End:     Compute C .....................................................1.342s
············Start:   Compute A
············End:     Compute A .....................................................103.323ms
············Start:   Compute B in G1
············End:     Compute B in G1 ...............................................85.602ms
············Start:   Compute B in G2
············End:     Compute B in G2 ...............................................415.877ms
············Start:   Finish C
············End:     Finish C ......................................................25.773µs
··········End:     Groth16::Prover .................................................2.853s
··········Start:   Groth16::Prover
············Start:   R1CS to QAP witness map
············End:     R1CS to QAP witness map .......................................883.557ms
············Start:   Compute C
··············Start:   Compute C1
··············End:     Compute C1 ..................................................1.263s
··············Start:   Compute C2
··············End:     Compute C2 ..................................................1.350ms
············End:     Compute C .....................................................1.369s
············Start:   Compute A
············End:     Compute A .....................................................116.173ms
············Start:   Compute B in G1
············End:     Compute B in G1 ...............................................74.168ms
············Start:   Compute B in G2
············End:     Compute B in G2 ...............................................243.759ms
············Start:   Finish C
············End:     Finish C ......................................................4.375µs
··········End:     Groth16::Prover .................................................2.690s
··········Start:   Groth16::Prover
············Start:   R1CS to QAP witness map
············End:     R1CS to QAP witness map .......................................931.333ms
············Start:   Compute C
··············Start:   Compute C1
··············End:     Compute C1 ..................................................1.283s
··············Start:   Compute C2
··············End:     Compute C2 ..................................................928.639µs
············End:     Compute C .....................................................1.393s
············Start:   Compute A
············End:     Compute A .....................................................103.75ms
············Start:   Compute B in G1
············End:     Compute B in G1 ...............................................86.859ms
············Start:   Compute B in G2
············End:     Compute B in G2 ...............................................415.326ms
············Start:   Finish C
············End:     Finish C ......................................................4.796µs
··········End:     Groth16::Prover .................................................2.931s
··········Start:   Groth16::Prover
············Start:   R1CS to QAP witness map
············End:     R1CS to QAP witness map .......................................907.755ms
············Start:   Compute C
··············Start:   Compute C1
··············End:     Compute C1 ..................................................1.356s
··············Start:   Compute C2
··············End:     Compute C2 ..................................................785.807µs
············End:     Compute C .....................................................1.461s
············Start:   Compute A
············End:     Compute A .....................................................185.818ms
············Start:   Compute B in G1
············End:     Compute B in G1 ...............................................95.877ms
············Start:   Compute B in G2
············End:     Compute B in G2 ...............................................391.896ms
············Start:   Finish C
············End:     Finish C ......................................................7.743µs
··········End:     Groth16::Prover .................................................3.44s
··········Start:   Groth16::Prover
············Start:   R1CS to QAP witness map
············End:     R1CS to QAP witness map .......................................875.673ms
············Start:   Compute C
··············Start:   Compute C1
··············End:     Compute C1 ..................................................1.231s
··············Start:   Compute C2
··············End:     Compute C2 ..................................................971.810µs
············End:     Compute C .....................................................1.355s
············Start:   Compute A
············End:     Compute A .....................................................106.901ms
············Start:   Compute B in G1
············End:     Compute B in G1 ...............................................74.296ms
············Start:   Compute B in G2
············End:     Compute B in G2 ...............................................249.494ms
············Start:   Finish C
············End:     Finish C ......................................................8.654µs
··········End:     Groth16::Prover .................................................2.664s
··········Start:   Groth16::Prover
············Start:   R1CS to QAP witness map
············End:     R1CS to QAP witness map .......................................874.831ms
············Start:   Compute C
··············Start:   Compute C1
··············End:     Compute C1 ..................................................1.321s
··············Start:   Compute C2
··············End:     Compute C2 ..................................................1.422ms
············End:     Compute C .....................................................1.458s
············Start:   Compute A
············End:     Compute A .....................................................199.295ms
············Start:   Compute B in G1
············End:     Compute B in G1 ...............................................94.606ms
············Start:   Compute B in G2
············End:     Compute B in G2 ...............................................242.898ms
············Start:   Finish C
············End:     Finish C ......................................................4.479µs
··········End:     Groth16::Prover .................................................2.871s
··········Start:   Groth16::Prover
············Start:   R1CS to QAP witness map
············End:     R1CS to QAP witness map .......................................848.572ms
············Start:   Compute C
··············Start:   Compute C1
··············End:     Compute C1 ..................................................1.298s
··············Start:   Compute C2
··············End:     Compute C2 ..................................................861.625µs
············End:     Compute C .....................................................1.401s
············Start:   Compute A
············End:     Compute A .....................................................103.175ms
············Start:   Compute B in G1
············End:     Compute B in G1 ...............................................71.326ms
············Start:   Compute B in G2
············End:     Compute B in G2 ...............................................230.641ms
············Start:   Finish C
············End:     Finish C ......................................................4.450µs
··········End:     Groth16::Prover .................................................2.657s
··········Start:   Groth16::Prover
············Start:   R1CS to QAP witness map
············End:     R1CS to QAP witness map .......................................786.405ms
············Start:   Compute C
··············Start:   Compute C1
··············End:     Compute C1 ..................................................1.290s
··············Start:   Compute C2
··············End:     Compute C2 ..................................................1.280ms
············End:     Compute C .....................................................1.394s
············Start:   Compute A
············End:     Compute A .....................................................110.636ms
············Start:   Compute B in G1
············End:     Compute B in G1 ...............................................95.117ms
············Start:   Compute B in G2
············End:     Compute B in G2 ...............................................264.809ms
············Start:   Finish C
············End:     Finish C ......................................................8.337µs
··········End:     Groth16::Prover .................................................2.653s
··········Start:   Groth16::Prover
············Start:   R1CS to QAP witness map
············End:     R1CS to QAP witness map .......................................836.388ms
············Start:   Compute C
··············Start:   Compute C1
··············End:     Compute C1 ..................................................1.330s
··············Start:   Compute C2
··············End:     Compute C2 ..................................................1.58ms
············End:     Compute C .....................................................1.497s
············Start:   Compute A
············End:     Compute A .....................................................108.887ms
············Start:   Compute B in G1
············End:     Compute B in G1 ...............................................73.988ms
············Start:   Compute B in G2
············End:     Compute B in G2 ...............................................247.20ms
············Start:   Finish C
············End:     Finish C ......................................................4.652µs
··········End:     Groth16::Prover .................................................2.765s
··········Start:   Groth16::Prover
············Start:   R1CS to QAP witness map
············End:     R1CS to QAP witness map .......................................792.429ms
············Start:   Compute C
··············Start:   Compute C1
··············End:     Compute C1 ..................................................1.348s
··············Start:   Compute C2
··············End:     Compute C2 ..................................................1.74ms
············End:     Compute C .....................................................1.459s
············Start:   Compute A
············End:     Compute A .....................................................137.762ms
············Start:   Compute B in G1
············End:     Compute B in G1 ...............................................68.859ms
············Start:   Compute B in G2
············End:     Compute B in G2 ...............................................255.339ms
············Start:   Finish C
············End:     Finish C ......................................................8.110µs
··········End:     Groth16::Prover .................................................2.715s
··········Start:   Groth16::Prover
············Start:   R1CS to QAP witness map
············End:     R1CS to QAP witness map .......................................700.975ms
············Start:   Compute C
··············Start:   Compute C1
··············End:     Compute C1 ..................................................1.359s
··············Start:   Compute C2
··············End:     Compute C2 ..................................................1.115ms
············End:     Compute C .....................................................1.513s
············Start:   Compute A
············End:     Compute A .....................................................143.847ms
············Start:   Compute B in G1
············End:     Compute B in G1 ...............................................68.677ms
············Start:   Compute B in G2
············End:     Compute B in G2 ...............................................259.801ms
············Start:   Finish C
············End:     Finish C ......................................................8.97µs
··········End:     Groth16::Prover .................................................2.688s
··········Start:   Groth16::Prover
············Start:   R1CS to QAP witness map
············End:     R1CS to QAP witness map .......................................665.557ms
············Start:   Compute C
··············Start:   Compute C1
··············End:     Compute C1 ..................................................1.363s
··············Start:   Compute C2
··············End:     Compute C2 ..................................................1.558ms
············End:     Compute C .....................................................1.559s
············Start:   Compute A
············End:     Compute A .....................................................127.527ms
············Start:   Compute B in G1
············End:     Compute B in G1 ...............................................71.459ms
············Start:   Compute B in G2
············End:     Compute B in G2 ...............................................232.996ms
············Start:   Finish C
············End:     Finish C ......................................................4.514µs
··········End:     Groth16::Prover .................................................2.660s
··········Start:   Groth16::Prover
············Start:   R1CS to QAP witness map
············End:     R1CS to QAP witness map .......................................761.864ms
············Start:   Compute C
··············Start:   Compute C1
··············End:     Compute C1 ..................................................1.343s
··············Start:   Compute C2
··············End:     Compute C2 ..................................................1.70ms
············End:     Compute C .....................................................1.543s
············Start:   Compute A
············End:     Compute A .....................................................199.351ms
············Start:   Compute B in G1
············End:     Compute B in G1 ...............................................94.620ms
············Start:   Compute B in G2
············End:     Compute B in G2 ...............................................286.943ms
············Start:   Finish C
············End:     Finish C ......................................................4.935µs
··········End:     Groth16::Prover .................................................2.888s
··········Start:   Groth16::Prover
············Start:   R1CS to QAP witness map
············End:     R1CS to QAP witness map .......................................595.920ms
············Start:   Compute C
··············Start:   Compute C1
··············End:     Compute C1 ..................................................1.377s
··············Start:   Compute C2
··············End:     Compute C2 ..................................................1.50ms
············End:     Compute C .....................................................1.583s
············Start:   Compute A
············End:     Compute A .....................................................206.608ms
············Start:   Compute B in G1
············End:     Compute B in G1 ...............................................128.618ms
············Start:   Compute B in G2
············End:     Compute B in G2 ...............................................277.686ms
············Start:   Finish C
············End:     Finish C ......................................................4.626µs
··········End:     Groth16::Prover .................................................2.793s
··········Start:   Groth16::Prover
············Start:   R1CS to QAP witness map
············End:     R1CS to QAP witness map .......................................670.5ms
············Start:   Compute C
··············Start:   Compute C1
··············End:     Compute C1 ..................................................1.330s
··············Start:   Compute C2
··············End:     Compute C2 ..................................................1.103ms
············End:     Compute C .....................................................1.531s
············Start:   Compute A
············End:     Compute A .....................................................201.85ms
············Start:   Compute B in G1
············End:     Compute B in G1 ...............................................113.551ms
············Start:   Compute B in G2
············End:     Compute B in G2 ...............................................276.534ms
············Start:   Finish C
············End:     Finish C ......................................................8.102µs
··········End:     Groth16::Prover .................................................2.795s
··········Start:   Groth16::Prover
············Start:   R1CS to QAP witness map
············End:     R1CS to QAP witness map .......................................748.419ms
············Start:   Compute C
··············Start:   Compute C1
··············End:     Compute C1 ..................................................1.457s
··············Start:   Compute C2
··············End:     Compute C2 ..................................................1.235ms
············End:     Compute C .....................................................1.652s
············Start:   Compute A
············End:     Compute A .....................................................198.209ms
············Start:   Compute B in G1
············End:     Compute B in G1 ...............................................128.189ms
············Start:   Compute B in G2
············End:     Compute B in G2 ...............................................427.731ms
············Start:   Finish C
············End:     Finish C ......................................................4.647µs
··········End:     Groth16::Prover .................................................3.157s
··········Start:   Groth16::Prover
············Start:   R1CS to QAP witness map
············End:     R1CS to QAP witness map .......................................741.129ms
············Start:   Compute C
··············Start:   Compute C1
··············End:     Compute C1 ..................................................1.309s
··············Start:   Compute C2
··············End:     Compute C2 ..................................................1.102ms
············End:     Compute C .....................................................1.509s
············Start:   Compute A
············End:     Compute A .....................................................196.84ms
············Start:   Compute B in G1
············End:     Compute B in G1 ...............................................130.779ms
············Start:   Compute B in G2
············End:     Compute B in G2 ...............................................381.553ms
············Start:   Finish C
············End:     Finish C ......................................................8.548µs
··········End:     Groth16::Prover .................................................2.961s
··········Start:   Groth16::Prover
············Start:   R1CS to QAP witness map
············End:     R1CS to QAP witness map .......................................719.697ms
············Start:   Compute C
··············Start:   Compute C1
··············End:     Compute C1 ..................................................1.140s
··············Start:   Compute C2
··············End:     Compute C2 ..................................................844.644µs
············End:     Compute C .....................................................1.328s
············Start:   Compute A
············End:     Compute A .....................................................196.908ms
············Start:   Compute B in G1
············End:     Compute B in G1 ...............................................130.344ms
············Start:   Compute B in G2
············End:     Compute B in G2 ...............................................272.395ms
············Start:   Finish C
············End:     Finish C ......................................................8.603µs
··········End:     Groth16::Prover .................................................2.649s
··········Start:   Groth16::Prover
············Start:   R1CS to QAP witness map
············End:     R1CS to QAP witness map .......................................713.208ms
············Start:   Compute C
··············Start:   Compute C1
··············End:     Compute C1 ..................................................1.290s
··············Start:   Compute C2
··············End:     Compute C2 ..................................................1.246ms
············End:     Compute C .....................................................1.484s
············Start:   Compute A
············End:     Compute A .....................................................183.303ms
············Start:   Compute B in G1
············End:     Compute B in G1 ...............................................70.515ms
············Start:   Compute B in G2
············End:     Compute B in G2 ...............................................311.279ms
············Start:   Finish C
············End:     Finish C ......................................................8.577µs
··········End:     Groth16::Prover .................................................2.766s
··········Start:   Groth16::Prover
············Start:   R1CS to QAP witness map
············End:     R1CS to QAP witness map .......................................725.387ms
············Start:   Compute C
··············Start:   Compute C1
··············End:     Compute C1 ..................................................1.278s
··············Start:   Compute C2
··············End:     Compute C2 ..................................................1.144ms
············End:     Compute C .....................................................1.476s
············Start:   Compute A
············End:     Compute A .....................................................203.4ms
············Start:   Compute B in G1
············End:     Compute B in G1 ...............................................131.828ms
············Start:   Compute B in G2
············End:     Compute B in G2 ...............................................322.969ms
············Start:   Finish C
············End:     Finish C ......................................................8.359µs
··········End:     Groth16::Prover .................................................2.861s
··········Start:   Groth16::Prover
············Start:   R1CS to QAP witness map
············End:     R1CS to QAP witness map .......................................703.426ms
············Start:   Compute C
··············Start:   Compute C1
··············End:     Compute C1 ..................................................1.193s
··············Start:   Compute C2
··············End:     Compute C2 ..................................................1.443ms
············End:     Compute C .....................................................1.301s
············Start:   Compute A
············End:     Compute A .....................................................116.263ms
············Start:   Compute B in G1
············End:     Compute B in G1 ...............................................80.986ms
············Start:   Compute B in G2
············End:     Compute B in G2 ...............................................257.211ms
············Start:   Finish C
············End:     Finish C ......................................................4.629µs
··········End:     Groth16::Prover .................................................2.461s
··········Start:   Groth16::Prover
············Start:   R1CS to QAP witness map
············End:     R1CS to QAP witness map .......................................834.200ms
············Start:   Compute C
··············Start:   Compute C1
··············End:     Compute C1 ..................................................1.254s
··············Start:   Compute C2
··············End:     Compute C2 ..................................................942.493µs
············End:     Compute C .....................................................1.421s
············Start:   Compute A
············End:     Compute A .....................................................104.392ms
············Start:   Compute B in G1
············End:     Compute B in G1 ...............................................69.465ms
············Start:   Compute B in G2
············End:     Compute B in G2 ...............................................234.326ms
············Start:   Finish C
············End:     Finish C ......................................................8.478µs
··········End:     Groth16::Prover .................................................2.666s
··········Start:   Groth16::Prover
············Start:   R1CS to QAP witness map
············End:     R1CS to QAP witness map .......................................934.497ms
············Start:   Compute C
··············Start:   Compute C1
··············End:     Compute C1 ..................................................1.200s
··············Start:   Compute C2
··············End:     Compute C2 ..................................................942.772µs
············End:     Compute C .....................................................1.392s
············Start:   Compute A
············End:     Compute A .....................................................186.84ms
············Start:   Compute B in G1
············End:     Compute B in G1 ...............................................122.572ms
············Start:   Compute B in G2
············End:     Compute B in G2 ...............................................279.469ms
············Start:   Finish C
············End:     Finish C ......................................................8.327µs
··········End:     Groth16::Prover .................................................2.917s
··········Start:   Groth16::Prover
············Start:   R1CS to QAP witness map
············End:     R1CS to QAP witness map .......................................896.689ms
············Start:   Compute C
··············Start:   Compute C1
··············End:     Compute C1 ..................................................1.270s
··············Start:   Compute C2
··············End:     Compute C2 ..................................................866.550µs
············End:     Compute C .....................................................1.377s
············Start:   Compute A
············End:     Compute A .....................................................103.165ms
············Start:   Compute B in G1
············End:     Compute B in G1 ...............................................68.786ms
············Start:   Compute B in G2
············End:     Compute B in G2 ...............................................325.906ms
············Start:   Finish C
············End:     Finish C ......................................................4.603µs
··········End:     Groth16::Prover .................................................2.773s
··········Start:   Groth16::Prover
············Start:   R1CS to QAP witness map
············End:     R1CS to QAP witness map .......................................828.171ms
············Start:   Compute C
··············Start:   Compute C1
··············End:     Compute C1 ..................................................1.165s
··············Start:   Compute C2
··············End:     Compute C2 ..................................................1.72ms
············End:     Compute C .....................................................1.269s
············Start:   Compute A
············End:     Compute A .....................................................102.762ms
············Start:   Compute B in G1
············End:     Compute B in G1 ...............................................71.629ms
············Start:   Compute B in G2
············End:     Compute B in G2 ...............................................315.911ms
············Start:   Finish C
············End:     Finish C ......................................................4.970µs
··········End:     Groth16::Prover .................................................2.590s
··········Start:   Groth16::Prover
············Start:   R1CS to QAP witness map
············End:     R1CS to QAP witness map .......................................758.78ms
············Start:   Compute C
··············Start:   Compute C1
··············End:     Compute C1 ..................................................1.328s
··············Start:   Compute C2
··············End:     Compute C2 ..................................................1.126ms
············End:     Compute C .....................................................1.468s
············Start:   Compute A
············End:     Compute A .....................................................193.690ms
············Start:   Compute B in G1
············End:     Compute B in G1 ...............................................128.265ms
············Start:   Compute B in G2
············End:     Compute B in G2 ...............................................275.149ms
············Start:   Finish C
············End:     Finish C ......................................................4.596µs
··········End:     Groth16::Prover .................................................2.825s
··········Start:   Groth16::Prover
············Start:   R1CS to QAP witness map
············End:     R1CS to QAP witness map .......................................829.729ms
············Start:   Compute C
··············Start:   Compute C1
··············End:     Compute C1 ..................................................1.335s
··············Start:   Compute C2
··············End:     Compute C2 ..................................................1.258ms
············End:     Compute C .....................................................1.469s
············Start:   Compute A
············End:     Compute A .....................................................125.692ms
············Start:   Compute B in G1
············End:     Compute B in G1 ...............................................71.624ms
············Start:   Compute B in G2
············End:     Compute B in G2 ...............................................233.687ms
············Start:   Finish C
············End:     Finish C ......................................................8.196µs
··········End:     Groth16::Prover .................................................2.731s
··········Start:   Groth16::Prover
············Start:   R1CS to QAP witness map
············End:     R1CS to QAP witness map .......................................825.118ms
············Start:   Compute C
··············Start:   Compute C1
··············End:     Compute C1 ..................................................1.353s
··············Start:   Compute C2
··············End:     Compute C2 ..................................................1.114ms
············End:     Compute C .....................................................1.539s
············Start:   Compute A
············End:     Compute A .....................................................129.972ms
············Start:   Compute B in G1
············End:     Compute B in G1 ...............................................74.405ms
············Start:   Compute B in G2
············End:     Compute B in G2 ...............................................236.208ms
············Start:   Finish C
············End:     Finish C ......................................................8.264µs
··········End:     Groth16::Prover .................................................2.806s
··········Start:   Groth16::Prover
············Start:   R1CS to QAP witness map
············End:     R1CS to QAP witness map .......................................849.856ms
············Start:   Compute C
··············Start:   Compute C1
··············End:     Compute C1 ..................................................1.336s
··············Start:   Compute C2
··············End:     Compute C2 ..................................................886.343µs
············End:     Compute C .....................................................1.477s
············Start:   Compute A
············End:     Compute A .....................................................133.198ms
············Start:   Compute B in G1
············End:     Compute B in G1 ...............................................71.86ms
············Start:   Compute B in G2
············End:     Compute B in G2 ...............................................385.111ms
············Start:   Finish C
············End:     Finish C ......................................................4.494µs
··········End:     Groth16::Prover .................................................2.918s
··········Start:   Groth16::Prover
············Start:   R1CS to QAP witness map
············End:     R1CS to QAP witness map .......................................807.230ms
············Start:   Compute C
··············Start:   Compute C1
··············End:     Compute C1 ..................................................1.346s
··············Start:   Compute C2
··············End:     Compute C2 ..................................................997.360µs
············End:     Compute C .....................................................1.449s
············Start:   Compute A
············End:     Compute A .....................................................188.409ms
············Start:   Compute B in G1
············End:     Compute B in G1 ...............................................122.281ms
············Start:   Compute B in G2
············End:     Compute B in G2 ...............................................278.617ms
············Start:   Finish C
············End:     Finish C ......................................................4.711µs
··········End:     Groth16::Prover .................................................2.847s
··········Start:   Groth16::Prover
············Start:   R1CS to QAP witness map
············End:     R1CS to QAP witness map .......................................786.301ms
············Start:   Compute C
··············Start:   Compute C1
··············End:     Compute C1 ..................................................1.278s
··············Start:   Compute C2
··············End:     Compute C2 ..................................................883.813µs
············End:     Compute C .....................................................1.472s
············Start:   Compute A
············End:     Compute A .....................................................167.745ms
············Start:   Compute B in G1
············End:     Compute B in G1 ...............................................69.61ms
············Start:   Compute B in G2
············End:     Compute B in G2 ...............................................358.957ms
············Start:   Finish C
············End:     Finish C ......................................................8.327µs
··········End:     Groth16::Prover .................................................2.856s
··········Start:   Groth16::Prover
············Start:   R1CS to QAP witness map
············End:     R1CS to QAP witness map .......................................884.246ms
············Start:   Compute C
··············Start:   Compute C1
··············End:     Compute C1 ..................................................1.198s
··············Start:   Compute C2
··············End:     Compute C2 ..................................................942.754µs
············End:     Compute C .....................................................1.385s
············Start:   Compute A
············End:     Compute A .....................................................186.746ms
············Start:   Compute B in G1
············End:     Compute B in G1 ...............................................110.890ms
············Start:   Compute B in G2
············End:     Compute B in G2 ...............................................404.52ms
············Start:   Finish C
············End:     Finish C ......................................................8.874µs
··········End:     Groth16::Prover .................................................2.972s
··········Start:   Groth16::Prover
············Start:   R1CS to QAP witness map
············End:     R1CS to QAP witness map .......................................912.316ms
············Start:   Compute C
··············Start:   Compute C1
··············End:     Compute C1 ..................................................1.287s
··············Start:   Compute C2
··············End:     Compute C2 ..................................................1.9ms
············End:     Compute C .....................................................1.461s
············Start:   Compute A
············End:     Compute A .....................................................185.12ms
············Start:   Compute B in G1
············End:     Compute B in G1 ...............................................132.11ms
············Start:   Compute B in G2
············End:     Compute B in G2 ...............................................440.826ms
············Start:   Finish C
············End:     Finish C ......................................................8.801µs
··········End:     Groth16::Prover .................................................3.133s
··········Start:   Groth16::Prover
············Start:   R1CS to QAP witness map
············End:     R1CS to QAP witness map .......................................788.466ms
············Start:   Compute C
··············Start:   Compute C1
··············End:     Compute C1 ..................................................1.123s
··············Start:   Compute C2
··············End:     Compute C2 ..................................................1.75ms
············End:     Compute C .....................................................1.229s
············Start:   Compute A
············End:     Compute A .....................................................195.761ms
············Start:   Compute B in G1
············End:     Compute B in G1 ...............................................132.199ms
············Start:   Compute B in G2
············End:     Compute B in G2 ...............................................438.426ms
············Start:   Finish C
············End:     Finish C ......................................................8.651µs
··········End:     Groth16::Prover .................................................2.786s
··········Start:   Groth16::Prover
············Start:   R1CS to QAP witness map
············End:     R1CS to QAP witness map .......................................757.878ms
············Start:   Compute C
··············Start:   Compute C1
··············End:     Compute C1 ..................................................1.131s
··············Start:   Compute C2
··············End:     Compute C2 ..................................................947.981µs
············End:     Compute C .....................................................1.306s
············Start:   Compute A
············End:     Compute A .....................................................186.800ms
············Start:   Compute B in G1
············End:     Compute B in G1 ...............................................130.341ms
············Start:   Compute B in G2
············End:     Compute B in G2 ...............................................433.538ms
············Start:   Finish C
············End:     Finish C ......................................................7.939µs
··········End:     Groth16::Prover .................................................2.817s
··········Start:   Groth16::Prover
············Start:   R1CS to QAP witness map
············End:     R1CS to QAP witness map .......................................873.991ms
············Start:   Compute C
··············Start:   Compute C1
··············End:     Compute C1 ..................................................1.311s
··············Start:   Compute C2
··············End:     Compute C2 ..................................................1.136ms
············End:     Compute C .....................................................1.507s
············Start:   Compute A
············End:     Compute A .....................................................128.691ms
············Start:   Compute B in G1
············End:     Compute B in G1 ...............................................73.944ms
············Start:   Compute B in G2
············End:     Compute B in G2 ...............................................249.518ms
············Start:   Finish C
············End:     Finish C ......................................................4.755µs
··········End:     Groth16::Prover .................................................2.835s
··········Start:   Groth16::Prover
············Start:   R1CS to QAP witness map
············End:     R1CS to QAP witness map .......................................786.519ms
············Start:   Compute C
··············Start:   Compute C1
··············End:     Compute C1 ..................................................1.316s
··············Start:   Compute C2
··············End:     Compute C2 ..................................................1.45ms
············End:     Compute C .....................................................1.462s
············Start:   Compute A
············End:     Compute A .....................................................138.3ms
············Start:   Compute B in G1
············End:     Compute B in G1 ...............................................70.601ms
············Start:   Compute B in G2
············End:     Compute B in G2 ...............................................238.633ms
············Start:   Finish C
············End:     Finish C ......................................................8.34µs
··········End:     Groth16::Prover .................................................2.698s
··········Start:   Groth16::Prover
············Start:   R1CS to QAP witness map
············End:     R1CS to QAP witness map .......................................798.82ms
············Start:   Compute C
··············Start:   Compute C1
··············End:     Compute C1 ..................................................1.542s
··············Start:   Compute C2
··············End:     Compute C2 ..................................................1.265ms
············End:     Compute C .....................................................1.654s
············Start:   Compute A
············End:     Compute A .....................................................127.215ms
············Start:   Compute B in G1
············End:     Compute B in G1 ...............................................69.894ms
············Start:   Compute B in G2
············End:     Compute B in G2 ...............................................237.351ms
············Start:   Finish C
············End:     Finish C ......................................................8.135µs
··········End:     Groth16::Prover .................................................2.888s
··········Start:   Groth16::Prover
············Start:   R1CS to QAP witness map
············End:     R1CS to QAP witness map .......................................749.881ms
············Start:   Compute C
··············Start:   Compute C1
··············End:     Compute C1 ..................................................1.335s
··············Start:   Compute C2
··············End:     Compute C2 ..................................................1.236ms
············End:     Compute C .....................................................1.537s
············Start:   Compute A
············End:     Compute A .....................................................138.755ms
············Start:   Compute B in G1
············End:     Compute B in G1 ...............................................69.674ms
············Start:   Compute B in G2
············End:     Compute B in G2 ...............................................305.626ms
············Start:   Finish C
············End:     Finish C ......................................................8.116µs
··········End:     Groth16::Prover .................................................2.803s
··········Start:   Groth16::Prover
············Start:   R1CS to QAP witness map
············End:     R1CS to QAP witness map .......................................689.312ms
············Start:   Compute C
··············Start:   Compute C1
··············End:     Compute C1 ..................................................1.316s
··············Start:   Compute C2
··············End:     Compute C2 ..................................................1.76ms
············End:     Compute C .....................................................1.493s
············Start:   Compute A
············End:     Compute A .....................................................164.662ms
············Start:   Compute B in G1
············End:     Compute B in G1 ...............................................128.863ms
············Start:   Compute B in G2
············End:     Compute B in G2 ...............................................428.32ms
············Start:   Finish C
············End:     Finish C ......................................................4.623µs
··········End:     Groth16::Prover .................................................2.906s
··········Start:   Groth16::Prover
············Start:   R1CS to QAP witness map
············End:     R1CS to QAP witness map .......................................710.266ms
············Start:   Compute C
··············Start:   Compute C1
··············End:     Compute C1 ..................................................1.197s
··············Start:   Compute C2
··············End:     Compute C2 ..................................................1.31ms
············End:     Compute C .....................................................1.333s
············Start:   Compute A
············End:     Compute A .....................................................103.981ms
············Start:   Compute B in G1
············End:     Compute B in G1 ...............................................68.679ms
············Start:   Compute B in G2
············End:     Compute B in G2 ...............................................271.681ms
············Start:   Finish C
············End:     Finish C ......................................................8.81µs
··········End:     Groth16::Prover .................................................2.489s
··········Start:   Groth16::Prover
············Start:   R1CS to QAP witness map
············End:     R1CS to QAP witness map .......................................742.910ms
············Start:   Compute C
··············Start:   Compute C1
··············End:     Compute C1 ..................................................1.244s
··············Start:   Compute C2
··············End:     Compute C2 ..................................................1.143ms
············End:     Compute C .....................................................1.446s
············Start:   Compute A
············End:     Compute A .....................................................203.382ms
············Start:   Compute B in G1
············End:     Compute B in G1 ...............................................132.86ms
············Start:   Compute B in G2
············End:     Compute B in G2 ...............................................304.137ms
············Start:   Finish C
············End:     Finish C ......................................................8.564µs
··········End:     Groth16::Prover .................................................2.830s
··········Start:   Groth16::Prover
············Start:   R1CS to QAP witness map
············End:     R1CS to QAP witness map .......................................726.341ms
············Start:   Compute C
··············Start:   Compute C1
··············End:     Compute C1 ..................................................1.266s
··············Start:   Compute C2
··············End:     Compute C2 ..................................................1.253ms
············End:     Compute C .....................................................1.460s
············Start:   Compute A
············End:     Compute A .....................................................203.867ms
············Start:   Compute B in G1
············End:     Compute B in G1 ...............................................132.397ms
············Start:   Compute B in G2
············End:     Compute B in G2 ...............................................365.281ms
············Start:   Finish C
············End:     Finish C ......................................................9.141µs
··········End:     Groth16::Prover .................................................2.890s
··········Start:   Groth16::Prover
············Start:   R1CS to QAP witness map
············End:     R1CS to QAP witness map .......................................672.591ms
············Start:   Compute C
··············Start:   Compute C1
··············End:     Compute C1 ..................................................1.171s
··············Start:   Compute C2
··············End:     Compute C2 ..................................................1.37ms
············End:     Compute C .....................................................1.373s
············Start:   Compute A
············End:     Compute A .....................................................201.867ms
············Start:   Compute B in G1
············End:     Compute B in G1 ...............................................132.622ms
············Start:   Compute B in G2
············End:     Compute B in G2 ...............................................437.824ms
············Start:   Finish C
············End:     Finish C ......................................................8.819µs
··········End:     Groth16::Prover .................................................2.820s
··········Start:   Groth16::Prover
············Start:   R1CS to QAP witness map
············End:     R1CS to QAP witness map .......................................743.775ms
············Start:   Compute C
··············Start:   Compute C1
··············End:     Compute C1 ..................................................1.233s
··············Start:   Compute C2
··············End:     Compute C2 ..................................................1.7ms
············End:     Compute C .....................................................1.343s
············Start:   Compute A
············End:     Compute A .....................................................128.573ms
············Start:   Compute B in G1
············End:     Compute B in G1 ...............................................73.155ms
············Start:   Compute B in G2
············End:     Compute B in G2 ...............................................237.407ms
············Start:   Finish C
············End:     Finish C ......................................................4.580µs
··········End:     Groth16::Prover .................................................2.528s
··········Start:   Groth16::Prover
············Start:   R1CS to QAP witness map
············End:     R1CS to QAP witness map .......................................744.943ms
············Start:   Compute C
··············Start:   Compute C1
··············End:     Compute C1 ..................................................1.4s
··············Start:   Compute C2
··············End:     Compute C2 ..................................................914.314µs
············End:     Compute C .....................................................1.185s
············Start:   Compute A
············End:     Compute A .....................................................172.0ms
············Start:   Compute B in G1
············End:     Compute B in G1 ...............................................129.101ms
············Start:   Compute B in G2
············End:     Compute B in G2 ...............................................425.799ms
············Start:   Finish C
············End:     Finish C ......................................................8.206µs
··········End:     Groth16::Prover .................................................2.658s
········End:     start proof generation ............................................145.756s
······End:     upload the mc+proof generation ......................................145.758s
······Start:   upload the data
[2mNov 30 03:15:17.198[0m [33m WARN[0m [1mAtom Client[0m: client: data prepared
[2mNov 30 03:15:24.249[0m [33m WARN[0m [1mAtom Client[0m: client: data uploaded,receving ms proof
[2mNov 30 03:15:29.352[0m [33m WARN[0m [1mAtom Client[0m: client: ms proof received
······End:     upload the data .....................................................12.153s
····End:     upload data ...........................................................161.452s
Prover CPU Time 654.639031467 s
····Start:   verify the data
······Start:   verify
········Start:   receive verify
········End:     receive verify ....................................................12.173ms
Verifier CPU Time 0.000394887 s
······End:     verify the data .....................................................12.318ms
····End:     one round .............................................................162.666s
··End:     clients .................................................................162.666s
[2mNov 30 03:15:29.405[0m [33m WARN[0m [1mAtom Client[0m: client: close time.busy=51.6ms time.idle=171s

real	2m50.832s
user	10m49.335s
sys	0m13.494s
