[2mNov 30 03:08:32.009[0m [33m WARN[0m [1mAtom Client[0m: client: new
Start:   clients
··Start:   one round
····Start:   train model
······Start:   retrieve the model
······End:     retrieve the model ..................................................1.300ms
····End:     train model ...........................................................1.1s
····Start:   upload data
······Start:   encrypt the gradients
······End:     encrypt the gradients ...............................................195.60ms
······Start:   upload the mc+proof generation
········Start:   start proof generation
··········Start:   Groth16::Prover
············Start:   R1CS to QAP witness map
············End:     R1CS to QAP witness map .......................................653.410ms
············Start:   Compute C
··············Start:   Compute C1
··············End:     Compute C1 ..................................................1.545s
··············Start:   Compute C2
··············End:     Compute C2 ..................................................1.23ms
············End:     Compute C .....................................................1.663s
············Start:   Compute A
············End:     Compute A .....................................................151.188ms
············Start:   Compute B in G1
············End:     Compute B in G1 ...............................................132.246ms
············Start:   Compute B in G2
············End:     Compute B in G2 ...............................................273.184ms
············Start:   Finish C
············End:     Finish C ......................................................4.321µs
··········End:     Groth16::Prover .................................................2.874s
········End:     start proof generation ............................................7.255s
······End:     upload the mc+proof generation ......................................7.257s
······Start:   upload the data
[2mNov 30 03:08:48.370[0m [33m WARN[0m [1mAtom Client[0m: client: data prepared
[2mNov 30 03:08:48.505[0m [33m WARN[0m [1mAtom Client[0m: client: data uploaded,receving ms proof
[2mNov 30 03:08:48.961[0m [33m WARN[0m [1mAtom Client[0m: client: ms proof received
······End:     upload the data .....................................................591.756ms
····End:     upload data ...........................................................8.44s
Prover CPU Time 17.440859157 s
····Start:   verify the data
······Start:   verify
········Start:   receive verify
········End:     receive verify ....................................................1.146ms
Verifier CPU Time 0.000417889 s
······End:     verify the data .....................................................1.242ms
····End:     one round .............................................................9.47s
··End:     clients .................................................................9.47s
[2mNov 30 03:08:49.033[0m [33m WARN[0m [1mAtom Client[0m: client: close time.busy=71.2ms time.idle=17.0s

real	0m17.205s
user	0m22.774s
sys	0m2.842s
