[2mNov 30 03:08:32.009[0m [33m WARN[0m [1mAtom Client[0m: client: new
Start:   clients
··Start:   one round
····Start:   train model
······Start:   retrieve the model
······End:     retrieve the model ..................................................1.167ms
····End:     train model ...........................................................1.1s
····Start:   upload data
······Start:   encrypt the gradients
······End:     encrypt the gradients ...............................................194.374ms
······Start:   upload the mc+proof generation
········Start:   start proof generation
··········Start:   Groth16::Prover
············Start:   R1CS to QAP witness map
············End:     R1CS to QAP witness map .......................................789.310ms
············Start:   Compute C
··············Start:   Compute C1
··············End:     Compute C1 ..................................................1.404s
··············Start:   Compute C2
··············End:     Compute C2 ..................................................892.358µs
············End:     Compute C .....................................................1.596s
············Start:   Compute A
············End:     Compute A .....................................................123.518ms
············Start:   Compute B in G1
············End:     Compute B in G1 ...............................................74.159ms
············Start:   Compute B in G2
············End:     Compute B in G2 ...............................................230.62ms
············Start:   Finish C
············End:     Finish C ......................................................4.380µs
··········End:     Groth16::Prover .................................................2.815s
········End:     start proof generation ............................................7.269s
······End:     upload the mc+proof generation ......................................7.271s
······Start:   upload the data
[2mNov 30 03:08:48.600[0m [33m WARN[0m [1mAtom Client[0m: client: data prepared
[2mNov 30 03:08:48.736[0m [33m WARN[0m [1mAtom Client[0m: client: data uploaded,receving ms proof
[2mNov 30 03:08:48.961[0m [33m WARN[0m [1mAtom Client[0m: client: ms proof received
······End:     upload the data .....................................................361.505ms
····End:     upload data ...........................................................7.827s
Prover CPU Time 17.475749739 s
····Start:   verify the data
······Start:   verify
········Start:   receive verify
········End:     receive verify ....................................................1.54ms
Verifier CPU Time 0.000327098 s
······End:     verify the data .....................................................1.132ms
····End:     one round .............................................................8.830s
··End:     clients .................................................................8.830s
[2mNov 30 03:08:49.030[0m [33m WARN[0m [1mAtom Client[0m: client: close time.busy=67.7ms time.idle=17.0s

real	0m17.300s
user	0m22.956s
sys	0m3.009s
