[2mNov 30 03:08:32.009[0m [33m WARN[0m [1mAtom Client[0m: client: new
Start:   clients
··Start:   one round
····Start:   train model
······Start:   retrieve the model
······End:     retrieve the model ..................................................1.190ms
····End:     train model ...........................................................1.1s
····Start:   upload data
······Start:   encrypt the gradients
······End:     encrypt the gradients ...............................................191.650ms
······Start:   upload the mc+proof generation
········Start:   start proof generation
··········Start:   Groth16::Prover
············Start:   R1CS to QAP witness map
············End:     R1CS to QAP witness map .......................................774.986ms
············Start:   Compute C
··············Start:   Compute C1
··············End:     Compute C1 ..................................................1.394s
··············Start:   Compute C2
··············End:     Compute C2 ..................................................800.558µs
············End:     Compute C .....................................................1.497s
············Start:   Compute A
············End:     Compute A .....................................................140.341ms
············Start:   Compute B in G1
············End:     Compute B in G1 ...............................................82.297ms
············Start:   Compute B in G2
············End:     Compute B in G2 ...............................................242.606ms
············Start:   Finish C
············End:     Finish C ......................................................4.555µs
··········End:     Groth16::Prover .................................................2.739s
········End:     start proof generation ............................................7.149s
······End:     upload the mc+proof generation ......................................7.151s
······Start:   upload the data
[2mNov 30 03:08:48.330[0m [33m WARN[0m [1mAtom Client[0m: client: data prepared
[2mNov 30 03:08:48.466[0m [33m WARN[0m [1mAtom Client[0m: client: data uploaded,receving ms proof
[2mNov 30 03:08:48.961[0m [33m WARN[0m [1mAtom Client[0m: client: ms proof received
······End:     upload the data .....................................................631.523ms
····End:     upload data ...........................................................7.975s
Prover CPU Time 17.866180267 s
····Start:   verify the data
······Start:   verify
········Start:   receive verify
········End:     receive verify ....................................................1.28ms
Verifier CPU Time 0.000404164 s
······End:     verify the data .....................................................1.139ms
····End:     one round .............................................................8.977s
··End:     clients .................................................................8.977s
[2mNov 30 03:08:49.029[0m [33m WARN[0m [1mAtom Client[0m: client: close time.busy=67.2ms time.idle=17.0s

real	0m17.302s
user	0m23.310s
sys	0m2.897s
