[2mNov 30 03:08:32.009[0m [33m WARN[0m [1mAtom Client[0m: client: new
Start:   clients
··Start:   one round
····Start:   train model
······Start:   retrieve the model
······End:     retrieve the model ..................................................903.864µs
····End:     train model ...........................................................1.1s
····Start:   upload data
······Start:   encrypt the gradients
······End:     encrypt the gradients ...............................................195.787ms
······Start:   upload the mc+proof generation
········Start:   start proof generation
··········Start:   Groth16::Prover
············Start:   R1CS to QAP witness map
············End:     R1CS to QAP witness map .......................................841.786ms
············Start:   Compute C
··············Start:   Compute C1
··············End:     Compute C1 ..................................................1.320s
··············Start:   Compute C2
··············End:     Compute C2 ..................................................1.23ms
············End:     Compute C .....................................................1.456s
············Start:   Compute A
············End:     Compute A .....................................................141.752ms
············Start:   Compute B in G1
············End:     Compute B in G1 ...............................................95.455ms
············Start:   Compute B in G2
············End:     Compute B in G2 ...............................................237.126ms
············Start:   Finish C
············End:     Finish C ......................................................6.146µs
··········End:     Groth16::Prover .................................................2.774s
········End:     start proof generation ............................................7.259s
······End:     upload the mc+proof generation ......................................7.261s
······Start:   upload the data
[2mNov 30 03:08:48.530[0m [33m WARN[0m [1mAtom Client[0m: client: data prepared
[2mNov 30 03:08:48.665[0m [33m WARN[0m [1mAtom Client[0m: client: data uploaded,receving ms proof
[2mNov 30 03:08:48.961[0m [33m WARN[0m [1mAtom Client[0m: client: ms proof received
······End:     upload the data .....................................................431.741ms
····End:     upload data ...........................................................7.888s
Prover CPU Time 18.204544815 s
····Start:   verify the data
······Start:   verify
········Start:   receive verify
········End:     receive verify ....................................................1.176ms
Verifier CPU Time 0.000337908 s
······End:     verify the data .....................................................1.245ms
····End:     one round .............................................................8.891s
··End:     clients .................................................................8.891s
[2mNov 30 03:08:49.057[0m [33m WARN[0m [1mAtom Client[0m: client: close time.busy=94.5ms time.idle=17.0s

real	0m17.267s
user	0m23.604s
sys	0m2.993s
