[2mNov 30 03:08:32.009[0m [33m WARN[0m [1mAtom Client[0m: client: new
Start:   clients
··Start:   one round
····Start:   train model
······Start:   retrieve the model
······End:     retrieve the model ..................................................1.99ms
····End:     train model ...........................................................1.1s
····Start:   upload data
······Start:   encrypt the gradients
······End:     encrypt the gradients ...............................................197.426ms
······Start:   upload the mc+proof generation
········Start:   start proof generation
··········Start:   Groth16::Prover
············Start:   R1CS to QAP witness map
············End:     R1CS to QAP witness map .......................................851.645ms
············Start:   Compute C
··············Start:   Compute C1
··············End:     Compute C1 ..................................................1.331s
··············Start:   Compute C2
··············End:     Compute C2 ..................................................1.23ms
············End:     Compute C .....................................................1.521s
············Start:   Compute A
············End:     Compute A .....................................................145.110ms
············Start:   Compute B in G1
············End:     Compute B in G1 ...............................................101.115ms
············Start:   Compute B in G2
············End:     Compute B in G2 ...............................................250.400ms
············Start:   Finish C
············End:     Finish C ......................................................4.612µs
··········End:     Groth16::Prover .................................................2.871s
········End:     start proof generation ............................................7.388s
······End:     upload the mc+proof generation ......................................7.390s
······Start:   upload the data
[2mNov 30 03:08:48.628[0m [33m WARN[0m [1mAtom Client[0m: client: data prepared
[2mNov 30 03:08:48.764[0m [33m WARN[0m [1mAtom Client[0m: client: data uploaded,receving ms proof
[2mNov 30 03:08:48.961[0m [33m WARN[0m [1mAtom Client[0m: client: ms proof received
······End:     upload the data .....................................................332.944ms
····End:     upload data ...........................................................7.920s
Prover CPU Time 18.413229817 s
····Start:   verify the data
······Start:   verify
········Start:   receive verify
········End:     receive verify ....................................................996.861µs
Verifier CPU Time 0.000314983 s
······End:     verify the data .....................................................1.66ms
····End:     one round .............................................................8.923s
··End:     clients .................................................................8.923s
[2mNov 30 03:08:49.082[0m [33m WARN[0m [1mAtom Client[0m: client: close time.busy=120ms time.idle=17.0s

real	0m17.389s
user	0m23.593s
sys	0m3.305s
