[2mNov 30 03:08:32.009[0m [33m WARN[0m [1mAtom Client[0m: client: new
Start:   clients
··Start:   one round
····Start:   train model
······Start:   retrieve the model
······End:     retrieve the model ..................................................1.185ms
····End:     train model ...........................................................1.1s
····Start:   upload data
······Start:   encrypt the gradients
······End:     encrypt the gradients ...............................................193.852ms
······Start:   upload the mc+proof generation
········Start:   start proof generation
··········Start:   Groth16::Prover
············Start:   R1CS to QAP witness map
············End:     R1CS to QAP witness map .......................................807.981ms
············Start:   Compute C
··············Start:   Compute C1
··············End:     Compute C1 ..................................................1.296s
··············Start:   Compute C2
··············End:     Compute C2 ..................................................929.467µs
············End:     Compute C .....................................................1.432s
············Start:   Compute A
············End:     Compute A .....................................................103.122ms
············Start:   Compute B in G1
············End:     Compute B in G1 ...............................................70.47ms
············Start:   Compute B in G2
············End:     Compute B in G2 ...............................................233.520ms
············Start:   Finish C
············End:     Finish C ......................................................7.540µs
··········End:     Groth16::Prover .................................................2.648s
········End:     start proof generation ............................................7.101s
······End:     upload the mc+proof generation ......................................7.103s
······Start:   upload the data
[2mNov 30 03:08:48.358[0m [33m WARN[0m [1mAtom Client[0m: client: data prepared
[2mNov 30 03:08:48.493[0m [33m WARN[0m [1mAtom Client[0m: client: data uploaded,receving ms proof
[2mNov 30 03:08:48.961[0m [33m WARN[0m [1mAtom Client[0m: client: ms proof received
······End:     upload the data .....................................................603.570ms
····End:     upload data ...........................................................7.901s
Prover CPU Time 17.474638541 s
····Start:   verify the data
······Start:   verify
········Start:   receive verify
········End:     receive verify ....................................................892.500µs
Verifier CPU Time 0.000395527 s
······End:     verify the data .....................................................987.535µs
····End:     one round .............................................................8.903s
··End:     clients .................................................................8.903s
[2mNov 30 03:08:49.032[0m [33m WARN[0m [1mAtom Client[0m: client: close time.busy=70.2ms time.idle=17.0s

real	0m17.300s
user	0m22.942s
sys	0m2.941s
