[2mNov 30 03:08:32.008[0m [33m WARN[0m [1mAtom Client[0m: client: new
Start:   clients
··Start:   one round
····Start:   train model
······Start:   retrieve the model
······End:     retrieve the model ..................................................1.29ms
····End:     train model ...........................................................1.1s
····Start:   upload data
······Start:   encrypt the gradients
······End:     encrypt the gradients ...............................................194.962ms
······Start:   upload the mc+proof generation
········Start:   start proof generation
··········Start:   Groth16::Prover
············Start:   R1CS to QAP witness map
············End:     R1CS to QAP witness map .......................................658.187ms
············Start:   Compute C
··············Start:   Compute C1
··············End:     Compute C1 ..................................................1.522s
··············Start:   Compute C2
··············End:     Compute C2 ..................................................1.87ms
············End:     Compute C .....................................................1.625s
············Start:   Compute A
············End:     Compute A .....................................................194.876ms
············Start:   Compute B in G1
············End:     Compute B in G1 ...............................................84.258ms
············Start:   Compute B in G2
············End:     Compute B in G2 ...............................................237.920ms
············Start:   Finish C
············End:     Finish C ......................................................5.25µs
··········End:     Groth16::Prover .................................................2.802s
········End:     start proof generation ............................................7.264s
······End:     upload the mc+proof generation ......................................7.266s
······Start:   upload the data
[2mNov 30 03:08:48.463[0m [33m WARN[0m [1mAtom Client[0m: client: data prepared
[2mNov 30 03:08:48.598[0m [33m WARN[0m [1mAtom Client[0m: client: data uploaded,receving ms proof
[2mNov 30 03:08:48.961[0m [33m WARN[0m [1mAtom Client[0m: client: ms proof received
······End:     upload the data .....................................................497.980ms
····End:     upload data ...........................................................7.959s
Prover CPU Time 17.665818324 s
····Start:   verify the data
······Start:   verify
········Start:   receive verify
········End:     receive verify ....................................................575.953µs
Verifier CPU Time 0.000384383 s
······End:     verify the data .....................................................673.985µs
····End:     one round .............................................................8.961s
··End:     clients .................................................................8.961s
[2mNov 30 03:08:49.058[0m [33m WARN[0m [1mAtom Client[0m: client: close time.busy=96.4ms time.idle=17.0s

real	0m17.378s
user	0m23.121s
sys	0m2.976s
