[2mNov 30 03:08:32.008[0m [33m WARN[0m [1mAtom Client[0m: client: new
Start:   clients
··Start:   one round
····Start:   train model
······Start:   retrieve the model
······End:     retrieve the model ..................................................962.314µs
····End:     train model ...........................................................1.1s
····Start:   upload data
······Start:   encrypt the gradients
······End:     encrypt the gradients ...............................................197.103ms
······Start:   upload the mc+proof generation
········Start:   start proof generation
··········Start:   Groth16::Prover
············Start:   R1CS to QAP witness map
············End:     R1CS to QAP witness map .......................................891.322ms
············Start:   Compute C
··············Start:   Compute C1
··············End:     Compute C1 ..................................................1.184s
··············Start:   Compute C2
··············End:     Compute C2 ..................................................935.98µs
············End:     Compute C .....................................................1.295s
············Start:   Compute A
············End:     Compute A .....................................................131.832ms
············Start:   Compute B in G1
············End:     Compute B in G1 ...............................................76.423ms
············Start:   Compute B in G2
············End:     Compute B in G2 ...............................................304.473ms
············Start:   Finish C
············End:     Finish C ......................................................4.364µs
··········End:     Groth16::Prover .................................................2.701s
········End:     start proof generation ............................................7.188s
······End:     upload the mc+proof generation ......................................7.198s
······Start:   upload the data
[2mNov 30 03:08:48.815[0m [33m WARN[0m [1mAtom Client[0m: client: data prepared
[2mNov 30 03:08:48.961[0m [33m WARN[0m [1mAtom Client[0m: client: data uploaded,receving ms proof
[2mNov 30 03:08:48.961[0m [33m WARN[0m [1mAtom Client[0m: client: ms proof received
······End:     upload the data .....................................................146.624ms
····End:     upload data ...........................................................7.542s
Prover CPU Time 17.437355905 s
····Start:   verify the data
······Start:   verify
········Start:   receive verify
········End:     receive verify ....................................................934.337µs
Verifier CPU Time 0.000367286 s
······End:     verify the data .....................................................1.29ms
····End:     one round .............................................................8.544s
··End:     clients .................................................................8.544s
[2mNov 30 03:08:49.017[0m [33m WARN[0m [1mAtom Client[0m: client: close time.busy=55.1ms time.idle=17.0s

real	0m17.362s
user	0m23.262s
sys	0m3.008s
