[2mNov 30 03:08:32.009[0m [33m WARN[0m [1mAtom Client[0m: client: new
Start:   clients
··Start:   one round
····Start:   train model
······Start:   retrieve the model
······End:     retrieve the model ..................................................1.15ms
····End:     train model ...........................................................1.1s
····Start:   upload data
······Start:   encrypt the gradients
······End:     encrypt the gradients ...............................................196.644ms
······Start:   upload the mc+proof generation
········Start:   start proof generation
··········Start:   Groth16::Prover
············Start:   R1CS to QAP witness map
············End:     R1CS to QAP witness map .......................................745.660ms
············Start:   Compute C
··············Start:   Compute C1
··············End:     Compute C1 ..................................................1.568s
··············Start:   Compute C2
··············End:     Compute C2 ..................................................1.42ms
············End:     Compute C .....................................................1.704s
············Start:   Compute A
············End:     Compute A .....................................................165.458ms
············Start:   Compute B in G1
············End:     Compute B in G1 ...............................................126.204ms
············Start:   Compute B in G2
············End:     Compute B in G2 ...............................................229.502ms
············Start:   Finish C
············End:     Finish C ......................................................4.553µs
··········End:     Groth16::Prover .................................................2.972s
········End:     start proof generation ............................................7.436s
······End:     upload the mc+proof generation ......................................7.438s
······Start:   upload the data
[2mNov 30 03:08:48.676[0m [33m WARN[0m [1mAtom Client[0m: client: data prepared
[2mNov 30 03:08:48.812[0m [33m WARN[0m [1mAtom Client[0m: client: data uploaded,receving ms proof
[2mNov 30 03:08:48.961[0m [33m WARN[0m [1mAtom Client[0m: client: ms proof received
······End:     upload the data .....................................................285.450ms
····End:     upload data ...........................................................7.920s
Prover CPU Time 18.287730559 s
····Start:   verify the data
······Start:   verify
········Start:   receive verify
········End:     receive verify ....................................................1.2ms
Verifier CPU Time 0.000439949 s
······End:     verify the data .....................................................1.71ms
····End:     one round .............................................................8.923s
··End:     clients .................................................................8.923s
[2mNov 30 03:08:49.068[0m [33m WARN[0m [1mAtom Client[0m: client: close time.busy=106ms time.idle=17.0s

real	0m17.388s
user	0m23.567s
sys	0m3.201s
