[2mNov 30 03:08:32.010[0m [33m WARN[0m [1mAtom Client[0m: client: new
Start:   clients
··Start:   one round
····Start:   train model
······Start:   retrieve the model
······End:     retrieve the model ..................................................1.22ms
····End:     train model ...........................................................1.1s
····Start:   upload data
······Start:   encrypt the gradients
······End:     encrypt the gradients ...............................................192.476ms
······Start:   upload the mc+proof generation
········Start:   start proof generation
··········Start:   Groth16::Prover
············Start:   R1CS to QAP witness map
············End:     R1CS to QAP witness map .......................................791.174ms
············Start:   Compute C
··············Start:   Compute C1
··············End:     Compute C1 ..................................................1.404s
··············Start:   Compute C2
··············End:     Compute C2 ..................................................947.49µs
············End:     Compute C .....................................................1.597s
············Start:   Compute A
············End:     Compute A .....................................................163.409ms
············Start:   Compute B in G1
············End:     Compute B in G1 ...............................................68.456ms
············Start:   Compute B in G2
············End:     Compute B in G2 ...............................................229.900ms
············Start:   Finish C
············End:     Finish C ......................................................8.321µs
··········End:     Groth16::Prover .................................................2.851s
········End:     start proof generation ............................................7.319s
······End:     upload the mc+proof generation ......................................7.321s
······Start:   upload the data
[2mNov 30 03:08:48.604[0m [33m WARN[0m [1mAtom Client[0m: client: data prepared
[2mNov 30 03:08:48.741[0m [33m WARN[0m [1mAtom Client[0m: client: data uploaded,receving ms proof
[2mNov 30 03:08:48.961[0m [33m WARN[0m [1mAtom Client[0m: client: ms proof received
······End:     upload the data .....................................................357.437ms
····End:     upload data ...........................................................7.871s
Prover CPU Time 17.932223717 s
····Start:   verify the data
······Start:   verify
········Start:   receive verify
········End:     receive verify ....................................................1.113ms
Verifier CPU Time 0.000616027 s
······End:     verify the data .....................................................1.208ms
····End:     one round .............................................................8.873s
··End:     clients .................................................................8.874s
[2mNov 30 03:08:49.028[0m [33m WARN[0m [1mAtom Client[0m: client: close time.busy=65.5ms time.idle=17.0s

real	0m17.253s
user	0m23.393s
sys	0m2.937s
