[2mNov 30 03:08:32.009[0m [33m WARN[0m [1mAtom Client[0m: client: new
Start:   clients
··Start:   one round
····Start:   train model
······Start:   retrieve the model
······End:     retrieve the model ..................................................1.64ms
····End:     train model ...........................................................1.1s
····Start:   upload data
······Start:   encrypt the gradients
······End:     encrypt the gradients ...............................................196.390ms
······Start:   upload the mc+proof generation
········Start:   start proof generation
··········Start:   Groth16::Prover
············Start:   R1CS to QAP witness map
············End:     R1CS to QAP witness map .......................................822.124ms
············Start:   Compute C
··············Start:   Compute C1
··············End:     Compute C1 ..................................................1.319s
··············Start:   Compute C2
··············End:     Compute C2 ..................................................951.227µs
············End:     Compute C .....................................................1.511s
············Start:   Compute A
············End:     Compute A .....................................................129.842ms
············Start:   Compute B in G1
············End:     Compute B in G1 ...............................................72.412ms
············Start:   Compute B in G2
············End:     Compute B in G2 ...............................................233.302ms
············Start:   Finish C
············End:     Finish C ......................................................4.787µs
··········End:     Groth16::Prover .................................................2.770s
········End:     start proof generation ............................................7.281s
······End:     upload the mc+proof generation ......................................7.283s
······Start:   upload the data
[2mNov 30 03:08:48.553[0m [33m WARN[0m [1mAtom Client[0m: client: data prepared
[2mNov 30 03:08:48.689[0m [33m WARN[0m [1mAtom Client[0m: client: data uploaded,receving ms proof
[2mNov 30 03:08:48.961[0m [33m WARN[0m [1mAtom Client[0m: client: ms proof received
······End:     upload the data .....................................................408.647ms
····End:     upload data ...........................................................7.888s
Prover CPU Time 18.104035383 s
····Start:   verify the data
······Start:   verify
········Start:   receive verify
········End:     receive verify ....................................................935.537µs
Verifier CPU Time 0.000286396 s
······End:     verify the data .....................................................1.25ms
····End:     one round .............................................................8.890s
··End:     clients .................................................................8.890s
[2mNov 30 03:08:49.068[0m [33m WARN[0m [1mAtom Client[0m: client: close time.busy=105ms time.idle=17.0s

real	0m17.383s
user	0m23.615s
sys	0m2.994s
