[2mNov 30 03:08:32.008[0m [33m WARN[0m [1mAtom Client[0m: client: new
Start:   clients
··Start:   one round
····Start:   train model
······Start:   retrieve the model
······End:     retrieve the model ..................................................1.49ms
····End:     train model ...........................................................1.1s
····Start:   upload data
······Start:   encrypt the gradients
······End:     encrypt the gradients ...............................................195.474ms
······Start:   upload the mc+proof generation
········Start:   start proof generation
··········Start:   Groth16::Prover
············Start:   R1CS to QAP witness map
············End:     R1CS to QAP witness map .......................................808.202ms
············Start:   Compute C
··············Start:   Compute C1
··············End:     Compute C1 ..................................................1.622s
··············Start:   Compute C2
··············End:     Compute C2 ..................................................927.264µs
············End:     Compute C .....................................................1.754s
············Start:   Compute A
············End:     Compute A .....................................................111.491ms
············Start:   Compute B in G1
············End:     Compute B in G1 ...............................................74.196ms
············Start:   Compute B in G2
············End:     Compute B in G2 ...............................................230.141ms
············Start:   Finish C
············End:     Finish C ......................................................4.969µs
··········End:     Groth16::Prover .................................................2.980s
········End:     start proof generation ............................................7.447s
······End:     upload the mc+proof generation ......................................7.449s
······Start:   upload the data
[2mNov 30 03:08:48.652[0m [33m WARN[0m [1mAtom Client[0m: client: data prepared
[2mNov 30 03:08:48.787[0m [33m WARN[0m [1mAtom Client[0m: client: data uploaded,receving ms proof
[2mNov 30 03:08:48.961[0m [33m WARN[0m [1mAtom Client[0m: client: ms proof received
······End:     upload the data .....................................................309.685ms
····End:     upload data ...........................................................7.954s
Prover CPU Time 18.434574542 s
····Start:   verify the data
······Start:   verify
········Start:   receive verify
········End:     receive verify ....................................................1.58ms
Verifier CPU Time 0.000490147 s
······End:     verify the data .....................................................1.124ms
····End:     one round .............................................................8.957s
··End:     clients .................................................................8.957s
[2mNov 30 03:08:49.072[0m [33m WARN[0m [1mAtom Client[0m: client: close time.busy=110ms time.idle=17.0s

real	0m17.389s
user	0m23.915s
sys	0m2.971s
