[2mOct 01 02:00:14.419[0m [33m WARN[0m [1mAtom Client[0m: client: new
Start:   clients
··Start:   one round
····Start:   train model
······Start:   retrieve the model
······End:     retrieve the model ..................................................778.799µs
····End:     train model ...........................................................1.0s
····Start:   upload data
······Start:   encrypt the gradients
········Start:   new public key
········End:     new public key ....................................................365.520ms
······End:     encrypt the gradients ...............................................2.613s
······Start:   upload the mc+proof generation
········Start:   start proof generation
········End:     start proof generation ............................................825.142ms
······End:     upload the mc+proof generation ......................................826.231ms
······Start:   upload the data
[2mOct 01 02:00:19.210[0m [33m WARN[0m [1mAtom Client[0m: client: data prepared
[2mOct 01 02:00:19.345[0m [33m WARN[0m [1mAtom Client[0m: client: data uploaded,receving ms proof
[2mOct 01 02:00:19.696[0m [33m WARN[0m [1mAtom Client[0m: client: ms proof received
······End:     upload the data .....................................................486.745ms
····End:     upload data ...........................................................3.926s
····Start:   verify the data
······Start:   verify
········Start:   receive verify
········End:     receive verify ....................................................2.573s
········Start:   verify the proofs
········End:     verify the proofs .................................................3.411ms
······End:     verify the data .....................................................2.577s
····End:     one round .............................................................7.504s
····Start:   one round
······Start:   train model
········Start:   retrieve the model
········End:     retrieve the model ................................................7.438s
······End:     train model .........................................................8.438s
······Start:   upload data
········Start:   encrypt the gradients
··········Start:   new public key
··········End:     new public key ..................................................361.548ms
········End:     encrypt the gradients .............................................2.697s
········Start:   upload the mc+proof generation
··········Start:   start proof generation
··········End:     start proof generation ..........................................825.145ms
········End:     upload the mc+proof generation ....................................826.399ms
········Start:   upload the data
[2mOct 01 02:00:34.237[0m [33m WARN[0m [1mAtom Client[0m: client: data prepared
[2mOct 01 02:00:34.371[0m [33m WARN[0m [1mAtom Client[0m: client: data uploaded,receving ms proof
[2mOct 01 02:00:34.536[0m [33m WARN[0m [1mAtom Client[0m: client: ms proof received
········End:     upload the data ...................................................299.262ms
······End:     upload data .........................................................3.822s
······Start:   verify the data
········Start:   verify
··········Start:   receive verify
··········End:     receive verify ..................................................2.543s
··········Start:   verify the proofs
··········End:     verify the proofs ...............................................3.413ms
········End:     verify the data ...................................................2.546s
······End:     one round ...........................................................14.808s
······Start:   one round
········Start:   train model
··········Start:   retrieve the model
··········End:     retrieve the model ..............................................7.472s
········End:     train model .......................................................8.472s
········Start:   upload data
··········Start:   encrypt the gradients
············Start:   new public key
············End:     new public key ................................................362.501ms
··········End:     encrypt the gradients ...........................................2.619s
··········Start:   upload the mc+proof generation
············Start:   start proof generation
············End:     start proof generation ........................................825.199ms
··········End:     upload the mc+proof generation ..................................826.360ms
··········Start:   upload the data
[2mOct 01 02:00:49.002[0m [33m WARN[0m [1mAtom Client[0m: client: data prepared
[2mOct 01 02:00:49.136[0m [33m WARN[0m [1mAtom Client[0m: client: data uploaded,receving ms proof
[2mOct 01 02:00:49.377[0m [33m WARN[0m [1mAtom Client[0m: client: ms proof received
··········End:     upload the data .................................................375.92ms
········End:     upload data .......................................................3.821s
········Start:   verify the data
··········Start:   verify
············Start:   receive verify
············End:     receive verify ................................................2.537s
············Start:   verify the proofs
············End:     verify the proofs .............................................4.62ms
··········End:     verify the data .................................................2.541s
········End:     one round .........................................................14.835s
········Start:   one round
··········Start:   train model
············Start:   retrieve the model
············End:     retrieve the model ............................................7.477s
··········End:     train model .....................................................8.477s
··········Start:   upload data
············Start:   encrypt the gradients
··············Start:   new public key
··············End:     new public key ..............................................366.25ms
············End:     encrypt the gradients .........................................2.625s
············Start:   upload the mc+proof generation
··············Start:   start proof generation
··············End:     start proof generation ......................................825.132ms
············End:     upload the mc+proof generation ................................827.355ms
············Start:   upload the data
[2mOct 01 02:01:03.848[0m [33m WARN[0m [1mAtom Client[0m: client: data prepared
[2mOct 01 02:01:03.983[0m [33m WARN[0m [1mAtom Client[0m: client: data uploaded,receving ms proof
[2mOct 01 02:01:04.220[0m [33m WARN[0m [1mAtom Client[0m: client: ms proof received
············End:     upload the data ...............................................371.416ms
··········End:     upload data .....................................................3.823s
··········Start:   verify the data
············Start:   verify
··············Start:   receive verify
··············End:     receive verify ..............................................2.556s
··············Start:   verify the proofs
··············End:     verify the proofs ...........................................4.990ms
············End:     verify the data ...............................................2.561s
··········End:     one round .......................................................14.862s
··········Start:   one round
············Start:   train model
··············Start:   retrieve the model
··············End:     retrieve the model ..........................................7.458s
············End:     train model ...................................................8.458s
············Start:   upload data
··············Start:   encrypt the gradients
················Start:   new public key
················End:     new public key ............................................365.522ms
··············End:     encrypt the gradients .......................................2.622s
··············Start:   upload the mc+proof generation
················Start:   start proof generation
················End:     start proof generation ....................................825.130ms
··············End:     upload the mc+proof generation ..............................826.85ms
··············Start:   upload the data
[2mOct 01 02:01:18.688[0m [33m WARN[0m [1mAtom Client[0m: client: data prepared
[2mOct 01 02:01:18.823[0m [33m WARN[0m [1mAtom Client[0m: client: data uploaded,receving ms proof
[2mOct 01 02:01:19.058[0m [33m WARN[0m [1mAtom Client[0m: client: ms proof received
··············End:     upload the data .............................................370.109ms
············End:     upload data ...................................................3.818s
············Start:   verify the data
··············Start:   verify
················Start:   receive verify
················End:     receive verify ............................................2.543s
················Start:   verify the proofs
················End:     verify the proofs .........................................3.679ms
··············End:     verify the data .............................................2.547s
············End:     one round .....................................................14.824s
············Start:   one round
··············Start:   train model
················Start:   retrieve the model
················End:     retrieve the model ........................................7.471s
··············End:     train model .................................................8.471s
··············Start:   upload data
················Start:   encrypt the gradients
··················Start:   new public key
··················End:     new public key ..........................................360.607ms
················End:     encrypt the gradients .....................................2.619s
················Start:   upload the mc+proof generation
··················Start:   start proof generation
··················End:     start proof generation ..................................825.130ms
················End:     upload the mc+proof generation ............................827.43ms
················Start:   upload the data
[2mOct 01 02:01:33.524[0m [33m WARN[0m [1mAtom Client[0m: client: data prepared
[2mOct 01 02:01:33.658[0m [33m WARN[0m [1mAtom Client[0m: client: data uploaded,receving ms proof
[2mOct 01 02:01:33.900[0m [33m WARN[0m [1mAtom Client[0m: client: ms proof received
················End:     upload the data ...........................................376.63ms
··············End:     upload data .................................................3.822s
··············Start:   verify the data
················Start:   verify
··················Start:   receive verify
··················End:     receive verify ..........................................2.547s
··················Start:   verify the proofs
··················End:     verify the proofs .......................................3.558ms
················End:     verify the data ...........................................2.550s
··············End:     one round ...................................................14.844s
··············Start:   one round
················Start:   train model
··················Start:   retrieve the model
··················End:     retrieve the model ......................................7.468s
················End:     train model ...............................................8.468s
················Start:   upload data
··················Start:   encrypt the gradients
····················Start:   new public key
····················End:     new public key ........................................362.382ms
··················End:     encrypt the gradients ...................................2.618s
··················Start:   upload the mc+proof generation
····················Start:   start proof generation
····················End:     start proof generation ................................825.166ms
··················End:     upload the mc+proof generation ..........................826.312ms
··················Start:   upload the data
[2mOct 01 02:01:48.364[0m [33m WARN[0m [1mAtom Client[0m: client: data prepared
[2mOct 01 02:01:48.499[0m [33m WARN[0m [1mAtom Client[0m: client: data uploaded,receving ms proof
[2mOct 01 02:01:48.742[0m [33m WARN[0m [1mAtom Client[0m: client: ms proof received
··················End:     upload the data .........................................378.543ms
················End:     upload data ...............................................3.823s
················Start:   verify the data
··················Start:   verify
····················Start:   receive verify
····················End:     receive verify ........................................2.543s
····················Start:   verify the proofs
····················End:     verify the proofs .....................................3.606ms
··················End:     verify the data .........................................2.546s
················End:     one round .................................................14.838s
················Start:   one round
··················Start:   train model
····················Start:   retrieve the model
····················End:     retrieve the model ....................................7.472s
··················End:     train model .............................................8.472s
··················Start:   upload data
····················Start:   encrypt the gradients
······················Start:   new public key
······················End:     new public key ......................................395.538ms
····················End:     encrypt the gradients .................................2.701s
····················Start:   upload the mc+proof generation
······················Start:   start proof generation
······················End:     start proof generation ..............................825.155ms
····················End:     upload the mc+proof generation ........................826.489ms
····················Start:   upload the data
[2mOct 01 02:02:03.291[0m [33m WARN[0m [1mAtom Client[0m: client: data prepared
[2mOct 01 02:02:03.427[0m [33m WARN[0m [1mAtom Client[0m: client: data uploaded,receving ms proof
[2mOct 01 02:02:03.581[0m [33m WARN[0m [1mAtom Client[0m: client: ms proof received
····················End:     upload the data .......................................290.519ms
··················End:     upload data .............................................3.819s
··················Start:   verify the data
····················Start:   verify
······················Start:   receive verify
······················End:     receive verify ......................................2.540s
······················Start:   verify the proofs
······················End:     verify the proofs ...................................3.375ms
····················End:     verify the data .......................................2.543s
··················End:     one round ...............................................14.835s
··················Start:   one round
····················Start:   train model
······················Start:   retrieve the model
······················End:     retrieve the model ..................................7.475s
····················End:     train model ...........................................8.475s
····················Start:   upload data
······················Start:   encrypt the gradients
························Start:   new public key
························End:     new public key ....................................363.658ms
······················End:     encrypt the gradients ...............................2.618s
······················Start:   upload the mc+proof generation
························Start:   start proof generation
························End:     start proof generation ............................825.168ms
······················End:     upload the mc+proof generation ......................826.161ms
······················Start:   upload the data
[2mOct 01 02:02:18.046[0m [33m WARN[0m [1mAtom Client[0m: client: data prepared
[2mOct 01 02:02:18.180[0m [33m WARN[0m [1mAtom Client[0m: client: data uploaded,receving ms proof
[2mOct 01 02:02:18.420[0m [33m WARN[0m [1mAtom Client[0m: client: ms proof received
······················End:     upload the data .....................................374.579ms
····················End:     upload data ...........................................3.819s
····················Start:   verify the data
······················Start:   verify
························Start:   receive verify
························End:     receive verify ....................................2.541s
························Start:   verify the proofs
························End:     verify the proofs .................................4.479ms
······················End:     verify the data .....................................2.546s
····················End:     one round .............................................14.841s
····················Start:   one round
······················Start:   train model
························Start:   retrieve the model
························End:     retrieve the model ................................7.472s
······················End:     train model .........................................8.473s
······················Start:   upload data
························Start:   encrypt the gradients
··························Start:   new public key
··························End:     new public key ..................................360.540ms
························End:     encrypt the gradients .............................2.665s
························Start:   upload the mc+proof generation
··························Start:   start proof generation
··························End:     start proof generation ..........................825.167ms
························End:     upload the mc+proof generation ....................826.244ms
························Start:   upload the data
[2mOct 01 02:02:32.932[0m [33m WARN[0m [1mAtom Client[0m: client: data prepared
[2mOct 01 02:02:33.066[0m [33m WARN[0m [1mAtom Client[0m: client: data uploaded,receving ms proof
[2mOct 01 02:02:33.260[0m [33m WARN[0m [1mAtom Client[0m: client: ms proof received
························End:     upload the data ...................................328.195ms
······················End:     upload data .........................................3.819s
······················Start:   verify the data
························Start:   verify
··························Start:   receive verify
··························End:     receive verify ..................................2.554s
··························Start:   verify the proofs
··························End:     verify the proofs ...............................4.963ms
························End:     verify the data ...................................2.559s
······················End:     one round ...........................................14.852s
····················End:     clients ...............................................141.400s
[2mOct 01 02:02:35.820[0m [33m WARN[0m [1mAtom Client[0m: client: close time.busy=8.21ms time.idle=141s
