[2mOct 01 02:00:14.418[0m [33m WARN[0m [1mAtom Client[0m: client: new
Start:   clients
··Start:   one round
····Start:   train model
······Start:   retrieve the model
······End:     retrieve the model ..................................................681.132µs
····End:     train model ...........................................................1.0s
····Start:   upload data
······Start:   encrypt the gradients
········Start:   new public key
········End:     new public key ....................................................359.964ms
······End:     encrypt the gradients ...............................................2.605s
······Start:   upload the mc+proof generation
········Start:   start proof generation
········End:     start proof generation ............................................825.194ms
······End:     upload the mc+proof generation ......................................826.284ms
······Start:   upload the data
[2mOct 01 02:00:19.069[0m [33m WARN[0m [1mAtom Client[0m: client: data prepared
[2mOct 01 02:00:19.203[0m [33m WARN[0m [1mAtom Client[0m: client: data uploaded,receving ms proof
[2mOct 01 02:00:19.696[0m [33m WARN[0m [1mAtom Client[0m: client: ms proof received
······End:     upload the data .....................................................628.30ms
····End:     upload data ...........................................................4.60s
····Start:   verify the data
······Start:   verify
········Start:   receive verify
········End:     receive verify ....................................................2.554s
········Start:   verify the proofs
········End:     verify the proofs .................................................3.717ms
······End:     verify the data .....................................................2.558s
····End:     one round .............................................................7.619s
····Start:   one round
······Start:   train model
········Start:   retrieve the model
········End:     retrieve the model ................................................7.456s
······End:     train model .........................................................8.456s
······Start:   upload data
········Start:   encrypt the gradients
··········Start:   new public key
··········End:     new public key ..................................................359.158ms
········End:     encrypt the gradients .............................................2.617s
········Start:   upload the mc+proof generation
··········Start:   start proof generation
··········End:     start proof generation ..........................................825.141ms
········End:     upload the mc+proof generation ....................................826.131ms
········Start:   upload the data
[2mOct 01 02:00:34.156[0m [33m WARN[0m [1mAtom Client[0m: client: data prepared
[2mOct 01 02:00:34.292[0m [33m WARN[0m [1mAtom Client[0m: client: data uploaded,receving ms proof
[2mOct 01 02:00:34.536[0m [33m WARN[0m [1mAtom Client[0m: client: ms proof received
········End:     upload the data ...................................................379.678ms
······End:     upload data .........................................................3.823s
······Start:   verify the data
········Start:   verify
··········Start:   receive verify
··········End:     receive verify ..................................................2.552s
··········Start:   verify the proofs
··········End:     verify the proofs ...............................................3.301ms
········End:     verify the data ...................................................2.556s
······End:     one round ...........................................................14.836s
······Start:   one round
········Start:   train model
··········Start:   retrieve the model
··········End:     retrieve the model ..............................................7.463s
········End:     train model .......................................................8.463s
········Start:   upload data
··········Start:   encrypt the gradients
············Start:   new public key
············End:     new public key ................................................359.715ms
··········End:     encrypt the gradients ...........................................2.620s
··········Start:   upload the mc+proof generation
············Start:   start proof generation
············End:     start proof generation ........................................825.99ms
··········End:     upload the mc+proof generation ..................................826.166ms
··········Start:   upload the data
[2mOct 01 02:00:49.002[0m [33m WARN[0m [1mAtom Client[0m: client: data prepared
[2mOct 01 02:00:49.136[0m [33m WARN[0m [1mAtom Client[0m: client: data uploaded,receving ms proof
[2mOct 01 02:00:49.377[0m [33m WARN[0m [1mAtom Client[0m: client: ms proof received
··········End:     upload the data .................................................374.625ms
········End:     upload data .......................................................3.821s
········Start:   verify the data
··········Start:   verify
············Start:   receive verify
············End:     receive verify ................................................2.542s
············Start:   verify the proofs
············End:     verify the proofs .............................................3.326ms
··········End:     verify the data .................................................2.545s
········End:     one round .........................................................14.830s
········Start:   one round
··········Start:   train model
············Start:   retrieve the model
············End:     retrieve the model ............................................7.473s
··········End:     train model .....................................................8.473s
··········Start:   upload data
············Start:   encrypt the gradients
··············Start:   new public key
··············End:     new public key ..............................................396.113ms
············End:     encrypt the gradients .........................................2.708s
············Start:   upload the mc+proof generation
··············Start:   start proof generation
··············End:     start proof generation ......................................825.191ms
············End:     upload the mc+proof generation ................................826.388ms
············Start:   upload the data
[2mOct 01 02:01:03.931[0m [33m WARN[0m [1mAtom Client[0m: client: data prepared
[2mOct 01 02:01:04.066[0m [33m WARN[0m [1mAtom Client[0m: client: data uploaded,receving ms proof
[2mOct 01 02:01:04.220[0m [33m WARN[0m [1mAtom Client[0m: client: ms proof received
············End:     upload the data ...............................................288.639ms
··········End:     upload data .....................................................3.823s
··········Start:   verify the data
············Start:   verify
··············Start:   receive verify
··············End:     receive verify ..............................................2.550s
··············Start:   verify the proofs
··············End:     verify the proofs ...........................................3.332ms
············End:     verify the data ...............................................2.553s
··········End:     one round .......................................................14.850s
··········Start:   one round
············Start:   train model
··············Start:   retrieve the model
··············End:     retrieve the model ..........................................7.465s
············End:     train model ...................................................8.466s
············Start:   upload data
··············Start:   encrypt the gradients
················Start:   new public key
················End:     new public key ............................................361.188ms
··············End:     encrypt the gradients .......................................2.702s
··············Start:   upload the mc+proof generation
················Start:   start proof generation
················End:     start proof generation ....................................825.151ms
··············End:     upload the mc+proof generation ..............................826.269ms
··············Start:   upload the data
[2mOct 01 02:01:18.768[0m [33m WARN[0m [1mAtom Client[0m: client: data prepared
[2mOct 01 02:01:18.902[0m [33m WARN[0m [1mAtom Client[0m: client: data uploaded,receving ms proof
[2mOct 01 02:01:19.058[0m [33m WARN[0m [1mAtom Client[0m: client: ms proof received
··············End:     upload the data .............................................290.439ms
············End:     upload data ...................................................3.818s
············Start:   verify the data
··············Start:   verify
················Start:   receive verify
················End:     receive verify ............................................2.537s
················Start:   verify the proofs
················End:     verify the proofs .........................................3.408ms
··············End:     verify the data .............................................2.540s
············End:     one round .....................................................14.825s
············Start:   one round
··············Start:   train model
················Start:   retrieve the model
················End:     retrieve the model ........................................7.477s
··············End:     train model .................................................8.478s
··············Start:   upload data
················Start:   encrypt the gradients
··················Start:   new public key
··················End:     new public key ..........................................359.46ms
················End:     encrypt the gradients .....................................2.665s
················Start:   upload the mc+proof generation
··················Start:   start proof generation
··················End:     start proof generation ..................................825.171ms
················End:     upload the mc+proof generation ............................826.315ms
················Start:   upload the data
[2mOct 01 02:01:33.569[0m [33m WARN[0m [1mAtom Client[0m: client: data prepared
[2mOct 01 02:01:33.704[0m [33m WARN[0m [1mAtom Client[0m: client: data uploaded,receving ms proof
[2mOct 01 02:01:33.900[0m [33m WARN[0m [1mAtom Client[0m: client: ms proof received
················End:     upload the data ...........................................330.648ms
··············End:     upload data .................................................3.822s
··············Start:   verify the data
················Start:   verify
··················Start:   receive verify
··················End:     receive verify ..........................................2.551s
··················Start:   verify the proofs
··················End:     verify the proofs .......................................3.341ms
················End:     verify the data ...........................................2.555s
··············End:     one round ...................................................14.856s
··············Start:   one round
················Start:   train model
··················Start:   retrieve the model
··················End:     retrieve the model ......................................7.463s
················End:     train model ...............................................8.464s
················Start:   upload data
··················Start:   encrypt the gradients
····················Start:   new public key
····················End:     new public key ........................................376.492ms
··················End:     encrypt the gradients ...................................2.692s
··················Start:   upload the mc+proof generation
····················Start:   start proof generation
····················End:     start proof generation ................................825.148ms
··················End:     upload the mc+proof generation ..........................826.439ms
··················Start:   upload the data
[2mOct 01 02:01:48.439[0m [33m WARN[0m [1mAtom Client[0m: client: data prepared
[2mOct 01 02:01:48.575[0m [33m WARN[0m [1mAtom Client[0m: client: data uploaded,receving ms proof
[2mOct 01 02:01:48.742[0m [33m WARN[0m [1mAtom Client[0m: client: ms proof received
··················End:     upload the data .........................................303.196ms
················End:     upload data ...............................................3.822s
················Start:   verify the data
··················Start:   verify
····················Start:   receive verify
····················End:     receive verify ........................................2.552s
····················Start:   verify the proofs
····················End:     verify the proofs .....................................3.547ms
··················End:     verify the data .........................................2.556s
················End:     one round .................................................14.843s
················Start:   one round
··················Start:   train model
····················Start:   retrieve the model
····················End:     retrieve the model ....................................7.463s
··················End:     train model .............................................8.463s
··················Start:   upload data
····················Start:   encrypt the gradients
······················Start:   new public key
······················End:     new public key ......................................363.851ms
····················End:     encrypt the gradients .................................2.622s
····················Start:   upload the mc+proof generation
······················Start:   start proof generation
······················End:     start proof generation ..............................825.131ms
····················End:     upload the mc+proof generation ........................828.943ms
····················Start:   upload the data
[2mOct 01 02:02:03.213[0m [33m WARN[0m [1mAtom Client[0m: client: data prepared
[2mOct 01 02:02:03.348[0m [33m WARN[0m [1mAtom Client[0m: client: data uploaded,receving ms proof
[2mOct 01 02:02:03.581[0m [33m WARN[0m [1mAtom Client[0m: client: ms proof received
····················End:     upload the data .......................................367.919ms
··················End:     upload data .............................................3.819s
··················Start:   verify the data
····················Start:   verify
······················Start:   receive verify
······················End:     receive verify ......................................2.550s
······················Start:   verify the proofs
······················End:     verify the proofs ...................................5.169ms
····················End:     verify the data .......................................2.555s
··················End:     one round ...............................................14.838s
··················Start:   one round
····················Start:   train model
······················Start:   retrieve the model
······················End:     retrieve the model ..................................7.463s
····················End:     train model ...........................................8.463s
····················Start:   upload data
······················Start:   encrypt the gradients
························Start:   new public key
························End:     new public key ....................................361.824ms
······················End:     encrypt the gradients ...............................2.618s
······················Start:   upload the mc+proof generation
························Start:   start proof generation
························End:     start proof generation ............................825.142ms
······················End:     upload the mc+proof generation ......................826.198ms
······················Start:   upload the data
[2mOct 01 02:02:18.046[0m [33m WARN[0m [1mAtom Client[0m: client: data prepared
[2mOct 01 02:02:18.180[0m [33m WARN[0m [1mAtom Client[0m: client: data uploaded,receving ms proof
[2mOct 01 02:02:18.420[0m [33m WARN[0m [1mAtom Client[0m: client: ms proof received
······················End:     upload the data .....................................374.634ms
····················End:     upload data ...........................................3.819s
····················Start:   verify the data
······················Start:   verify
························Start:   receive verify
························End:     receive verify ....................................2.556s
························Start:   verify the proofs
························End:     verify the proofs .................................5.131ms
······················End:     verify the data .....................................2.562s
····················End:     one round .............................................14.845s
····················Start:   one round
······················Start:   train model
························Start:   retrieve the model
························End:     retrieve the model ................................7.457s
······················End:     train model .........................................8.457s
······················Start:   upload data
························Start:   encrypt the gradients
··························Start:   new public key
··························End:     new public key ..................................363.447ms
························End:     encrypt the gradients .............................2.622s
························Start:   upload the mc+proof generation
··························Start:   start proof generation
··························End:     start proof generation ..........................825.135ms
························End:     upload the mc+proof generation ....................826.207ms
························Start:   upload the data
[2mOct 01 02:02:32.889[0m [33m WARN[0m [1mAtom Client[0m: client: data prepared
[2mOct 01 02:02:33.023[0m [33m WARN[0m [1mAtom Client[0m: client: data uploaded,receving ms proof
[2mOct 01 02:02:33.260[0m [33m WARN[0m [1mAtom Client[0m: client: ms proof received
························End:     upload the data ...................................371.98ms
······················End:     upload data .........................................3.819s
······················Start:   verify the data
························Start:   verify
··························Start:   receive verify
··························End:     receive verify ..................................2.539s
··························Start:   verify the proofs
··························End:     verify the proofs ...............................3.342ms
························End:     verify the data ...................................2.543s
······················End:     one round ...........................................14.821s
····················End:     clients ...............................................141.385s
[2mOct 01 02:02:35.804[0m [33m WARN[0m [1mAtom Client[0m: client: close time.busy=6.71ms time.idle=141s
