[2mOct 01 02:00:14.418[0m [33m WARN[0m [1mAtom Client[0m: client: new
Start:   clients
··Start:   one round
····Start:   train model
······Start:   retrieve the model
······End:     retrieve the model ..................................................644.974µs
····End:     train model ...........................................................1.0s
····Start:   upload data
······Start:   encrypt the gradients
········Start:   new public key
········End:     new public key ....................................................361.205ms
······End:     encrypt the gradients ...............................................2.607s
······Start:   upload the mc+proof generation
········Start:   start proof generation
········End:     start proof generation ............................................825.148ms
······End:     upload the mc+proof generation ......................................826.212ms
······Start:   upload the data
[2mOct 01 02:00:19.104[0m [33m WARN[0m [1mAtom Client[0m: client: data prepared
[2mOct 01 02:00:19.239[0m [33m WARN[0m [1mAtom Client[0m: client: data uploaded,receving ms proof
[2mOct 01 02:00:19.696[0m [33m WARN[0m [1mAtom Client[0m: client: ms proof received
······End:     upload the data .....................................................592.623ms
····End:     upload data ...........................................................4.26s
····Start:   verify the data
······Start:   verify
········Start:   receive verify
········End:     receive verify ....................................................2.570s
········Start:   verify the proofs
········End:     verify the proofs .................................................6.239ms
······End:     verify the data .....................................................2.577s
····End:     one round .............................................................7.604s
····Start:   one round
······Start:   train model
········Start:   retrieve the model
········End:     retrieve the model ................................................7.437s
······End:     train model .........................................................8.438s
······Start:   upload data
········Start:   encrypt the gradients
··········Start:   new public key
··········End:     new public key ..................................................361.976ms
········End:     encrypt the gradients .............................................2.619s
········Start:   upload the mc+proof generation
··········Start:   start proof generation
··········End:     start proof generation ..........................................825.132ms
········End:     upload the mc+proof generation ....................................827.307ms
········Start:   upload the data
[2mOct 01 02:00:34.159[0m [33m WARN[0m [1mAtom Client[0m: client: data prepared
[2mOct 01 02:00:34.293[0m [33m WARN[0m [1mAtom Client[0m: client: data uploaded,receving ms proof
[2mOct 01 02:00:34.536[0m [33m WARN[0m [1mAtom Client[0m: client: ms proof received
········End:     upload the data ...................................................377.287ms
······End:     upload data .........................................................3.823s
······Start:   verify the data
········Start:   verify
··········Start:   receive verify
··········End:     receive verify ..................................................2.547s
··········Start:   verify the proofs
··········End:     verify the proofs ...............................................4.502ms
········End:     verify the data ...................................................2.552s
······End:     one round ...........................................................14.814s
······Start:   one round
········Start:   train model
··········Start:   retrieve the model
··········End:     retrieve the model ..............................................7.466s
········End:     train model .......................................................8.468s
········Start:   upload data
··········Start:   encrypt the gradients
············Start:   new public key
············End:     new public key ................................................364.182ms
··········End:     encrypt the gradients ...........................................2.668s
··········Start:   upload the mc+proof generation
············Start:   start proof generation
············End:     start proof generation ........................................825.147ms
··········End:     upload the mc+proof generation ..................................826.274ms
··········Start:   upload the data
[2mOct 01 02:00:49.052[0m [33m WARN[0m [1mAtom Client[0m: client: data prepared
[2mOct 01 02:00:49.186[0m [33m WARN[0m [1mAtom Client[0m: client: data uploaded,receving ms proof
[2mOct 01 02:00:49.377[0m [33m WARN[0m [1mAtom Client[0m: client: ms proof received
··········End:     upload the data .................................................325.60ms
········End:     upload data .......................................................3.819s
········Start:   verify the data
··········Start:   verify
············Start:   receive verify
············End:     receive verify ................................................2.554s
············Start:   verify the proofs
············End:     verify the proofs .............................................5.103ms
··········End:     verify the data .................................................2.560s
········End:     one round .........................................................14.848s
········Start:   one round
··········Start:   train model
············Start:   retrieve the model
············End:     retrieve the model ............................................7.459s
··········End:     train model .....................................................8.459s
··········Start:   upload data
············Start:   encrypt the gradients
··············Start:   new public key
··············End:     new public key ..............................................362.546ms
············End:     encrypt the gradients .........................................2.622s
············Start:   upload the mc+proof generation
··············Start:   start proof generation
··············End:     start proof generation ......................................825.139ms
············End:     upload the mc+proof generation ................................826.793ms
············Start:   upload the data
[2mOct 01 02:01:03.846[0m [33m WARN[0m [1mAtom Client[0m: client: data prepared
[2mOct 01 02:01:03.980[0m [33m WARN[0m [1mAtom Client[0m: client: data uploaded,receving ms proof
[2mOct 01 02:01:04.220[0m [33m WARN[0m [1mAtom Client[0m: client: ms proof received
············End:     upload the data ...............................................373.759ms
··········End:     upload data .....................................................3.823s
··········Start:   verify the data
············Start:   verify
··············Start:   receive verify
··············End:     receive verify ..............................................2.537s
··············Start:   verify the proofs
··············End:     verify the proofs ...........................................4.251ms
············End:     verify the data ...............................................2.541s
··········End:     one round .......................................................14.824s
··········Start:   one round
············Start:   train model
··············Start:   retrieve the model
··············End:     retrieve the model ..........................................7.476s
············End:     train model ...................................................8.477s
············Start:   upload data
··············Start:   encrypt the gradients
················Start:   new public key
················End:     new public key ............................................361.242ms
··············End:     encrypt the gradients .......................................2.620s
··············Start:   upload the mc+proof generation
················Start:   start proof generation
················End:     start proof generation ....................................825.174ms
··············End:     upload the mc+proof generation ..............................826.279ms
··············Start:   upload the data
[2mOct 01 02:01:18.685[0m [33m WARN[0m [1mAtom Client[0m: client: data prepared
[2mOct 01 02:01:18.820[0m [33m WARN[0m [1mAtom Client[0m: client: data uploaded,receving ms proof
[2mOct 01 02:01:19.058[0m [33m WARN[0m [1mAtom Client[0m: client: ms proof received
··············End:     upload the data .............................................373.210ms
············End:     upload data ...................................................3.819s
············Start:   verify the data
··············Start:   verify
················Start:   receive verify
················End:     receive verify ............................................2.556s
················Start:   verify the proofs
················End:     verify the proofs .........................................3.372ms
··············End:     verify the data .............................................2.560s
············End:     one round .....................................................14.857s
············Start:   one round
··············Start:   train model
················Start:   retrieve the model
················End:     retrieve the model ........................................7.458s
··············End:     train model .................................................8.458s
··············Start:   upload data
················Start:   encrypt the gradients
··················Start:   new public key
··················End:     new public key ..........................................361.327ms
················End:     encrypt the gradients .....................................2.617s
················Start:   upload the mc+proof generation
··················Start:   start proof generation
··················End:     start proof generation ..................................825.176ms
················End:     upload the mc+proof generation ............................826.343ms
················Start:   upload the data
[2mOct 01 02:01:33.521[0m [33m WARN[0m [1mAtom Client[0m: client: data prepared
[2mOct 01 02:01:33.656[0m [33m WARN[0m [1mAtom Client[0m: client: data uploaded,receving ms proof
[2mOct 01 02:01:33.900[0m [33m WARN[0m [1mAtom Client[0m: client: ms proof received
················End:     upload the data ...........................................378.476ms
··············End:     upload data .................................................3.822s
··············Start:   verify the data
················Start:   verify
··················Start:   receive verify
··················End:     receive verify ..........................................2.544s
··················Start:   verify the proofs
··················End:     verify the proofs .......................................6.736ms
················End:     verify the data ...........................................2.551s
··············End:     one round ...................................................14.832s
··············Start:   one round
················Start:   train model
··················Start:   retrieve the model
··················End:     retrieve the model ......................................7.467s
················End:     train model ...............................................8.467s
················Start:   upload data
··················Start:   encrypt the gradients
····················Start:   new public key
····················End:     new public key ........................................364.364ms
··················End:     encrypt the gradients ...................................2.622s
··················Start:   upload the mc+proof generation
····················Start:   start proof generation
····················End:     start proof generation ................................825.133ms
··················End:     upload the mc+proof generation ..........................826.126ms
··················Start:   upload the data
[2mOct 01 02:01:48.368[0m [33m WARN[0m [1mAtom Client[0m: client: data prepared
[2mOct 01 02:01:48.502[0m [33m WARN[0m [1mAtom Client[0m: client: data uploaded,receving ms proof
[2mOct 01 02:01:48.742[0m [33m WARN[0m [1mAtom Client[0m: client: ms proof received
··················End:     upload the data .........................................374.542ms
················End:     upload data ...............................................3.823s
················Start:   verify the data
··················Start:   verify
····················Start:   receive verify
····················End:     receive verify ........................................2.555s
····················Start:   verify the proofs
····················End:     verify the proofs .....................................5.430ms
··················End:     verify the data .........................................2.560s
················End:     one round .................................................14.852s
················Start:   one round
··················Start:   train model
····················Start:   retrieve the model
····················End:     retrieve the model ....................................7.457s
··················End:     train model .............................................8.458s
··················Start:   upload data
····················Start:   encrypt the gradients
······················Start:   new public key
······················End:     new public key ......................................362.319ms
····················End:     encrypt the gradients .................................2.621s
····················Start:   upload the mc+proof generation
······················Start:   start proof generation
······················End:     start proof generation ..............................825.132ms
····················End:     upload the mc+proof generation ........................826.156ms
····················Start:   upload the data
[2mOct 01 02:02:03.209[0m [33m WARN[0m [1mAtom Client[0m: client: data prepared
[2mOct 01 02:02:03.345[0m [33m WARN[0m [1mAtom Client[0m: client: data uploaded,receving ms proof
[2mOct 01 02:02:03.581[0m [33m WARN[0m [1mAtom Client[0m: client: ms proof received
····················End:     upload the data .......................................371.951ms
··················End:     upload data .............................................3.819s
··················Start:   verify the data
····················Start:   verify
······················Start:   receive verify
······················End:     receive verify ......................................2.541s
······················Start:   verify the proofs
······················End:     verify the proofs ...................................9.262ms
····················End:     verify the data .......................................2.551s
··················End:     one round ...............................................14.829s
··················Start:   one round
····················Start:   train model
······················Start:   retrieve the model
······················End:     retrieve the model ..................................7.467s
····················End:     train model ...........................................8.468s
····················Start:   upload data
······················Start:   encrypt the gradients
························Start:   new public key
························End:     new public key ....................................360.994ms
······················End:     encrypt the gradients ...............................2.613s
······················Start:   upload the mc+proof generation
························Start:   start proof generation
························End:     start proof generation ............................825.152ms
······················End:     upload the mc+proof generation ......................826.263ms
······················Start:   upload the data
[2mOct 01 02:02:18.041[0m [33m WARN[0m [1mAtom Client[0m: client: data prepared
[2mOct 01 02:02:18.176[0m [33m WARN[0m [1mAtom Client[0m: client: data uploaded,receving ms proof
[2mOct 01 02:02:18.420[0m [33m WARN[0m [1mAtom Client[0m: client: ms proof received
······················End:     upload the data .....................................379.167ms
····················End:     upload data ...........................................3.819s
····················Start:   verify the data
······················Start:   verify
························Start:   receive verify
························End:     receive verify ....................................2.546s
························Start:   verify the proofs
························End:     verify the proofs .................................3.355ms
······················End:     verify the data .....................................2.550s
····················End:     one round .............................................14.837s
····················Start:   one round
······················Start:   train model
························Start:   retrieve the model
························End:     retrieve the model ................................7.469s
······················End:     train model .........................................8.470s
······················Start:   upload data
························Start:   encrypt the gradients
··························Start:   new public key
··························End:     new public key ..................................363.639ms
························End:     encrypt the gradients .............................2.622s
························Start:   upload the mc+proof generation
··························Start:   start proof generation
··························End:     start proof generation ..........................825.119ms
························End:     upload the mc+proof generation ....................826.80ms
························Start:   upload the data
[2mOct 01 02:02:32.889[0m [33m WARN[0m [1mAtom Client[0m: client: data prepared
[2mOct 01 02:02:33.025[0m [33m WARN[0m [1mAtom Client[0m: client: data uploaded,receving ms proof
[2mOct 01 02:02:33.260[0m [33m WARN[0m [1mAtom Client[0m: client: ms proof received
························End:     upload the data ...................................370.489ms
······················End:     upload data .........................................3.818s
······················Start:   verify the data
························Start:   verify
··························Start:   receive verify
··························End:     receive verify ..................................2.551s
··························Start:   verify the proofs
··························End:     verify the proofs ...............................3.363ms
························End:     verify the data ...................................2.555s
······················End:     one round ...........................................14.844s
····················End:     clients ...............................................141.396s
[2mOct 01 02:02:35.815[0m [33m WARN[0m [1mAtom Client[0m: client: close time.busy=6.63ms time.idle=141s
