[2mDec 03 07:54:42.414[0m [33m WARN[0m [1mAtom Client[0m: client: new
Start:   clients
··Start:   one round
····Start:   train model
······Start:   retrieve the model
······End:     retrieve the model ..................................................1.553ms
····End:     train model ...........................................................1.1s
····Start:   upload data
······Start:   encrypt the gradients
······End:     encrypt the gradients ...............................................844.413ms
······Start:   upload the mc+proof generation
········Start:   start proof generation
··········Start:   Groth16::Prover
············Start:   R1CS to QAP witness map
············End:     R1CS to QAP witness map .......................................785.22ms
············Start:   Compute C
··············Start:   Compute C1
··············End:     Compute C1 ..................................................1.354s
··············Start:   Compute C2
··············End:     Compute C2 ..................................................780.242µs
············End:     Compute C .....................................................1.469s
············Start:   Compute A
············End:     Compute A .....................................................142.587ms
············Start:   Compute B in G1
············End:     Compute B in G1 ...............................................92.355ms
············Start:   Compute B in G2
············End:     Compute B in G2 ...............................................229.614ms
············Start:   Finish C
············End:     Finish C ......................................................4.278µs
··········End:     Groth16::Prover .................................................2.720s
··········Start:   Groth16::Prover
············Start:   R1CS to QAP witness map
············End:     R1CS to QAP witness map .......................................786.580ms
············Start:   Compute C
··············Start:   Compute C1
··············End:     Compute C1 ..................................................1.597s
··············Start:   Compute C2
··············End:     Compute C2 ..................................................892.178µs
············End:     Compute C .....................................................1.732s
············Start:   Compute A
············End:     Compute A .....................................................103.834ms
············Start:   Compute B in G1
············End:     Compute B in G1 ...............................................69.22ms
············Start:   Compute B in G2
············End:     Compute B in G2 ...............................................284.571ms
············Start:   Finish C
············End:     Finish C ......................................................4.309µs
··········End:     Groth16::Prover .................................................2.978s
··········Start:   Groth16::Prover
············Start:   R1CS to QAP witness map
············End:     R1CS to QAP witness map .......................................795.759ms
············Start:   Compute C
··············Start:   Compute C1
··············End:     Compute C1 ..................................................1.410s
··············Start:   Compute C2
··············End:     Compute C2 ..................................................1.52ms
············End:     Compute C .....................................................1.532s
············Start:   Compute A
············End:     Compute A .....................................................125.310ms
············Start:   Compute B in G1
············End:     Compute B in G1 ...............................................71.621ms
············Start:   Compute B in G2
············End:     Compute B in G2 ...............................................232.168ms
············Start:   Finish C
············End:     Finish C ......................................................7.727µs
··········End:     Groth16::Prover .................................................2.759s
··········Start:   Groth16::Prover
············Start:   R1CS to QAP witness map
············End:     R1CS to QAP witness map .......................................753.304ms
············Start:   Compute C
··············Start:   Compute C1
··············End:     Compute C1 ..................................................1.496s
··············Start:   Compute C2
··············End:     Compute C2 ..................................................1.277ms
············End:     Compute C .....................................................1.600s
············Start:   Compute A
············End:     Compute A .....................................................106.811ms
············Start:   Compute B in G1
············End:     Compute B in G1 ...............................................68.799ms
············Start:   Compute B in G2
············End:     Compute B in G2 ...............................................231.850ms
············Start:   Finish C
············End:     Finish C ......................................................4.452µs
··········End:     Groth16::Prover .................................................2.764s
··········Start:   Groth16::Prover
············Start:   R1CS to QAP witness map
············End:     R1CS to QAP witness map .......................................758.348ms
············Start:   Compute C
··············Start:   Compute C1
··············End:     Compute C1 ..................................................1.471s
··············Start:   Compute C2
··············End:     Compute C2 ..................................................870.126µs
············End:     Compute C .....................................................1.574s
············Start:   Compute A
············End:     Compute A .....................................................125.58ms
············Start:   Compute B in G1
············End:     Compute B in G1 ...............................................72.699ms
············Start:   Compute B in G2
············End:     Compute B in G2 ...............................................234.621ms
············Start:   Finish C
············End:     Finish C ......................................................4.519µs
··········End:     Groth16::Prover .................................................2.766s
··········Start:   Groth16::Prover
············Start:   R1CS to QAP witness map
············End:     R1CS to QAP witness map .......................................750.401ms
············Start:   Compute C
··············Start:   Compute C1
··············End:     Compute C1 ..................................................1.436s
··············Start:   Compute C2
··············End:     Compute C2 ..................................................1.57ms
············End:     Compute C .....................................................1.628s
············Start:   Compute A
············End:     Compute A .....................................................102.746ms
············Start:   Compute B in G1
············End:     Compute B in G1 ...............................................79.646ms
············Start:   Compute B in G2
············End:     Compute B in G2 ...............................................380.645ms
············Start:   Finish C
············End:     Finish C ......................................................4.665µs
··········End:     Groth16::Prover .................................................2.943s
··········Start:   Groth16::Prover
············Start:   R1CS to QAP witness map
············End:     R1CS to QAP witness map .......................................682.373ms
············Start:   Compute C
··············Start:   Compute C1
··············End:     Compute C1 ..................................................1.550s
··············Start:   Compute C2
··············End:     Compute C2 ..................................................916.901µs
············End:     Compute C .....................................................1.730s
············Start:   Compute A
············End:     Compute A .....................................................103.134ms
············Start:   Compute B in G1
············End:     Compute B in G1 ...............................................68.705ms
············Start:   Compute B in G2
············End:     Compute B in G2 ...............................................368.839ms
············Start:   Finish C
············End:     Finish C ......................................................4.495µs
··········End:     Groth16::Prover .................................................2.955s
··········Start:   Groth16::Prover
············Start:   R1CS to QAP witness map
············End:     R1CS to QAP witness map .......................................699.951ms
············Start:   Compute C
··············Start:   Compute C1
··············End:     Compute C1 ..................................................1.160s
··············Start:   Compute C2
··············End:     Compute C2 ..................................................877.369µs
············End:     Compute C .....................................................1.290s
············Start:   Compute A
············End:     Compute A .....................................................106.524ms
············Start:   Compute B in G1
············End:     Compute B in G1 ...............................................74.333ms
············Start:   Compute B in G2
············End:     Compute B in G2 ...............................................229.14ms
············Start:   Finish C
············End:     Finish C ......................................................4.412µs
··········End:     Groth16::Prover .................................................2.401s
··········Start:   Groth16::Prover
············Start:   R1CS to QAP witness map
············End:     R1CS to QAP witness map .......................................754.138ms
············Start:   Compute C
··············Start:   Compute C1
··············End:     Compute C1 ..................................................1.380s
··············Start:   Compute C2
··············End:     Compute C2 ..................................................1.110ms
············End:     Compute C .....................................................1.524s
············Start:   Compute A
············End:     Compute A .....................................................108.314ms
············Start:   Compute B in G1
············End:     Compute B in G1 ...............................................73.561ms
············Start:   Compute B in G2
············End:     Compute B in G2 ...............................................229.165ms
············Start:   Finish C
············End:     Finish C ......................................................4.756µs
··········End:     Groth16::Prover .................................................2.691s
··········Start:   Groth16::Prover
············Start:   R1CS to QAP witness map
············End:     R1CS to QAP witness map .......................................685.76ms
············Start:   Compute C
··············Start:   Compute C1
··············End:     Compute C1 ..................................................1.458s
··············Start:   Compute C2
··············End:     Compute C2 ..................................................1.220ms
············End:     Compute C .....................................................1.572s
············Start:   Compute A
············End:     Compute A .....................................................134.873ms
············Start:   Compute B in G1
············End:     Compute B in G1 ...............................................74.211ms
············Start:   Compute B in G2
············End:     Compute B in G2 ...............................................250.177ms
············Start:   Finish C
············End:     Finish C ......................................................4.461µs
··········End:     Groth16::Prover .................................................2.718s
········End:     start proof generation ............................................32.252s
······End:     upload the mc+proof generation ......................................32.254s
······Start:   upload the data
[2mDec 03 07:55:24.598[0m [33m WARN[0m [1mAtom Client[0m: client: data prepared
[2mDec 03 07:55:24.606[0m [33m WARN[0m [1mAtom Client[0m: client: data uploaded,receving ms proof
[2mDec 03 07:55:28.236[0m [33m WARN[0m [1mAtom Client[0m: client: ms proof received
······End:     upload the data .....................................................3.638s
····End:     upload data ...........................................................36.737s
Prover CPU Time 137.443087788 s
····Start:   verify the data
······Start:   verify
········Start:   receive verify
········End:     receive verify ....................................................1.973ms
Verifier CPU Time 0.000548102 s
······End:     verify the data .....................................................2.39ms
····End:     one round .............................................................37.741s
··End:     clients .................................................................37.741s
[2mDec 03 07:55:28.308[0m [33m WARN[0m [1mAtom Client[0m: client: close time.busy=71.4ms time.idle=45.8s

real	0m46.204s
user	2m21.647s
sys	0m4.285s
