[2mNov 30 21:55:54.483[0m [33m WARN[0m [1mAtom Client[0m: client: new
Start:   clients
··Start:   one round
····Start:   train model
······Start:   retrieve the model
······End:     retrieve the model ..................................................1.215ms
····End:     train model ...........................................................1.1s
····Start:   upload data
······Start:   encrypt the gradients
······End:     encrypt the gradients ...............................................191.221ms
······Start:   upload the mc+proof generation
········Start:   start proof generation
··········Start:   Groth16::Prover
············Start:   R1CS to QAP witness map
············End:     R1CS to QAP witness map .......................................614.133ms
············Start:   Compute C
··············Start:   Compute C1
··············End:     Compute C1 ..................................................1.257s
··············Start:   Compute C2
··············End:     Compute C2 ..................................................1.207ms
············End:     Compute C .....................................................1.447s
············Start:   Compute A
············End:     Compute A .....................................................154.932ms
············Start:   Compute B in G1
············End:     Compute B in G1 ...............................................73.825ms
············Start:   Compute B in G2
············End:     Compute B in G2 ...............................................230.19ms
············Start:   Finish C
············End:     Finish C ......................................................4.577µs
··········End:     Groth16::Prover .................................................2.521s
········End:     start proof generation ............................................6.788s
······End:     upload the mc+proof generation ......................................6.790s
······Start:   upload the data
[2mNov 30 21:56:10.225[0m [33m WARN[0m [1mAtom Client[0m: client: data prepared
[2mNov 30 21:56:10.361[0m [33m WARN[0m [1mAtom Client[0m: client: data uploaded,receving ms proof
[2mNov 30 21:56:11.348[0m [33m WARN[0m [1mAtom Client[0m: client: ms proof received
······End:     upload the data .....................................................1.122s
····End:     upload data ...........................................................8.104s
Prover CPU Time 16.45575453 s
····Start:   verify the data
······Start:   verify
········Start:   receive verify
········End:     receive verify ....................................................1.259ms
Verifier CPU Time 0.000563527 s
······End:     verify the data .....................................................1.349ms
····End:     one round .............................................................9.107s
··End:     clients .................................................................9.107s
[2mNov 30 21:56:11.425[0m [33m WARN[0m [1mAtom Client[0m: client: close time.busy=76.2ms time.idle=16.9s

real	0m17.225s
user	0m21.822s
sys	0m2.772s
