[2mNov 30 21:55:54.482[0m [33m WARN[0m [1mAtom Client[0m: client: new
Start:   clients
··Start:   one round
····Start:   train model
······Start:   retrieve the model
······End:     retrieve the model ..................................................1.176ms
····End:     train model ...........................................................1.1s
····Start:   upload data
······Start:   encrypt the gradients
······End:     encrypt the gradients ...............................................188.971ms
······Start:   upload the mc+proof generation
········Start:   start proof generation
··········Start:   Groth16::Prover
············Start:   R1CS to QAP witness map
············End:     R1CS to QAP witness map .......................................699.849ms
············Start:   Compute C
··············Start:   Compute C1
··············End:     Compute C1 ..................................................1.599s
··············Start:   Compute C2
··············End:     Compute C2 ..................................................992.494µs
············End:     Compute C .....................................................1.704s
············Start:   Compute A
············End:     Compute A .....................................................125.652ms
············Start:   Compute B in G1
············End:     Compute B in G1 ...............................................93.827ms
············Start:   Compute B in G2
············End:     Compute B in G2 ...............................................238.278ms
············Start:   Finish C
············End:     Finish C ......................................................4.622µs
··········End:     Groth16::Prover .................................................2.863s
········End:     start proof generation ............................................7.111s
······End:     upload the mc+proof generation ......................................7.113s
······Start:   upload the data
[2mNov 30 21:56:10.567[0m [33m WARN[0m [1mAtom Client[0m: client: data prepared
[2mNov 30 21:56:10.702[0m [33m WARN[0m [1mAtom Client[0m: client: data uploaded,receving ms proof
[2mNov 30 21:56:11.348[0m [33m WARN[0m [1mAtom Client[0m: client: ms proof received
······End:     upload the data .....................................................781.287ms
····End:     upload data ...........................................................8.83s
Prover CPU Time 17.498325019 s
····Start:   verify the data
······Start:   verify
········Start:   receive verify
········End:     receive verify ....................................................1.487ms
Verifier CPU Time 0.000269858 s
······End:     verify the data .....................................................1.541ms
····End:     one round .............................................................9.86s
··End:     clients .................................................................9.86s
[2mNov 30 21:56:11.439[0m [33m WARN[0m [1mAtom Client[0m: client: close time.busy=90.1ms time.idle=16.9s

real	0m17.304s
user	0m22.993s
sys	0m2.730s
