[2mNov 30 21:55:54.483[0m [33m WARN[0m [1mAtom Client[0m: client: new
Start:   clients
··Start:   one round
····Start:   train model
······Start:   retrieve the model
······End:     retrieve the model ..................................................1.322ms
····End:     train model ...........................................................1.1s
····Start:   upload data
······Start:   encrypt the gradients
······End:     encrypt the gradients ...............................................195.178ms
······Start:   upload the mc+proof generation
········Start:   start proof generation
··········Start:   Groth16::Prover
············Start:   R1CS to QAP witness map
············End:     R1CS to QAP witness map .......................................833.373ms
············Start:   Compute C
··············Start:   Compute C1
··············End:     Compute C1 ..................................................1.470s
··············Start:   Compute C2
··············End:     Compute C2 ..................................................1.260ms
············End:     Compute C .....................................................1.660s
············Start:   Compute A
············End:     Compute A .....................................................129.442ms
············Start:   Compute B in G1
············End:     Compute B in G1 ...............................................78.942ms
············Start:   Compute B in G2
············End:     Compute B in G2 ...............................................231.331ms
············Start:   Finish C
············End:     Finish C ......................................................4.356µs
··········End:     Groth16::Prover .................................................2.935s
········End:     start proof generation ............................................7.249s
······End:     upload the mc+proof generation ......................................7.251s
······Start:   upload the data
[2mNov 30 21:56:10.841[0m [33m WARN[0m [1mAtom Client[0m: client: data prepared
[2mNov 30 21:56:10.976[0m [33m WARN[0m [1mAtom Client[0m: client: data uploaded,receving ms proof
[2mNov 30 21:56:11.348[0m [33m WARN[0m [1mAtom Client[0m: client: ms proof received
······End:     upload the data .....................................................506.939ms
····End:     upload data ...........................................................7.953s
Prover CPU Time 18.53573923 s
····Start:   verify the data
······Start:   verify
········Start:   receive verify
········End:     receive verify ....................................................1.516ms
Verifier CPU Time 0.000432389 s
······End:     verify the data .....................................................1.576ms
····End:     one round .............................................................8.956s
··End:     clients .................................................................8.956s
[2mNov 30 21:56:11.427[0m [33m WARN[0m [1mAtom Client[0m: client: close time.busy=77.7ms time.idle=16.9s

real	0m17.114s
user	0m24.011s
sys	0m2.696s
