[2mNov 30 21:55:54.483[0m [33m WARN[0m [1mAtom Client[0m: client: new
Start:   clients
··Start:   one round
····Start:   train model
······Start:   retrieve the model
······End:     retrieve the model ..................................................1.152ms
····End:     train model ...........................................................1.1s
····Start:   upload data
······Start:   encrypt the gradients
······End:     encrypt the gradients ...............................................191.722ms
······Start:   upload the mc+proof generation
········Start:   start proof generation
··········Start:   Groth16::Prover
············Start:   R1CS to QAP witness map
············End:     R1CS to QAP witness map .......................................681.173ms
············Start:   Compute C
··············Start:   Compute C1
··············End:     Compute C1 ..................................................1.314s
··············Start:   Compute C2
··············End:     Compute C2 ..................................................1.92ms
············End:     Compute C .....................................................1.423s
············Start:   Compute A
············End:     Compute A .....................................................156.829ms
············Start:   Compute B in G1
············End:     Compute B in G1 ...............................................95.913ms
············Start:   Compute B in G2
············End:     Compute B in G2 ...............................................259.0ms
············Start:   Finish C
············End:     Finish C ......................................................4.667µs
··········End:     Groth16::Prover .................................................2.618s
········End:     start proof generation ............................................6.877s
······End:     upload the mc+proof generation ......................................6.878s
······Start:   upload the data
[2mNov 30 21:56:10.357[0m [33m WARN[0m [1mAtom Client[0m: client: data prepared
[2mNov 30 21:56:10.493[0m [33m WARN[0m [1mAtom Client[0m: client: data uploaded,receving ms proof
[2mNov 30 21:56:11.348[0m [33m WARN[0m [1mAtom Client[0m: client: ms proof received
······End:     upload the data .....................................................990.709ms
····End:     upload data ...........................................................8.61s
Prover CPU Time 17.088138462 s
····Start:   verify the data
······Start:   verify
········Start:   receive verify
········End:     receive verify ....................................................1.337ms
Verifier CPU Time 0.000396185 s
······End:     verify the data .....................................................1.426ms
····End:     one round .............................................................9.64s
··End:     clients .................................................................9.64s
[2mNov 30 21:56:11.422[0m [33m WARN[0m [1mAtom Client[0m: client: close time.busy=73.1ms time.idle=16.9s

real	0m17.221s
user	0m22.520s
sys	0m2.740s
