[2mNov 30 21:55:54.483[0m [33m WARN[0m [1mAtom Client[0m: client: new
Start:   clients
··Start:   one round
····Start:   train model
······Start:   retrieve the model
······End:     retrieve the model ..................................................1.14ms
····End:     train model ...........................................................1.1s
····Start:   upload data
······Start:   encrypt the gradients
······End:     encrypt the gradients ...............................................196.439ms
······Start:   upload the mc+proof generation
········Start:   start proof generation
··········Start:   Groth16::Prover
············Start:   R1CS to QAP witness map
············End:     R1CS to QAP witness map .......................................806.949ms
············Start:   Compute C
··············Start:   Compute C1
··············End:     Compute C1 ..................................................1.256s
··············Start:   Compute C2
··············End:     Compute C2 ..................................................811.23µs
············End:     Compute C .....................................................1.411s
············Start:   Compute A
············End:     Compute A .....................................................110.433ms
············Start:   Compute B in G1
············End:     Compute B in G1 ...............................................68.956ms
············Start:   Compute B in G2
············End:     Compute B in G2 ...............................................230.112ms
············Start:   Finish C
············End:     Finish C ......................................................4.477µs
··········End:     Groth16::Prover .................................................2.629s
········End:     start proof generation ............................................6.928s
······End:     upload the mc+proof generation ......................................6.930s
······Start:   upload the data
[2mNov 30 21:56:10.645[0m [33m WARN[0m [1mAtom Client[0m: client: data prepared
[2mNov 30 21:56:10.780[0m [33m WARN[0m [1mAtom Client[0m: client: data uploaded,receving ms proof
[2mNov 30 21:56:11.348[0m [33m WARN[0m [1mAtom Client[0m: client: ms proof received
······End:     upload the data .....................................................703.304ms
····End:     upload data ...........................................................7.830s
Prover CPU Time 16.761478939 s
····Start:   verify the data
······Start:   verify
········Start:   receive verify
········End:     receive verify ....................................................1.463ms
Verifier CPU Time 0.000363067 s
······End:     verify the data .....................................................1.523ms
····End:     one round .............................................................8.832s
··End:     clients .................................................................8.832s
[2mNov 30 21:56:11.428[0m [33m WARN[0m [1mAtom Client[0m: client: close time.busy=79.0ms time.idle=16.9s

real	0m17.321s
user	0m22.503s
sys	0m2.761s
