[2mNov 30 21:55:54.482[0m [33m WARN[0m [1mAtom Client[0m: client: new
Start:   clients
··Start:   one round
····Start:   train model
······Start:   retrieve the model
······End:     retrieve the model ..................................................1.38ms
····End:     train model ...........................................................1.1s
····Start:   upload data
······Start:   encrypt the gradients
······End:     encrypt the gradients ...............................................196.334ms
······Start:   upload the mc+proof generation
········Start:   start proof generation
··········Start:   Groth16::Prover
············Start:   R1CS to QAP witness map
············End:     R1CS to QAP witness map .......................................781.979ms
············Start:   Compute C
··············Start:   Compute C1
··············End:     Compute C1 ..................................................1.293s
··············Start:   Compute C2
··············End:     Compute C2 ..................................................879.347µs
············End:     Compute C .....................................................1.424s
············Start:   Compute A
············End:     Compute A .....................................................133.397ms
············Start:   Compute B in G1
············End:     Compute B in G1 ...............................................76.464ms
············Start:   Compute B in G2
············End:     Compute B in G2 ...............................................232.951ms
············Start:   Finish C
············End:     Finish C ......................................................4.597µs
··········End:     Groth16::Prover .................................................2.651s
········End:     start proof generation ............................................6.971s
······End:     upload the mc+proof generation ......................................6.973s
······Start:   upload the data
[2mNov 30 21:56:10.705[0m [33m WARN[0m [1mAtom Client[0m: client: data prepared
[2mNov 30 21:56:10.841[0m [33m WARN[0m [1mAtom Client[0m: client: data uploaded,receving ms proof
[2mNov 30 21:56:11.348[0m [33m WARN[0m [1mAtom Client[0m: client: ms proof received
······End:     upload the data .....................................................642.314ms
····End:     upload data ...........................................................7.812s
Prover CPU Time 17.387714093 s
····Start:   verify the data
······Start:   verify
········Start:   receive verify
········End:     receive verify ....................................................401.357µs
Verifier CPU Time 0.00041427 s
······End:     verify the data .....................................................473.302µs
····End:     one round .............................................................8.814s
··End:     clients .................................................................8.814s
[2mNov 30 21:56:11.426[0m [33m WARN[0m [1mAtom Client[0m: client: close time.busy=78.2ms time.idle=16.9s

real	0m17.230s
user	0m22.926s
sys	0m2.894s
