[2mNov 30 21:55:54.483[0m [33m WARN[0m [1mAtom Client[0m: client: new
Start:   clients
··Start:   one round
····Start:   train model
······Start:   retrieve the model
······End:     retrieve the model ..................................................1.4ms
····End:     train model ...........................................................1.1s
····Start:   upload data
······Start:   encrypt the gradients
······End:     encrypt the gradients ...............................................194.294ms
······Start:   upload the mc+proof generation
········Start:   start proof generation
··········Start:   Groth16::Prover
············Start:   R1CS to QAP witness map
············End:     R1CS to QAP witness map .......................................815.835ms
············Start:   Compute C
··············Start:   Compute C1
··············End:     Compute C1 ..................................................1.332s
··············Start:   Compute C2
··············End:     Compute C2 ..................................................940.599µs
············End:     Compute C .....................................................1.497s
············Start:   Compute A
············End:     Compute A .....................................................135.284ms
············Start:   Compute B in G1
············End:     Compute B in G1 ...............................................78.692ms
············Start:   Compute B in G2
············End:     Compute B in G2 ...............................................265.121ms
············Start:   Finish C
············End:     Finish C ......................................................4.692µs
··········End:     Groth16::Prover .................................................2.794s
········End:     start proof generation ............................................7.76s
······End:     upload the mc+proof generation ......................................7.78s
······Start:   upload the data
[2mNov 30 21:56:10.680[0m [33m WARN[0m [1mAtom Client[0m: client: data prepared
[2mNov 30 21:56:10.817[0m [33m WARN[0m [1mAtom Client[0m: client: data uploaded,receving ms proof
[2mNov 30 21:56:11.348[0m [33m WARN[0m [1mAtom Client[0m: client: ms proof received
······End:     upload the data .....................................................667.164ms
····End:     upload data ...........................................................7.940s
Prover CPU Time 17.439338189 s
····Start:   verify the data
······Start:   verify
········Start:   receive verify
········End:     receive verify ....................................................552.85µs
Verifier CPU Time 0.000323717 s
······End:     verify the data .....................................................604.842µs
····End:     one round .............................................................8.942s
··End:     clients .................................................................8.942s
[2mNov 30 21:56:11.448[0m [33m WARN[0m [1mAtom Client[0m: client: close time.busy=99.7ms time.idle=16.9s

real	0m17.305s
user	0m22.868s
sys	0m2.945s
