[2mNov 30 21:55:54.482[0m [33m WARN[0m [1mAtom Client[0m: client: new
Start:   clients
··Start:   one round
····Start:   train model
······Start:   retrieve the model
······End:     retrieve the model ..................................................1.117ms
····End:     train model ...........................................................1.1s
····Start:   upload data
······Start:   encrypt the gradients
······End:     encrypt the gradients ...............................................190.952ms
······Start:   upload the mc+proof generation
········Start:   start proof generation
··········Start:   Groth16::Prover
············Start:   R1CS to QAP witness map
············End:     R1CS to QAP witness map .......................................705.679ms
············Start:   Compute C
··············Start:   Compute C1
··············End:     Compute C1 ..................................................1.590s
··············Start:   Compute C2
··············End:     Compute C2 ..................................................946.865µs
············End:     Compute C .....................................................1.694s
············Start:   Compute A
············End:     Compute A .....................................................123.181ms
············Start:   Compute B in G1
············End:     Compute B in G1 ...............................................80.535ms
············Start:   Compute B in G2
············End:     Compute B in G2 ...............................................259.598ms
············Start:   Finish C
············End:     Finish C ......................................................4.157µs
··········End:     Groth16::Prover .................................................2.865s
········End:     start proof generation ............................................7.149s
······End:     upload the mc+proof generation ......................................7.152s
······Start:   upload the data
[2mNov 30 21:56:10.603[0m [33m WARN[0m [1mAtom Client[0m: client: data prepared
[2mNov 30 21:56:10.739[0m [33m WARN[0m [1mAtom Client[0m: client: data uploaded,receving ms proof
[2mNov 30 21:56:11.348[0m [33m WARN[0m [1mAtom Client[0m: client: ms proof received
······End:     upload the data .....................................................745.224ms
····End:     upload data ...........................................................8.88s
Prover CPU Time 17.665713586 s
····Start:   verify the data
······Start:   verify
········Start:   receive verify
········End:     receive verify ....................................................484.956µs
Verifier CPU Time 0.000223414 s
······End:     verify the data .....................................................520.170µs
····End:     one round .............................................................9.90s
··End:     clients .................................................................9.90s
[2mNov 30 21:56:11.443[0m [33m WARN[0m [1mAtom Client[0m: client: close time.busy=94.8ms time.idle=16.9s

real	0m17.345s
user	0m23.045s
sys	0m2.881s
