[2mDec 03 08:04:22.231[0m [33m WARN[0m [1mAtom Client[0m: client: new
Start:   clients
··Start:   one round
····Start:   train model
······Start:   retrieve the model
······End:     retrieve the model ..................................................1.865ms
····End:     train model ...........................................................1.2s
····Start:   upload data
······Start:   encrypt the gradients
······End:     encrypt the gradients ...............................................841.560ms
······Start:   upload the mc+proof generation
········Start:   start proof generation
··········Start:   Groth16::Prover
············Start:   R1CS to QAP witness map
············End:     R1CS to QAP witness map .......................................849.453ms
············Start:   Compute C
··············Start:   Compute C1
··············End:     Compute C1 ..................................................1.364s
··············Start:   Compute C2
··············End:     Compute C2 ..................................................912.275µs
············End:     Compute C .....................................................1.455s
············Start:   Compute A
············End:     Compute A .....................................................96.296ms
············Start:   Compute B in G1
············End:     Compute B in G1 ...............................................60.867ms
············Start:   Compute B in G2
············End:     Compute B in G2 ...............................................250.370ms
············Start:   Finish C
············End:     Finish C ......................................................4.603µs
··········End:     Groth16::Prover .................................................2.714s
··········Start:   Groth16::Prover
············Start:   R1CS to QAP witness map
············End:     R1CS to QAP witness map .......................................889.896ms
············Start:   Compute C
··············Start:   Compute C1
··············End:     Compute C1 ..................................................1.513s
··············Start:   Compute C2
··············End:     Compute C2 ..................................................1.789ms
············End:     Compute C .....................................................1.626s
············Start:   Compute A
············End:     Compute A .....................................................115.249ms
············Start:   Compute B in G1
············End:     Compute B in G1 ...............................................60.521ms
············Start:   Compute B in G2
············End:     Compute B in G2 ...............................................191.170ms
············Start:   Finish C
············End:     Finish C ......................................................4.824µs
··········End:     Groth16::Prover .................................................2.887s
··········Start:   Groth16::Prover
············Start:   R1CS to QAP witness map
············End:     R1CS to QAP witness map .......................................1.161s
············Start:   Compute C
··············Start:   Compute C1
··············End:     Compute C1 ..................................................1.486s
··············Start:   Compute C2
··············End:     Compute C2 ..................................................1.274ms
············End:     Compute C .....................................................1.584s
············Start:   Compute A
············End:     Compute A .....................................................94.99ms
············Start:   Compute B in G1
············End:     Compute B in G1 ...............................................86.468ms
············Start:   Compute B in G2
············End:     Compute B in G2 ...............................................346.612ms
············Start:   Finish C
············End:     Finish C ......................................................8.173µs
··········End:     Groth16::Prover .................................................3.275s
··········Start:   Groth16::Prover
············Start:   R1CS to QAP witness map
············End:     R1CS to QAP witness map .......................................971.718ms
············Start:   Compute C
··············Start:   Compute C1
··············End:     Compute C1 ..................................................1.380s
··············Start:   Compute C2
··············End:     Compute C2 ..................................................1.653ms
············End:     Compute C .....................................................1.473s
············Start:   Compute A
············End:     Compute A .....................................................92.7ms
············Start:   Compute B in G1
············End:     Compute B in G1 ...............................................60.877ms
············Start:   Compute B in G2
············End:     Compute B in G2 ...............................................198.457ms
············Start:   Finish C
············End:     Finish C ......................................................8.999µs
··········End:     Groth16::Prover .................................................2.798s
··········Start:   Groth16::Prover
············Start:   R1CS to QAP witness map
············End:     R1CS to QAP witness map .......................................1.37s
············Start:   Compute C
··············Start:   Compute C1
··············End:     Compute C1 ..................................................1.358s
··············Start:   Compute C2
··············End:     Compute C2 ..................................................987.420µs
············End:     Compute C .....................................................1.449s
············Start:   Compute A
············End:     Compute A .....................................................95.335ms
············Start:   Compute B in G1
············End:     Compute B in G1 ...............................................56.176ms
············Start:   Compute B in G2
············End:     Compute B in G2 ...............................................218.588ms
············Start:   Finish C
············End:     Finish C ......................................................5.364µs
··········End:     Groth16::Prover .................................................2.858s
··········Start:   Groth16::Prover
············Start:   R1CS to QAP witness map
············End:     R1CS to QAP witness map .......................................894.419ms
············Start:   Compute C
··············Start:   Compute C1
··············End:     Compute C1 ..................................................1.489s
··············Start:   Compute C2
··············End:     Compute C2 ..................................................1.889ms
············End:     Compute C .....................................................1.585s
············Start:   Compute A
············End:     Compute A .....................................................107.117ms
············Start:   Compute B in G1
············End:     Compute B in G1 ...............................................63.719ms
············Start:   Compute B in G2
············End:     Compute B in G2 ...............................................199.852ms
············Start:   Finish C
············End:     Finish C ......................................................4.465µs
··········End:     Groth16::Prover .................................................2.854s
··········Start:   Groth16::Prover
············Start:   R1CS to QAP witness map
············End:     R1CS to QAP witness map .......................................889.645ms
············Start:   Compute C
··············Start:   Compute C1
··············End:     Compute C1 ..................................................1.538s
··············Start:   Compute C2
··············End:     Compute C2 ..................................................1.24ms
············End:     Compute C .....................................................1.660s
············Start:   Compute A
············End:     Compute A .....................................................114.79ms
············Start:   Compute B in G1
············End:     Compute B in G1 ...............................................60.511ms
············Start:   Compute B in G2
············End:     Compute B in G2 ...............................................192.559ms
············Start:   Finish C
············End:     Finish C ......................................................8.127µs
··········End:     Groth16::Prover .................................................2.918s
··········Start:   Groth16::Prover
············Start:   R1CS to QAP witness map
············End:     R1CS to QAP witness map .......................................865.532ms
············Start:   Compute C
··············Start:   Compute C1
··············End:     Compute C1 ..................................................1.590s
··············Start:   Compute C2
··············End:     Compute C2 ..................................................1.0ms
············End:     Compute C .....................................................1.706s
············Start:   Compute A
············End:     Compute A .....................................................88.896ms
············Start:   Compute B in G1
············End:     Compute B in G1 ...............................................56.766ms
············Start:   Compute B in G2
············End:     Compute B in G2 ...............................................335.253ms
············Start:   Finish C
············End:     Finish C ......................................................4.822µs
··········End:     Groth16::Prover .................................................3.54s
··········Start:   Groth16::Prover
············Start:   R1CS to QAP witness map
············End:     R1CS to QAP witness map .......................................718.521ms
············Start:   Compute C
··············Start:   Compute C1
··············End:     Compute C1 ..................................................1.563s
··············Start:   Compute C2
··············End:     Compute C2 ..................................................1.557ms
············End:     Compute C .....................................................1.733s
············Start:   Compute A
············End:     Compute A .....................................................122.992ms
············Start:   Compute B in G1
············End:     Compute B in G1 ...............................................64.750ms
············Start:   Compute B in G2
············End:     Compute B in G2 ...............................................201.287ms
············Start:   Finish C
············End:     Finish C ......................................................4.706µs
··········End:     Groth16::Prover .................................................2.843s
··········Start:   Groth16::Prover
············Start:   R1CS to QAP witness map
············End:     R1CS to QAP witness map .......................................849.118ms
············Start:   Compute C
··············Start:   Compute C1
··············End:     Compute C1 ..................................................1.675s
··············Start:   Compute C2
··············End:     Compute C2 ..................................................1.693ms
············End:     Compute C .....................................................1.847s
············Start:   Compute A
············End:     Compute A .....................................................169.494ms
············Start:   Compute B in G1
············End:     Compute B in G1 ...............................................107.70ms
············Start:   Compute B in G2
············End:     Compute B in G2 ...............................................196.942ms
············Start:   Finish C
············End:     Finish C ......................................................4.960µs
··········End:     Groth16::Prover .................................................3.171s
········End:     start proof generation ............................................33.956s
······End:     upload the mc+proof generation ......................................33.958s
······Start:   upload the data
[2mDec 03 08:05:06.417[0m [33m WARN[0m [1mAtom Client[0m: client: data prepared
[2mDec 03 08:05:06.426[0m [33m WARN[0m [1mAtom Client[0m: client: data uploaded,receving ms proof
[2mDec 03 08:05:06.758[0m [33m WARN[0m [1mAtom Client[0m: client: ms proof received
······End:     upload the data .....................................................343.161ms
····End:     upload data ...........................................................35.143s
Prover CPU Time 149.83415066 s
····Start:   verify the data
······Start:   verify
········Start:   receive verify
········End:     receive verify ....................................................1.291s
········Start:   verify the proofs
········End:     verify the proofs .................................................6.810ms
Verifier CPU Time 0.081048234 s
······End:     verify the data .....................................................1.301s
····End:     one round .............................................................37.446s
··End:     clients .................................................................37.446s
[2mDec 03 08:05:08.116[0m [33m WARN[0m [1mAtom Client[0m: client: close time.busy=69.0ms time.idle=45.8s

real	0m46.227s
user	2m30.769s
sys	0m7.943s
