[2mNov 30 21:58:18.255[0m [33m WARN[0m [1mAtom Client[0m: client: new
Start:   clients
··Start:   one round
····Start:   train model
······Start:   retrieve the model
······End:     retrieve the model ..................................................201.983ms
····End:     train model ...........................................................1.202s
····Start:   upload data
······Start:   encrypt the gradients
······End:     encrypt the gradients ...............................................3.492s
······Start:   upload the mc+proof generation
········Start:   start proof generation
··········Start:   Groth16::Prover
············Start:   R1CS to QAP witness map
············End:     R1CS to QAP witness map .......................................828.708ms
············Start:   Compute C
··············Start:   Compute C1
··············End:     Compute C1 ..................................................1.290s
··············Start:   Compute C2
··············End:     Compute C2 ..................................................876.178µs
············End:     Compute C .....................................................1.393s
············Start:   Compute A
············End:     Compute A .....................................................108.540ms
············Start:   Compute B in G1
············End:     Compute B in G1 ...............................................89.312ms
············Start:   Compute B in G2
············End:     Compute B in G2 ...............................................397.652ms
············Start:   Finish C
············End:     Finish C ......................................................4.599µs
··········End:     Groth16::Prover .................................................2.819s
··········Start:   Groth16::Prover
············Start:   R1CS to QAP witness map
············End:     R1CS to QAP witness map .......................................804.468ms
············Start:   Compute C
··············Start:   Compute C1
··············End:     Compute C1 ..................................................1.232s
··············Start:   Compute C2
··············End:     Compute C2 ..................................................831.959µs
············End:     Compute C .....................................................1.369s
············Start:   Compute A
············End:     Compute A .....................................................183.846ms
············Start:   Compute B in G1
············End:     Compute B in G1 ...............................................121.667ms
············Start:   Compute B in G2
············End:     Compute B in G2 ...............................................385.91ms
············Start:   Finish C
············End:     Finish C ......................................................4.918µs
··········End:     Groth16::Prover .................................................2.865s
··········Start:   Groth16::Prover
············Start:   R1CS to QAP witness map
············End:     R1CS to QAP witness map .......................................819.713ms
············Start:   Compute C
··············Start:   Compute C1
··············End:     Compute C1 ..................................................1.220s
··············Start:   Compute C2
··············End:     Compute C2 ..................................................1.392ms
············End:     Compute C .....................................................1.381s
············Start:   Compute A
············End:     Compute A .....................................................180.460ms
············Start:   Compute B in G1
············End:     Compute B in G1 ...............................................121.298ms
············Start:   Compute B in G2
············End:     Compute B in G2 ...............................................384.520ms
············Start:   Finish C
············End:     Finish C ......................................................4.571µs
··········End:     Groth16::Prover .................................................2.891s
··········Start:   Groth16::Prover
············Start:   R1CS to QAP witness map
············End:     R1CS to QAP witness map .......................................793.493ms
············Start:   Compute C
··············Start:   Compute C1
··············End:     Compute C1 ..................................................1.147s
··············Start:   Compute C2
··············End:     Compute C2 ..................................................929.296µs
············End:     Compute C .....................................................1.251s
············Start:   Compute A
············End:     Compute A .....................................................103.875ms
············Start:   Compute B in G1
············End:     Compute B in G1 ...............................................69.314ms
············Start:   Compute B in G2
············End:     Compute B in G2 ...............................................234.734ms
············Start:   Finish C
············End:     Finish C ......................................................8.412µs
··········End:     Groth16::Prover .................................................2.454s
··········Start:   Groth16::Prover
············Start:   R1CS to QAP witness map
············End:     R1CS to QAP witness map .......................................820.786ms
············Start:   Compute C
··············Start:   Compute C1
··············End:     Compute C1 ..................................................1.269s
··············Start:   Compute C2
··············End:     Compute C2 ..................................................932.735µs
············End:     Compute C .....................................................1.448s
············Start:   Compute A
············End:     Compute A .....................................................103.118ms
············Start:   Compute B in G1
············End:     Compute B in G1 ...............................................68.625ms
············Start:   Compute B in G2
············End:     Compute B in G2 ...............................................367.450ms
············Start:   Finish C
············End:     Finish C ......................................................4.454µs
··········End:     Groth16::Prover .................................................2.810s
··········Start:   Groth16::Prover
············Start:   R1CS to QAP witness map
············End:     R1CS to QAP witness map .......................................768.155ms
············Start:   Compute C
··············Start:   Compute C1
··············End:     Compute C1 ..................................................1.242s
··············Start:   Compute C2
··············End:     Compute C2 ..................................................1.276ms
············End:     Compute C .....................................................1.351s
············Start:   Compute A
············End:     Compute A .....................................................132.294ms
············Start:   Compute B in G1
············End:     Compute B in G1 ...............................................82.133ms
············Start:   Compute B in G2
············End:     Compute B in G2 ...............................................365.614ms
············Start:   Finish C
············End:     Finish C ......................................................6.896µs
··········End:     Groth16::Prover .................................................2.701s
··········Start:   Groth16::Prover
············Start:   R1CS to QAP witness map
············End:     R1CS to QAP witness map .......................................778.821ms
············Start:   Compute C
··············Start:   Compute C1
··············End:     Compute C1 ..................................................1.155s
··············Start:   Compute C2
··············End:     Compute C2 ..................................................1.561ms
············End:     Compute C .....................................................1.268s
············Start:   Compute A
············End:     Compute A .....................................................112.833ms
············Start:   Compute B in G1
············End:     Compute B in G1 ...............................................74.131ms
············Start:   Compute B in G2
············End:     Compute B in G2 ...............................................327.648ms
············Start:   Finish C
············End:     Finish C ......................................................4.561µs
··········End:     Groth16::Prover .................................................2.566s
··········Start:   Groth16::Prover
············Start:   R1CS to QAP witness map
············End:     R1CS to QAP witness map .......................................798.94ms
············Start:   Compute C
··············Start:   Compute C1
··············End:     Compute C1 ..................................................1.232s
··············Start:   Compute C2
··············End:     Compute C2 ..................................................875.115µs
············End:     Compute C .....................................................1.340s
············Start:   Compute A
············End:     Compute A .....................................................142.216ms
············Start:   Compute B in G1
············End:     Compute B in G1 ...............................................94.835ms
············Start:   Compute B in G2
············End:     Compute B in G2 ...............................................414.145ms
············Start:   Finish C
············End:     Finish C ......................................................7.917µs
··········End:     Groth16::Prover .................................................2.791s
··········Start:   Groth16::Prover
············Start:   R1CS to QAP witness map
············End:     R1CS to QAP witness map .......................................750.507ms
············Start:   Compute C
··············Start:   Compute C1
··············End:     Compute C1 ..................................................1.153s
··············Start:   Compute C2
··············End:     Compute C2 ..................................................870.1µs
············End:     Compute C .....................................................1.256s
············Start:   Compute A
············End:     Compute A .....................................................153.604ms
············Start:   Compute B in G1
············End:     Compute B in G1 ...............................................122.172ms
············Start:   Compute B in G2
············End:     Compute B in G2 ...............................................394.207ms
············Start:   Finish C
············End:     Finish C ......................................................8.273µs
··········End:     Groth16::Prover .................................................2.678s
··········Start:   Groth16::Prover
············Start:   R1CS to QAP witness map
············End:     R1CS to QAP witness map .......................................861.883ms
············Start:   Compute C
··············Start:   Compute C1
··············End:     Compute C1 ..................................................1.94s
··············Start:   Compute C2
··············End:     Compute C2 ..................................................1.493ms
············End:     Compute C .....................................................1.282s
············Start:   Compute A
············End:     Compute A .....................................................182.429ms
············Start:   Compute B in G1
············End:     Compute B in G1 ...............................................74.451ms
············Start:   Compute B in G2
············End:     Compute B in G2 ...............................................250.697ms
············Start:   Finish C
············End:     Finish C ......................................................4.683µs
··········End:     Groth16::Prover .................................................2.656s
··········Start:   Groth16::Prover
············Start:   R1CS to QAP witness map
············End:     R1CS to QAP witness map .......................................777.932ms
············Start:   Compute C
··············Start:   Compute C1
··············End:     Compute C1 ..................................................991.239ms
··············Start:   Compute C2
··············End:     Compute C2 ..................................................875.890µs
············End:     Compute C .....................................................1.140s
············Start:   Compute A
············End:     Compute A .....................................................103.738ms
············Start:   Compute B in G1
············End:     Compute B in G1 ...............................................68.996ms
············Start:   Compute B in G2
············End:     Compute B in G2 ...............................................328.153ms
············Start:   Finish C
············End:     Finish C ......................................................8.163µs
··········End:     Groth16::Prover .................................................2.420s
··········Start:   Groth16::Prover
············Start:   R1CS to QAP witness map
············End:     R1CS to QAP witness map .......................................842.788ms
············Start:   Compute C
··············Start:   Compute C1
··············End:     Compute C1 ..................................................1.259s
··············Start:   Compute C2
··············End:     Compute C2 ..................................................930.374µs
············End:     Compute C .....................................................1.362s
············Start:   Compute A
············End:     Compute A .....................................................103.307ms
············Start:   Compute B in G1
············End:     Compute B in G1 ...............................................68.857ms
············Start:   Compute B in G2
············End:     Compute B in G2 ...............................................341.835ms
············Start:   Finish C
············End:     Finish C ......................................................7.859µs
··········End:     Groth16::Prover .................................................2.721s
··········Start:   Groth16::Prover
············Start:   R1CS to QAP witness map
············End:     R1CS to QAP witness map .......................................799.559ms
············Start:   Compute C
··············Start:   Compute C1
··············End:     Compute C1 ..................................................1.183s
··············Start:   Compute C2
··············End:     Compute C2 ..................................................1.378ms
············End:     Compute C .....................................................1.287s
············Start:   Compute A
············End:     Compute A .....................................................184.788ms
············Start:   Compute B in G1
············End:     Compute B in G1 ...............................................123.143ms
············Start:   Compute B in G2
············End:     Compute B in G2 ...............................................388.339ms
············Start:   Finish C
············End:     Finish C ......................................................4.365µs
··········End:     Groth16::Prover .................................................2.785s
··········Start:   Groth16::Prover
············Start:   R1CS to QAP witness map
············End:     R1CS to QAP witness map .......................................830.757ms
············Start:   Compute C
··············Start:   Compute C1
··············End:     Compute C1 ..................................................1.174s
··············Start:   Compute C2
··············End:     Compute C2 ..................................................1.641ms
············End:     Compute C .....................................................1.366s
············Start:   Compute A
············End:     Compute A .....................................................184.222ms
············Start:   Compute B in G1
············End:     Compute B in G1 ...............................................120.585ms
············Start:   Compute B in G2
············End:     Compute B in G2 ...............................................431.499ms
············Start:   Finish C
············End:     Finish C ......................................................8.172µs
··········End:     Groth16::Prover .................................................2.935s
··········Start:   Groth16::Prover
············Start:   R1CS to QAP witness map
············End:     R1CS to QAP witness map .......................................833.379ms
············Start:   Compute C
··············Start:   Compute C1
··············End:     Compute C1 ..................................................1.160s
··············Start:   Compute C2
··············End:     Compute C2 ..................................................1.66ms
············End:     Compute C .....................................................1.333s
············Start:   Compute A
············End:     Compute A .....................................................159.376ms
············Start:   Compute B in G1
············End:     Compute B in G1 ...............................................123.16ms
············Start:   Compute B in G2
············End:     Compute B in G2 ...............................................404.357ms
············Start:   Finish C
············End:     Finish C ......................................................8.325µs
··········End:     Groth16::Prover .................................................2.855s
··········Start:   Groth16::Prover
············Start:   R1CS to QAP witness map
············End:     R1CS to QAP witness map .......................................784.824ms
············Start:   Compute C
··············Start:   Compute C1
··············End:     Compute C1 ..................................................1.205s
··············Start:   Compute C2
··············End:     Compute C2 ..................................................928.145µs
············End:     Compute C .....................................................1.312s
············Start:   Compute A
············End:     Compute A .....................................................103.415ms
············Start:   Compute B in G1
············End:     Compute B in G1 ...............................................70.313ms
············Start:   Compute B in G2
············End:     Compute B in G2 ...............................................408.822ms
············Start:   Finish C
············End:     Finish C ......................................................4.456µs
··········End:     Groth16::Prover .................................................2.681s
··········Start:   Groth16::Prover
············Start:   R1CS to QAP witness map
············End:     R1CS to QAP witness map .......................................823.752ms
············Start:   Compute C
··············Start:   Compute C1
··············End:     Compute C1 ..................................................1.236s
··············Start:   Compute C2
··············End:     Compute C2 ..................................................969.725µs
············End:     Compute C .....................................................1.393s
············Start:   Compute A
············End:     Compute A .....................................................194.670ms
············Start:   Compute B in G1
············End:     Compute B in G1 ...............................................128.592ms
············Start:   Compute B in G2
············End:     Compute B in G2 ...............................................358.268ms
············Start:   Finish C
············End:     Finish C ......................................................4.573µs
··········End:     Groth16::Prover .................................................2.900s
··········Start:   Groth16::Prover
············Start:   R1CS to QAP witness map
············End:     R1CS to QAP witness map .......................................801.629ms
············Start:   Compute C
··············Start:   Compute C1
··············End:     Compute C1 ..................................................1.173s
··············Start:   Compute C2
··············End:     Compute C2 ..................................................1.135ms
············End:     Compute C .....................................................1.288s
············Start:   Compute A
············End:     Compute A .....................................................187.151ms
············Start:   Compute B in G1
············End:     Compute B in G1 ...............................................121.56ms
············Start:   Compute B in G2
············End:     Compute B in G2 ...............................................391.89ms
············Start:   Finish C
············End:     Finish C ......................................................8.20µs
··········End:     Groth16::Prover .................................................2.791s
··········Start:   Groth16::Prover
············Start:   R1CS to QAP witness map
············End:     R1CS to QAP witness map .......................................782.445ms
············Start:   Compute C
··············Start:   Compute C1
··············End:     Compute C1 ..................................................1.216s
··············Start:   Compute C2
··············End:     Compute C2 ..................................................1.91ms
············End:     Compute C .....................................................1.391s
············Start:   Compute A
············End:     Compute A .....................................................186.699ms
············Start:   Compute B in G1
············End:     Compute B in G1 ...............................................121.436ms
············Start:   Compute B in G2
············End:     Compute B in G2 ...............................................379.599ms
············Start:   Finish C
············End:     Finish C ......................................................8.6µs
··········End:     Groth16::Prover .................................................2.863s
··········Start:   Groth16::Prover
············Start:   R1CS to QAP witness map
············End:     R1CS to QAP witness map .......................................765.539ms
············Start:   Compute C
··············Start:   Compute C1
··············End:     Compute C1 ..................................................1.179s
··············Start:   Compute C2
··············End:     Compute C2 ..................................................1.557ms
············End:     Compute C .....................................................1.374s
············Start:   Compute A
············End:     Compute A .....................................................193.107ms
············Start:   Compute B in G1
············End:     Compute B in G1 ...............................................131.93ms
············Start:   Compute B in G2
············End:     Compute B in G2 ...............................................397.998ms
············Start:   Finish C
············End:     Finish C ......................................................7.980µs
··········End:     Groth16::Prover .................................................2.863s
··········Start:   Groth16::Prover
············Start:   R1CS to QAP witness map
············End:     R1CS to QAP witness map .......................................710.683ms
············Start:   Compute C
··············Start:   Compute C1
··············End:     Compute C1 ..................................................1.269s
··············Start:   Compute C2
··············End:     Compute C2 ..................................................1.98ms
············End:     Compute C .....................................................1.455s
············Start:   Compute A
············End:     Compute A .....................................................170.45ms
············Start:   Compute B in G1
············End:     Compute B in G1 ...............................................117.292ms
············Start:   Compute B in G2
············End:     Compute B in G2 ...............................................235.682ms
············Start:   Finish C
············End:     Finish C ......................................................4.386µs
··········End:     Groth16::Prover .................................................2.691s
··········Start:   Groth16::Prover
············Start:   R1CS to QAP witness map
············End:     R1CS to QAP witness map .......................................757.184ms
············Start:   Compute C
··············Start:   Compute C1
··············End:     Compute C1 ..................................................1.302s
··············Start:   Compute C2
··············End:     Compute C2 ..................................................1.154ms
············End:     Compute C .....................................................1.488s
············Start:   Compute A
············End:     Compute A .....................................................190.735ms
············Start:   Compute B in G1
············End:     Compute B in G1 ...............................................84.845ms
············Start:   Compute B in G2
············End:     Compute B in G2 ...............................................230.925ms
············Start:   Finish C
············End:     Finish C ......................................................7.721µs
··········End:     Groth16::Prover .................................................2.754s
··········Start:   Groth16::Prover
············Start:   R1CS to QAP witness map
············End:     R1CS to QAP witness map .......................................763.597ms
············Start:   Compute C
··············Start:   Compute C1
··············End:     Compute C1 ..................................................1.250s
··············Start:   Compute C2
··············End:     Compute C2 ..................................................1.61ms
············End:     Compute C .....................................................1.354s
············Start:   Compute A
············End:     Compute A .....................................................174.572ms
············Start:   Compute B in G1
············End:     Compute B in G1 ...............................................122.59ms
············Start:   Compute B in G2
············End:     Compute B in G2 ...............................................384.923ms
············Start:   Finish C
············End:     Finish C ......................................................4.328µs
··········End:     Groth16::Prover .................................................2.801s
··········Start:   Groth16::Prover
············Start:   R1CS to QAP witness map
············End:     R1CS to QAP witness map .......................................734.351ms
············Start:   Compute C
··············Start:   Compute C1
··············End:     Compute C1 ..................................................1.150s
··············Start:   Compute C2
··············End:     Compute C2 ..................................................1.57ms
············End:     Compute C .....................................................1.254s
············Start:   Compute A
············End:     Compute A .....................................................107.558ms
············Start:   Compute B in G1
············End:     Compute B in G1 ...............................................106.741ms
············Start:   Compute B in G2
············End:     Compute B in G2 ...............................................309.306ms
············Start:   Finish C
············End:     Finish C ......................................................4.200µs
··········End:     Groth16::Prover .................................................2.513s
··········Start:   Groth16::Prover
············Start:   R1CS to QAP witness map
············End:     R1CS to QAP witness map .......................................755.110ms
············Start:   Compute C
··············Start:   Compute C1
··············End:     Compute C1 ..................................................1.301s
··············Start:   Compute C2
··············End:     Compute C2 ..................................................1.169ms
············End:     Compute C .....................................................1.468s
············Start:   Compute A
············End:     Compute A .....................................................103.578ms
············Start:   Compute B in G1
············End:     Compute B in G1 ...............................................68.942ms
············Start:   Compute B in G2
············End:     Compute B in G2 ...............................................265.243ms
············Start:   Finish C
············End:     Finish C ......................................................5.812µs
··········End:     Groth16::Prover .................................................2.663s
··········Start:   Groth16::Prover
············Start:   R1CS to QAP witness map
············End:     R1CS to QAP witness map .......................................696.365ms
············Start:   Compute C
··············Start:   Compute C1
··············End:     Compute C1 ..................................................1.103s
··············Start:   Compute C2
··············End:     Compute C2 ..................................................888.41µs
············End:     Compute C .....................................................1.206s
············Start:   Compute A
············End:     Compute A .....................................................103.240ms
············Start:   Compute B in G1
············End:     Compute B in G1 ...............................................69.100ms
············Start:   Compute B in G2
············End:     Compute B in G2 ...............................................231.821ms
············Start:   Finish C
············End:     Finish C ......................................................8.530µs
··········End:     Groth16::Prover .................................................2.309s
··········Start:   Groth16::Prover
············Start:   R1CS to QAP witness map
············End:     R1CS to QAP witness map .......................................723.980ms
············Start:   Compute C
··············Start:   Compute C1
··············End:     Compute C1 ..................................................1.173s
··············Start:   Compute C2
··············End:     Compute C2 ..................................................938.882µs
············End:     Compute C .....................................................1.310s
············Start:   Compute A
············End:     Compute A .....................................................104.126ms
············Start:   Compute B in G1
············End:     Compute B in G1 ...............................................68.728ms
············Start:   Compute B in G2
············End:     Compute B in G2 ...............................................231.183ms
············Start:   Finish C
············End:     Finish C ......................................................8.238µs
··········End:     Groth16::Prover .................................................2.440s
··········Start:   Groth16::Prover
············Start:   R1CS to QAP witness map
············End:     R1CS to QAP witness map .......................................753.278ms
············Start:   Compute C
··············Start:   Compute C1
··············End:     Compute C1 ..................................................1.53s
··············Start:   Compute C2
··············End:     Compute C2 ..................................................1.354ms
············End:     Compute C .....................................................1.237s
············Start:   Compute A
············End:     Compute A .....................................................126.797ms
············Start:   Compute B in G1
············End:     Compute B in G1 ...............................................71.962ms
············Start:   Compute B in G2
············End:     Compute B in G2 ...............................................235.1ms
············Start:   Finish C
············End:     Finish C ......................................................4.579µs
··········End:     Groth16::Prover .................................................2.428s
··········Start:   Groth16::Prover
············Start:   R1CS to QAP witness map
············End:     R1CS to QAP witness map .......................................815.62ms
············Start:   Compute C
··············Start:   Compute C1
··············End:     Compute C1 ..................................................1.209s
··············Start:   Compute C2
··············End:     Compute C2 ..................................................1.44ms
············End:     Compute C .....................................................1.389s
············Start:   Compute A
············End:     Compute A .....................................................107.791ms
············Start:   Compute B in G1
············End:     Compute B in G1 ...............................................68.803ms
············Start:   Compute B in G2
············End:     Compute B in G2 ...............................................231.606ms
············Start:   Finish C
············End:     Finish C ......................................................8.442µs
··········End:     Groth16::Prover .................................................2.614s
··········Start:   Groth16::Prover
············Start:   R1CS to QAP witness map
············End:     R1CS to QAP witness map .......................................757.914ms
············Start:   Compute C
··············Start:   Compute C1
··············End:     Compute C1 ..................................................1.37s
··············Start:   Compute C2
··············End:     Compute C2 ..................................................947.730µs
············End:     Compute C .....................................................1.222s
············Start:   Compute A
············End:     Compute A .....................................................195.74ms
············Start:   Compute B in G1
············End:     Compute B in G1 ...............................................128.780ms
············Start:   Compute B in G2
············End:     Compute B in G2 ...............................................429.295ms
············Start:   Finish C
············End:     Finish C ......................................................8.311µs
··········End:     Groth16::Prover .................................................2.735s
··········Start:   Groth16::Prover
············Start:   R1CS to QAP witness map
············End:     R1CS to QAP witness map .......................................703.47ms
············Start:   Compute C
··············Start:   Compute C1
··············End:     Compute C1 ..................................................1.267s
··············Start:   Compute C2
··············End:     Compute C2 ..................................................1.425ms
············End:     Compute C .....................................................1.468s
············Start:   Compute A
············End:     Compute A .....................................................199.740ms
············Start:   Compute B in G1
············End:     Compute B in G1 ...............................................134.804ms
············Start:   Compute B in G2
············End:     Compute B in G2 ...............................................277.81ms
············Start:   Finish C
············End:     Finish C ......................................................8.497µs
··········End:     Groth16::Prover .................................................2.785s
··········Start:   Groth16::Prover
············Start:   R1CS to QAP witness map
············End:     R1CS to QAP witness map .......................................682.0ms
············Start:   Compute C
··············Start:   Compute C1
··············End:     Compute C1 ..................................................1.262s
··············Start:   Compute C2
··············End:     Compute C2 ..................................................932.458µs
············End:     Compute C .....................................................1.455s
············Start:   Compute A
············End:     Compute A .....................................................103.653ms
············Start:   Compute B in G1
············End:     Compute B in G1 ...............................................68.993ms
············Start:   Compute B in G2
············End:     Compute B in G2 ...............................................230.479ms
············Start:   Finish C
············End:     Finish C ......................................................4.457µs
··········End:     Groth16::Prover .................................................2.542s
··········Start:   Groth16::Prover
············Start:   R1CS to QAP witness map
············End:     R1CS to QAP witness map .......................................681.296ms
············Start:   Compute C
··············Start:   Compute C1
··············End:     Compute C1 ..................................................1.266s
··············Start:   Compute C2
··············End:     Compute C2 ..................................................1.94ms
············End:     Compute C .....................................................1.460s
············Start:   Compute A
············End:     Compute A .....................................................103.147ms
············Start:   Compute B in G1
············End:     Compute B in G1 ...............................................68.770ms
············Start:   Compute B in G2
············End:     Compute B in G2 ...............................................229.315ms
············Start:   Finish C
············End:     Finish C ......................................................8.62µs
··········End:     Groth16::Prover .................................................2.544s
··········Start:   Groth16::Prover
············Start:   R1CS to QAP witness map
············End:     R1CS to QAP witness map .......................................701.650ms
············Start:   Compute C
··············Start:   Compute C1
··············End:     Compute C1 ..................................................1.254s
··············Start:   Compute C2
··············End:     Compute C2 ..................................................1.2ms
············End:     Compute C .....................................................1.414s
············Start:   Compute A
············End:     Compute A .....................................................194.131ms
············Start:   Compute B in G1
············End:     Compute B in G1 ...............................................127.701ms
············Start:   Compute B in G2
············End:     Compute B in G2 ...............................................422.106ms
············Start:   Finish C
············End:     Finish C ......................................................7.262µs
··········End:     Groth16::Prover .................................................2.862s
··········Start:   Groth16::Prover
············Start:   R1CS to QAP witness map
············End:     R1CS to QAP witness map .......................................682.969ms
············Start:   Compute C
··············Start:   Compute C1
··············End:     Compute C1 ..................................................1.551s
··············Start:   Compute C2
··············End:     Compute C2 ..................................................999.812µs
············End:     Compute C .....................................................1.744s
············Start:   Compute A
············End:     Compute A .....................................................192.904ms
············Start:   Compute B in G1
············End:     Compute B in G1 ...............................................127.837ms
············Start:   Compute B in G2
············End:     Compute B in G2 ...............................................333.914ms
············Start:   Finish C
············End:     Finish C ......................................................7.619µs
··········End:     Groth16::Prover .................................................3.83s
··········Start:   Groth16::Prover
············Start:   R1CS to QAP witness map
············End:     R1CS to QAP witness map .......................................711.407ms
············Start:   Compute C
··············Start:   Compute C1
··············End:     Compute C1 ..................................................1.324s
··············Start:   Compute C2
··············End:     Compute C2 ..................................................1.73ms
············End:     Compute C .....................................................1.500s
············Start:   Compute A
············End:     Compute A .....................................................193.877ms
············Start:   Compute B in G1
············End:     Compute B in G1 ...............................................94.373ms
············Start:   Compute B in G2
············End:     Compute B in G2 ...............................................229.339ms
············Start:   Finish C
············End:     Finish C ......................................................4.539µs
··········End:     Groth16::Prover .................................................2.731s
··········Start:   Groth16::Prover
············Start:   R1CS to QAP witness map
············End:     R1CS to QAP witness map .......................................671.728ms
············Start:   Compute C
··············Start:   Compute C1
··············End:     Compute C1 ..................................................1.311s
··············Start:   Compute C2
··············End:     Compute C2 ..................................................1.59ms
············End:     Compute C .....................................................1.505s
············Start:   Compute A
············End:     Compute A .....................................................193.789ms
············Start:   Compute B in G1
············End:     Compute B in G1 ...............................................128.629ms
············Start:   Compute B in G2
············End:     Compute B in G2 ...............................................397.341ms
············Start:   Finish C
············End:     Finish C ......................................................4.584µs
··········End:     Groth16::Prover .................................................2.898s
··········Start:   Groth16::Prover
············Start:   R1CS to QAP witness map
············End:     R1CS to QAP witness map .......................................717.236ms
············Start:   Compute C
··············Start:   Compute C1
··············End:     Compute C1 ..................................................1.303s
··············Start:   Compute C2
··············End:     Compute C2 ..................................................923.179µs
············End:     Compute C .....................................................1.497s
············Start:   Compute A
············End:     Compute A .....................................................108.200ms
············Start:   Compute B in G1
············End:     Compute B in G1 ...............................................69.362ms
············Start:   Compute B in G2
············End:     Compute B in G2 ...............................................285.607ms
············Start:   Finish C
············End:     Finish C ......................................................4.583µs
··········End:     Groth16::Prover .................................................2.679s
··········Start:   Groth16::Prover
············Start:   R1CS to QAP witness map
············End:     R1CS to QAP witness map .......................................787.548ms
············Start:   Compute C
··············Start:   Compute C1
··············End:     Compute C1 ..................................................1.288s
··············Start:   Compute C2
··············End:     Compute C2 ..................................................1.43ms
············End:     Compute C .....................................................1.395s
············Start:   Compute A
············End:     Compute A .....................................................103.296ms
············Start:   Compute B in G1
············End:     Compute B in G1 ...............................................69.133ms
············Start:   Compute B in G2
············End:     Compute B in G2 ...............................................329.702ms
············Start:   Finish C
············End:     Finish C ......................................................4.370µs
··········End:     Groth16::Prover .................................................2.687s
··········Start:   Groth16::Prover
············Start:   R1CS to QAP witness map
············End:     R1CS to QAP witness map .......................................746.426ms
············Start:   Compute C
··············Start:   Compute C1
··············End:     Compute C1 ..................................................1.240s
··············Start:   Compute C2
··············End:     Compute C2 ..................................................1.20ms
············End:     Compute C .....................................................1.348s
············Start:   Compute A
············End:     Compute A .....................................................126.242ms
············Start:   Compute B in G1
············End:     Compute B in G1 ...............................................72.815ms
············Start:   Compute B in G2
············End:     Compute B in G2 ...............................................237.416ms
············Start:   Finish C
············End:     Finish C ......................................................7.774µs
··········End:     Groth16::Prover .................................................2.533s
··········Start:   Groth16::Prover
············Start:   R1CS to QAP witness map
············End:     R1CS to QAP witness map .......................................803.991ms
············Start:   Compute C
··············Start:   Compute C1
··············End:     Compute C1 ..................................................1.311s
··············Start:   Compute C2
··············End:     Compute C2 ..................................................1.17ms
············End:     Compute C .....................................................1.433s
············Start:   Compute A
············End:     Compute A .....................................................117.440ms
············Start:   Compute B in G1
············End:     Compute B in G1 ...............................................90.980ms
············Start:   Compute B in G2
············End:     Compute B in G2 ...............................................232.432ms
············Start:   Finish C
············End:     Finish C ......................................................4.369µs
··········End:     Groth16::Prover .................................................2.680s
··········Start:   Groth16::Prover
············Start:   R1CS to QAP witness map
············End:     R1CS to QAP witness map .......................................678.575ms
············Start:   Compute C
··············Start:   Compute C1
··············End:     Compute C1 ..................................................1.505s
··············Start:   Compute C2
··············End:     Compute C2 ..................................................1.410ms
············End:     Compute C .....................................................1.652s
············Start:   Compute A
············End:     Compute A .....................................................103.88ms
············Start:   Compute B in G1
············End:     Compute B in G1 ...............................................68.776ms
············Start:   Compute B in G2
············End:     Compute B in G2 ...............................................230.135ms
············Start:   Finish C
············End:     Finish C ......................................................4.478µs
··········End:     Groth16::Prover .................................................2.736s
··········Start:   Groth16::Prover
············Start:   R1CS to QAP witness map
············End:     R1CS to QAP witness map .......................................652.965ms
············Start:   Compute C
··············Start:   Compute C1
··············End:     Compute C1 ..................................................1.234s
··············Start:   Compute C2
··············End:     Compute C2 ..................................................1.115ms
············End:     Compute C .....................................................1.372s
············Start:   Compute A
············End:     Compute A .....................................................125.532ms
············Start:   Compute B in G1
············End:     Compute B in G1 ...............................................72.542ms
············Start:   Compute B in G2
············End:     Compute B in G2 ...............................................235.215ms
············Start:   Finish C
············End:     Finish C ......................................................7.511µs
··········End:     Groth16::Prover .................................................2.460s
··········Start:   Groth16::Prover
············Start:   R1CS to QAP witness map
············End:     R1CS to QAP witness map .......................................699.758ms
············Start:   Compute C
··············Start:   Compute C1
··············End:     Compute C1 ..................................................1.310s
··············Start:   Compute C2
··············End:     Compute C2 ..................................................1.166ms
············End:     Compute C .....................................................1.463s
············Start:   Compute A
············End:     Compute A .....................................................130.381ms
············Start:   Compute B in G1
············End:     Compute B in G1 ...............................................71.633ms
············Start:   Compute B in G2
············End:     Compute B in G2 ...............................................234.884ms
············Start:   Finish C
············End:     Finish C ......................................................7.805µs
··········End:     Groth16::Prover .................................................2.602s
··········Start:   Groth16::Prover
············Start:   R1CS to QAP witness map
············End:     R1CS to QAP witness map .......................................652.157ms
············Start:   Compute C
··············Start:   Compute C1
··············End:     Compute C1 ..................................................1.262s
··············Start:   Compute C2
··············End:     Compute C2 ..................................................1.106ms
············End:     Compute C .....................................................1.457s
············Start:   Compute A
············End:     Compute A .....................................................194.834ms
············Start:   Compute B in G1
············End:     Compute B in G1 ...............................................95.911ms
············Start:   Compute B in G2
············End:     Compute B in G2 ...............................................281.560ms
············Start:   Finish C
············End:     Finish C ......................................................8.20µs
··········End:     Groth16::Prover .................................................2.683s
··········Start:   Groth16::Prover
············Start:   R1CS to QAP witness map
············End:     R1CS to QAP witness map .......................................630.757ms
············Start:   Compute C
··············Start:   Compute C1
··············End:     Compute C1 ..................................................1.271s
··············Start:   Compute C2
··············End:     Compute C2 ..................................................1.221ms
············End:     Compute C .....................................................1.450s
············Start:   Compute A
············End:     Compute A .....................................................110.470ms
············Start:   Compute B in G1
············End:     Compute B in G1 ...............................................108.403ms
············Start:   Compute B in G2
············End:     Compute B in G2 ...............................................238.453ms
············Start:   Finish C
············End:     Finish C ......................................................4.714µs
··········End:     Groth16::Prover .................................................2.540s
··········Start:   Groth16::Prover
············Start:   R1CS to QAP witness map
············End:     R1CS to QAP witness map .......................................637.381ms
············Start:   Compute C
··············Start:   Compute C1
··············End:     Compute C1 ..................................................1.148s
··············Start:   Compute C2
··············End:     Compute C2 ..................................................1.12ms
············End:     Compute C .....................................................1.252s
············Start:   Compute A
············End:     Compute A .....................................................111.170ms
············Start:   Compute B in G1
············End:     Compute B in G1 ...............................................69.24ms
············Start:   Compute B in G2
············End:     Compute B in G2 ...............................................230.387ms
············Start:   Finish C
············End:     Finish C ......................................................4.527µs
··········End:     Groth16::Prover .................................................2.302s
··········Start:   Groth16::Prover
············Start:   R1CS to QAP witness map
············End:     R1CS to QAP witness map .......................................619.945ms
············Start:   Compute C
··············Start:   Compute C1
··············End:     Compute C1 ..................................................1.110s
··············Start:   Compute C2
··············End:     Compute C2 ..................................................1.473ms
············End:     Compute C .....................................................1.228s
············Start:   Compute A
············End:     Compute A .....................................................113.448ms
············Start:   Compute B in G1
············End:     Compute B in G1 ...............................................78.693ms
············Start:   Compute B in G2
············End:     Compute B in G2 ...............................................255.680ms
············Start:   Finish C
············End:     Finish C ......................................................7.900µs
··········End:     Groth16::Prover .................................................2.298s
··········Start:   Groth16::Prover
············Start:   R1CS to QAP witness map
············End:     R1CS to QAP witness map .......................................791.304ms
············Start:   Compute C
··············Start:   Compute C1
··············End:     Compute C1 ..................................................1.237s
··············Start:   Compute C2
··············End:     Compute C2 ..................................................1.103ms
············End:     Compute C .....................................................1.404s
············Start:   Compute A
············End:     Compute A .....................................................176.844ms
············Start:   Compute B in G1
············End:     Compute B in G1 ...............................................122.0ms
············Start:   Compute B in G2
············End:     Compute B in G2 ...............................................428.588ms
············Start:   Finish C
············End:     Finish C ......................................................7.993µs
··········End:     Groth16::Prover .................................................2.925s
··········Start:   Groth16::Prover
············Start:   R1CS to QAP witness map
············End:     R1CS to QAP witness map .......................................777.145ms
············Start:   Compute C
··············Start:   Compute C1
··············End:     Compute C1 ..................................................1.21s
··············Start:   Compute C2
··············End:     Compute C2 ..................................................1.182ms
············End:     Compute C .....................................................1.214s
············Start:   Compute A
············End:     Compute A .....................................................125.659ms
············Start:   Compute B in G1
············End:     Compute B in G1 ...............................................68.771ms
············Start:   Compute B in G2
············End:     Compute B in G2 ...............................................230.849ms
············Start:   Finish C
············End:     Finish C ......................................................8.27µs
··········End:     Groth16::Prover .................................................2.418s
········End:     start proof generation ............................................139.71s
······End:     upload the mc+proof generation ......................................139.74s
······Start:   upload the data
[2mNov 30 22:00:50.097[0m [33m WARN[0m [1mAtom Client[0m: client: data prepared
[2mNov 30 22:00:57.151[0m [33m WARN[0m [1mAtom Client[0m: client: data uploaded,receving ms proof
[2mNov 30 22:01:09.209[0m [33m WARN[0m [1mAtom Client[0m: client: ms proof received
······End:     upload the data .....................................................19.111s
····End:     upload data ...........................................................161.679s
Prover CPU Time 613.917576674 s
····Start:   verify the data
······Start:   verify
········Start:   receive verify
········End:     receive verify ....................................................15.497ms
Verifier CPU Time 0.00030987 s
······End:     verify the data .....................................................15.542ms
····End:     one round .............................................................162.896s
··End:     clients .................................................................162.896s
[2mNov 30 22:01:09.262[0m [33m WARN[0m [1mAtom Client[0m: client: close time.busy=46.8ms time.idle=171s

real	2m51.159s
user	10m10.540s
sys	0m11.655s
