[2mNov 30 21:58:18.255[0m [33m WARN[0m [1mAtom Client[0m: client: new
Start:   clients
··Start:   one round
····Start:   train model
······Start:   retrieve the model
······End:     retrieve the model ..................................................200.184ms
····End:     train model ...........................................................1.200s
····Start:   upload data
······Start:   encrypt the gradients
······End:     encrypt the gradients ...............................................3.487s
······Start:   upload the mc+proof generation
········Start:   start proof generation
··········Start:   Groth16::Prover
············Start:   R1CS to QAP witness map
············End:     R1CS to QAP witness map .......................................816.650ms
············Start:   Compute C
··············Start:   Compute C1
··············End:     Compute C1 ..................................................1.186s
··············Start:   Compute C2
··············End:     Compute C2 ..................................................815.923µs
············End:     Compute C .....................................................1.290s
············Start:   Compute A
············End:     Compute A .....................................................103.832ms
············Start:   Compute B in G1
············End:     Compute B in G1 ...............................................73.144ms
············Start:   Compute B in G2
············End:     Compute B in G2 ...............................................230.204ms
············Start:   Finish C
············End:     Finish C ......................................................4.503µs
··········End:     Groth16::Prover .................................................2.515s
··········Start:   Groth16::Prover
············Start:   R1CS to QAP witness map
············End:     R1CS to QAP witness map .......................................737.562ms
············Start:   Compute C
··············Start:   Compute C1
··············End:     Compute C1 ..................................................1.593s
··············Start:   Compute C2
··············End:     Compute C2 ..................................................780.197µs
············End:     Compute C .....................................................1.699s
············Start:   Compute A
············End:     Compute A .....................................................102.857ms
············Start:   Compute B in G1
············End:     Compute B in G1 ...............................................68.652ms
············Start:   Compute B in G2
············End:     Compute B in G2 ...............................................366.57ms
············Start:   Finish C
············End:     Finish C ......................................................4.556µs
··········End:     Groth16::Prover .................................................2.976s
··········Start:   Groth16::Prover
············Start:   R1CS to QAP witness map
············End:     R1CS to QAP witness map .......................................785.272ms
············Start:   Compute C
··············Start:   Compute C1
··············End:     Compute C1 ..................................................1.341s
··············Start:   Compute C2
··············End:     Compute C2 ..................................................897.947µs
············End:     Compute C .....................................................1.534s
············Start:   Compute A
············End:     Compute A .....................................................103.424ms
············Start:   Compute B in G1
············End:     Compute B in G1 ...............................................87.676ms
············Start:   Compute B in G2
············End:     Compute B in G2 ...............................................325.420ms
············Start:   Finish C
············End:     Finish C ......................................................4.528µs
··········End:     Groth16::Prover .................................................2.837s
··········Start:   Groth16::Prover
············Start:   R1CS to QAP witness map
············End:     R1CS to QAP witness map .......................................733.993ms
············Start:   Compute C
··············Start:   Compute C1
··············End:     Compute C1 ..................................................1.294s
··············Start:   Compute C2
··············End:     Compute C2 ..................................................1.338ms
············End:     Compute C .....................................................1.433s
············Start:   Compute A
············End:     Compute A .....................................................103.421ms
············Start:   Compute B in G1
············End:     Compute B in G1 ...............................................68.799ms
············Start:   Compute B in G2
············End:     Compute B in G2 ...............................................235.809ms
············Start:   Finish C
············End:     Finish C ......................................................7.847µs
··········End:     Groth16::Prover .................................................2.580s
··········Start:   Groth16::Prover
············Start:   R1CS to QAP witness map
············End:     R1CS to QAP witness map .......................................747.983ms
············Start:   Compute C
··············Start:   Compute C1
··············End:     Compute C1 ..................................................1.270s
··············Start:   Compute C2
··············End:     Compute C2 ..................................................1.105ms
············End:     Compute C .....................................................1.460s
············Start:   Compute A
············End:     Compute A .....................................................192.600ms
············Start:   Compute B in G1
············End:     Compute B in G1 ...............................................126.29ms
············Start:   Compute B in G2
············End:     Compute B in G2 ...............................................239.764ms
············Start:   Finish C
············End:     Finish C ......................................................4.525µs
··········End:     Groth16::Prover .................................................2.768s
··········Start:   Groth16::Prover
············Start:   R1CS to QAP witness map
············End:     R1CS to QAP witness map .......................................746.270ms
············Start:   Compute C
··············Start:   Compute C1
··············End:     Compute C1 ..................................................1.271s
··············Start:   Compute C2
··············End:     Compute C2 ..................................................840.964µs
············End:     Compute C .....................................................1.461s
············Start:   Compute A
············End:     Compute A .....................................................155.857ms
············Start:   Compute B in G1
············End:     Compute B in G1 ...............................................69.272ms
············Start:   Compute B in G2
············End:     Compute B in G2 ...............................................231.76ms
············Start:   Finish C
············End:     Finish C ......................................................8.37µs
··········End:     Groth16::Prover .................................................2.666s
··········Start:   Groth16::Prover
············Start:   R1CS to QAP witness map
············End:     R1CS to QAP witness map .......................................779.769ms
············Start:   Compute C
··············Start:   Compute C1
··············End:     Compute C1 ..................................................1.304s
··············Start:   Compute C2
··············End:     Compute C2 ..................................................1.54ms
············End:     Compute C .....................................................1.465s
············Start:   Compute A
············End:     Compute A .....................................................133.496ms
············Start:   Compute B in G1
············End:     Compute B in G1 ...............................................92.812ms
············Start:   Compute B in G2
············End:     Compute B in G2 ...............................................237.12ms
············Start:   Finish C
············End:     Finish C ......................................................8.46µs
··········End:     Groth16::Prover .................................................2.709s
··········Start:   Groth16::Prover
············Start:   R1CS to QAP witness map
············End:     R1CS to QAP witness map .......................................800.860ms
············Start:   Compute C
··············Start:   Compute C1
··············End:     Compute C1 ..................................................1.167s
··············Start:   Compute C2
··············End:     Compute C2 ..................................................974.784µs
············End:     Compute C .....................................................1.274s
············Start:   Compute A
············End:     Compute A .....................................................104.361ms
············Start:   Compute B in G1
············End:     Compute B in G1 ...............................................70.185ms
············Start:   Compute B in G2
············End:     Compute B in G2 ...............................................238.373ms
············Start:   Finish C
············End:     Finish C ......................................................7.952µs
··········End:     Groth16::Prover .................................................2.489s
··········Start:   Groth16::Prover
············Start:   R1CS to QAP witness map
············End:     R1CS to QAP witness map .......................................697.219ms
············Start:   Compute C
··············Start:   Compute C1
··············End:     Compute C1 ..................................................1.80s
··············Start:   Compute C2
··············End:     Compute C2 ..................................................985.493µs
············End:     Compute C .....................................................1.183s
············Start:   Compute A
············End:     Compute A .....................................................103.284ms
············Start:   Compute B in G1
············End:     Compute B in G1 ...............................................70.386ms
············Start:   Compute B in G2
············End:     Compute B in G2 ...............................................231.146ms
············Start:   Finish C
············End:     Finish C ......................................................7.986µs
··········End:     Groth16::Prover .................................................2.287s
··········Start:   Groth16::Prover
············Start:   R1CS to QAP witness map
············End:     R1CS to QAP witness map .......................................647.950ms
············Start:   Compute C
··············Start:   Compute C1
··············End:     Compute C1 ..................................................1.276s
··············Start:   Compute C2
··············End:     Compute C2 ..................................................988.336µs
············End:     Compute C .....................................................1.469s
············Start:   Compute A
············End:     Compute A .....................................................103.285ms
············Start:   Compute B in G1
············End:     Compute B in G1 ...............................................68.931ms
············Start:   Compute B in G2
············End:     Compute B in G2 ...............................................230.601ms
············Start:   Finish C
············End:     Finish C ......................................................7.970µs
··········End:     Groth16::Prover .................................................2.521s
··········Start:   Groth16::Prover
············Start:   R1CS to QAP witness map
············End:     R1CS to QAP witness map .......................................660.365ms
············Start:   Compute C
··············Start:   Compute C1
··············End:     Compute C1 ..................................................1.248s
··············Start:   Compute C2
··············End:     Compute C2 ..................................................1.29ms
············End:     Compute C .....................................................1.447s
············Start:   Compute A
············End:     Compute A .....................................................199.879ms
············Start:   Compute B in G1
············End:     Compute B in G1 ...............................................134.855ms
············Start:   Compute B in G2
············End:     Compute B in G2 ...............................................404.261ms
············Start:   Finish C
············End:     Finish C ......................................................4.584µs
··········End:     Groth16::Prover .................................................2.848s
··········Start:   Groth16::Prover
············Start:   R1CS to QAP witness map
············End:     R1CS to QAP witness map .......................................617.842ms
············Start:   Compute C
··············Start:   Compute C1
··············End:     Compute C1 ..................................................1.258s
··············Start:   Compute C2
··············End:     Compute C2 ..................................................1.421ms
············End:     Compute C .....................................................1.451s
············Start:   Compute A
············End:     Compute A .....................................................114.242ms
············Start:   Compute B in G1
············End:     Compute B in G1 ...............................................85.403ms
············Start:   Compute B in G2
············End:     Compute B in G2 ...............................................276.691ms
············Start:   Finish C
············End:     Finish C ......................................................7.927µs
··········End:     Groth16::Prover .................................................2.547s
··········Start:   Groth16::Prover
············Start:   R1CS to QAP witness map
············End:     R1CS to QAP witness map .......................................759.393ms
············Start:   Compute C
··············Start:   Compute C1
··············End:     Compute C1 ..................................................1.283s
··············Start:   Compute C2
··············End:     Compute C2 ..................................................957.160µs
············End:     Compute C .....................................................1.477s
············Start:   Compute A
············End:     Compute A .....................................................194.390ms
············Start:   Compute B in G1
············End:     Compute B in G1 ...............................................128.880ms
············Start:   Compute B in G2
············End:     Compute B in G2 ...............................................303.789ms
············Start:   Finish C
············End:     Finish C ......................................................4.416µs
··········End:     Groth16::Prover .................................................2.865s
··········Start:   Groth16::Prover
············Start:   R1CS to QAP witness map
············End:     R1CS to QAP witness map .......................................778.781ms
············Start:   Compute C
··············Start:   Compute C1
··············End:     Compute C1 ..................................................1.298s
··············Start:   Compute C2
··············End:     Compute C2 ..................................................935.140µs
············End:     Compute C .....................................................1.401s
············Start:   Compute A
············End:     Compute A .....................................................103.149ms
············Start:   Compute B in G1
············End:     Compute B in G1 ...............................................68.766ms
············Start:   Compute B in G2
············End:     Compute B in G2 ...............................................231.334ms
············Start:   Finish C
············End:     Finish C ......................................................4.380µs
··········End:     Groth16::Prover .................................................2.585s
··········Start:   Groth16::Prover
············Start:   R1CS to QAP witness map
············End:     R1CS to QAP witness map .......................................705.9ms
············Start:   Compute C
··············Start:   Compute C1
··············End:     Compute C1 ..................................................1.418s
··············Start:   Compute C2
··············End:     Compute C2 ..................................................1.59ms
············End:     Compute C .....................................................1.612s
············Start:   Compute A
············End:     Compute A .....................................................193.813ms
············Start:   Compute B in G1
············End:     Compute B in G1 ...............................................93.350ms
············Start:   Compute B in G2
············End:     Compute B in G2 ...............................................268.68ms
············Start:   Finish C
············End:     Finish C ......................................................8.406µs
··········End:     Groth16::Prover .................................................2.874s
··········Start:   Groth16::Prover
············Start:   R1CS to QAP witness map
············End:     R1CS to QAP witness map .......................................662.804ms
············Start:   Compute C
··············Start:   Compute C1
··············End:     Compute C1 ..................................................1.371s
··············Start:   Compute C2
··············End:     Compute C2 ..................................................1.1ms
············End:     Compute C .....................................................1.564s
············Start:   Compute A
············End:     Compute A .....................................................183.553ms
············Start:   Compute B in G1
············End:     Compute B in G1 ...............................................69.51ms
············Start:   Compute B in G2
············End:     Compute B in G2 ...............................................230.457ms
············Start:   Finish C
············End:     Finish C ......................................................7.586µs
··········End:     Groth16::Prover .................................................2.712s
··········Start:   Groth16::Prover
············Start:   R1CS to QAP witness map
············End:     R1CS to QAP witness map .......................................670.645ms
············Start:   Compute C
··············Start:   Compute C1
··············End:     Compute C1 ..................................................1.295s
··············Start:   Compute C2
··············End:     Compute C2 ..................................................1.473ms
············End:     Compute C .....................................................1.432s
············Start:   Compute A
············End:     Compute A .....................................................106.205ms
············Start:   Compute B in G1
············End:     Compute B in G1 ...............................................74.951ms
············Start:   Compute B in G2
············End:     Compute B in G2 ...............................................234.223ms
············Start:   Finish C
············End:     Finish C ......................................................8.238µs
··········End:     Groth16::Prover .................................................2.522s
··········Start:   Groth16::Prover
············Start:   R1CS to QAP witness map
············End:     R1CS to QAP witness map .......................................665.491ms
············Start:   Compute C
··············Start:   Compute C1
··············End:     Compute C1 ..................................................1.206s
··············Start:   Compute C2
··············End:     Compute C2 ..................................................1.97ms
············End:     Compute C .....................................................1.400s
············Start:   Compute A
············End:     Compute A .....................................................196.612ms
············Start:   Compute B in G1
············End:     Compute B in G1 ...............................................129.218ms
············Start:   Compute B in G2
············End:     Compute B in G2 ...............................................428.763ms
············Start:   Finish C
············End:     Finish C ......................................................4.475µs
··········End:     Groth16::Prover .................................................2.822s
··········Start:   Groth16::Prover
············Start:   R1CS to QAP witness map
············End:     R1CS to QAP witness map .......................................695.517ms
············Start:   Compute C
··············Start:   Compute C1
··············End:     Compute C1 ..................................................1.306s
··············Start:   Compute C2
··············End:     Compute C2 ..................................................1.374ms
············End:     Compute C .....................................................1.506s
············Start:   Compute A
············End:     Compute A .....................................................130.338ms
············Start:   Compute B in G1
············End:     Compute B in G1 ...............................................75.210ms
············Start:   Compute B in G2
············End:     Compute B in G2 ...............................................249.175ms
············Start:   Finish C
············End:     Finish C ......................................................4.753µs
··········End:     Groth16::Prover .................................................2.658s
··········Start:   Groth16::Prover
············Start:   R1CS to QAP witness map
············End:     R1CS to QAP witness map .......................................709.246ms
············Start:   Compute C
··············Start:   Compute C1
··············End:     Compute C1 ..................................................1.306s
··············Start:   Compute C2
··············End:     Compute C2 ..................................................1.77ms
············End:     Compute C .....................................................1.409s
············Start:   Compute A
············End:     Compute A .....................................................103.297ms
············Start:   Compute B in G1
············End:     Compute B in G1 ...............................................104.832ms
············Start:   Compute B in G2
············End:     Compute B in G2 ...............................................259.811ms
············Start:   Finish C
············End:     Finish C ......................................................4.499µs
··········End:     Groth16::Prover .................................................2.588s
··········Start:   Groth16::Prover
············Start:   R1CS to QAP witness map
············End:     R1CS to QAP witness map .......................................694.151ms
············Start:   Compute C
··············Start:   Compute C1
··············End:     Compute C1 ..................................................1.88s
··············Start:   Compute C2
··············End:     Compute C2 ..................................................936.771µs
············End:     Compute C .....................................................1.193s
············Start:   Compute A
············End:     Compute A .....................................................103.598ms
············Start:   Compute B in G1
············End:     Compute B in G1 ...............................................68.998ms
············Start:   Compute B in G2
············End:     Compute B in G2 ...............................................230.914ms
············Start:   Finish C
············End:     Finish C ......................................................7.702µs
··········End:     Groth16::Prover .................................................2.292s
··········Start:   Groth16::Prover
············Start:   R1CS to QAP witness map
············End:     R1CS to QAP witness map .......................................724.792ms
············Start:   Compute C
··············Start:   Compute C1
··············End:     Compute C1 ..................................................1.57s
··············Start:   Compute C2
··············End:     Compute C2 ..................................................1.75ms
············End:     Compute C .....................................................1.252s
············Start:   Compute A
············End:     Compute A .....................................................194.751ms
············Start:   Compute B in G1
············End:     Compute B in G1 ...............................................128.892ms
············Start:   Compute B in G2
············End:     Compute B in G2 ...............................................426.873ms
············Start:   Finish C
············End:     Finish C ......................................................4.646µs
··········End:     Groth16::Prover .................................................2.729s
··········Start:   Groth16::Prover
············Start:   R1CS to QAP witness map
············End:     R1CS to QAP witness map .......................................754.197ms
············Start:   Compute C
··············Start:   Compute C1
··············End:     Compute C1 ..................................................1.266s
··············Start:   Compute C2
··············End:     Compute C2 ..................................................951.676µs
············End:     Compute C .....................................................1.374s
············Start:   Compute A
············End:     Compute A .....................................................103.396ms
············Start:   Compute B in G1
············End:     Compute B in G1 ...............................................95.271ms
············Start:   Compute B in G2
············End:     Compute B in G2 ...............................................410.45ms
············Start:   Finish C
············End:     Finish C ......................................................8.33µs
··········End:     Groth16::Prover .................................................2.739s
··········Start:   Groth16::Prover
············Start:   R1CS to QAP witness map
············End:     R1CS to QAP witness map .......................................676.203ms
············Start:   Compute C
··············Start:   Compute C1
··············End:     Compute C1 ..................................................1.149s
··············Start:   Compute C2
··············End:     Compute C2 ..................................................1.88ms
············End:     Compute C .....................................................1.333s
············Start:   Compute A
············End:     Compute A .....................................................103.445ms
············Start:   Compute B in G1
············End:     Compute B in G1 ...............................................68.870ms
············Start:   Compute B in G2
············End:     Compute B in G2 ...............................................297.335ms
············Start:   Finish C
············End:     Finish C ......................................................7.924µs
··········End:     Groth16::Prover .................................................2.481s
··········Start:   Groth16::Prover
············Start:   R1CS to QAP witness map
············End:     R1CS to QAP witness map .......................................827.640ms
············Start:   Compute C
··············Start:   Compute C1
··············End:     Compute C1 ..................................................1.124s
··············Start:   Compute C2
··············End:     Compute C2 ..................................................1.71ms
············End:     Compute C .....................................................1.316s
············Start:   Compute A
············End:     Compute A .....................................................183.175ms
············Start:   Compute B in G1
············End:     Compute B in G1 ...............................................128.510ms
············Start:   Compute B in G2
············End:     Compute B in G2 ...............................................426.526ms
············Start:   Finish C
············End:     Finish C ......................................................8.187µs
··········End:     Groth16::Prover .................................................2.884s
··········Start:   Groth16::Prover
············Start:   R1CS to QAP witness map
············End:     R1CS to QAP witness map .......................................806.840ms
············Start:   Compute C
··············Start:   Compute C1
··············End:     Compute C1 ..................................................1.152s
··············Start:   Compute C2
··············End:     Compute C2 ..................................................1.302ms
············End:     Compute C .....................................................1.346s
············Start:   Compute A
············End:     Compute A .....................................................194.279ms
············Start:   Compute B in G1
············End:     Compute B in G1 ...............................................128.899ms
············Start:   Compute B in G2
············End:     Compute B in G2 ...............................................426.861ms
············Start:   Finish C
············End:     Finish C ......................................................8.242µs
··········End:     Groth16::Prover .................................................2.905s
··········Start:   Groth16::Prover
············Start:   R1CS to QAP witness map
············End:     R1CS to QAP witness map .......................................677.846ms
············Start:   Compute C
··············Start:   Compute C1
··············End:     Compute C1 ..................................................1.216s
··············Start:   Compute C2
··············End:     Compute C2 ..................................................1.74ms
············End:     Compute C .....................................................1.410s
············Start:   Compute A
············End:     Compute A .....................................................193.874ms
············Start:   Compute B in G1
············End:     Compute B in G1 ...............................................128.621ms
············Start:   Compute B in G2
············End:     Compute B in G2 ...............................................425.685ms
············Start:   Finish C
············End:     Finish C ......................................................4.472µs
··········End:     Groth16::Prover .................................................2.838s
··········Start:   Groth16::Prover
············Start:   R1CS to QAP witness map
············End:     R1CS to QAP witness map .......................................695.568ms
············Start:   Compute C
··············Start:   Compute C1
··············End:     Compute C1 ..................................................1.91s
··············Start:   Compute C2
··············End:     Compute C2 ..................................................1.68ms
············End:     Compute C .....................................................1.290s
············Start:   Compute A
············End:     Compute A .....................................................199.111ms
············Start:   Compute B in G1
············End:     Compute B in G1 ...............................................134.394ms
············Start:   Compute B in G2
············End:     Compute B in G2 ...............................................437.374ms
············Start:   Finish C
············End:     Finish C ......................................................4.471µs
··········End:     Groth16::Prover .................................................2.759s
··········Start:   Groth16::Prover
············Start:   R1CS to QAP witness map
············End:     R1CS to QAP witness map .......................................652.130ms
············Start:   Compute C
··············Start:   Compute C1
··············End:     Compute C1 ..................................................1.147s
··············Start:   Compute C2
··············End:     Compute C2 ..................................................1.233ms
············End:     Compute C .....................................................1.342s
············Start:   Compute A
············End:     Compute A .....................................................193.631ms
············Start:   Compute B in G1
············End:     Compute B in G1 ...............................................128.430ms
············Start:   Compute B in G2
············End:     Compute B in G2 ...............................................426.84ms
············Start:   Finish C
············End:     Finish C ......................................................4.491µs
··········End:     Groth16::Prover .................................................2.744s
··········Start:   Groth16::Prover
············Start:   R1CS to QAP witness map
············End:     R1CS to QAP witness map .......................................620.835ms
············Start:   Compute C
··············Start:   Compute C1
··············End:     Compute C1 ..................................................1.209s
··············Start:   Compute C2
··············End:     Compute C2 ..................................................1.74ms
············End:     Compute C .....................................................1.404s
············Start:   Compute A
············End:     Compute A .....................................................194.85ms
············Start:   Compute B in G1
············End:     Compute B in G1 ...............................................129.431ms
············Start:   Compute B in G2
············End:     Compute B in G2 ...............................................427.298ms
············Start:   Finish C
············End:     Finish C ......................................................4.516µs
··········End:     Groth16::Prover .................................................2.777s
··········Start:   Groth16::Prover
············Start:   R1CS to QAP witness map
············End:     R1CS to QAP witness map .......................................686.546ms
············Start:   Compute C
··············Start:   Compute C1
··············End:     Compute C1 ..................................................1.270s
··············Start:   Compute C2
··············End:     Compute C2 ..................................................1.185ms
············End:     Compute C .....................................................1.457s
············Start:   Compute A
············End:     Compute A .....................................................195.620ms
············Start:   Compute B in G1
············End:     Compute B in G1 ...............................................127.469ms
············Start:   Compute B in G2
············End:     Compute B in G2 ...............................................376.3ms
············Start:   Finish C
············End:     Finish C ......................................................8.122µs
··········End:     Groth16::Prover .................................................2.844s
··········Start:   Groth16::Prover
············Start:   R1CS to QAP witness map
············End:     R1CS to QAP witness map .......................................649.612ms
············Start:   Compute C
··············Start:   Compute C1
··············End:     Compute C1 ..................................................1.266s
··············Start:   Compute C2
··············End:     Compute C2 ..................................................1.240ms
············End:     Compute C .....................................................1.461s
············Start:   Compute A
············End:     Compute A .....................................................193.697ms
············Start:   Compute B in G1
············End:     Compute B in G1 ...............................................128.161ms
············Start:   Compute B in G2
············End:     Compute B in G2 ...............................................319.420ms
············Start:   Finish C
············End:     Finish C ......................................................4.550µs
··········End:     Groth16::Prover .................................................2.753s
··········Start:   Groth16::Prover
············Start:   R1CS to QAP witness map
············End:     R1CS to QAP witness map .......................................676.398ms
············Start:   Compute C
··············Start:   Compute C1
··············End:     Compute C1 ..................................................1.201s
··············Start:   Compute C2
··············End:     Compute C2 ..................................................1.103ms
············End:     Compute C .....................................................1.373s
············Start:   Compute A
············End:     Compute A .....................................................194.553ms
············Start:   Compute B in G1
············End:     Compute B in G1 ...............................................128.765ms
············Start:   Compute B in G2
············End:     Compute B in G2 ...............................................426.492ms
············Start:   Finish C
············End:     Finish C ......................................................4.474µs
··········End:     Groth16::Prover .................................................2.801s
··········Start:   Groth16::Prover
············Start:   R1CS to QAP witness map
············End:     R1CS to QAP witness map .......................................630.652ms
············Start:   Compute C
··············Start:   Compute C1
··············End:     Compute C1 ..................................................1.182s
··············Start:   Compute C2
··············End:     Compute C2 ..................................................949.736µs
············End:     Compute C .....................................................1.285s
············Start:   Compute A
············End:     Compute A .....................................................103.349ms
············Start:   Compute B in G1
············End:     Compute B in G1 ...............................................68.942ms
············Start:   Compute B in G2
············End:     Compute B in G2 ...............................................230.89ms
············Start:   Finish C
············End:     Finish C ......................................................8.158µs
··········End:     Groth16::Prover .................................................2.320s
··········Start:   Groth16::Prover
············Start:   R1CS to QAP witness map
············End:     R1CS to QAP witness map .......................................707.525ms
············Start:   Compute C
··············Start:   Compute C1
··············End:     Compute C1 ..................................................1.165s
··············Start:   Compute C2
··············End:     Compute C2 ..................................................1.202ms
············End:     Compute C .....................................................1.360s
············Start:   Compute A
············End:     Compute A .....................................................196.363ms
············Start:   Compute B in G1
············End:     Compute B in G1 ...............................................130.33ms
············Start:   Compute B in G2
············End:     Compute B in G2 ...............................................393.817ms
············Start:   Finish C
············End:     Finish C ......................................................8.0µs
··········End:     Groth16::Prover .................................................2.790s
··········Start:   Groth16::Prover
············Start:   R1CS to QAP witness map
············End:     R1CS to QAP witness map .......................................761.139ms
············Start:   Compute C
··············Start:   Compute C1
··············End:     Compute C1 ..................................................1.140s
··············Start:   Compute C2
··············End:     Compute C2 ..................................................1.80ms
············End:     Compute C .....................................................1.333s
············Start:   Compute A
············End:     Compute A .....................................................197.535ms
············Start:   Compute B in G1
············End:     Compute B in G1 ...............................................129.601ms
············Start:   Compute B in G2
············End:     Compute B in G2 ...............................................402.746ms
············Start:   Finish C
············End:     Finish C ......................................................8.126µs
··········End:     Groth16::Prover .................................................2.826s
··········Start:   Groth16::Prover
············Start:   R1CS to QAP witness map
············End:     R1CS to QAP witness map .......................................722.491ms
············Start:   Compute C
··············Start:   Compute C1
··············End:     Compute C1 ..................................................1.284s
··············Start:   Compute C2
··············End:     Compute C2 ..................................................1.512ms
············End:     Compute C .....................................................1.475s
············Start:   Compute A
············End:     Compute A .....................................................190.866ms
············Start:   Compute B in G1
············End:     Compute B in G1 ...............................................68.893ms
············Start:   Compute B in G2
············End:     Compute B in G2 ...............................................230.606ms
············Start:   Finish C
············End:     Finish C ......................................................8.308µs
··········End:     Groth16::Prover .................................................2.690s
··········Start:   Groth16::Prover
············Start:   R1CS to QAP witness map
············End:     R1CS to QAP witness map .......................................751.654ms
············Start:   Compute C
··············Start:   Compute C1
··············End:     Compute C1 ..................................................1.162s
··············Start:   Compute C2
··············End:     Compute C2 ..................................................1.186ms
············End:     Compute C .....................................................1.344s
············Start:   Compute A
············End:     Compute A .....................................................194.629ms
············Start:   Compute B in G1
············End:     Compute B in G1 ...............................................128.409ms
············Start:   Compute B in G2
············End:     Compute B in G2 ...............................................425.726ms
············Start:   Finish C
············End:     Finish C ......................................................4.853µs
··········End:     Groth16::Prover .................................................2.846s
··········Start:   Groth16::Prover
············Start:   R1CS to QAP witness map
············End:     R1CS to QAP witness map .......................................737.412ms
············Start:   Compute C
··············Start:   Compute C1
··············End:     Compute C1 ..................................................1.202s
··············Start:   Compute C2
··············End:     Compute C2 ..................................................1.98ms
············End:     Compute C .....................................................1.395s
············Start:   Compute A
············End:     Compute A .....................................................108.838ms
············Start:   Compute B in G1
············End:     Compute B in G1 ...............................................68.744ms
············Start:   Compute B in G2
············End:     Compute B in G2 ...............................................234.855ms
············Start:   Finish C
············End:     Finish C ......................................................8.151µs
··········End:     Groth16::Prover .................................................2.546s
··········Start:   Groth16::Prover
············Start:   R1CS to QAP witness map
············End:     R1CS to QAP witness map .......................................707.426ms
············Start:   Compute C
··············Start:   Compute C1
··············End:     Compute C1 ..................................................1.255s
··············Start:   Compute C2
··············End:     Compute C2 ..................................................1.20ms
············End:     Compute C .....................................................1.446s
············Start:   Compute A
············End:     Compute A .....................................................183.882ms
············Start:   Compute B in G1
············End:     Compute B in G1 ...............................................105.171ms
············Start:   Compute B in G2
············End:     Compute B in G2 ...............................................422.234ms
············Start:   Finish C
············End:     Finish C ......................................................4.628µs
··········End:     Groth16::Prover .................................................2.867s
··········Start:   Groth16::Prover
············Start:   R1CS to QAP witness map
············End:     R1CS to QAP witness map .......................................704.711ms
············Start:   Compute C
··············Start:   Compute C1
··············End:     Compute C1 ..................................................1.132s
··············Start:   Compute C2
··············End:     Compute C2 ..................................................1.166ms
············End:     Compute C .....................................................1.314s
············Start:   Compute A
············End:     Compute A .....................................................160.661ms
············Start:   Compute B in G1
············End:     Compute B in G1 ...............................................69.150ms
············Start:   Compute B in G2
············End:     Compute B in G2 ...............................................239.701ms
············Start:   Finish C
············End:     Finish C ......................................................8.15µs
··········End:     Groth16::Prover .................................................2.489s
··········Start:   Groth16::Prover
············Start:   R1CS to QAP witness map
············End:     R1CS to QAP witness map .......................................726.453ms
············Start:   Compute C
··············Start:   Compute C1
··············End:     Compute C1 ..................................................985.360ms
··············Start:   Compute C2
··············End:     Compute C2 ..................................................997.404µs
············End:     Compute C .....................................................1.89s
············Start:   Compute A
············End:     Compute A .....................................................103.582ms
············Start:   Compute B in G1
············End:     Compute B in G1 ...............................................73.459ms
············Start:   Compute B in G2
············End:     Compute B in G2 ...............................................234.5ms
············Start:   Finish C
············End:     Finish C ......................................................8.160µs
··········End:     Groth16::Prover .................................................2.228s
··········Start:   Groth16::Prover
············Start:   R1CS to QAP witness map
············End:     R1CS to QAP witness map .......................................713.807ms
············Start:   Compute C
··············Start:   Compute C1
··············End:     Compute C1 ..................................................1.152s
··············Start:   Compute C2
··············End:     Compute C2 ..................................................1.387ms
············End:     Compute C .....................................................1.320s
············Start:   Compute A
············End:     Compute A .....................................................194.821ms
············Start:   Compute B in G1
············End:     Compute B in G1 ...............................................128.996ms
············Start:   Compute B in G2
············End:     Compute B in G2 ...............................................426.51ms
············Start:   Finish C
············End:     Finish C ......................................................4.248µs
··········End:     Groth16::Prover .................................................2.788s
··········Start:   Groth16::Prover
············Start:   R1CS to QAP witness map
············End:     R1CS to QAP witness map .......................................739.805ms
············Start:   Compute C
··············Start:   Compute C1
··············End:     Compute C1 ..................................................976.178ms
··············Start:   Compute C2
··············End:     Compute C2 ..................................................1.481ms
············End:     Compute C .....................................................1.167s
············Start:   Compute A
············End:     Compute A .....................................................185.412ms
············Start:   Compute B in G1
············End:     Compute B in G1 ...............................................121.173ms
············Start:   Compute B in G2
············End:     Compute B in G2 ...............................................436.928ms
············Start:   Finish C
············End:     Finish C ......................................................7.970µs
··········End:     Groth16::Prover .................................................2.652s
··········Start:   Groth16::Prover
············Start:   R1CS to QAP witness map
············End:     R1CS to QAP witness map .......................................753.529ms
············Start:   Compute C
··············Start:   Compute C1
··············End:     Compute C1 ..................................................1.184s
··············Start:   Compute C2
··············End:     Compute C2 ..................................................1.64ms
············End:     Compute C .....................................................1.362s
············Start:   Compute A
············End:     Compute A .....................................................170.904ms
············Start:   Compute B in G1
············End:     Compute B in G1 ...............................................119.405ms
············Start:   Compute B in G2
············End:     Compute B in G2 ...............................................426.944ms
············Start:   Finish C
············End:     Finish C ......................................................4.444µs
··········End:     Groth16::Prover .................................................2.834s
··········Start:   Groth16::Prover
············Start:   R1CS to QAP witness map
············End:     R1CS to QAP witness map .......................................720.7ms
············Start:   Compute C
··············Start:   Compute C1
··············End:     Compute C1 ..................................................1.66s
··············Start:   Compute C2
··············End:     Compute C2 ..................................................1.74ms
············End:     Compute C .....................................................1.261s
············Start:   Compute A
············End:     Compute A .....................................................194.285ms
············Start:   Compute B in G1
············End:     Compute B in G1 ...............................................128.820ms
············Start:   Compute B in G2
············End:     Compute B in G2 ...............................................417.862ms
············Start:   Finish C
············End:     Finish C ......................................................4.444µs
··········End:     Groth16::Prover .................................................2.723s
··········Start:   Groth16::Prover
············Start:   R1CS to QAP witness map
············End:     R1CS to QAP witness map .......................................667.716ms
············Start:   Compute C
··············Start:   Compute C1
··············End:     Compute C1 ..................................................1.59s
··············Start:   Compute C2
··············End:     Compute C2 ..................................................1.186ms
············End:     Compute C .....................................................1.244s
············Start:   Compute A
············End:     Compute A .....................................................167.362ms
············Start:   Compute B in G1
············End:     Compute B in G1 ...............................................127.410ms
············Start:   Compute B in G2
············End:     Compute B in G2 ...............................................425.761ms
············Start:   Finish C
············End:     Finish C ......................................................7.782µs
··········End:     Groth16::Prover .................................................2.634s
··········Start:   Groth16::Prover
············Start:   R1CS to QAP witness map
············End:     R1CS to QAP witness map .......................................829.355ms
············Start:   Compute C
··············Start:   Compute C1
··············End:     Compute C1 ..................................................1.105s
··············Start:   Compute C2
··············End:     Compute C2 ..................................................1.224ms
············End:     Compute C .....................................................1.280s
············Start:   Compute A
············End:     Compute A .....................................................172.517ms
············Start:   Compute B in G1
············End:     Compute B in G1 ...............................................76.942ms
············Start:   Compute B in G2
············End:     Compute B in G2 ...............................................241.416ms
············Start:   Finish C
············End:     Finish C ......................................................7.738µs
··········End:     Groth16::Prover .................................................2.602s
··········Start:   Groth16::Prover
············Start:   R1CS to QAP witness map
············End:     R1CS to QAP witness map .......................................825.355ms
············Start:   Compute C
··············Start:   Compute C1
··············End:     Compute C1 ..................................................1.213s
··············Start:   Compute C2
··············End:     Compute C2 ..................................................1.160ms
············End:     Compute C .....................................................1.397s
············Start:   Compute A
············End:     Compute A .....................................................173.376ms
············Start:   Compute B in G1
············End:     Compute B in G1 ...............................................113.114ms
············Start:   Compute B in G2
············End:     Compute B in G2 ...............................................387.757ms
············Start:   Finish C
············End:     Finish C ......................................................7.922µs
··········End:     Groth16::Prover .................................................2.898s
··········Start:   Groth16::Prover
············Start:   R1CS to QAP witness map
············End:     R1CS to QAP witness map .......................................761.953ms
············Start:   Compute C
··············Start:   Compute C1
··············End:     Compute C1 ..................................................975.815ms
··············Start:   Compute C2
··············End:     Compute C2 ..................................................1.95ms
············End:     Compute C .....................................................1.79s
············Start:   Compute A
············End:     Compute A .....................................................185.528ms
············Start:   Compute B in G1
············End:     Compute B in G1 ...............................................121.588ms
············Start:   Compute B in G2
············End:     Compute B in G2 ...............................................331.305ms
············Start:   Finish C
············End:     Finish C ......................................................4.713µs
··········End:     Groth16::Prover .................................................2.481s
········End:     start proof generation ............................................139.179s
······End:     upload the mc+proof generation ......................................139.182s
······Start:   upload the data
[2mNov 30 22:00:50.055[0m [33m WARN[0m [1mAtom Client[0m: client: data prepared
[2mNov 30 22:00:57.119[0m [33m WARN[0m [1mAtom Client[0m: client: data uploaded,receving ms proof
[2mNov 30 22:01:09.209[0m [33m WARN[0m [1mAtom Client[0m: client: ms proof received
······End:     upload the data .....................................................19.153s
····End:     upload data ...........................................................161.823s
Prover CPU Time 604.182633075 s
····Start:   verify the data
······Start:   verify
········Start:   receive verify
········End:     receive verify ....................................................15.832ms
Verifier CPU Time 0.000279121 s
······End:     verify the data .....................................................15.879ms
····End:     one round .............................................................163.39s
··End:     clients .................................................................163.40s
[2mNov 30 22:01:09.262[0m [33m WARN[0m [1mAtom Client[0m: client: close time.busy=52.5ms time.idle=171s

real	2m51.160s
user	10m1.516s
sys	0m10.802s
