[2mNov 30 21:58:18.254[0m [33m WARN[0m [1mAtom Client[0m: client: new
Start:   clients
··Start:   one round
····Start:   train model
······Start:   retrieve the model
······End:     retrieve the model ..................................................201.497ms
····End:     train model ...........................................................1.201s
····Start:   upload data
······Start:   encrypt the gradients
······End:     encrypt the gradients ...............................................3.561s
······Start:   upload the mc+proof generation
········Start:   start proof generation
··········Start:   Groth16::Prover
············Start:   R1CS to QAP witness map
············End:     R1CS to QAP witness map .......................................805.453ms
············Start:   Compute C
··············Start:   Compute C1
··············End:     Compute C1 ..................................................1.435s
··············Start:   Compute C2
··············End:     Compute C2 ..................................................1.369ms
············End:     Compute C .....................................................1.575s
············Start:   Compute A
············End:     Compute A .....................................................138.792ms
············Start:   Compute B in G1
············End:     Compute B in G1 ...............................................77.511ms
············Start:   Compute B in G2
············End:     Compute B in G2 ...............................................246.389ms
············Start:   Finish C
············End:     Finish C ......................................................8.78µs
··········End:     Groth16::Prover .................................................2.845s
··········Start:   Groth16::Prover
············Start:   R1CS to QAP witness map
············End:     R1CS to QAP witness map .......................................815.212ms
············Start:   Compute C
··············Start:   Compute C1
··············End:     Compute C1 ..................................................1.328s
··············Start:   Compute C2
··············End:     Compute C2 ..................................................947.775µs
············End:     Compute C .....................................................1.522s
············Start:   Compute A
············End:     Compute A .....................................................175.9ms
············Start:   Compute B in G1
············End:     Compute B in G1 ...............................................70.912ms
············Start:   Compute B in G2
············End:     Compute B in G2 ...............................................236.811ms
············Start:   Finish C
············End:     Finish C ......................................................8.309µs
··········End:     Groth16::Prover .................................................2.822s
··········Start:   Groth16::Prover
············Start:   R1CS to QAP witness map
············End:     R1CS to QAP witness map .......................................821.87ms
············Start:   Compute C
··············Start:   Compute C1
··············End:     Compute C1 ..................................................1.392s
··············Start:   Compute C2
··············End:     Compute C2 ..................................................846.303µs
············End:     Compute C .....................................................1.495s
············Start:   Compute A
············End:     Compute A .....................................................105.880ms
············Start:   Compute B in G1
············End:     Compute B in G1 ...............................................72.489ms
············Start:   Compute B in G2
············End:     Compute B in G2 ...............................................229.208ms
············Start:   Finish C
············End:     Finish C ......................................................4.560µs
··········End:     Groth16::Prover .................................................2.726s
··········Start:   Groth16::Prover
············Start:   R1CS to QAP witness map
············End:     R1CS to QAP witness map .......................................837.538ms
············Start:   Compute C
··············Start:   Compute C1
··············End:     Compute C1 ..................................................1.418s
··············Start:   Compute C2
··············End:     Compute C2 ..................................................831.299µs
············End:     Compute C .....................................................1.543s
············Start:   Compute A
············End:     Compute A .....................................................106.360ms
············Start:   Compute B in G1
············End:     Compute B in G1 ...............................................72.993ms
············Start:   Compute B in G2
············End:     Compute B in G2 ...............................................246.923ms
············Start:   Finish C
············End:     Finish C ......................................................4.643µs
··········End:     Groth16::Prover .................................................2.810s
··········Start:   Groth16::Prover
············Start:   R1CS to QAP witness map
············End:     R1CS to QAP witness map .......................................767.671ms
············Start:   Compute C
··············Start:   Compute C1
··············End:     Compute C1 ..................................................1.501s
··············Start:   Compute C2
··············End:     Compute C2 ..................................................950.17µs
············End:     Compute C .....................................................1.691s
············Start:   Compute A
············End:     Compute A .....................................................120.69ms
············Start:   Compute B in G1
············End:     Compute B in G1 ...............................................92.131ms
············Start:   Compute B in G2
············End:     Compute B in G2 ...............................................253.406ms
············Start:   Finish C
············End:     Finish C ......................................................8.143µs
··········End:     Groth16::Prover .................................................2.926s
··········Start:   Groth16::Prover
············Start:   R1CS to QAP witness map
············End:     R1CS to QAP witness map .......................................865.136ms
············Start:   Compute C
··············Start:   Compute C1
··············End:     Compute C1 ..................................................1.344s
··············Start:   Compute C2
··············End:     Compute C2 ..................................................1.276ms
············End:     Compute C .....................................................1.484s
············Start:   Compute A
············End:     Compute A .....................................................125.315ms
············Start:   Compute B in G1
············End:     Compute B in G1 ...............................................68.748ms
············Start:   Compute B in G2
············End:     Compute B in G2 ...............................................230.550ms
············Start:   Finish C
············End:     Finish C ......................................................4.616µs
··········End:     Groth16::Prover .................................................2.777s
··········Start:   Groth16::Prover
············Start:   R1CS to QAP witness map
············End:     R1CS to QAP witness map .......................................785.878ms
············Start:   Compute C
··············Start:   Compute C1
··············End:     Compute C1 ..................................................1.333s
··············Start:   Compute C2
··············End:     Compute C2 ..................................................1.494ms
············End:     Compute C .....................................................1.513s
············Start:   Compute A
············End:     Compute A .....................................................186.133ms
············Start:   Compute B in G1
············End:     Compute B in G1 ...............................................119.973ms
············Start:   Compute B in G2
············End:     Compute B in G2 ...............................................283.229ms
············Start:   Finish C
············End:     Finish C ......................................................4.558µs
··········End:     Groth16::Prover .................................................2.890s
··········Start:   Groth16::Prover
············Start:   R1CS to QAP witness map
············End:     R1CS to QAP witness map .......................................726.437ms
············Start:   Compute C
··············Start:   Compute C1
··············End:     Compute C1 ..................................................1.525s
··············Start:   Compute C2
··············End:     Compute C2 ..................................................1.362ms
············End:     Compute C .....................................................1.647s
············Start:   Compute A
············End:     Compute A .....................................................116.508ms
············Start:   Compute B in G1
············End:     Compute B in G1 ...............................................76.507ms
············Start:   Compute B in G2
············End:     Compute B in G2 ...............................................242.349ms
············Start:   Finish C
············End:     Finish C ......................................................4.540µs
··········End:     Groth16::Prover .................................................2.812s
··········Start:   Groth16::Prover
············Start:   R1CS to QAP witness map
············End:     R1CS to QAP witness map .......................................783.750ms
············Start:   Compute C
··············Start:   Compute C1
··············End:     Compute C1 ..................................................1.611s
··············Start:   Compute C2
··············End:     Compute C2 ..................................................1.66ms
············End:     Compute C .....................................................1.752s
············Start:   Compute A
············End:     Compute A .....................................................195.585ms
············Start:   Compute B in G1
············End:     Compute B in G1 ...............................................128.305ms
············Start:   Compute B in G2
············End:     Compute B in G2 ...............................................426.467ms
············Start:   Finish C
············End:     Finish C ......................................................4.463µs
··········End:     Groth16::Prover .................................................3.288s
··········Start:   Groth16::Prover
············Start:   R1CS to QAP witness map
············End:     R1CS to QAP witness map .......................................877.93ms
············Start:   Compute C
··············Start:   Compute C1
··············End:     Compute C1 ..................................................1.314s
··············Start:   Compute C2
··············End:     Compute C2 ..................................................1.693ms
············End:     Compute C .....................................................1.512s
············Start:   Compute A
············End:     Compute A .....................................................163.842ms
············Start:   Compute B in G1
············End:     Compute B in G1 ...............................................77.869ms
············Start:   Compute B in G2
············End:     Compute B in G2 ...............................................245.954ms
············Start:   Finish C
············End:     Finish C ......................................................4.511µs
··········End:     Groth16::Prover .................................................2.879s
··········Start:   Groth16::Prover
············Start:   R1CS to QAP witness map
············End:     R1CS to QAP witness map .......................................861.139ms
············Start:   Compute C
··············Start:   Compute C1
··············End:     Compute C1 ..................................................1.247s
··············Start:   Compute C2
··············End:     Compute C2 ..................................................861.665µs
············End:     Compute C .....................................................1.350s
············Start:   Compute A
············End:     Compute A .....................................................144.35ms
············Start:   Compute B in G1
············End:     Compute B in G1 ...............................................68.923ms
············Start:   Compute B in G2
············End:     Compute B in G2 ...............................................273.786ms
············Start:   Finish C
············End:     Finish C ......................................................8.336µs
··········End:     Groth16::Prover .................................................2.700s
··········Start:   Groth16::Prover
············Start:   R1CS to QAP witness map
············End:     R1CS to QAP witness map .......................................864.251ms
············Start:   Compute C
··············Start:   Compute C1
··············End:     Compute C1 ..................................................1.295s
··············Start:   Compute C2
··············End:     Compute C2 ..................................................966.111µs
············End:     Compute C .....................................................1.432s
············Start:   Compute A
············End:     Compute A .....................................................112.462ms
············Start:   Compute B in G1
············End:     Compute B in G1 ...............................................97.495ms
············Start:   Compute B in G2
············End:     Compute B in G2 ...............................................268.430ms
············Start:   Finish C
············End:     Finish C ......................................................8.366µs
··········End:     Groth16::Prover .................................................2.777s
··········Start:   Groth16::Prover
············Start:   R1CS to QAP witness map
············End:     R1CS to QAP witness map .......................................814.573ms
············Start:   Compute C
··············Start:   Compute C1
··············End:     Compute C1 ..................................................1.310s
··············Start:   Compute C2
··············End:     Compute C2 ..................................................1.252ms
············End:     Compute C .....................................................1.503s
············Start:   Compute A
············End:     Compute A .....................................................140.2ms
············Start:   Compute B in G1
············End:     Compute B in G1 ...............................................68.787ms
············Start:   Compute B in G2
············End:     Compute B in G2 ...............................................230.55ms
············Start:   Finish C
············End:     Finish C ......................................................7.977µs
··········End:     Groth16::Prover .................................................2.759s
··········Start:   Groth16::Prover
············Start:   R1CS to QAP witness map
············End:     R1CS to QAP witness map .......................................727.724ms
············Start:   Compute C
··············Start:   Compute C1
··············End:     Compute C1 ..................................................1.134s
··············Start:   Compute C2
··············End:     Compute C2 ..................................................894.975µs
············End:     Compute C .....................................................1.241s
············Start:   Compute A
············End:     Compute A .....................................................103.266ms
············Start:   Compute B in G1
············End:     Compute B in G1 ...............................................68.707ms
············Start:   Compute B in G2
············End:     Compute B in G2 ...............................................229.932ms
············Start:   Finish C
············End:     Finish C ......................................................7.859µs
··········End:     Groth16::Prover .................................................2.372s
··········Start:   Groth16::Prover
············Start:   R1CS to QAP witness map
············End:     R1CS to QAP witness map .......................................718.135ms
············Start:   Compute C
··············Start:   Compute C1
··············End:     Compute C1 ..................................................1.325s
··············Start:   Compute C2
··············End:     Compute C2 ..................................................1.352ms
············End:     Compute C .....................................................1.441s
············Start:   Compute A
············End:     Compute A .....................................................111.670ms
············Start:   Compute B in G1
············End:     Compute B in G1 ...............................................74.148ms
············Start:   Compute B in G2
············End:     Compute B in G2 ...............................................241.82ms
············Start:   Finish C
············End:     Finish C ......................................................8.28µs
··········End:     Groth16::Prover .................................................2.588s
··········Start:   Groth16::Prover
············Start:   R1CS to QAP witness map
············End:     R1CS to QAP witness map .......................................663.953ms
············Start:   Compute C
··············Start:   Compute C1
··············End:     Compute C1 ..................................................1.248s
··············Start:   Compute C2
··············End:     Compute C2 ..................................................1.85ms
············End:     Compute C .....................................................1.423s
············Start:   Compute A
············End:     Compute A .....................................................176.112ms
············Start:   Compute B in G1
············End:     Compute B in G1 ...............................................118.953ms
············Start:   Compute B in G2
············End:     Compute B in G2 ...............................................407.964ms
············Start:   Finish C
············End:     Finish C ......................................................4.341µs
··········End:     Groth16::Prover .................................................2.791s
··········Start:   Groth16::Prover
············Start:   R1CS to QAP witness map
············End:     R1CS to QAP witness map .......................................793.776ms
············Start:   Compute C
··············Start:   Compute C1
··············End:     Compute C1 ..................................................1.447s
··············Start:   Compute C2
··············End:     Compute C2 ..................................................1.78ms
············End:     Compute C .....................................................1.642s
············Start:   Compute A
············End:     Compute A .....................................................103.287ms
············Start:   Compute B in G1
············End:     Compute B in G1 ...............................................99.340ms
············Start:   Compute B in G2
············End:     Compute B in G2 ...............................................239.475ms
············Start:   Finish C
············End:     Finish C ......................................................4.589µs
··········End:     Groth16::Prover .................................................2.880s
··········Start:   Groth16::Prover
············Start:   R1CS to QAP witness map
············End:     R1CS to QAP witness map .......................................752.416ms
············Start:   Compute C
··············Start:   Compute C1
··············End:     Compute C1 ..................................................1.283s
··············Start:   Compute C2
··············End:     Compute C2 ..................................................1.446ms
············End:     Compute C .....................................................1.479s
············Start:   Compute A
············End:     Compute A .....................................................193.750ms
············Start:   Compute B in G1
············End:     Compute B in G1 ...............................................128.6ms
············Start:   Compute B in G2
············End:     Compute B in G2 ...............................................252.894ms
············Start:   Finish C
············End:     Finish C ......................................................4.502µs
··········End:     Groth16::Prover .................................................2.810s
··········Start:   Groth16::Prover
············Start:   R1CS to QAP witness map
············End:     R1CS to QAP witness map .......................................792.174ms
············Start:   Compute C
··············Start:   Compute C1
··············End:     Compute C1 ..................................................1.269s
··············Start:   Compute C2
··············End:     Compute C2 ..................................................1.113ms
············End:     Compute C .....................................................1.462s
············Start:   Compute A
············End:     Compute A .....................................................191.41ms
············Start:   Compute B in G1
············End:     Compute B in G1 ...............................................69.114ms
············Start:   Compute B in G2
············End:     Compute B in G2 ...............................................231.99ms
············Start:   Finish C
············End:     Finish C ......................................................8.97µs
··········End:     Groth16::Prover .................................................2.747s
··········Start:   Groth16::Prover
············Start:   R1CS to QAP witness map
············End:     R1CS to QAP witness map .......................................702.654ms
············Start:   Compute C
··············Start:   Compute C1
··············End:     Compute C1 ..................................................1.276s
··············Start:   Compute C2
··············End:     Compute C2 ..................................................994.853µs
············End:     Compute C .....................................................1.379s
············Start:   Compute A
············End:     Compute A .....................................................104.485ms
············Start:   Compute B in G1
············End:     Compute B in G1 ...............................................68.593ms
············Start:   Compute B in G2
············End:     Compute B in G2 ...............................................230.50ms
············Start:   Finish C
············End:     Finish C ......................................................4.570µs
··········End:     Groth16::Prover .................................................2.486s
··········Start:   Groth16::Prover
············Start:   R1CS to QAP witness map
············End:     R1CS to QAP witness map .......................................731.440ms
············Start:   Compute C
··············Start:   Compute C1
··············End:     Compute C1 ..................................................1.280s
··············Start:   Compute C2
··············End:     Compute C2 ..................................................1.187ms
············End:     Compute C .....................................................1.454s
············Start:   Compute A
············End:     Compute A .....................................................194.954ms
············Start:   Compute B in G1
············End:     Compute B in G1 ...............................................128.25ms
············Start:   Compute B in G2
············End:     Compute B in G2 ...............................................336.952ms
············Start:   Finish C
············End:     Finish C ......................................................4.803µs
··········End:     Groth16::Prover .................................................2.847s
··········Start:   Groth16::Prover
············Start:   R1CS to QAP witness map
············End:     R1CS to QAP witness map .......................................662.749ms
············Start:   Compute C
··············Start:   Compute C1
··············End:     Compute C1 ..................................................1.328s
··············Start:   Compute C2
··············End:     Compute C2 ..................................................1.452ms
············End:     Compute C .....................................................1.467s
············Start:   Compute A
············End:     Compute A .....................................................140.478ms
············Start:   Compute B in G1
············End:     Compute B in G1 ...............................................76.980ms
············Start:   Compute B in G2
············End:     Compute B in G2 ...............................................246.287ms
············Start:   Finish C
············End:     Finish C ......................................................8.50µs
··········End:     Groth16::Prover .................................................2.595s
··········Start:   Groth16::Prover
············Start:   R1CS to QAP witness map
············End:     R1CS to QAP witness map .......................................699.379ms
············Start:   Compute C
··············Start:   Compute C1
··············End:     Compute C1 ..................................................1.304s
··············Start:   Compute C2
··············End:     Compute C2 ..................................................1.6ms
············End:     Compute C .....................................................1.414s
············Start:   Compute A
············End:     Compute A .....................................................103.378ms
············Start:   Compute B in G1
············End:     Compute B in G1 ...............................................68.985ms
············Start:   Compute B in G2
············End:     Compute B in G2 ...............................................267.922ms
············Start:   Finish C
············End:     Finish C ......................................................7.966µs
··········End:     Groth16::Prover .................................................2.556s
··········Start:   Groth16::Prover
············Start:   R1CS to QAP witness map
············End:     R1CS to QAP witness map .......................................647.421ms
············Start:   Compute C
··············Start:   Compute C1
··············End:     Compute C1 ..................................................1.263s
··············Start:   Compute C2
··············End:     Compute C2 ..................................................1.234ms
············End:     Compute C .....................................................1.421s
············Start:   Compute A
············End:     Compute A .....................................................103.133ms
············Start:   Compute B in G1
············End:     Compute B in G1 ...............................................103.188ms
············Start:   Compute B in G2
············End:     Compute B in G2 ...............................................257.97ms
············Start:   Finish C
············End:     Finish C ......................................................4.616µs
··········End:     Groth16::Prover .................................................2.533s
··········Start:   Groth16::Prover
············Start:   R1CS to QAP witness map
············End:     R1CS to QAP witness map .......................................735.879ms
············Start:   Compute C
··············Start:   Compute C1
··············End:     Compute C1 ..................................................1.290s
··············Start:   Compute C2
··············End:     Compute C2 ..................................................1.43ms
············End:     Compute C .....................................................1.458s
············Start:   Compute A
············End:     Compute A .....................................................157.181ms
············Start:   Compute B in G1
············End:     Compute B in G1 ...............................................115.760ms
············Start:   Compute B in G2
············End:     Compute B in G2 ...............................................235.183ms
············Start:   Finish C
············End:     Finish C ......................................................4.485µs
··········End:     Groth16::Prover .................................................2.703s
··········Start:   Groth16::Prover
············Start:   R1CS to QAP witness map
············End:     R1CS to QAP witness map .......................................778.355ms
············Start:   Compute C
··············Start:   Compute C1
··············End:     Compute C1 ..................................................1.259s
··············Start:   Compute C2
··············End:     Compute C2 ..................................................991.56µs
············End:     Compute C .....................................................1.374s
············Start:   Compute A
············End:     Compute A .....................................................186.353ms
············Start:   Compute B in G1
············End:     Compute B in G1 ...............................................121.253ms
············Start:   Compute B in G2
············End:     Compute B in G2 ...............................................384.133ms
············Start:   Finish C
············End:     Finish C ......................................................7.907µs
··········End:     Groth16::Prover .................................................2.846s
··········Start:   Groth16::Prover
············Start:   R1CS to QAP witness map
············End:     R1CS to QAP witness map .......................................737.713ms
············Start:   Compute C
··············Start:   Compute C1
··············End:     Compute C1 ..................................................1.277s
··············Start:   Compute C2
··············End:     Compute C2 ..................................................1.234ms
············End:     Compute C .....................................................1.472s
············Start:   Compute A
············End:     Compute A .....................................................173.389ms
············Start:   Compute B in G1
············End:     Compute B in G1 ...............................................127.345ms
············Start:   Compute B in G2
············End:     Compute B in G2 ...............................................423.635ms
············Start:   Finish C
············End:     Finish C ......................................................8.337µs
··········End:     Groth16::Prover .................................................2.936s
··········Start:   Groth16::Prover
············Start:   R1CS to QAP witness map
············End:     R1CS to QAP witness map .......................................809.126ms
············Start:   Compute C
··············Start:   Compute C1
··············End:     Compute C1 ..................................................1.332s
··············Start:   Compute C2
··············End:     Compute C2 ..................................................1.487ms
············End:     Compute C .....................................................1.525s
············Start:   Compute A
············End:     Compute A .....................................................110.536ms
············Start:   Compute B in G1
············End:     Compute B in G1 ...............................................128.679ms
············Start:   Compute B in G2
············End:     Compute B in G2 ...............................................364.480ms
············Start:   Finish C
············End:     Finish C ......................................................4.758µs
··········End:     Groth16::Prover .................................................2.942s
··········Start:   Groth16::Prover
············Start:   R1CS to QAP witness map
············End:     R1CS to QAP witness map .......................................866.567ms
············Start:   Compute C
··············Start:   Compute C1
··············End:     Compute C1 ..................................................1.319s
··············Start:   Compute C2
··············End:     Compute C2 ..................................................1.530ms
············End:     Compute C .....................................................1.430s
············Start:   Compute A
············End:     Compute A .....................................................108.509ms
············Start:   Compute B in G1
············End:     Compute B in G1 ...............................................78.631ms
············Start:   Compute B in G2
············End:     Compute B in G2 ...............................................242.334ms
············Start:   Finish C
············End:     Finish C ......................................................8.50µs
··········End:     Groth16::Prover .................................................2.728s
··········Start:   Groth16::Prover
············Start:   R1CS to QAP witness map
············End:     R1CS to QAP witness map .......................................802.404ms
············Start:   Compute C
··············Start:   Compute C1
··············End:     Compute C1 ..................................................1.248s
··············Start:   Compute C2
··············End:     Compute C2 ..................................................841.861µs
············End:     Compute C .....................................................1.351s
············Start:   Compute A
············End:     Compute A .....................................................140.370ms
············Start:   Compute B in G1
············End:     Compute B in G1 ...............................................90.848ms
············Start:   Compute B in G2
············End:     Compute B in G2 ...............................................244.484ms
············Start:   Finish C
············End:     Finish C ......................................................4.864µs
··········End:     Groth16::Prover .................................................2.631s
··········Start:   Groth16::Prover
············Start:   R1CS to QAP witness map
············End:     R1CS to QAP witness map .......................................735.871ms
············Start:   Compute C
··············Start:   Compute C1
··············End:     Compute C1 ..................................................1.306s
··············Start:   Compute C2
··············End:     Compute C2 ..................................................1.31ms
············End:     Compute C .....................................................1.442s
············Start:   Compute A
············End:     Compute A .....................................................193.583ms
············Start:   Compute B in G1
············End:     Compute B in G1 ...............................................127.527ms
············Start:   Compute B in G2
············End:     Compute B in G2 ...............................................385.405ms
············Start:   Finish C
············End:     Finish C ......................................................7.963µs
··········End:     Groth16::Prover .................................................2.886s
··········Start:   Groth16::Prover
············Start:   R1CS to QAP witness map
············End:     R1CS to QAP witness map .......................................732.607ms
············Start:   Compute C
··············Start:   Compute C1
··············End:     Compute C1 ..................................................1.325s
··············Start:   Compute C2
··············End:     Compute C2 ..................................................1.12ms
············End:     Compute C .....................................................1.518s
············Start:   Compute A
············End:     Compute A .....................................................193.875ms
············Start:   Compute B in G1
············End:     Compute B in G1 ...............................................86.981ms
············Start:   Compute B in G2
············End:     Compute B in G2 ...............................................289.833ms
············Start:   Finish C
············End:     Finish C ......................................................4.539µs
··········End:     Groth16::Prover .................................................2.823s
··········Start:   Groth16::Prover
············Start:   R1CS to QAP witness map
············End:     R1CS to QAP witness map .......................................698.974ms
············Start:   Compute C
··············Start:   Compute C1
··············End:     Compute C1 ..................................................1.352s
··············Start:   Compute C2
··············End:     Compute C2 ..................................................1.3ms
············End:     Compute C .....................................................1.512s
············Start:   Compute A
············End:     Compute A .....................................................131.801ms
············Start:   Compute B in G1
············End:     Compute B in G1 ...............................................68.656ms
············Start:   Compute B in G2
············End:     Compute B in G2 ...............................................229.479ms
············Start:   Finish C
············End:     Finish C ......................................................4.658µs
··········End:     Groth16::Prover .................................................2.643s
··········Start:   Groth16::Prover
············Start:   R1CS to QAP witness map
············End:     R1CS to QAP witness map .......................................646.768ms
············Start:   Compute C
··············Start:   Compute C1
··············End:     Compute C1 ..................................................1.399s
··············Start:   Compute C2
··············End:     Compute C2 ..................................................983.846µs
············End:     Compute C .....................................................1.592s
············Start:   Compute A
············End:     Compute A .....................................................193.682ms
············Start:   Compute B in G1
············End:     Compute B in G1 ...............................................128.90ms
············Start:   Compute B in G2
············End:     Compute B in G2 ...............................................235.382ms
············Start:   Finish C
············End:     Finish C ......................................................4.584µs
··········End:     Groth16::Prover .................................................2.798s
··········Start:   Groth16::Prover
············Start:   R1CS to QAP witness map
············End:     R1CS to QAP witness map .......................................655.432ms
············Start:   Compute C
··············Start:   Compute C1
··············End:     Compute C1 ..................................................1.323s
··············Start:   Compute C2
··············End:     Compute C2 ..................................................984.224µs
············End:     Compute C .....................................................1.522s
············Start:   Compute A
············End:     Compute A .....................................................160.783ms
············Start:   Compute B in G1
············End:     Compute B in G1 ...............................................99.470ms
············Start:   Compute B in G2
············End:     Compute B in G2 ...............................................263.922ms
············Start:   Finish C
············End:     Finish C ......................................................8.36µs
··········End:     Groth16::Prover .................................................2.704s
··········Start:   Groth16::Prover
············Start:   R1CS to QAP witness map
············End:     R1CS to QAP witness map .......................................667.202ms
············Start:   Compute C
··············Start:   Compute C1
··············End:     Compute C1 ..................................................1.331s
··············Start:   Compute C2
··············End:     Compute C2 ..................................................1.75ms
············End:     Compute C .....................................................1.527s
············Start:   Compute A
············End:     Compute A .....................................................196.127ms
············Start:   Compute B in G1
············End:     Compute B in G1 ...............................................114.68ms
············Start:   Compute B in G2
············End:     Compute B in G2 ...............................................230.286ms
············Start:   Finish C
············End:     Finish C ......................................................4.776µs
··········End:     Groth16::Prover .................................................2.737s
··········Start:   Groth16::Prover
············Start:   R1CS to QAP witness map
············End:     R1CS to QAP witness map .......................................654.0ms
············Start:   Compute C
··············Start:   Compute C1
··············End:     Compute C1 ..................................................1.342s
··············Start:   Compute C2
··············End:     Compute C2 ..................................................1.508ms
············End:     Compute C .....................................................1.535s
············Start:   Compute A
············End:     Compute A .....................................................176.707ms
············Start:   Compute B in G1
············End:     Compute B in G1 ...............................................124.669ms
············Start:   Compute B in G2
············End:     Compute B in G2 ...............................................373.111ms
············Start:   Finish C
············End:     Finish C ......................................................8.140µs
··········End:     Groth16::Prover .................................................2.867s
··········Start:   Groth16::Prover
············Start:   R1CS to QAP witness map
············End:     R1CS to QAP witness map .......................................654.513ms
············Start:   Compute C
··············Start:   Compute C1
··············End:     Compute C1 ..................................................1.423s
··············Start:   Compute C2
··············End:     Compute C2 ..................................................1.376ms
············End:     Compute C .....................................................1.531s
············Start:   Compute A
············End:     Compute A .....................................................108.360ms
············Start:   Compute B in G1
············End:     Compute B in G1 ...............................................74.44ms
············Start:   Compute B in G2
············End:     Compute B in G2 ...............................................305.821ms
············Start:   Finish C
············End:     Finish C ......................................................4.615µs
··········End:     Groth16::Prover .................................................2.676s
··········Start:   Groth16::Prover
············Start:   R1CS to QAP witness map
············End:     R1CS to QAP witness map .......................................719.363ms
············Start:   Compute C
··············Start:   Compute C1
··············End:     Compute C1 ..................................................1.493s
··············Start:   Compute C2
··············End:     Compute C2 ..................................................984.580µs
············End:     Compute C .....................................................1.678s
············Start:   Compute A
············End:     Compute A .....................................................106.290ms
············Start:   Compute B in G1
············End:     Compute B in G1 ...............................................72.655ms
············Start:   Compute B in G2
············End:     Compute B in G2 ...............................................263.828ms
············Start:   Finish C
············End:     Finish C ......................................................4.321µs
··········End:     Groth16::Prover .................................................2.842s
··········Start:   Groth16::Prover
············Start:   R1CS to QAP witness map
············End:     R1CS to QAP witness map .......................................749.294ms
············Start:   Compute C
··············Start:   Compute C1
··············End:     Compute C1 ..................................................1.329s
··············Start:   Compute C2
··············End:     Compute C2 ..................................................896.317µs
············End:     Compute C .....................................................1.458s
············Start:   Compute A
············End:     Compute A .....................................................125.117ms
············Start:   Compute B in G1
············End:     Compute B in G1 ...............................................71.818ms
············Start:   Compute B in G2
············End:     Compute B in G2 ...............................................235.790ms
············Start:   Finish C
············End:     Finish C ......................................................4.458µs
··········End:     Groth16::Prover .................................................2.642s
··········Start:   Groth16::Prover
············Start:   R1CS to QAP witness map
············End:     R1CS to QAP witness map .......................................804.963ms
············Start:   Compute C
··············Start:   Compute C1
··············End:     Compute C1 ..................................................1.413s
··············Start:   Compute C2
··············End:     Compute C2 ..................................................1.33ms
············End:     Compute C .....................................................1.574s
············Start:   Compute A
············End:     Compute A .....................................................103.653ms
············Start:   Compute B in G1
············End:     Compute B in G1 ...............................................109.604ms
············Start:   Compute B in G2
············End:     Compute B in G2 ...............................................404.280ms
············Start:   Finish C
············End:     Finish C ......................................................8.257µs
··········End:     Groth16::Prover .................................................2.998s
··········Start:   Groth16::Prover
············Start:   R1CS to QAP witness map
············End:     R1CS to QAP witness map .......................................789.574ms
············Start:   Compute C
··············Start:   Compute C1
··············End:     Compute C1 ..................................................1.384s
··············Start:   Compute C2
··············End:     Compute C2 ..................................................1.6ms
············End:     Compute C .....................................................1.578s
············Start:   Compute A
············End:     Compute A .....................................................184.272ms
············Start:   Compute B in G1
············End:     Compute B in G1 ...............................................108.860ms
············Start:   Compute B in G2
············End:     Compute B in G2 ...............................................407.601ms
············Start:   Finish C
············End:     Finish C ......................................................4.524µs
··········End:     Groth16::Prover .................................................3.70s
··········Start:   Groth16::Prover
············Start:   R1CS to QAP witness map
············End:     R1CS to QAP witness map .......................................663.666ms
············Start:   Compute C
··············Start:   Compute C1
··············End:     Compute C1 ..................................................1.95s
··············Start:   Compute C2
··············End:     Compute C2 ..................................................866.691µs
············End:     Compute C .....................................................1.241s
············Start:   Compute A
············End:     Compute A .....................................................110.90ms
············Start:   Compute B in G1
············End:     Compute B in G1 ...............................................68.831ms
············Start:   Compute B in G2
············End:     Compute B in G2 ...............................................265.399ms
············Start:   Finish C
············End:     Finish C ......................................................8.214µs
··········End:     Groth16::Prover .................................................2.350s
··········Start:   Groth16::Prover
············Start:   R1CS to QAP witness map
············End:     R1CS to QAP witness map .......................................836.318ms
············Start:   Compute C
··············Start:   Compute C1
··············End:     Compute C1 ..................................................1.258s
··············Start:   Compute C2
··············End:     Compute C2 ..................................................938.318µs
············End:     Compute C .....................................................1.361s
············Start:   Compute A
············End:     Compute A .....................................................130.280ms
············Start:   Compute B in G1
············End:     Compute B in G1 ...............................................72.850ms
············Start:   Compute B in G2
············End:     Compute B in G2 ...............................................230.627ms
············Start:   Finish C
············End:     Finish C ......................................................8.157µs
··········End:     Groth16::Prover .................................................2.633s
··········Start:   Groth16::Prover
············Start:   R1CS to QAP witness map
············End:     R1CS to QAP witness map .......................................836.925ms
············Start:   Compute C
··············Start:   Compute C1
··············End:     Compute C1 ..................................................1.328s
··············Start:   Compute C2
··············End:     Compute C2 ..................................................840.180µs
············End:     Compute C .....................................................1.453s
············Start:   Compute A
············End:     Compute A .....................................................106.285ms
············Start:   Compute B in G1
············End:     Compute B in G1 ...............................................72.991ms
············Start:   Compute B in G2
············End:     Compute B in G2 ...............................................253.630ms
············Start:   Finish C
············End:     Finish C ......................................................4.856µs
··········End:     Groth16::Prover .................................................2.725s
··········Start:   Groth16::Prover
············Start:   R1CS to QAP witness map
············End:     R1CS to QAP witness map .......................................795.183ms
············Start:   Compute C
··············Start:   Compute C1
··············End:     Compute C1 ..................................................1.311s
··············Start:   Compute C2
··············End:     Compute C2 ..................................................1.65ms
············End:     Compute C .....................................................1.488s
············Start:   Compute A
············End:     Compute A .....................................................108.428ms
············Start:   Compute B in G1
············End:     Compute B in G1 ...............................................70.651ms
············Start:   Compute B in G2
············End:     Compute B in G2 ...............................................280.168ms
············Start:   Finish C
············End:     Finish C ......................................................8.41µs
··········End:     Groth16::Prover .................................................2.744s
··········Start:   Groth16::Prover
············Start:   R1CS to QAP witness map
············End:     R1CS to QAP witness map .......................................830.522ms
············Start:   Compute C
··············Start:   Compute C1
··············End:     Compute C1 ..................................................1.262s
··············Start:   Compute C2
··············End:     Compute C2 ..................................................960.47µs
············End:     Compute C .....................................................1.366s
············Start:   Compute A
············End:     Compute A .....................................................131.719ms
············Start:   Compute B in G1
············End:     Compute B in G1 ...............................................87.182ms
············Start:   Compute B in G2
············End:     Compute B in G2 ...............................................241.671ms
············Start:   Finish C
············End:     Finish C ......................................................4.523µs
··········End:     Groth16::Prover .................................................2.659s
··········Start:   Groth16::Prover
············Start:   R1CS to QAP witness map
············End:     R1CS to QAP witness map .......................................874.259ms
············Start:   Compute C
··············Start:   Compute C1
··············End:     Compute C1 ..................................................1.375s
··············Start:   Compute C2
··············End:     Compute C2 ..................................................1.447ms
············End:     Compute C .....................................................1.511s
············Start:   Compute A
············End:     Compute A .....................................................130.5ms
············Start:   Compute B in G1
············End:     Compute B in G1 ...............................................71.641ms
············Start:   Compute B in G2
············End:     Compute B in G2 ...............................................233.696ms
············Start:   Finish C
············End:     Finish C ......................................................4.352µs
··········End:     Groth16::Prover .................................................2.825s
··········Start:   Groth16::Prover
············Start:   R1CS to QAP witness map
············End:     R1CS to QAP witness map .......................................845.813ms
············Start:   Compute C
··············Start:   Compute C1
··············End:     Compute C1 ..................................................1.324s
··············Start:   Compute C2
··············End:     Compute C2 ..................................................973.172µs
············End:     Compute C .....................................................1.439s
············Start:   Compute A
············End:     Compute A .....................................................127.380ms
············Start:   Compute B in G1
············End:     Compute B in G1 ...............................................71.536ms
············Start:   Compute B in G2
············End:     Compute B in G2 ...............................................233.871ms
············Start:   Finish C
············End:     Finish C ......................................................8.168µs
··········End:     Groth16::Prover .................................................2.720s
··········Start:   Groth16::Prover
············Start:   R1CS to QAP witness map
············End:     R1CS to QAP witness map .......................................827.276ms
············Start:   Compute C
··············Start:   Compute C1
··············End:     Compute C1 ..................................................1.79s
··············Start:   Compute C2
··············End:     Compute C2 ..................................................1.204ms
············End:     Compute C .....................................................1.188s
············Start:   Compute A
············End:     Compute A .....................................................108.251ms
············Start:   Compute B in G1
············End:     Compute B in G1 ...............................................73.579ms
············Start:   Compute B in G2
············End:     Compute B in G2 ...............................................239.732ms
············Start:   Finish C
············End:     Finish C ......................................................4.505µs
··········End:     Groth16::Prover .................................................2.438s
········End:     start proof generation ............................................142.750s
······End:     upload the mc+proof generation ......................................142.753s
······Start:   upload the data
[2mNov 30 22:00:53.820[0m [33m WARN[0m [1mAtom Client[0m: client: data prepared
[2mNov 30 22:01:00.870[0m [33m WARN[0m [1mAtom Client[0m: client: data uploaded,receving ms proof
[2mNov 30 22:01:09.209[0m [33m WARN[0m [1mAtom Client[0m: client: ms proof received
······End:     upload the data .....................................................15.389s
····End:     upload data ...........................................................161.704s
Prover CPU Time 649.413824824 s
····Start:   verify the data
······Start:   verify
········Start:   receive verify
········End:     receive verify ....................................................1.734s
········Start:   verify the proofs
········End:     verify the proofs .................................................8.838s
Verifier CPU Time 8.85578084 s
······End:     verify the data .....................................................10.572s
····End:     one round .............................................................173.478s
··End:     clients .................................................................173.478s
[2mNov 30 22:01:19.804[0m [33m WARN[0m [1mAtom Client[0m: client: close time.busy=8.87s time.idle=173s

real	3m1.666s
user	10m54.181s
sys	0m12.298s
