[2mOct 01 03:46:23.914[0m [33m WARN[0m [1mAtom Client[0m: client: new
Start:   clients
··Start:   one round
····Start:   train model
······Start:   retrieve the model
······End:     retrieve the model ..................................................106.78ms
····End:     train model ...........................................................1.106s
····Start:   upload data
······Start:   encrypt the gradients
········Start:   new public key
········End:     new public key ....................................................366.909ms
······End:     encrypt the gradients ...............................................17.732s
······Start:   upload the mc+proof generation
········Start:   start proof generation
········End:     start proof generation ............................................165.0s
······End:     upload the mc+proof generation ......................................165.1s
······Start:   upload the data
[2mOct 01 03:49:28.385[0m [33m WARN[0m [1mAtom Client[0m: client: data prepared
[2mOct 01 03:49:56.553[0m [33m WARN[0m [1mAtom Client[0m: client: data uploaded,receving ms proof
[2mOct 01 03:50:06.198[0m [33m WARN[0m [1mAtom Client[0m: client: ms proof received
······End:     upload the data .....................................................37.831s
····End:     upload data ...........................................................220.565s
····Start:   verify the data
······Start:   verify
········Start:   receive verify
········End:     receive verify ....................................................512.317s
········Start:   verify the proofs
········End:     verify the proofs .................................................454.324ms
······End:     verify the data .....................................................512.783s
····End:     one round .............................................................734.454s
····Start:   one round
······Start:   train model
········Start:   retrieve the model
········End:     retrieve the model ................................................835.642ms
······End:     train model .........................................................1.835s
······Start:   upload data
········Start:   encrypt the gradients
··········Start:   new public key
··········End:     new public key ..................................................359.715ms
········End:     encrypt the gradients .............................................17.618s
········Start:   upload the mc+proof generation
··········Start:   start proof generation
··········End:     start proof generation ..........................................165.0s
········End:     upload the mc+proof generation ....................................165.1s
········Start:   upload the data
[2mOct 01 04:01:43.444[0m [33m WARN[0m [1mAtom Client[0m: client: data prepared
[2mOct 01 04:02:11.594[0m [33m WARN[0m [1mAtom Client[0m: client: data uploaded,receving ms proof
[2mOct 01 04:02:20.813[0m [33m WARN[0m [1mAtom Client[0m: client: ms proof received
········End:     upload the data ...................................................37.375s
······End:     upload data .........................................................219.995s
······Start:   verify the data
········Start:   verify
··········Start:   receive verify
··········End:     receive verify ..................................................511.682s
··········Start:   verify the proofs
··········End:     verify the proofs ...............................................428.630ms
········End:     verify the data ...................................................512.127s
······End:     one round ...........................................................733.958s
······Start:   one round
········Start:   train model
··········Start:   retrieve the model
··········End:     retrieve the model ..............................................834.918ms
········End:     train model .......................................................1.835s
········Start:   upload data
··········Start:   encrypt the gradients
············Start:   new public key
············End:     new public key ................................................350.807ms
··········End:     encrypt the gradients ...........................................17.609s
··········Start:   upload the mc+proof generation
············Start:   start proof generation
············End:     start proof generation ........................................165.0s
··········End:     upload the mc+proof generation ..................................165.2s
··········Start:   upload the data
[2mOct 01 04:13:57.393[0m [33m WARN[0m [1mAtom Client[0m: client: data prepared
[2mOct 01 04:14:33.312[0m [33m WARN[0m [1mAtom Client[0m: client: data uploaded,receving ms proof
[2mOct 01 04:14:33.312[0m [33m WARN[0m [1mAtom Client[0m: client: ms proof received
··········End:     upload the data .................................................35.925s
········End:     upload data .......................................................218.537s
········Start:   verify the data
··········Start:   verify
············Start:   receive verify
············End:     receive verify ................................................510.968s
············Start:   verify the proofs
············End:     verify the proofs .............................................427.876ms
··········End:     verify the data .................................................511.404s
········End:     one round .........................................................731.776s
········Start:   one round
··········Start:   train model
············Start:   retrieve the model
············End:     retrieve the model ............................................826.264ms
··········End:     train model .....................................................1.826s
··········Start:   upload data
············Start:   encrypt the gradients
··············Start:   new public key
··············End:     new public key ..............................................352.775ms
············End:     encrypt the gradients .........................................17.569s
············Start:   upload the mc+proof generation
··············Start:   start proof generation
··············End:     start proof generation ......................................165.0s
············End:     upload the mc+proof generation ................................165.1s
············Start:   upload the data
[2mOct 01 04:26:09.121[0m [33m WARN[0m [1mAtom Client[0m: client: data prepared
[2mOct 01 04:26:37.282[0m [33m WARN[0m [1mAtom Client[0m: client: data uploaded,receving ms proof
[2mOct 01 04:26:46.249[0m [33m WARN[0m [1mAtom Client[0m: client: ms proof received
············End:     upload the data ...............................................37.134s
··········End:     upload data .....................................................219.705s
··········Start:   verify the data
············Start:   verify
··············Start:   receive verify
··············End:     receive verify ..............................................509.280s
··············Start:   verify the proofs
··············End:     verify the proofs ...........................................433.32ms
············End:     verify the data ...............................................509.723s
··········End:     one round .......................................................731.255s
··········Start:   one round
············Start:   train model
··············Start:   retrieve the model
··············End:     retrieve the model ..........................................834.864ms
············End:     train model ...................................................1.835s
············Start:   upload data
··············Start:   encrypt the gradients
················Start:   new public key
················End:     new public key ............................................354.416ms
··············End:     encrypt the gradients .......................................17.666s
··············Start:   upload the mc+proof generation
················Start:   start proof generation
················End:     start proof generation ....................................165.0s
··············End:     upload the mc+proof generation ..............................165.1s
··············Start:   upload the data
[2mOct 01 04:38:20.488[0m [33m WARN[0m [1mAtom Client[0m: client: data prepared
[2mOct 01 04:38:48.629[0m [33m WARN[0m [1mAtom Client[0m: client: data uploaded,receving ms proof
[2mOct 01 04:38:59.585[0m [33m WARN[0m [1mAtom Client[0m: client: ms proof received
··············End:     upload the data .............................................39.103s
············End:     upload data ...................................................221.772s
············Start:   verify the data
··············Start:   verify
················Start:   receive verify
················End:     receive verify ............................................509.179s
················Start:   verify the proofs
················End:     verify the proofs .........................................445.452ms
··············End:     verify the data .............................................509.635s
············End:     one round .....................................................733.249s
············Start:   one round
··············Start:   train model
················Start:   retrieve the model
················End:     retrieve the model ........................................840.891ms
··············End:     train model .................................................1.841s
··············Start:   upload data
················Start:   encrypt the gradients
··················Start:   new public key
··················End:     new public key ..........................................354.855ms
················End:     encrypt the gradients .....................................17.581s
················Start:   upload the mc+proof generation
··················Start:   start proof generation
··················End:     start proof generation ..................................165.0s
················End:     upload the mc+proof generation ............................165.1s
················Start:   upload the data
[2mOct 01 04:50:33.652[0m [33m WARN[0m [1mAtom Client[0m: client: data prepared
[2mOct 01 04:51:01.801[0m [33m WARN[0m [1mAtom Client[0m: client: data uploaded,receving ms proof
[2mOct 01 04:51:13.186[0m [33m WARN[0m [1mAtom Client[0m: client: ms proof received
················End:     upload the data ...........................................39.540s
··············End:     upload data .................................................222.123s
··············Start:   verify the data
················Start:   verify
··················Start:   receive verify
··················End:     receive verify ..........................................508.900s
··················Start:   verify the proofs
··················End:     verify the proofs .......................................471.377ms
················End:     verify the data ...........................................509.382s
··············End:     one round ...................................................733.347s
··············Start:   one round
················Start:   train model
··················Start:   retrieve the model
··················End:     retrieve the model ......................................841.361ms
················End:     train model ...............................................1.841s
················Start:   upload data
··················Start:   encrypt the gradients
····················Start:   new public key
····················End:     new public key ........................................355.885ms
··················End:     encrypt the gradients ...................................17.657s
··················Start:   upload the mc+proof generation
····················Start:   start proof generation
····················End:     start proof generation ................................165.0s
··················End:     upload the mc+proof generation ..........................165.1s
··················Start:   upload the data
[2mOct 01 05:02:47.076[0m [33m WARN[0m [1mAtom Client[0m: client: data prepared
[2mOct 01 05:03:15.225[0m [33m WARN[0m [1mAtom Client[0m: client: data uploaded,receving ms proof
[2mOct 01 05:03:25.924[0m [33m WARN[0m [1mAtom Client[0m: client: ms proof received
··················End:     upload the data .........................................38.854s
················End:     upload data ...............................................221.513s
················Start:   verify the data
··················Start:   verify
····················Start:   receive verify
····················End:     receive verify ........................................509.296s
····················Start:   verify the proofs
····················End:     verify the proofs .....................................445.67ms
··················End:     verify the data .........................................509.762s
················End:     one round .................................................733.118s
················Start:   one round
··················Start:   train model
····················Start:   retrieve the model
····················End:     retrieve the model ....................................835.0ms
··················End:     train model .............................................1.835s
··················Start:   upload data
····················Start:   encrypt the gradients
······················Start:   new public key
······················End:     new public key ......................................350.137ms
····················End:     encrypt the gradients .................................17.668s
····················Start:   upload the mc+proof generation
······················Start:   start proof generation
······················End:     start proof generation ..............................165.0s
····················End:     upload the mc+proof generation ........................165.1s
····················Start:   upload the data
[2mOct 01 05:15:00.198[0m [33m WARN[0m [1mAtom Client[0m: client: data prepared
[2mOct 01 05:15:28.340[0m [33m WARN[0m [1mAtom Client[0m: client: data uploaded,receving ms proof
[2mOct 01 05:15:39.048[0m [33m WARN[0m [1mAtom Client[0m: client: ms proof received
····················End:     upload the data .......................................38.856s
··················End:     upload data .............................................221.525s
··················Start:   verify the data
····················Start:   verify
······················Start:   receive verify
······················End:     receive verify ......................................508.939s
······················Start:   verify the proofs
······················End:     verify the proofs ...................................570.793ms
····················End:     verify the data .......................................509.522s
··················End:     one round ...............................................732.883s
··················Start:   one round
····················Start:   train model
······················Start:   retrieve the model
······················End:     retrieve the model ..................................854.503ms
····················End:     train model ...........................................1.854s
····················Start:   upload data
······················Start:   encrypt the gradients
························Start:   new public key
························End:     new public key ....................................357.286ms
······················End:     encrypt the gradients ...............................17.713s
······················Start:   upload the mc+proof generation
························Start:   start proof generation
························End:     start proof generation ............................165.0s
······················End:     upload the mc+proof generation ......................165.1s
······················Start:   upload the data
[2mOct 01 05:27:13.146[0m [33m WARN[0m [1mAtom Client[0m: client: data prepared
[2mOct 01 05:27:41.294[0m [33m WARN[0m [1mAtom Client[0m: client: data uploaded,receving ms proof
[2mOct 01 05:27:53.826[0m [33m WARN[0m [1mAtom Client[0m: client: ms proof received
······················End:     upload the data .....................................40.685s
····················End:     upload data ...........................................223.400s
····················Start:   verify the data
······················Start:   verify
························Start:   receive verify
························End:     receive verify ....................................510.336s
························Start:   verify the proofs
························End:     verify the proofs .................................429.766ms
······················End:     verify the data .....................................510.776s
····················End:     one round .............................................736.31s
····················Start:   one round
······················Start:   train model
························Start:   retrieve the model
························End:     retrieve the model ................................841.648ms
······················End:     train model .........................................1.841s
······················Start:   upload data
························Start:   encrypt the gradients
··························Start:   new public key
··························End:     new public key ..................................349.298ms
························End:     encrypt the gradients .............................17.887s
························Start:   upload the mc+proof generation
··························Start:   start proof generation
··························End:     start proof generation ..........................165.0s
························End:     upload the mc+proof generation ....................165.1s
························Start:   upload the data
[2mOct 01 05:39:29.339[0m [33m WARN[0m [1mAtom Client[0m: client: data prepared
[2mOct 01 05:39:57.487[0m [33m WARN[0m [1mAtom Client[0m: client: data uploaded,receving ms proof
[2mOct 01 05:40:06.798[0m [33m WARN[0m [1mAtom Client[0m: client: ms proof received
························End:     upload the data ...................................37.465s
······················End:     upload data .........................................220.354s
······················Start:   verify the data
························Start:   verify
··························Start:   receive verify
··························End:     receive verify ..................................510.358s
··························Start:   verify the proofs
··························End:     verify the proofs ...............................431.551ms
························End:     verify the data ...................................510.802s
······················End:     one round ...........................................732.998s
····················End:     clients ...............................................7333.687s
[2mOct 01 05:48:37.604[0m [33m WARN[0m [1mAtom Client[0m: client: close time.busy=756ms time.idle=7333s
