[2mOct 01 03:46:23.914[0m [33m WARN[0m [1mAtom Client[0m: client: new
Start:   clients
··Start:   one round
····Start:   train model
······Start:   retrieve the model
······End:     retrieve the model ..................................................184.734ms
····End:     train model ...........................................................1.184s
····Start:   upload data
······Start:   encrypt the gradients
········Start:   new public key
········End:     new public key ....................................................364.606ms
······End:     encrypt the gradients ...............................................17.829s
······Start:   upload the mc+proof generation
········Start:   start proof generation
········End:     start proof generation ............................................165.0s
······End:     upload the mc+proof generation ......................................165.1s
······Start:   upload the data
[2mOct 01 03:49:28.091[0m [33m WARN[0m [1mAtom Client[0m: client: data prepared
[2mOct 01 03:49:56.267[0m [33m WARN[0m [1mAtom Client[0m: client: data uploaded,receving ms proof
[2mOct 01 03:50:06.198[0m [33m WARN[0m [1mAtom Client[0m: client: ms proof received
······End:     upload the data .....................................................38.124s
····End:     upload data ...........................................................220.956s
····Start:   verify the data
······Start:   verify
········Start:   receive verify
········End:     receive verify ....................................................512.259s
········Start:   verify the proofs
········End:     verify the proofs .................................................555.115ms
······End:     verify the data .....................................................512.825s
····End:     one round .............................................................734.967s
····Start:   one round
······Start:   train model
········Start:   retrieve the model
········End:     retrieve the model ................................................834.929ms
······End:     train model .........................................................1.835s
······Start:   upload data
········Start:   encrypt the gradients
··········Start:   new public key
··········End:     new public key ..................................................362.282ms
········End:     encrypt the gradients .............................................17.774s
········Start:   upload the mc+proof generation
··········Start:   start proof generation
··········End:     start proof generation ..........................................165.0s
········End:     upload the mc+proof generation ....................................165.1s
········Start:   upload the data
[2mOct 01 04:01:43.642[0m [33m WARN[0m [1mAtom Client[0m: client: data prepared
[2mOct 01 04:02:11.803[0m [33m WARN[0m [1mAtom Client[0m: client: data uploaded,receving ms proof
[2mOct 01 04:02:20.813[0m [33m WARN[0m [1mAtom Client[0m: client: ms proof received
········End:     upload the data ...................................................37.177s
······End:     upload data .........................................................219.953s
······Start:   verify the data
········Start:   verify
··········Start:   receive verify
··········End:     receive verify ..................................................509.267s
··········Start:   verify the proofs
··········End:     verify the proofs ...............................................424.75ms
········End:     verify the data ...................................................509.700s
······End:     one round ...........................................................731.489s
······Start:   one round
········Start:   train model
··········Start:   retrieve the model
··········End:     retrieve the model ..............................................862.771ms
········End:     train model .......................................................1.862s
········Start:   upload data
··········Start:   encrypt the gradients
············Start:   new public key
············End:     new public key ................................................351.167ms
··········End:     encrypt the gradients ...........................................17.537s
··········Start:   upload the mc+proof generation
············Start:   start proof generation
············End:     start proof generation ........................................165.0s
··········End:     upload the mc+proof generation ..................................165.1s
··········Start:   upload the data
[2mOct 01 04:13:54.922[0m [33m WARN[0m [1mAtom Client[0m: client: data prepared
[2mOct 01 04:14:23.074[0m [33m WARN[0m [1mAtom Client[0m: client: data uploaded,receving ms proof
[2mOct 01 04:14:33.312[0m [33m WARN[0m [1mAtom Client[0m: client: ms proof received
··········End:     upload the data .................................................38.396s
········End:     upload data .......................................................220.935s
········Start:   verify the data
··········Start:   verify
············Start:   receive verify
············End:     receive verify ................................................509.896s
············Start:   verify the proofs
············End:     verify the proofs .............................................438.509ms
··········End:     verify the data .................................................510.351s
········End:     one round .........................................................733.149s
········Start:   one round
··········Start:   train model
············Start:   retrieve the model
············End:     retrieve the model ............................................825.989ms
··········End:     train model .....................................................1.826s
··········Start:   upload data
············Start:   encrypt the gradients
··············Start:   new public key
··············End:     new public key ..............................................352.197ms
············End:     encrypt the gradients .........................................17.586s
············Start:   upload the mc+proof generation
··············Start:   start proof generation
··············End:     start proof generation ......................................165.0s
············End:     upload the mc+proof generation ................................165.1s
············Start:   upload the data
[2mOct 01 04:26:08.083[0m [33m WARN[0m [1mAtom Client[0m: client: data prepared
[2mOct 01 04:26:36.231[0m [33m WARN[0m [1mAtom Client[0m: client: data uploaded,receving ms proof
[2mOct 01 04:26:46.249[0m [33m WARN[0m [1mAtom Client[0m: client: ms proof received
············End:     upload the data ...............................................38.171s
··········End:     upload data .....................................................220.759s
··········Start:   verify the data
············Start:   verify
··············Start:   receive verify
··············End:     receive verify ..............................................508.958s
··············Start:   verify the proofs
··············End:     verify the proofs ...........................................459.373ms
············End:     verify the data ...............................................509.429s
··········End:     one round .......................................................732.21s
··········Start:   one round
············Start:   train model
··············Start:   retrieve the model
··············End:     retrieve the model ..........................................827.21ms
············End:     train model ...................................................1.827s
············Start:   upload data
··············Start:   encrypt the gradients
················Start:   new public key
················End:     new public key ............................................357.993ms
··············End:     encrypt the gradients .......................................17.683s
··············Start:   upload the mc+proof generation
················Start:   start proof generation
················End:     start proof generation ....................................165.0s
··············End:     upload the mc+proof generation ..............................165.1s
··············Start:   upload the data
[2mOct 01 04:38:20.203[0m [33m WARN[0m [1mAtom Client[0m: client: data prepared
[2mOct 01 04:38:48.355[0m [33m WARN[0m [1mAtom Client[0m: client: data uploaded,receving ms proof
[2mOct 01 04:38:59.585[0m [33m WARN[0m [1mAtom Client[0m: client: ms proof received
··············End:     upload the data .............................................39.388s
············End:     upload data ...................................................222.73s
············Start:   verify the data
··············Start:   verify
················Start:   receive verify
················End:     receive verify ............................................509.781s
················Start:   verify the proofs
················End:     verify the proofs .........................................429.912ms
··············End:     verify the data .............................................510.228s
············End:     one round .....................................................734.129s
············Start:   one round
··············Start:   train model
················Start:   retrieve the model
················End:     retrieve the model ........................................826.356ms
··············End:     train model .................................................1.826s
··············Start:   upload data
················Start:   encrypt the gradients
··················Start:   new public key
··················End:     new public key ..........................................353.567ms
················End:     encrypt the gradients .....................................17.718s
················Start:   upload the mc+proof generation
··················Start:   start proof generation
··················End:     start proof generation ..................................165.0s
················End:     upload the mc+proof generation ............................165.1s
················Start:   upload the data
[2mOct 01 04:50:34.367[0m [33m WARN[0m [1mAtom Client[0m: client: data prepared
[2mOct 01 04:51:02.516[0m [33m WARN[0m [1mAtom Client[0m: client: data uploaded,receving ms proof
[2mOct 01 04:51:13.186[0m [33m WARN[0m [1mAtom Client[0m: client: ms proof received
················End:     upload the data ...........................................38.825s
··············End:     upload data .................................................221.545s
··············Start:   verify the data
················Start:   verify
··················Start:   receive verify
··················End:     receive verify ..........................................509.273s
··················Start:   verify the proofs
··················End:     verify the proofs .......................................432.579ms
················End:     verify the data ...........................................509.722s
··············End:     one round ...................................................733.94s
··············Start:   one round
················Start:   train model
··················Start:   retrieve the model
··················End:     retrieve the model ......................................834.887ms
················End:     train model ...............................................1.835s
················Start:   upload data
··················Start:   encrypt the gradients
····················Start:   new public key
····················End:     new public key ........................................353.35ms
··················End:     encrypt the gradients ...................................17.646s
··················Start:   upload the mc+proof generation
····················Start:   start proof generation
····················End:     start proof generation ................................165.0s
··················End:     upload the mc+proof generation ..........................165.1s
··················Start:   upload the data
[2mOct 01 05:02:47.397[0m [33m WARN[0m [1mAtom Client[0m: client: data prepared
[2mOct 01 05:03:15.560[0m [33m WARN[0m [1mAtom Client[0m: client: data uploaded,receving ms proof
[2mOct 01 05:03:25.924[0m [33m WARN[0m [1mAtom Client[0m: client: ms proof received
··················End:     upload the data .........................................38.532s
················End:     upload data ...............................................221.180s
················Start:   verify the data
··················Start:   verify
····················Start:   receive verify
····················End:     receive verify ........................................509.869s
····················Start:   verify the proofs
····················End:     verify the proofs .....................................434.662ms
··················End:     verify the data .........................................510.315s
················End:     one round .................................................733.331s
················Start:   one round
··················Start:   train model
····················Start:   retrieve the model
····················End:     retrieve the model ....................................834.859ms
··················End:     train model .............................................1.835s
··················Start:   upload data
····················Start:   encrypt the gradients
······················Start:   new public key
······················End:     new public key ......................................354.6ms
····················End:     encrypt the gradients .................................17.616s
····················Start:   upload the mc+proof generation
······················Start:   start proof generation
······················End:     start proof generation ..............................165.0s
····················End:     upload the mc+proof generation ........................165.1s
····················Start:   upload the data
[2mOct 01 05:15:00.698[0m [33m WARN[0m [1mAtom Client[0m: client: data prepared
[2mOct 01 05:15:28.847[0m [33m WARN[0m [1mAtom Client[0m: client: data uploaded,receving ms proof
[2mOct 01 05:15:39.048[0m [33m WARN[0m [1mAtom Client[0m: client: ms proof received
····················End:     upload the data .......................................38.356s
··················End:     upload data .............................................220.973s
··················Start:   verify the data
····················Start:   verify
······················Start:   receive verify
······················End:     receive verify ......................................508.934s
······················Start:   verify the proofs
······················End:     verify the proofs ...................................574.572ms
····················End:     verify the data .......................................509.521s
··················End:     one round ...............................................732.330s
··················Start:   one round
····················Start:   train model
······················Start:   retrieve the model
······················End:     retrieve the model ..................................834.939ms
····················End:     train model ...........................................1.835s
····················Start:   upload data
······················Start:   encrypt the gradients
························Start:   new public key
························End:     new public key ....................................361.870ms
······················End:     encrypt the gradients ...............................17.654s
······················Start:   upload the mc+proof generation
························Start:   start proof generation
························End:     start proof generation ............................165.0s
······················End:     upload the mc+proof generation ......................165.1s
······················Start:   upload the data
[2mOct 01 05:27:13.067[0m [33m WARN[0m [1mAtom Client[0m: client: data prepared
[2mOct 01 05:27:41.217[0m [33m WARN[0m [1mAtom Client[0m: client: data uploaded,receving ms proof
[2mOct 01 05:27:53.826[0m [33m WARN[0m [1mAtom Client[0m: client: ms proof received
······················End:     upload the data .....................................40.764s
····················End:     upload data ...........................................223.421s
····················Start:   verify the data
······················Start:   verify
························Start:   receive verify
························End:     receive verify ....................................511.412s
························Start:   verify the proofs
························End:     verify the proofs .................................442.861ms
······················End:     verify the data .....................................511.865s
····················End:     one round .............................................737.121s
····················Start:   one round
······················Start:   train model
························Start:   retrieve the model
························End:     retrieve the model ................................834.962ms
······················End:     train model .........................................1.835s
······················Start:   upload data
························Start:   encrypt the gradients
··························Start:   new public key
··························End:     new public key ..................................355.262ms
························End:     encrypt the gradients .............................17.752s
························Start:   upload the mc+proof generation
··························Start:   start proof generation
··························End:     start proof generation ..........................165.0s
························End:     upload the mc+proof generation ....................165.1s
························Start:   upload the data
[2mOct 01 05:39:30.287[0m [33m WARN[0m [1mAtom Client[0m: client: data prepared
[2mOct 01 05:39:58.435[0m [33m WARN[0m [1mAtom Client[0m: client: data uploaded,receving ms proof
[2mOct 01 05:40:06.798[0m [33m WARN[0m [1mAtom Client[0m: client: ms proof received
························End:     upload the data ...................................36.516s
······················End:     upload data .........................................219.271s
······················Start:   verify the data
························Start:   verify
··························Start:   receive verify
··························End:     receive verify ..................................511.461s
··························Start:   verify the proofs
··························End:     verify the proofs ...............................434.340ms
························End:     verify the data ...................................511.909s
······················End:     one round ...........................................733.15s
····················End:     clients ...............................................7334.793s
[2mOct 01 05:48:38.711[0m [33m WARN[0m [1mAtom Client[0m: client: close time.busy=773ms time.idle=7334s
