[2mDec 03 07:54:42.418[0m [33m WARN[0m [1mAtom Client[0m: client: new
Start:   clients
··Start:   one round
····Start:   train model
······Start:   retrieve the model
······End:     retrieve the model ..................................................1.311ms
····End:     train model ...........................................................1.1s
····Start:   upload data
······Start:   encrypt the gradients
······End:     encrypt the gradients ...............................................842.860ms
······Start:   upload the mc+proof generation
········Start:   start proof generation
··········Start:   Groth16::Prover
············Start:   R1CS to QAP witness map
············End:     R1CS to QAP witness map .......................................705.489ms
············Start:   Compute C
··············Start:   Compute C1
··············End:     Compute C1 ..................................................1.610s
··············Start:   Compute C2
··············End:     Compute C2 ..................................................922.455µs
············End:     Compute C .....................................................1.738s
············Start:   Compute A
············End:     Compute A .....................................................106.159ms
············Start:   Compute B in G1
············End:     Compute B in G1 ...............................................72.599ms
············Start:   Compute B in G2
············End:     Compute B in G2 ...............................................240.85ms
············Start:   Finish C
············End:     Finish C ......................................................4.532µs
··········End:     Groth16::Prover .................................................2.864s
··········Start:   Groth16::Prover
············Start:   R1CS to QAP witness map
············End:     R1CS to QAP witness map .......................................783.264ms
············Start:   Compute C
··············Start:   Compute C1
··············End:     Compute C1 ..................................................1.633s
··············Start:   Compute C2
··············End:     Compute C2 ..................................................819.258µs
············End:     Compute C .....................................................1.736s
············Start:   Compute A
············End:     Compute A .....................................................130.640ms
············Start:   Compute B in G1
············End:     Compute B in G1 ...............................................78.491ms
············Start:   Compute B in G2
············End:     Compute B in G2 ...............................................233.539ms
············Start:   Finish C
············End:     Finish C ......................................................4.609µs
··········End:     Groth16::Prover .................................................2.963s
··········Start:   Groth16::Prover
············Start:   R1CS to QAP witness map
············End:     R1CS to QAP witness map .......................................815.527ms
············Start:   Compute C
··············Start:   Compute C1
··············End:     Compute C1 ..................................................1.575s
··············Start:   Compute C2
··············End:     Compute C2 ..................................................1.299ms
············End:     Compute C .....................................................1.761s
············Start:   Compute A
············End:     Compute A .....................................................127.175ms
············Start:   Compute B in G1
············End:     Compute B in G1 ...............................................71.790ms
············Start:   Compute B in G2
············End:     Compute B in G2 ...............................................232.395ms
············Start:   Finish C
············End:     Finish C ......................................................4.645µs
··········End:     Groth16::Prover .................................................3.12s
··········Start:   Groth16::Prover
············Start:   R1CS to QAP witness map
············End:     R1CS to QAP witness map .......................................869.929ms
············Start:   Compute C
··············Start:   Compute C1
··············End:     Compute C1 ..................................................1.466s
··············Start:   Compute C2
··············End:     Compute C2 ..................................................929.405µs
············End:     Compute C .....................................................1.659s
············Start:   Compute A
············End:     Compute A .....................................................128.652ms
············Start:   Compute B in G1
············End:     Compute B in G1 ...............................................72.415ms
············Start:   Compute B in G2
············End:     Compute B in G2 ...............................................229.95ms
············Start:   Finish C
············End:     Finish C ......................................................4.540µs
··········End:     Groth16::Prover .................................................2.961s
··········Start:   Groth16::Prover
············Start:   R1CS to QAP witness map
············End:     R1CS to QAP witness map .......................................770.281ms
············Start:   Compute C
··············Start:   Compute C1
··············End:     Compute C1 ..................................................1.555s
··············Start:   Compute C2
··············End:     Compute C2 ..................................................2.751ms
············End:     Compute C .....................................................1.706s
············Start:   Compute A
············End:     Compute A .....................................................129.748ms
············Start:   Compute B in G1
············End:     Compute B in G1 ...............................................76.528ms
············Start:   Compute B in G2
············End:     Compute B in G2 ...............................................243.70ms
············Start:   Finish C
············End:     Finish C ......................................................4.677µs
··········End:     Groth16::Prover .................................................2.927s
··········Start:   Groth16::Prover
············Start:   R1CS to QAP witness map
············End:     R1CS to QAP witness map .......................................877.532ms
············Start:   Compute C
··············Start:   Compute C1
··············End:     Compute C1 ..................................................1.624s
··············Start:   Compute C2
··············End:     Compute C2 ..................................................1.862ms
············End:     Compute C .....................................................1.738s
············Start:   Compute A
············End:     Compute A .....................................................129.632ms
············Start:   Compute B in G1
············End:     Compute B in G1 ...............................................73.768ms
············Start:   Compute B in G2
············End:     Compute B in G2 ...............................................246.676ms
············Start:   Finish C
············End:     Finish C ......................................................4.517µs
··········End:     Groth16::Prover .................................................3.69s
··········Start:   Groth16::Prover
············Start:   R1CS to QAP witness map
············End:     R1CS to QAP witness map .......................................848.669ms
············Start:   Compute C
··············Start:   Compute C1
··············End:     Compute C1 ..................................................1.445s
··············Start:   Compute C2
··············End:     Compute C2 ..................................................1.129ms
············End:     Compute C .....................................................1.583s
············Start:   Compute A
············End:     Compute A .....................................................130.138ms
············Start:   Compute B in G1
············End:     Compute B in G1 ...............................................71.657ms
············Start:   Compute B in G2
············End:     Compute B in G2 ...............................................233.725ms
············Start:   Finish C
············End:     Finish C ......................................................4.582µs
··········End:     Groth16::Prover .................................................2.869s
··········Start:   Groth16::Prover
············Start:   R1CS to QAP witness map
············End:     R1CS to QAP witness map .......................................690.276ms
············Start:   Compute C
··············Start:   Compute C1
··············End:     Compute C1 ..................................................1.656s
··············Start:   Compute C2
··············End:     Compute C2 ..................................................1.439ms
············End:     Compute C .....................................................1.852s
············Start:   Compute A
············End:     Compute A .....................................................188.482ms
············Start:   Compute B in G1
············End:     Compute B in G1 ...............................................68.785ms
············Start:   Compute B in G2
············End:     Compute B in G2 ...............................................275.234ms
············Start:   Finish C
············End:     Finish C ......................................................4.498µs
··········End:     Groth16::Prover .................................................3.78s
··········Start:   Groth16::Prover
············Start:   R1CS to QAP witness map
············End:     R1CS to QAP witness map .......................................699.181ms
············Start:   Compute C
··············Start:   Compute C1
··············End:     Compute C1 ..................................................1.649s
··············Start:   Compute C2
··············End:     Compute C2 ..................................................1.415ms
············End:     Compute C .....................................................1.792s
············Start:   Compute A
············End:     Compute A .....................................................131.670ms
············Start:   Compute B in G1
············End:     Compute B in G1 ...............................................76.806ms
············Start:   Compute B in G2
············End:     Compute B in G2 ...............................................242.901ms
············Start:   Finish C
············End:     Finish C ......................................................4.503µs
··········End:     Groth16::Prover .................................................2.944s
··········Start:   Groth16::Prover
············Start:   R1CS to QAP witness map
············End:     R1CS to QAP witness map .......................................718.618ms
············Start:   Compute C
··············Start:   Compute C1
··············End:     Compute C1 ..................................................1.605s
··············Start:   Compute C2
··············End:     Compute C2 ..................................................889.461µs
············End:     Compute C .....................................................1.753s
············Start:   Compute A
············End:     Compute A .....................................................125.355ms
············Start:   Compute B in G1
············End:     Compute B in G1 ...............................................71.634ms
············Start:   Compute B in G2
············End:     Compute B in G2 ...............................................231.319ms
············Start:   Finish C
············End:     Finish C ......................................................4.806µs
··········End:     Groth16::Prover .................................................2.902s
········End:     start proof generation ............................................34.88s
······End:     upload the mc+proof generation ......................................34.91s
······Start:   upload the data
[2mDec 03 07:55:26.418[0m [33m WARN[0m [1mAtom Client[0m: client: data prepared
[2mDec 03 07:55:26.426[0m [33m WARN[0m [1mAtom Client[0m: client: data uploaded,receving ms proof
[2mDec 03 07:55:28.236[0m [33m WARN[0m [1mAtom Client[0m: client: ms proof received
······End:     upload the data .....................................................1.818s
····End:     upload data ...........................................................36.752s
Prover CPU Time 145.416585314 s
····Start:   verify the data
······Start:   verify
········Start:   receive verify
········End:     receive verify ....................................................424.142µs
Verifier CPU Time 0.000204311 s
······End:     verify the data .....................................................472.203µs
····End:     one round .............................................................37.754s
··End:     clients .................................................................37.754s
[2mDec 03 07:55:28.314[0m [33m WARN[0m [1mAtom Client[0m: client: close time.busy=80.0ms time.idle=45.8s

real	0m46.162s
user	2m28.627s
sys	0m5.215s
