[2mDec 03 07:54:42.418[0m [33m WARN[0m [1mAtom Client[0m: client: new
Start:   clients
··Start:   one round
····Start:   train model
······Start:   retrieve the model
······End:     retrieve the model ..................................................1.108ms
····End:     train model ...........................................................1.1s
····Start:   upload data
······Start:   encrypt the gradients
······End:     encrypt the gradients ...............................................837.320ms
······Start:   upload the mc+proof generation
········Start:   start proof generation
··········Start:   Groth16::Prover
············Start:   R1CS to QAP witness map
············End:     R1CS to QAP witness map .......................................817.960ms
············Start:   Compute C
··············Start:   Compute C1
··············End:     Compute C1 ..................................................1.384s
··············Start:   Compute C2
··············End:     Compute C2 ..................................................986.469µs
············End:     Compute C .....................................................1.516s
············Start:   Compute A
············End:     Compute A .....................................................129.898ms
············Start:   Compute B in G1
············End:     Compute B in G1 ...............................................76.789ms
············Start:   Compute B in G2
············End:     Compute B in G2 ...............................................233.498ms
············Start:   Finish C
············End:     Finish C ......................................................8.38µs
··········End:     Groth16::Prover .................................................2.776s
··········Start:   Groth16::Prover
············Start:   R1CS to QAP witness map
············End:     R1CS to QAP witness map .......................................860.266ms
············Start:   Compute C
··············Start:   Compute C1
··············End:     Compute C1 ..................................................1.540s
··············Start:   Compute C2
··············End:     Compute C2 ..................................................1.261ms
············End:     Compute C .....................................................1.677s
············Start:   Compute A
············End:     Compute A .....................................................125.356ms
············Start:   Compute B in G1
············End:     Compute B in G1 ...............................................72.629ms
············Start:   Compute B in G2
············End:     Compute B in G2 ...............................................232.871ms
············Start:   Finish C
············End:     Finish C ......................................................4.598µs
··········End:     Groth16::Prover .................................................2.971s
··········Start:   Groth16::Prover
············Start:   R1CS to QAP witness map
············End:     R1CS to QAP witness map .......................................886.404ms
············Start:   Compute C
··············Start:   Compute C1
··············End:     Compute C1 ..................................................1.415s
··············Start:   Compute C2
··············End:     Compute C2 ..................................................916.416µs
············End:     Compute C .....................................................1.561s
············Start:   Compute A
············End:     Compute A .....................................................139.230ms
············Start:   Compute B in G1
············End:     Compute B in G1 ...............................................71.915ms
············Start:   Compute B in G2
············End:     Compute B in G2 ...............................................232.21ms
············Start:   Finish C
············End:     Finish C ......................................................8.477µs
··········End:     Groth16::Prover .................................................2.892s
··········Start:   Groth16::Prover
············Start:   R1CS to QAP witness map
············End:     R1CS to QAP witness map .......................................787.796ms
············Start:   Compute C
··············Start:   Compute C1
··············End:     Compute C1 ..................................................1.607s
··············Start:   Compute C2
··············End:     Compute C2 ..................................................1.583ms
············End:     Compute C .....................................................1.726s
············Start:   Compute A
············End:     Compute A .....................................................185.951ms
············Start:   Compute B in G1
············End:     Compute B in G1 ...............................................73.825ms
············Start:   Compute B in G2
············End:     Compute B in G2 ...............................................239.368ms
············Start:   Finish C
············End:     Finish C ......................................................4.649µs
··········End:     Groth16::Prover .................................................3.17s
··········Start:   Groth16::Prover
············Start:   R1CS to QAP witness map
············End:     R1CS to QAP witness map .......................................870.556ms
············Start:   Compute C
··············Start:   Compute C1
··············End:     Compute C1 ..................................................1.505s
··············Start:   Compute C2
··············End:     Compute C2 ..................................................1.206ms
············End:     Compute C .....................................................1.656s
············Start:   Compute A
············End:     Compute A .....................................................108.676ms
············Start:   Compute B in G1
············End:     Compute B in G1 ...............................................92.393ms
············Start:   Compute B in G2
············End:     Compute B in G2 ...............................................266.58ms
············Start:   Finish C
············End:     Finish C ......................................................8.171µs
··········End:     Groth16::Prover .................................................2.995s
··········Start:   Groth16::Prover
············Start:   R1CS to QAP witness map
············End:     R1CS to QAP witness map .......................................848.787ms
············Start:   Compute C
··············Start:   Compute C1
··············End:     Compute C1 ..................................................1.444s
··············Start:   Compute C2
··············End:     Compute C2 ..................................................1.748ms
············End:     Compute C .....................................................1.583s
············Start:   Compute A
············End:     Compute A .....................................................135.677ms
············Start:   Compute B in G1
············End:     Compute B in G1 ...............................................77.287ms
············Start:   Compute B in G2
············End:     Compute B in G2 ...............................................246.171ms
············Start:   Finish C
············End:     Finish C ......................................................4.488µs
··········End:     Groth16::Prover .................................................2.895s
··········Start:   Groth16::Prover
············Start:   R1CS to QAP witness map
············End:     R1CS to QAP witness map .......................................818.999ms
············Start:   Compute C
··············Start:   Compute C1
··············End:     Compute C1 ..................................................1.671s
··············Start:   Compute C2
··············End:     Compute C2 ..................................................1.964ms
············End:     Compute C .....................................................1.812s
············Start:   Compute A
············End:     Compute A .....................................................110.963ms
············Start:   Compute B in G1
············End:     Compute B in G1 ...............................................77.637ms
············Start:   Compute B in G2
············End:     Compute B in G2 ...............................................242.578ms
············Start:   Finish C
············End:     Finish C ......................................................4.374µs
··········End:     Groth16::Prover .................................................3.66s
··········Start:   Groth16::Prover
············Start:   R1CS to QAP witness map
············End:     R1CS to QAP witness map .......................................898.539ms
············Start:   Compute C
··············Start:   Compute C1
··············End:     Compute C1 ..................................................1.547s
··············Start:   Compute C2
··············End:     Compute C2 ..................................................1.65ms
············End:     Compute C .....................................................1.687s
············Start:   Compute A
············End:     Compute A .....................................................131.58ms
············Start:   Compute B in G1
············End:     Compute B in G1 ...............................................76.848ms
············Start:   Compute B in G2
············End:     Compute B in G2 ...............................................239.240ms
············Start:   Finish C
············End:     Finish C ......................................................7.883µs
··········End:     Groth16::Prover .................................................3.35s
··········Start:   Groth16::Prover
············Start:   R1CS to QAP witness map
············End:     R1CS to QAP witness map .......................................871.589ms
············Start:   Compute C
··············Start:   Compute C1
··············End:     Compute C1 ..................................................1.414s
··············Start:   Compute C2
··············End:     Compute C2 ..................................................1.772ms
············End:     Compute C .....................................................1.557s
············Start:   Compute A
············End:     Compute A .....................................................129.955ms
············Start:   Compute B in G1
············End:     Compute B in G1 ...............................................76.596ms
············Start:   Compute B in G2
············End:     Compute B in G2 ...............................................243.683ms
············Start:   Finish C
············End:     Finish C ......................................................6.792µs
··········End:     Groth16::Prover .................................................2.883s
··········Start:   Groth16::Prover
············Start:   R1CS to QAP witness map
············End:     R1CS to QAP witness map .......................................810.476ms
············Start:   Compute C
··············Start:   Compute C1
··············End:     Compute C1 ..................................................1.485s
··············Start:   Compute C2
··············End:     Compute C2 ..................................................1.14ms
············End:     Compute C .....................................................1.618s
············Start:   Compute A
············End:     Compute A .....................................................161.802ms
············Start:   Compute B in G1
············End:     Compute B in G1 ...............................................109.254ms
············Start:   Compute B in G2
············End:     Compute B in G2 ...............................................227.358ms
············Start:   Finish C
············End:     Finish C ......................................................4.610µs
··········End:     Groth16::Prover .................................................2.928s
········End:     start proof generation ............................................34.12s
······End:     upload the mc+proof generation ......................................34.14s
······Start:   upload the data
[2mDec 03 07:55:26.494[0m [33m WARN[0m [1mAtom Client[0m: client: data prepared
[2mDec 03 07:55:26.502[0m [33m WARN[0m [1mAtom Client[0m: client: data uploaded,receving ms proof
[2mDec 03 07:55:28.236[0m [33m WARN[0m [1mAtom Client[0m: client: ms proof received
······End:     upload the data .....................................................1.741s
····End:     upload data ...........................................................36.593s
Prover CPU Time 148.079718798 s
····Start:   verify the data
······Start:   verify
········Start:   receive verify
········End:     receive verify ....................................................1.62ms
Verifier CPU Time 0.000190737 s
······End:     verify the data .....................................................1.99ms
····End:     one round .............................................................37.596s
··End:     clients .................................................................37.596s
[2mDec 03 07:55:28.309[0m [33m WARN[0m [1mAtom Client[0m: client: close time.busy=74.6ms time.idle=45.8s

real	0m46.150s
user	2m30.127s
sys	0m6.527s
