[2mDec 03 07:54:42.418[0m [33m WARN[0m [1mAtom Client[0m: client: new
Start:   clients
··Start:   one round
····Start:   train model
······Start:   retrieve the model
······End:     retrieve the model ..................................................2.234ms
····End:     train model ...........................................................1.2s
····Start:   upload data
······Start:   encrypt the gradients
······End:     encrypt the gradients ...............................................839.782ms
······Start:   upload the mc+proof generation
········Start:   start proof generation
··········Start:   Groth16::Prover
············Start:   R1CS to QAP witness map
············End:     R1CS to QAP witness map .......................................728.487ms
············Start:   Compute C
··············Start:   Compute C1
··············End:     Compute C1 ..................................................1.628s
··············Start:   Compute C2
··············End:     Compute C2 ..................................................1.71ms
············End:     Compute C .....................................................1.780s
············Start:   Compute A
············End:     Compute A .....................................................128.965ms
············Start:   Compute B in G1
············End:     Compute B in G1 ...............................................68.911ms
············Start:   Compute B in G2
············End:     Compute B in G2 ...............................................230.514ms
············Start:   Finish C
············End:     Finish C ......................................................4.845µs
··········End:     Groth16::Prover .................................................2.939s
··········Start:   Groth16::Prover
············Start:   R1CS to QAP witness map
············End:     R1CS to QAP witness map .......................................796.395ms
············Start:   Compute C
··············Start:   Compute C1
··············End:     Compute C1 ..................................................1.688s
··············Start:   Compute C2
··············End:     Compute C2 ..................................................1.5ms
············End:     Compute C .....................................................1.799s
············Start:   Compute A
············End:     Compute A .....................................................180.168ms
············Start:   Compute B in G1
············End:     Compute B in G1 ...............................................72.285ms
············Start:   Compute B in G2
············End:     Compute B in G2 ...............................................248.721ms
············Start:   Finish C
············End:     Finish C ......................................................8.293µs
··········End:     Groth16::Prover .................................................3.100s
··········Start:   Groth16::Prover
············Start:   R1CS to QAP witness map
············End:     R1CS to QAP witness map .......................................934.192ms
············Start:   Compute C
··············Start:   Compute C1
··············End:     Compute C1 ..................................................1.493s
··············Start:   Compute C2
··············End:     Compute C2 ..................................................872.529µs
············End:     Compute C .....................................................1.644s
············Start:   Compute A
············End:     Compute A .....................................................132.922ms
············Start:   Compute B in G1
············End:     Compute B in G1 ...............................................72.76ms
············Start:   Compute B in G2
············End:     Compute B in G2 ...............................................300.752ms
············Start:   Finish C
············End:     Finish C ......................................................9.94µs
··········End:     Groth16::Prover .................................................3.86s
··········Start:   Groth16::Prover
············Start:   R1CS to QAP witness map
············End:     R1CS to QAP witness map .......................................830.969ms
············Start:   Compute C
··············Start:   Compute C1
··············End:     Compute C1 ..................................................1.377s
··············Start:   Compute C2
··············End:     Compute C2 ..................................................1.229ms
············End:     Compute C .....................................................1.524s
············Start:   Compute A
············End:     Compute A .....................................................112.752ms
············Start:   Compute B in G1
············End:     Compute B in G1 ...............................................80.70ms
············Start:   Compute B in G2
············End:     Compute B in G2 ...............................................243.842ms
············Start:   Finish C
············End:     Finish C ......................................................4.408µs
··········End:     Groth16::Prover .................................................2.793s
··········Start:   Groth16::Prover
············Start:   R1CS to QAP witness map
············End:     R1CS to QAP witness map .......................................887.583ms
············Start:   Compute C
··············Start:   Compute C1
··············End:     Compute C1 ..................................................1.562s
··············Start:   Compute C2
··············End:     Compute C2 ..................................................1.530ms
············End:     Compute C .....................................................1.671s
············Start:   Compute A
············End:     Compute A .....................................................130.653ms
············Start:   Compute B in G1
············End:     Compute B in G1 ...............................................74.123ms
············Start:   Compute B in G2
············End:     Compute B in G2 ...............................................241.498ms
············Start:   Finish C
············End:     Finish C ......................................................7.990µs
··········End:     Groth16::Prover .................................................3.8s
··········Start:   Groth16::Prover
············Start:   R1CS to QAP witness map
············End:     R1CS to QAP witness map .......................................897.884ms
············Start:   Compute C
··············Start:   Compute C1
··············End:     Compute C1 ..................................................1.629s
··············Start:   Compute C2
··············End:     Compute C2 ..................................................1.245ms
············End:     Compute C .....................................................1.732s
············Start:   Compute A
············End:     Compute A .....................................................127.81ms
············Start:   Compute B in G1
············End:     Compute B in G1 ...............................................72.727ms
············Start:   Compute B in G2
············End:     Compute B in G2 ...............................................236.115ms
············Start:   Finish C
············End:     Finish C ......................................................8.71µs
··········End:     Groth16::Prover .................................................3.69s
··········Start:   Groth16::Prover
············Start:   R1CS to QAP witness map
············End:     R1CS to QAP witness map .......................................839.237ms
············Start:   Compute C
··············Start:   Compute C1
··············End:     Compute C1 ..................................................1.580s
··············Start:   Compute C2
··············End:     Compute C2 ..................................................833.632µs
············End:     Compute C .....................................................1.716s
············Start:   Compute A
············End:     Compute A .....................................................129.373ms
············Start:   Compute B in G1
············End:     Compute B in G1 ...............................................76.938ms
············Start:   Compute B in G2
············End:     Compute B in G2 ...............................................242.103ms
············Start:   Finish C
············End:     Finish C ......................................................4.688µs
··········End:     Groth16::Prover .................................................3.6s
··········Start:   Groth16::Prover
············Start:   R1CS to QAP witness map
············End:     R1CS to QAP witness map .......................................912.297ms
············Start:   Compute C
··············Start:   Compute C1
··············End:     Compute C1 ..................................................1.502s
··············Start:   Compute C2
··············End:     Compute C2 ..................................................1.666ms
············End:     Compute C .....................................................1.642s
············Start:   Compute A
············End:     Compute A .....................................................139.894ms
············Start:   Compute B in G1
············End:     Compute B in G1 ...............................................80.886ms
············Start:   Compute B in G2
············End:     Compute B in G2 ...............................................244.661ms
············Start:   Finish C
············End:     Finish C ......................................................4.574µs
··········End:     Groth16::Prover .................................................3.21s
··········Start:   Groth16::Prover
············Start:   R1CS to QAP witness map
············End:     R1CS to QAP witness map .......................................847.554ms
············Start:   Compute C
··············Start:   Compute C1
··············End:     Compute C1 ..................................................1.686s
··············Start:   Compute C2
··············End:     Compute C2 ..................................................862.309µs
············End:     Compute C .....................................................1.803s
············Start:   Compute A
············End:     Compute A .....................................................106.117ms
············Start:   Compute B in G1
············End:     Compute B in G1 ...............................................72.337ms
············Start:   Compute B in G2
············End:     Compute B in G2 ...............................................231.152ms
············Start:   Finish C
············End:     Finish C ......................................................4.685µs
··········End:     Groth16::Prover .................................................3.62s
··········Start:   Groth16::Prover
············Start:   R1CS to QAP witness map
············End:     R1CS to QAP witness map .......................................902.408ms
············Start:   Compute C
··············Start:   Compute C1
··············End:     Compute C1 ..................................................1.607s
··············Start:   Compute C2
··············End:     Compute C2 ..................................................1.296ms
············End:     Compute C .....................................................1.777s
············Start:   Compute A
············End:     Compute A .....................................................108.403ms
············Start:   Compute B in G1
············End:     Compute B in G1 ...............................................74.39ms
············Start:   Compute B in G2
············End:     Compute B in G2 ...............................................240.575ms
············Start:   Finish C
············End:     Finish C ......................................................4.484µs
··········End:     Groth16::Prover .................................................3.104s
········End:     start proof generation ............................................34.696s
······End:     upload the mc+proof generation ......................................34.699s
······Start:   upload the data
[2mDec 03 07:55:27.002[0m [33m WARN[0m [1mAtom Client[0m: client: data prepared
[2mDec 03 07:55:27.012[0m [33m WARN[0m [1mAtom Client[0m: client: data uploaded,receving ms proof
[2mDec 03 07:55:28.236[0m [33m WARN[0m [1mAtom Client[0m: client: ms proof received
······End:     upload the data .....................................................1.234s
····End:     upload data ...........................................................36.773s
Prover CPU Time 148.4999577 s
····Start:   verify the data
······Start:   verify
········Start:   receive verify
········End:     receive verify ....................................................2.4ms
Verifier CPU Time 0.000214845 s
······End:     verify the data .....................................................2.73ms
····End:     one round .............................................................37.778s
··End:     clients .................................................................37.778s
[2mDec 03 07:55:28.315[0m [33m WARN[0m [1mAtom Client[0m: client: close time.busy=79.7ms time.idle=45.8s

real	0m46.181s
user	2m30.908s
sys	0m6.011s
