[2mOct 01 02:00:14.396[0m [33m WARN[0m [1mAtom Client[0m: client: new
Start:   clients
··Start:   one round
····Start:   train model
······Start:   retrieve the model
······End:     retrieve the model ..................................................687.190µs
····End:     train model ...........................................................1.0s
····Start:   upload data
······Start:   encrypt the gradients
········Start:   new public key
········End:     new public key ....................................................330.55ms
······End:     encrypt the gradients ...............................................2.596s
······Start:   upload the mc+proof generation
········Start:   start proof generation
········End:     start proof generation ............................................825.168ms
······End:     upload the mc+proof generation ......................................826.240ms
······Start:   upload the data
[2mOct 01 02:00:19.246[0m [33m WARN[0m [1mAtom Client[0m: client: data prepared
[2mOct 01 02:00:19.380[0m [33m WARN[0m [1mAtom Client[0m: client: data uploaded,receving ms proof
[2mOct 01 02:00:19.696[0m [33m WARN[0m [1mAtom Client[0m: client: ms proof received
······End:     upload the data .....................................................450.10ms
····End:     upload data ...........................................................3.872s
····Start:   verify the data
······Start:   verify
········Start:   receive verify
········End:     receive verify ....................................................2.567s
········Start:   verify the proofs
········End:     verify the proofs .................................................3.586ms
······End:     verify the data .....................................................2.571s
····End:     one round .............................................................7.444s
····Start:   one round
······Start:   train model
········Start:   retrieve the model
········End:     retrieve the model ................................................7.444s
······End:     train model .........................................................8.447s
······Start:   upload data
········Start:   encrypt the gradients
··········Start:   new public key
··········End:     new public key ..................................................332.1ms
········End:     encrypt the gradients .............................................2.606s
········Start:   upload the mc+proof generation
··········Start:   start proof generation
··········End:     start proof generation ..........................................825.155ms
········End:     upload the mc+proof generation ....................................827.430ms
········Start:   upload the data
[2mOct 01 02:00:34.148[0m [33m WARN[0m [1mAtom Client[0m: client: data prepared
[2mOct 01 02:00:34.283[0m [33m WARN[0m [1mAtom Client[0m: client: data uploaded,receving ms proof
[2mOct 01 02:00:34.535[0m [33m WARN[0m [1mAtom Client[0m: client: ms proof received
········End:     upload the data ...................................................386.619ms
······End:     upload data .........................................................3.820s
······Start:   verify the data
········Start:   verify
··········Start:   receive verify
··········End:     receive verify ..................................................3.282s
··········Start:   verify the proofs
··········End:     verify the proofs ...............................................4.974ms
········End:     verify the data ...................................................3.287s
······End:     one round ...........................................................15.555s
······Start:   one round
········Start:   train model
··········Start:   retrieve the model
··········End:     retrieve the model ..............................................6.731s
········End:     train model .......................................................7.735s
········Start:   upload data
··········Start:   encrypt the gradients
············Start:   new public key
············End:     new public key ................................................329.846ms
··········End:     encrypt the gradients ...........................................2.602s
··········Start:   upload the mc+proof generation
············Start:   start proof generation
············End:     start proof generation ........................................825.76ms
··········End:     upload the mc+proof generation ..................................826.38ms
··········Start:   upload the data
[2mOct 01 02:00:48.987[0m [33m WARN[0m [1mAtom Client[0m: client: data prepared
[2mOct 01 02:00:49.121[0m [33m WARN[0m [1mAtom Client[0m: client: data uploaded,receving ms proof
[2mOct 01 02:00:49.375[0m [33m WARN[0m [1mAtom Client[0m: client: ms proof received
··········End:     upload the data .................................................388.821ms
········End:     upload data .......................................................3.817s
········Start:   verify the data
··········Start:   verify
············Start:   receive verify
············End:     receive verify ................................................2.541s
············Start:   verify the proofs
············End:     verify the proofs .............................................4.844ms
··········End:     verify the data .................................................2.546s
········End:     one round .........................................................14.99s
········Start:   one round
··········Start:   train model
············Start:   retrieve the model
············End:     retrieve the model ............................................7.472s
··········End:     train model .....................................................8.473s
··········Start:   upload data
············Start:   encrypt the gradients
··············Start:   new public key
··············End:     new public key ..............................................328.986ms
············End:     encrypt the gradients .........................................2.599s
············Start:   upload the mc+proof generation
··············Start:   start proof generation
··············End:     start proof generation ......................................825.183ms
············End:     upload the mc+proof generation ................................826.353ms
············Start:   upload the data
[2mOct 01 02:01:03.821[0m [33m WARN[0m [1mAtom Client[0m: client: data prepared
[2mOct 01 02:01:03.956[0m [33m WARN[0m [1mAtom Client[0m: client: data uploaded,receving ms proof
[2mOct 01 02:01:04.219[0m [33m WARN[0m [1mAtom Client[0m: client: ms proof received
············End:     upload the data ...............................................397.472ms
··········End:     upload data .....................................................3.823s
··········Start:   verify the data
············Start:   verify
··············Start:   receive verify
··············End:     receive verify ..............................................2.544s
··············Start:   verify the proofs
··············End:     verify the proofs ...........................................4.993ms
············End:     verify the data ...............................................2.549s
··········End:     one round .......................................................14.846s
··········Start:   one round
············Start:   train model
··············Start:   retrieve the model
··············End:     retrieve the model ..........................................7.469s
············End:     train model ...................................................8.469s
············Start:   upload data
··············Start:   encrypt the gradients
················Start:   new public key
················End:     new public key ............................................330.532ms
··············End:     encrypt the gradients .......................................2.611s
··············Start:   upload the mc+proof generation
················Start:   start proof generation
················End:     start proof generation ....................................825.149ms
··············End:     upload the mc+proof generation ..............................826.168ms
··············Start:   upload the data
[2mOct 01 02:01:18.676[0m [33m WARN[0m [1mAtom Client[0m: client: data prepared
[2mOct 01 02:01:18.811[0m [33m WARN[0m [1mAtom Client[0m: client: data uploaded,receving ms proof
[2mOct 01 02:01:19.057[0m [33m WARN[0m [1mAtom Client[0m: client: ms proof received
··············End:     upload the data .............................................380.699ms
············End:     upload data ...................................................3.818s
············Start:   verify the data
··············Start:   verify
················Start:   receive verify
················End:     receive verify ............................................2.552s
················Start:   verify the proofs
················End:     verify the proofs .........................................3.245ms
··············End:     verify the data .............................................2.555s
············End:     one round .....................................................14.844s
············Start:   one round
··············Start:   train model
················Start:   retrieve the model
················End:     retrieve the model ........................................7.463s
··············End:     train model .................................................8.463s
··············Start:   upload data
················Start:   encrypt the gradients
··················Start:   new public key
··················End:     new public key ..........................................328.205ms
················End:     encrypt the gradients .....................................2.589s
················Start:   upload the mc+proof generation
··················Start:   start proof generation
··················End:     start proof generation ..................................825.184ms
················End:     upload the mc+proof generation ............................826.402ms
················Start:   upload the data
[2mOct 01 02:01:33.492[0m [33m WARN[0m [1mAtom Client[0m: client: data prepared
[2mOct 01 02:01:33.627[0m [33m WARN[0m [1mAtom Client[0m: client: data uploaded,receving ms proof
[2mOct 01 02:01:33.899[0m [33m WARN[0m [1mAtom Client[0m: client: ms proof received
················End:     upload the data ...........................................406.162ms
··············End:     upload data .................................................3.822s
··············Start:   verify the data
················Start:   verify
··················Start:   receive verify
··················End:     receive verify ..........................................2.531s
··················Start:   verify the proofs
··················End:     verify the proofs .......................................4.851ms
················End:     verify the data ...........................................2.536s
··············End:     one round ...................................................14.821s
··············Start:   one round
················Start:   train model
··················Start:   retrieve the model
··················End:     retrieve the model ......................................7.482s
················End:     train model ...............................................8.482s
················Start:   upload data
··················Start:   encrypt the gradients
····················Start:   new public key
····················End:     new public key ........................................331.354ms
··················End:     encrypt the gradients ...................................2.603s
··················Start:   upload the mc+proof generation
····················Start:   start proof generation
····················End:     start proof generation ................................825.122ms
··················End:     upload the mc+proof generation ..........................826.51ms
··················Start:   upload the data
[2mOct 01 02:01:48.347[0m [33m WARN[0m [1mAtom Client[0m: client: data prepared
[2mOct 01 02:01:48.482[0m [33m WARN[0m [1mAtom Client[0m: client: data uploaded,receving ms proof
[2mOct 01 02:01:48.741[0m [33m WARN[0m [1mAtom Client[0m: client: ms proof received
··················End:     upload the data .........................................394.78ms
················End:     upload data ...............................................3.823s
················Start:   verify the data
··················Start:   verify
····················Start:   receive verify
····················End:     receive verify ........................................2.549s
····················Start:   verify the proofs
····················End:     verify the proofs .....................................4.235ms
··················End:     verify the data .........................................2.553s
················End:     one round .................................................14.860s
················Start:   one round
··················Start:   train model
····················Start:   retrieve the model
····················End:     retrieve the model ....................................7.465s
··················End:     train model .............................................8.465s
··················Start:   upload data
····················Start:   encrypt the gradients
······················Start:   new public key
······················End:     new public key ......................................332.690ms
····················End:     encrypt the gradients .................................2.609s
····················Start:   upload the mc+proof generation
······················Start:   start proof generation
······················End:     start proof generation ..............................825.172ms
····················End:     upload the mc+proof generation ........................826.361ms
····················Start:   upload the data
[2mOct 01 02:02:03.197[0m [33m WARN[0m [1mAtom Client[0m: client: data prepared
[2mOct 01 02:02:03.332[0m [33m WARN[0m [1mAtom Client[0m: client: data uploaded,receving ms proof
[2mOct 01 02:02:03.580[0m [33m WARN[0m [1mAtom Client[0m: client: ms proof received
····················End:     upload the data .......................................383.203ms
··················End:     upload data .............................................3.819s
··················Start:   verify the data
····················Start:   verify
······················Start:   receive verify
······················End:     receive verify ......................................2.554s
······················Start:   verify the proofs
······················End:     verify the proofs ...................................4.787ms
····················End:     verify the data .......................................2.559s
··················End:     one round ...............................................14.844s
··················Start:   one round
····················Start:   train model
······················Start:   retrieve the model
······················End:     retrieve the model ..................................7.459s
····················End:     train model ...........................................8.460s
····················Start:   upload data
······················Start:   encrypt the gradients
························Start:   new public key
························End:     new public key ....................................330.623ms
······················End:     encrypt the gradients ...............................2.597s
······················Start:   upload the mc+proof generation
························Start:   start proof generation
························End:     start proof generation ............................825.178ms
······················End:     upload the mc+proof generation ......................826.454ms
······················Start:   upload the data
[2mOct 01 02:02:18.024[0m [33m WARN[0m [1mAtom Client[0m: client: data prepared
[2mOct 01 02:02:18.158[0m [33m WARN[0m [1mAtom Client[0m: client: data uploaded,receving ms proof
[2mOct 01 02:02:18.419[0m [33m WARN[0m [1mAtom Client[0m: client: ms proof received
······················End:     upload the data .....................................395.326ms
····················End:     upload data ...........................................3.818s
····················Start:   verify the data
······················Start:   verify
························Start:   receive verify
························End:     receive verify ....................................2.554s
························Start:   verify the proofs
························End:     verify the proofs .................................3.348ms
······················End:     verify the data .....................................2.557s
····················End:     one round .............................................14.837s
····················Start:   one round
······················Start:   train model
························Start:   retrieve the model
························End:     retrieve the model ................................7.461s
······················End:     train model .........................................8.461s
······················Start:   upload data
························Start:   encrypt the gradients
··························Start:   new public key
··························End:     new public key ..................................330.715ms
························End:     encrypt the gradients .............................2.592s
························Start:   upload the mc+proof generation
··························Start:   start proof generation
··························End:     start proof generation ..........................825.130ms
························End:     upload the mc+proof generation ....................826.232ms
························Start:   upload the data
[2mOct 01 02:02:32.858[0m [33m WARN[0m [1mAtom Client[0m: client: data prepared
[2mOct 01 02:02:32.992[0m [33m WARN[0m [1mAtom Client[0m: client: data uploaded,receving ms proof
[2mOct 01 02:02:33.259[0m [33m WARN[0m [1mAtom Client[0m: client: ms proof received
························End:     upload the data ...................................401.79ms
······················End:     upload data .........................................3.820s
······················Start:   verify the data
························Start:   verify
··························Start:   receive verify
··························End:     receive verify ..................................2.541s
··························Start:   verify the proofs
··························End:     verify the proofs ...............................6.782ms
························End:     verify the data ...................................2.548s
······················End:     one round ...........................................14.830s
····················End:     clients ...............................................141.411s
[2mOct 01 02:02:35.808[0m [33m WARN[0m [1mAtom Client[0m: client: close time.busy=9.90ms time.idle=141s
