[2mOct 01 02:00:14.396[0m [33m WARN[0m [1mAtom Client[0m: client: new
Start:   clients
··Start:   one round
····Start:   train model
······Start:   retrieve the model
······End:     retrieve the model ..................................................698.658µs
····End:     train model ...........................................................1.0s
····Start:   upload data
······Start:   encrypt the gradients
········Start:   new public key
········End:     new public key ....................................................331.722ms
······End:     encrypt the gradients ...............................................2.598s
······Start:   upload the mc+proof generation
········Start:   start proof generation
········End:     start proof generation ............................................825.156ms
······End:     upload the mc+proof generation ......................................826.234ms
······Start:   upload the data
[2mOct 01 02:00:19.178[0m [33m WARN[0m [1mAtom Client[0m: client: data prepared
[2mOct 01 02:00:19.313[0m [33m WARN[0m [1mAtom Client[0m: client: data uploaded,receving ms proof
[2mOct 01 02:00:19.695[0m [33m WARN[0m [1mAtom Client[0m: client: ms proof received
······End:     upload the data .....................................................517.273ms
····End:     upload data ...........................................................3.941s
····Start:   verify the data
······Start:   verify
········Start:   receive verify
········End:     receive verify ....................................................2.562s
········Start:   verify the proofs
········End:     verify the proofs .................................................4.614ms
······End:     verify the data .....................................................2.567s
····End:     one round .............................................................7.510s
····Start:   one round
······Start:   train model
········Start:   retrieve the model
········End:     retrieve the model ................................................7.448s
······End:     train model .........................................................8.448s
······Start:   upload data
········Start:   encrypt the gradients
··········Start:   new public key
··········End:     new public key ..................................................331.49ms
········End:     encrypt the gradients .............................................2.607s
········Start:   upload the mc+proof generation
··········Start:   start proof generation
··········End:     start proof generation ..........................................825.131ms
········End:     upload the mc+proof generation ....................................826.545ms
········Start:   upload the data
[2mOct 01 02:00:34.146[0m [33m WARN[0m [1mAtom Client[0m: client: data prepared
[2mOct 01 02:00:34.280[0m [33m WARN[0m [1mAtom Client[0m: client: data uploaded,receving ms proof
[2mOct 01 02:00:34.535[0m [33m WARN[0m [1mAtom Client[0m: client: ms proof received
········End:     upload the data ...................................................388.990ms
······End:     upload data .........................................................3.823s
······Start:   verify the data
········Start:   verify
··········Start:   receive verify
··········End:     receive verify ..................................................2.555s
··········Start:   verify the proofs
··········End:     verify the proofs ...............................................3.252ms
········End:     verify the data ...................................................2.559s
······End:     one round ...........................................................14.831s
······Start:   one round
········Start:   train model
··········Start:   retrieve the model
··········End:     retrieve the model ..............................................7.460s
········End:     train model .......................................................8.460s
········Start:   upload data
··········Start:   encrypt the gradients
············Start:   new public key
············End:     new public key ................................................332.336ms
··········End:     encrypt the gradients ...........................................2.606s
··········Start:   upload the mc+proof generation
············Start:   start proof generation
············End:     start proof generation ........................................825.152ms
··········End:     upload the mc+proof generation ..................................826.44ms
··········Start:   upload the data
[2mOct 01 02:00:48.987[0m [33m WARN[0m [1mAtom Client[0m: client: data prepared
[2mOct 01 02:00:49.122[0m [33m WARN[0m [1mAtom Client[0m: client: data uploaded,receving ms proof
[2mOct 01 02:00:49.375[0m [33m WARN[0m [1mAtom Client[0m: client: ms proof received
··········End:     upload the data .................................................388.316ms
········End:     upload data .......................................................3.821s
········Start:   verify the data
··········Start:   verify
············Start:   receive verify
············End:     receive verify ................................................2.547s
············Start:   verify the proofs
············End:     verify the proofs .............................................3.256ms
··········End:     verify the data .................................................2.550s
········End:     one round .........................................................14.832s
········Start:   one round
··········Start:   train model
············Start:   retrieve the model
············End:     retrieve the model ............................................7.468s
··········End:     train model .....................................................8.468s
··········Start:   upload data
············Start:   encrypt the gradients
··············Start:   new public key
··············End:     new public key ..............................................329.908ms
············End:     encrypt the gradients .........................................2.602s
············Start:   upload the mc+proof generation
··············Start:   start proof generation
··············End:     start proof generation ......................................825.130ms
············End:     upload the mc+proof generation ................................826.73ms
············Start:   upload the data
[2mOct 01 02:01:03.824[0m [33m WARN[0m [1mAtom Client[0m: client: data prepared
[2mOct 01 02:01:03.960[0m [33m WARN[0m [1mAtom Client[0m: client: data uploaded,receving ms proof
[2mOct 01 02:01:04.219[0m [33m WARN[0m [1mAtom Client[0m: client: ms proof received
············End:     upload the data ...............................................394.577ms
··········End:     upload data .....................................................3.823s
··········Start:   verify the data
············Start:   verify
··············Start:   receive verify
··············End:     receive verify ..............................................2.554s
··············Start:   verify the proofs
··············End:     verify the proofs ...........................................3.292ms
············End:     verify the data ...............................................2.557s
··········End:     one round .......................................................14.849s
··········Start:   one round
············Start:   train model
··············Start:   retrieve the model
··············End:     retrieve the model ..........................................7.460s
············End:     train model ...................................................8.460s
············Start:   upload data
··············Start:   encrypt the gradients
················Start:   new public key
················End:     new public key ............................................331.54ms
··············End:     encrypt the gradients .......................................2.610s
··············Start:   upload the mc+proof generation
················Start:   start proof generation
················End:     start proof generation ....................................825.164ms
··············End:     upload the mc+proof generation ..............................826.378ms
··············Start:   upload the data
[2mOct 01 02:01:18.675[0m [33m WARN[0m [1mAtom Client[0m: client: data prepared
[2mOct 01 02:01:18.809[0m [33m WARN[0m [1mAtom Client[0m: client: data uploaded,receving ms proof
[2mOct 01 02:01:19.057[0m [33m WARN[0m [1mAtom Client[0m: client: ms proof received
··············End:     upload the data .............................................382.499ms
············End:     upload data ...................................................3.819s
············Start:   verify the data
··············Start:   verify
················Start:   receive verify
················End:     receive verify ............................................2.541s
················Start:   verify the proofs
················End:     verify the proofs .........................................4.808ms
··············End:     verify the data .............................................2.546s
············End:     one round .....................................................14.827s
············Start:   one round
··············Start:   train model
················Start:   retrieve the model
················End:     retrieve the model ........................................7.472s
··············End:     train model .................................................8.472s
··············Start:   upload data
················Start:   encrypt the gradients
··················Start:   new public key
··················End:     new public key ..........................................329.326ms
················End:     encrypt the gradients .....................................2.591s
················Start:   upload the mc+proof generation
··················Start:   start proof generation
··················End:     start proof generation ..................................825.159ms
················End:     upload the mc+proof generation ............................826.732ms
················Start:   upload the data
[2mOct 01 02:01:33.495[0m [33m WARN[0m [1mAtom Client[0m: client: data prepared
[2mOct 01 02:01:33.629[0m [33m WARN[0m [1mAtom Client[0m: client: data uploaded,receving ms proof
[2mOct 01 02:01:33.899[0m [33m WARN[0m [1mAtom Client[0m: client: ms proof received
················End:     upload the data ...........................................403.791ms
··············End:     upload data .................................................3.822s
··············Start:   verify the data
················Start:   verify
··················Start:   receive verify
··················End:     receive verify ..........................................2.540s
··················Start:   verify the proofs
··················End:     verify the proofs .......................................7.240ms
················End:     verify the data ...........................................2.548s
··············End:     one round ...................................................14.842s
··············Start:   one round
················Start:   train model
··················Start:   retrieve the model
··················End:     retrieve the model ......................................7.470s
················End:     train model ...............................................8.471s
················Start:   upload data
··················Start:   encrypt the gradients
····················Start:   new public key
····················End:     new public key ........................................332.991ms
··················End:     encrypt the gradients ...................................2.607s
··················Start:   upload the mc+proof generation
····················Start:   start proof generation
····················End:     start proof generation ................................825.150ms
··················End:     upload the mc+proof generation ..........................826.59ms
··················Start:   upload the data
[2mOct 01 02:01:48.352[0m [33m WARN[0m [1mAtom Client[0m: client: data prepared
[2mOct 01 02:01:48.486[0m [33m WARN[0m [1mAtom Client[0m: client: data uploaded,receving ms proof
[2mOct 01 02:01:48.741[0m [33m WARN[0m [1mAtom Client[0m: client: ms proof received
··················End:     upload the data .........................................389.695ms
················End:     upload data ...............................................3.823s
················Start:   verify the data
··················Start:   verify
····················Start:   receive verify
····················End:     receive verify ........................................2.533s
····················Start:   verify the proofs
····················End:     verify the proofs .....................................3.334ms
··················End:     verify the data .........................................2.537s
················End:     one round .................................................14.831s
················Start:   one round
··················Start:   train model
····················Start:   retrieve the model
····················End:     retrieve the model ....................................7.481s
··················End:     train model .............................................8.482s
··················Start:   upload data
····················Start:   encrypt the gradients
······················Start:   new public key
······················End:     new public key ......................................338.831ms
····················End:     encrypt the gradients .................................2.617s
····················Start:   upload the mc+proof generation
······················Start:   start proof generation
······················End:     start proof generation ..............................825.132ms
····················End:     upload the mc+proof generation ........................826.100ms
····················Start:   upload the data
[2mOct 01 02:02:03.204[0m [33m WARN[0m [1mAtom Client[0m: client: data prepared
[2mOct 01 02:02:03.338[0m [33m WARN[0m [1mAtom Client[0m: client: data uploaded,receving ms proof
[2mOct 01 02:02:03.580[0m [33m WARN[0m [1mAtom Client[0m: client: ms proof received
····················End:     upload the data .......................................376.98ms
··················End:     upload data .............................................3.819s
··················Start:   verify the data
····················Start:   verify
······················Start:   receive verify
······················End:     receive verify ......................................2.546s
······················Start:   verify the proofs
······················End:     verify the proofs ...................................3.285ms
····················End:     verify the data .......................................2.550s
··················End:     one round ...............................................14.851s
··················Start:   one round
····················Start:   train model
······················Start:   retrieve the model
······················End:     retrieve the model ..................................7.468s
····················End:     train model ...........................................8.469s
····················Start:   upload data
······················Start:   encrypt the gradients
························Start:   new public key
························End:     new public key ....................................335.884ms
······················End:     encrypt the gradients ...............................2.603s
······················Start:   upload the mc+proof generation
························Start:   start proof generation
························End:     start proof generation ............................825.126ms
······················End:     upload the mc+proof generation ......................826.26ms
······················Start:   upload the data
[2mOct 01 02:02:18.029[0m [33m WARN[0m [1mAtom Client[0m: client: data prepared
[2mOct 01 02:02:18.164[0m [33m WARN[0m [1mAtom Client[0m: client: data uploaded,receving ms proof
[2mOct 01 02:02:18.419[0m [33m WARN[0m [1mAtom Client[0m: client: ms proof received
······················End:     upload the data .....................................389.495ms
····················End:     upload data ...........................................3.819s
····················Start:   verify the data
······················Start:   verify
························Start:   receive verify
························End:     receive verify ....................................2.549s
························Start:   verify the proofs
························End:     verify the proofs .................................3.357ms
······················End:     verify the data .....................................2.552s
····················End:     one round .............................................14.841s
····················Start:   one round
······················Start:   train model
························Start:   retrieve the model
························End:     retrieve the model ................................7.467s
······················End:     train model .........................................8.467s
······················Start:   upload data
························Start:   encrypt the gradients
··························Start:   new public key
··························End:     new public key ..................................334.612ms
························End:     encrypt the gradients .............................2.597s
························Start:   upload the mc+proof generation
··························Start:   start proof generation
··························End:     start proof generation ..........................825.183ms
························End:     upload the mc+proof generation ....................826.222ms
························Start:   upload the data
[2mOct 01 02:02:32.863[0m [33m WARN[0m [1mAtom Client[0m: client: data prepared
[2mOct 01 02:02:32.998[0m [33m WARN[0m [1mAtom Client[0m: client: data uploaded,receving ms proof
[2mOct 01 02:02:33.259[0m [33m WARN[0m [1mAtom Client[0m: client: ms proof received
························End:     upload the data ...................................395.443ms
······················End:     upload data .........................................3.819s
······················Start:   verify the data
························Start:   verify
··························Start:   receive verify
··························End:     receive verify ..................................2.544s
··························Start:   verify the proofs
··························End:     verify the proofs ...............................3.351ms
························End:     verify the data ...................................2.547s
······················End:     one round ...........................................14.834s
····················End:     clients ...............................................141.410s
[2mOct 01 02:02:35.807[0m [33m WARN[0m [1mAtom Client[0m: client: close time.busy=6.33ms time.idle=141s
