[2mNov 30 03:11:00.695[0m [33m WARN[0m [1mAtom Client[0m: client: new
Start:   clients
··Start:   one round
····Start:   train model
······Start:   retrieve the model
······End:     retrieve the model ..................................................887.686µs
····End:     train model ...........................................................1.1s
····Start:   upload data
······Start:   encrypt the gradients
······End:     encrypt the gradients ...............................................196.340ms
······Start:   upload the mc+proof generation
········Start:   start proof generation
··········Start:   Groth16::Prover
············Start:   R1CS to QAP witness map
············End:     R1CS to QAP witness map .......................................737.692ms
············Start:   Compute C
··············Start:   Compute C1
··············End:     Compute C1 ..................................................1.489s
··············Start:   Compute C2
··············End:     Compute C2 ..................................................962.510µs
············End:     Compute C .....................................................1.610s
············Start:   Compute A
············End:     Compute A .....................................................118.695ms
············Start:   Compute B in G1
············End:     Compute B in G1 ...............................................63.581ms
············Start:   Compute B in G2
············End:     Compute B in G2 ...............................................192.299ms
············Start:   Finish C
············End:     Finish C ......................................................4.559µs
··········End:     Groth16::Prover .................................................2.724s
········End:     start proof generation ............................................7.182s
······End:     upload the mc+proof generation ......................................7.184s
······Start:   upload the data
[2mNov 30 03:11:17.331[0m [33m WARN[0m [1mAtom Client[0m: client: data prepared
[2mNov 30 03:11:17.466[0m [33m WARN[0m [1mAtom Client[0m: client: data uploaded,receving ms proof
[2mNov 30 03:11:17.815[0m [33m WARN[0m [1mAtom Client[0m: client: ms proof received
······End:     upload the data .....................................................483.948ms
····End:     upload data ...........................................................7.864s
Prover CPU Time 17.970305368 s
····Start:   verify the data
······Start:   verify
········Start:   receive verify
········End:     receive verify ....................................................2.721s
········Start:   verify the proofs
········End:     verify the proofs .................................................1.805ms
Verifier CPU Time 0.041833672 s
······End:     verify the data .....................................................2.723s
····End:     one round .............................................................11.589s
··End:     clients .................................................................11.589s
[2mNov 30 03:11:20.620[0m [33m WARN[0m [1mAtom Client[0m: client: close time.busy=83.2ms time.idle=19.8s

real	0m20.197s
user	0m23.670s
sys	0m2.966s
