[2mNov 30 03:11:00.695[0m [33m WARN[0m [1mAtom Client[0m: client: new
Start:   clients
··Start:   one round
····Start:   train model
······Start:   retrieve the model
······End:     retrieve the model ..................................................1.84ms
····End:     train model ...........................................................1.1s
····Start:   upload data
······Start:   encrypt the gradients
······End:     encrypt the gradients ...............................................199.612ms
······Start:   upload the mc+proof generation
········Start:   start proof generation
··········Start:   Groth16::Prover
············Start:   R1CS to QAP witness map
············End:     R1CS to QAP witness map .......................................883.765ms
············Start:   Compute C
··············Start:   Compute C1
··············End:     Compute C1 ..................................................1.336s
··············Start:   Compute C2
··············End:     Compute C2 ..................................................1.2ms
············End:     Compute C .....................................................1.451s
············Start:   Compute A
············End:     Compute A .....................................................127.487ms
············Start:   Compute B in G1
············End:     Compute B in G1 ...............................................90.624ms
············Start:   Compute B in G2
············End:     Compute B in G2 ...............................................229.20ms
············Start:   Finish C
············End:     Finish C ......................................................4.962µs
··········End:     Groth16::Prover .................................................2.783s
········End:     start proof generation ............................................7.306s
······End:     upload the mc+proof generation ......................................7.308s
······Start:   upload the data
[2mNov 30 03:11:17.451[0m [33m WARN[0m [1mAtom Client[0m: client: data prepared
[2mNov 30 03:11:17.586[0m [33m WARN[0m [1mAtom Client[0m: client: data uploaded,receving ms proof
[2mNov 30 03:11:17.815[0m [33m WARN[0m [1mAtom Client[0m: client: ms proof received
······End:     upload the data .....................................................364.480ms
····End:     upload data ...........................................................7.872s
Prover CPU Time 18.666126687 s
····Start:   verify the data
······Start:   verify
········Start:   receive verify
········End:     receive verify ....................................................2.663s
········Start:   verify the proofs
········End:     verify the proofs .................................................4.165ms
Verifier CPU Time 0.040635487 s
······End:     verify the data .....................................................2.668s
····End:     one round .............................................................11.542s
··End:     clients .................................................................11.542s
[2mNov 30 03:11:20.523[0m [33m WARN[0m [1mAtom Client[0m: client: close time.busy=44.6ms time.idle=19.8s

real	0m20.152s
user	0m24.399s
sys	0m2.938s
