[2mNov 30 03:11:00.695[0m [33m WARN[0m [1mAtom Client[0m: client: new
Start:   clients
··Start:   one round
····Start:   train model
······Start:   retrieve the model
······End:     retrieve the model ..................................................962.429µs
····End:     train model ...........................................................1.1s
····Start:   upload data
······Start:   encrypt the gradients
······End:     encrypt the gradients ...............................................198.510ms
······Start:   upload the mc+proof generation
········Start:   start proof generation
··········Start:   Groth16::Prover
············Start:   R1CS to QAP witness map
············End:     R1CS to QAP witness map .......................................787.657ms
············Start:   Compute C
··············Start:   Compute C1
··············End:     Compute C1 ..................................................1.413s
··············Start:   Compute C2
··············End:     Compute C2 ..................................................808.397µs
············End:     Compute C .....................................................1.533s
············Start:   Compute A
············End:     Compute A .....................................................99.361ms
············Start:   Compute B in G1
············End:     Compute B in G1 ...............................................56.315ms
············Start:   Compute B in G2
············End:     Compute B in G2 ...............................................187.187ms
············Start:   Finish C
············End:     Finish C ......................................................4.923µs
··········End:     Groth16::Prover .................................................2.666s
········End:     start proof generation ............................................7.112s
······End:     upload the mc+proof generation ......................................7.113s
······Start:   upload the data
[2mNov 30 03:11:17.499[0m [33m WARN[0m [1mAtom Client[0m: client: data prepared
[2mNov 30 03:11:17.634[0m [33m WARN[0m [1mAtom Client[0m: client: data uploaded,receving ms proof
[2mNov 30 03:11:17.815[0m [33m WARN[0m [1mAtom Client[0m: client: ms proof received
······End:     upload the data .....................................................316.659ms
····End:     upload data ...........................................................7.628s
Prover CPU Time 17.707844352 s
····Start:   verify the data
······Start:   verify
········Start:   receive verify
········End:     receive verify ....................................................2.730s
········Start:   verify the proofs
········End:     verify the proofs .................................................1.347ms
Verifier CPU Time 0.033914016 s
······End:     verify the data .....................................................2.731s
····End:     one round .............................................................11.361s
··End:     clients .................................................................11.361s
[2mNov 30 03:11:20.641[0m [33m WARN[0m [1mAtom Client[0m: client: close time.busy=96.1ms time.idle=19.8s

real	0m20.148s
user	0m23.604s
sys	0m2.944s
