[2mNov 30 03:11:00.696[0m [33m WARN[0m [1mAtom Client[0m: client: new
Start:   clients
··Start:   one round
····Start:   train model
······Start:   retrieve the model
······End:     retrieve the model ..................................................1.171ms
····End:     train model ...........................................................1.1s
····Start:   upload data
······Start:   encrypt the gradients
······End:     encrypt the gradients ...............................................196.675ms
······Start:   upload the mc+proof generation
········Start:   start proof generation
··········Start:   Groth16::Prover
············Start:   R1CS to QAP witness map
············End:     R1CS to QAP witness map .......................................805.888ms
············Start:   Compute C
··············Start:   Compute C1
··············End:     Compute C1 ..................................................1.481s
··············Start:   Compute C2
··············End:     Compute C2 ..................................................913.778µs
············End:     Compute C .....................................................1.599s
············Start:   Compute A
············End:     Compute A .....................................................88.944ms
············Start:   Compute B in G1
············End:     Compute B in G1 ...............................................57.277ms
············Start:   Compute B in G2
············End:     Compute B in G2 ...............................................191.342ms
············Start:   Finish C
············End:     Finish C ......................................................5.543µs
··········End:     Groth16::Prover .................................................2.745s
········End:     start proof generation ............................................7.238s
······End:     upload the mc+proof generation ......................................7.240s
······Start:   upload the data
[2mNov 30 03:11:17.424[0m [33m WARN[0m [1mAtom Client[0m: client: data prepared
[2mNov 30 03:11:17.561[0m [33m WARN[0m [1mAtom Client[0m: client: data uploaded,receving ms proof
[2mNov 30 03:11:17.815[0m [33m WARN[0m [1mAtom Client[0m: client: ms proof received
······End:     upload the data .....................................................391.739ms
····End:     upload data ...........................................................7.829s
Prover CPU Time 18.291371056 s
····Start:   verify the data
······Start:   verify
········Start:   receive verify
········End:     receive verify ....................................................2.743s
········Start:   verify the proofs
········End:     verify the proofs .................................................1.542ms
Verifier CPU Time 0.042803087 s
······End:     verify the data .....................................................2.744s
····End:     one round .............................................................11.575s
··End:     clients .................................................................11.575s
[2mNov 30 03:11:20.629[0m [33m WARN[0m [1mAtom Client[0m: client: close time.busy=70.6ms time.idle=19.9s

real	0m20.104s
user	0m24.093s
sys	0m2.786s
