[2mNov 30 03:11:00.695[0m [33m WARN[0m [1mAtom Client[0m: client: new
Start:   clients
··Start:   one round
····Start:   train model
······Start:   retrieve the model
······End:     retrieve the model ..................................................1.147ms
····End:     train model ...........................................................1.1s
····Start:   upload data
······Start:   encrypt the gradients
······End:     encrypt the gradients ...............................................195.689ms
······Start:   upload the mc+proof generation
········Start:   start proof generation
··········Start:   Groth16::Prover
············Start:   R1CS to QAP witness map
············End:     R1CS to QAP witness map .......................................818.94ms
············Start:   Compute C
··············Start:   Compute C1
··············End:     Compute C1 ..................................................1.304s
··············Start:   Compute C2
··············End:     Compute C2 ..................................................899.307µs
············End:     Compute C .....................................................1.392s
············Start:   Compute A
············End:     Compute A .....................................................87.811ms
············Start:   Compute B in G1
············End:     Compute B in G1 ...............................................56.217ms
············Start:   Compute B in G2
············End:     Compute B in G2 ...............................................189.139ms
············Start:   Finish C
············End:     Finish C ......................................................4.826µs
··········End:     Groth16::Prover .................................................2.545s
········End:     start proof generation ............................................6.907s
······End:     upload the mc+proof generation ......................................6.909s
······Start:   upload the data
[2mNov 30 03:11:17.118[0m [33m WARN[0m [1mAtom Client[0m: client: data prepared
[2mNov 30 03:11:17.253[0m [33m WARN[0m [1mAtom Client[0m: client: data uploaded,receving ms proof
[2mNov 30 03:11:17.815[0m [33m WARN[0m [1mAtom Client[0m: client: ms proof received
······End:     upload the data .....................................................697.918ms
····End:     upload data ...........................................................7.803s
Prover CPU Time 17.476456761 s
····Start:   verify the data
······Start:   verify
········Start:   receive verify
········End:     receive verify ....................................................2.672s
········Start:   verify the proofs
········End:     verify the proofs .................................................1.514ms
Verifier CPU Time 0.042616929 s
······End:     verify the data .....................................................2.674s
····End:     one round .............................................................11.478s
··End:     clients .................................................................11.478s
[2mNov 30 03:11:20.537[0m [33m WARN[0m [1mAtom Client[0m: client: close time.busy=49.2ms time.idle=19.8s

real	0m20.101s
user	0m23.144s
sys	0m3.017s
