[2mNov 30 03:11:00.695[0m [33m WARN[0m [1mAtom Client[0m: client: new
Start:   clients
··Start:   one round
····Start:   train model
······Start:   retrieve the model
······End:     retrieve the model ..................................................1.170ms
····End:     train model ...........................................................1.1s
····Start:   upload data
······Start:   encrypt the gradients
······End:     encrypt the gradients ...............................................197.92ms
······Start:   upload the mc+proof generation
········Start:   start proof generation
··········Start:   Groth16::Prover
············Start:   R1CS to QAP witness map
············End:     R1CS to QAP witness map .......................................638.852ms
············Start:   Compute C
··············Start:   Compute C1
··············End:     Compute C1 ..................................................1.278s
··············Start:   Compute C2
··············End:     Compute C2 ..................................................1.222ms
············End:     Compute C .....................................................1.445s
············Start:   Compute A
············End:     Compute A .....................................................170.486ms
············Start:   Compute B in G1
············End:     Compute B in G1 ...............................................106.734ms
············Start:   Compute B in G2
············End:     Compute B in G2 ...............................................216.626ms
············Start:   Finish C
············End:     Finish C ......................................................4.718µs
··········End:     Groth16::Prover .................................................2.579s
········End:     start proof generation ............................................6.958s
······End:     upload the mc+proof generation ......................................6.960s
······Start:   upload the data
[2mNov 30 03:11:17.041[0m [33m WARN[0m [1mAtom Client[0m: client: data prepared
[2mNov 30 03:11:17.176[0m [33m WARN[0m [1mAtom Client[0m: client: data uploaded,receving ms proof
[2mNov 30 03:11:17.815[0m [33m WARN[0m [1mAtom Client[0m: client: ms proof received
······End:     upload the data .....................................................774.301ms
····End:     upload data ...........................................................7.931s
Prover CPU Time 16.323790919 s
····Start:   verify the data
······Start:   verify
········Start:   receive verify
········End:     receive verify ....................................................2.670s
········Start:   verify the proofs
········End:     verify the proofs .................................................1.509ms
Verifier CPU Time 0.032499654 s
······End:     verify the data .....................................................2.672s
····End:     one round .............................................................11.605s
··End:     clients .................................................................11.605s
[2mNov 30 03:11:20.544[0m [33m WARN[0m [1mAtom Client[0m: client: close time.busy=58.3ms time.idle=19.8s

real	0m20.131s
user	0m22.068s
sys	0m2.833s
