[2mNov 30 03:11:00.695[0m [33m WARN[0m [1mAtom Client[0m: client: new
Start:   clients
··Start:   one round
····Start:   train model
······Start:   retrieve the model
······End:     retrieve the model ..................................................912.776µs
····End:     train model ...........................................................1.1s
····Start:   upload data
······Start:   encrypt the gradients
······End:     encrypt the gradients ...............................................197.217ms
······Start:   upload the mc+proof generation
········Start:   start proof generation
··········Start:   Groth16::Prover
············Start:   R1CS to QAP witness map
············End:     R1CS to QAP witness map .......................................774.753ms
············Start:   Compute C
··············Start:   Compute C1
··············End:     Compute C1 ..................................................1.525s
··············Start:   Compute C2
··············End:     Compute C2 ..................................................762.713µs
············End:     Compute C .....................................................1.639s
············Start:   Compute A
············End:     Compute A .....................................................91.589ms
············Start:   Compute B in G1
············End:     Compute B in G1 ...............................................56.276ms
············Start:   Compute B in G2
············End:     Compute B in G2 ...............................................188.318ms
············Start:   Finish C
············End:     Finish C ......................................................4.783µs
··········End:     Groth16::Prover .................................................2.752s
········End:     start proof generation ............................................7.204s
······End:     upload the mc+proof generation ......................................7.206s
······Start:   upload the data
[2mNov 30 03:11:17.427[0m [33m WARN[0m [1mAtom Client[0m: client: data prepared
[2mNov 30 03:11:17.563[0m [33m WARN[0m [1mAtom Client[0m: client: data uploaded,receving ms proof
[2mNov 30 03:11:17.815[0m [33m WARN[0m [1mAtom Client[0m: client: ms proof received
······End:     upload the data .....................................................388.708ms
····End:     upload data ...........................................................7.792s
Prover CPU Time 18.088406238 s
····Start:   verify the data
······Start:   verify
········Start:   receive verify
········End:     receive verify ....................................................2.670s
········Start:   verify the proofs
········End:     verify the proofs .................................................1.460ms
Verifier CPU Time 0.044657131 s
······End:     verify the data .....................................................2.672s
····End:     one round .............................................................11.465s
··End:     clients .................................................................11.465s
[2mNov 30 03:11:20.533[0m [33m WARN[0m [1mAtom Client[0m: client: close time.busy=47.2ms time.idle=19.8s

real	0m20.099s
user	0m23.796s
sys	0m2.990s
