[2mNov 30 03:20:26.231[0m [33m WARN[0m [1mAtom Client[0m: client: new
Start:   clients
··Start:   one round
····Start:   train model
······Start:   retrieve the model
······End:     retrieve the model ..................................................201.306ms
····End:     train model ...........................................................1.201s
····Start:   upload data
······Start:   encrypt the gradients
······End:     encrypt the gradients ...............................................3.667s
······Start:   upload the mc+proof generation
········Start:   start proof generation
··········Start:   Groth16::Prover
············Start:   R1CS to QAP witness map
············End:     R1CS to QAP witness map .......................................789.662ms
············Start:   Compute C
··············Start:   Compute C1
··············End:     Compute C1 ..................................................1.399s
··············Start:   Compute C2
··············End:     Compute C2 ..................................................1.260ms
············End:     Compute C .....................................................1.547s
············Start:   Compute A
············End:     Compute A .....................................................92.53ms
············Start:   Compute B in G1
············End:     Compute B in G1 ...............................................60.838ms
············Start:   Compute B in G2
············End:     Compute B in G2 ...............................................240.498ms
············Start:   Finish C
············End:     Finish C ......................................................8.750µs
··········End:     Groth16::Prover .................................................2.732s
··········Start:   Groth16::Prover
············Start:   R1CS to QAP witness map
············End:     R1CS to QAP witness map .......................................836.572ms
············Start:   Compute C
··············Start:   Compute C1
··············End:     Compute C1 ..................................................1.620s
··············Start:   Compute C2
··············End:     Compute C2 ..................................................1.266ms
············End:     Compute C .....................................................1.734s
············Start:   Compute A
············End:     Compute A .....................................................90.926ms
············Start:   Compute B in G1
············End:     Compute B in G1 ...............................................59.824ms
············Start:   Compute B in G2
············End:     Compute B in G2 ...............................................194.239ms
············Start:   Finish C
············End:     Finish C ......................................................8.3µs
··········End:     Groth16::Prover .................................................2.919s
··········Start:   Groth16::Prover
············Start:   R1CS to QAP witness map
············End:     R1CS to QAP witness map .......................................837.621ms
············Start:   Compute C
··············Start:   Compute C1
··············End:     Compute C1 ..................................................1.340s
··············Start:   Compute C2
··············End:     Compute C2 ..................................................1.68ms
············End:     Compute C .....................................................1.507s
············Start:   Compute A
············End:     Compute A .....................................................124.625ms
············Start:   Compute B in G1
············End:     Compute B in G1 ...............................................56.271ms
············Start:   Compute B in G2
············End:     Compute B in G2 ...............................................221.563ms
············Start:   Finish C
············End:     Finish C ......................................................8.921µs
··········End:     Groth16::Prover .................................................2.749s
··········Start:   Groth16::Prover
············Start:   R1CS to QAP witness map
············End:     R1CS to QAP witness map .......................................762.932ms
············Start:   Compute C
··············Start:   Compute C1
··············End:     Compute C1 ..................................................1.556s
··············Start:   Compute C2
··············End:     Compute C2 ..................................................892.343µs
············End:     Compute C .....................................................1.654s
············Start:   Compute A
············End:     Compute A .....................................................91.978ms
············Start:   Compute B in G1
············End:     Compute B in G1 ...............................................60.616ms
············Start:   Compute B in G2
············End:     Compute B in G2 ...............................................301.695ms
············Start:   Finish C
············End:     Finish C ......................................................4.574µs
··········End:     Groth16::Prover .................................................2.873s
··········Start:   Groth16::Prover
············Start:   R1CS to QAP witness map
············End:     R1CS to QAP witness map .......................................743.807ms
············Start:   Compute C
··············Start:   Compute C1
··············End:     Compute C1 ..................................................1.406s
··············Start:   Compute C2
··············End:     Compute C2 ..................................................1.107ms
············End:     Compute C .....................................................1.535s
············Start:   Compute A
············End:     Compute A .....................................................91.448ms
············Start:   Compute B in G1
············End:     Compute B in G1 ...............................................78.420ms
············Start:   Compute B in G2
············End:     Compute B in G2 ...............................................191.18ms
············Start:   Finish C
············End:     Finish C ......................................................4.548µs
··········End:     Groth16::Prover .................................................2.641s
··········Start:   Groth16::Prover
············Start:   R1CS to QAP witness map
············End:     R1CS to QAP witness map .......................................721.878ms
············Start:   Compute C
··············Start:   Compute C1
··············End:     Compute C1 ..................................................1.636s
··············Start:   Compute C2
··············End:     Compute C2 ..................................................1.853ms
············End:     Compute C .....................................................1.807s
············Start:   Compute A
············End:     Compute A .....................................................99.737ms
············Start:   Compute B in G1
············End:     Compute B in G1 ...............................................60.781ms
············Start:   Compute B in G2
············End:     Compute B in G2 ...............................................198.386ms
············Start:   Finish C
············End:     Finish C ......................................................4.929µs
··········End:     Groth16::Prover .................................................2.892s
··········Start:   Groth16::Prover
············Start:   R1CS to QAP witness map
············End:     R1CS to QAP witness map .......................................838.752ms
············Start:   Compute C
··············Start:   Compute C1
··············End:     Compute C1 ..................................................1.533s
··············Start:   Compute C2
··············End:     Compute C2 ..................................................961.756µs
············End:     Compute C .....................................................1.630s
············Start:   Compute A
············End:     Compute A .....................................................93.591ms
············Start:   Compute B in G1
············End:     Compute B in G1 ...............................................56.278ms
············Start:   Compute B in G2
············End:     Compute B in G2 ...............................................258.267ms
············Start:   Finish C
············End:     Finish C ......................................................4.430µs
··········End:     Groth16::Prover .................................................2.879s
··········Start:   Groth16::Prover
············Start:   R1CS to QAP witness map
············End:     R1CS to QAP witness map .......................................870.438ms
············Start:   Compute C
··············Start:   Compute C1
··············End:     Compute C1 ..................................................1.517s
··············Start:   Compute C2
··············End:     Compute C2 ..................................................1.687ms
············End:     Compute C .....................................................1.687s
············Start:   Compute A
············End:     Compute A .....................................................129.218ms
············Start:   Compute B in G1
············End:     Compute B in G1 ...............................................84.647ms
············Start:   Compute B in G2
············End:     Compute B in G2 ...............................................297.132ms
············Start:   Finish C
············End:     Finish C ......................................................4.569µs
··········End:     Groth16::Prover .................................................3.73s
··········Start:   Groth16::Prover
············Start:   R1CS to QAP witness map
············End:     R1CS to QAP witness map .......................................810.287ms
············Start:   Compute C
··············Start:   Compute C1
··············End:     Compute C1 ..................................................1.350s
··············Start:   Compute C2
··············End:     Compute C2 ..................................................1.23ms
············End:     Compute C .....................................................1.459s
············Start:   Compute A
············End:     Compute A .....................................................91.228ms
············Start:   Compute B in G1
············End:     Compute B in G1 ...............................................60.729ms
············Start:   Compute B in G2
············End:     Compute B in G2 ...............................................192.554ms
············Start:   Finish C
············End:     Finish C ......................................................7.281µs
··········End:     Groth16::Prover .................................................2.615s
··········Start:   Groth16::Prover
············Start:   R1CS to QAP witness map
············End:     R1CS to QAP witness map .......................................800.454ms
············Start:   Compute C
··············Start:   Compute C1
··············End:     Compute C1 ..................................................1.281s
··············Start:   Compute C2
··············End:     Compute C2 ..................................................1.42ms
············End:     Compute C .....................................................1.369s
············Start:   Compute A
············End:     Compute A .....................................................88.943ms
············Start:   Compute B in G1
············End:     Compute B in G1 ...............................................56.159ms
············Start:   Compute B in G2
············End:     Compute B in G2 ...............................................192.910ms
············Start:   Finish C
············End:     Finish C ......................................................4.83µs
··········End:     Groth16::Prover .................................................2.509s
··········Start:   Groth16::Prover
············Start:   R1CS to QAP witness map
············End:     R1CS to QAP witness map .......................................780.189ms
············Start:   Compute C
··············Start:   Compute C1
··············End:     Compute C1 ..................................................1.319s
··············Start:   Compute C2
··············End:     Compute C2 ..................................................1.454ms
············End:     Compute C .....................................................1.410s
············Start:   Compute A
············End:     Compute A .....................................................94.457ms
············Start:   Compute B in G1
············End:     Compute B in G1 ...............................................61.207ms
············Start:   Compute B in G2
············End:     Compute B in G2 ...............................................198.675ms
············Start:   Finish C
············End:     Finish C ......................................................4.734µs
··········End:     Groth16::Prover .................................................2.548s
··········Start:   Groth16::Prover
············Start:   R1CS to QAP witness map
············End:     R1CS to QAP witness map .......................................837.63ms
············Start:   Compute C
··············Start:   Compute C1
··············End:     Compute C1 ..................................................1.342s
··············Start:   Compute C2
··············End:     Compute C2 ..................................................951.661µs
············End:     Compute C .....................................................1.434s
············Start:   Compute A
············End:     Compute A .....................................................88.299ms
············Start:   Compute B in G1
············End:     Compute B in G1 ...............................................56.503ms
············Start:   Compute B in G2
············End:     Compute B in G2 ...............................................187.883ms
············Start:   Finish C
············End:     Finish C ......................................................4.822µs
··········End:     Groth16::Prover .................................................2.606s
··········Start:   Groth16::Prover
············Start:   R1CS to QAP witness map
············End:     R1CS to QAP witness map .......................................718.3ms
············Start:   Compute C
··············Start:   Compute C1
··············End:     Compute C1 ..................................................1.338s
··············Start:   Compute C2
··············End:     Compute C2 ..................................................955.401µs
············End:     Compute C .....................................................1.435s
············Start:   Compute A
············End:     Compute A .....................................................87.877ms
············Start:   Compute B in G1
············End:     Compute B in G1 ...............................................56.197ms
············Start:   Compute B in G2
············End:     Compute B in G2 ...............................................187.607ms
············Start:   Finish C
············End:     Finish C ......................................................4.558µs
··········End:     Groth16::Prover .................................................2.487s
··········Start:   Groth16::Prover
············Start:   R1CS to QAP witness map
············End:     R1CS to QAP witness map .......................................680.839ms
············Start:   Compute C
··············Start:   Compute C1
··············End:     Compute C1 ..................................................1.519s
··············Start:   Compute C2
··············End:     Compute C2 ..................................................956.97µs
············End:     Compute C .....................................................1.685s
············Start:   Compute A
············End:     Compute A .....................................................165.345ms
············Start:   Compute B in G1
············End:     Compute B in G1 ...............................................104.992ms
············Start:   Compute B in G2
············End:     Compute B in G2 ...............................................345.961ms
············Start:   Finish C
············End:     Finish C ......................................................4.850µs
··········End:     Groth16::Prover .................................................2.984s
··········Start:   Groth16::Prover
············Start:   R1CS to QAP witness map
············End:     R1CS to QAP witness map .......................................724.739ms
············Start:   Compute C
··············Start:   Compute C1
··············End:     Compute C1 ..................................................1.315s
··············Start:   Compute C2
··············End:     Compute C2 ..................................................961.281µs
············End:     Compute C .....................................................1.478s
············Start:   Compute A
············End:     Compute A .....................................................88.60ms
············Start:   Compute B in G1
············End:     Compute B in G1 ...............................................56.475ms
············Start:   Compute B in G2
············End:     Compute B in G2 ...............................................187.728ms
············Start:   Finish C
············End:     Finish C ......................................................4.420µs
··········End:     Groth16::Prover .................................................2.537s
··········Start:   Groth16::Prover
············Start:   R1CS to QAP witness map
············End:     R1CS to QAP witness map .......................................660.104ms
············Start:   Compute C
··············Start:   Compute C1
··············End:     Compute C1 ..................................................1.163s
··············Start:   Compute C2
··············End:     Compute C2 ..................................................926.241µs
············End:     Compute C .....................................................1.317s
············Start:   Compute A
············End:     Compute A .....................................................158.719ms
············Start:   Compute B in G1
············End:     Compute B in G1 ...............................................106.496ms
············Start:   Compute B in G2
············End:     Compute B in G2 ...............................................347.270ms
············Start:   Finish C
············End:     Finish C ......................................................7.918µs
··········End:     Groth16::Prover .................................................2.591s
··········Start:   Groth16::Prover
············Start:   R1CS to QAP witness map
············End:     R1CS to QAP witness map .......................................821.58ms
············Start:   Compute C
··············Start:   Compute C1
··············End:     Compute C1 ..................................................1.276s
··············Start:   Compute C2
··············End:     Compute C2 ..................................................1.756ms
············End:     Compute C .....................................................1.423s
············Start:   Compute A
············End:     Compute A .....................................................92.742ms
············Start:   Compute B in G1
············End:     Compute B in G1 ...............................................60.867ms
············Start:   Compute B in G2
············End:     Compute B in G2 ...............................................198.662ms
············Start:   Finish C
············End:     Finish C ......................................................4.664µs
··········End:     Groth16::Prover .................................................2.598s
··········Start:   Groth16::Prover
············Start:   R1CS to QAP witness map
············End:     R1CS to QAP witness map .......................................786.639ms
············Start:   Compute C
··············Start:   Compute C1
··············End:     Compute C1 ..................................................1.300s
··············Start:   Compute C2
··············End:     Compute C2 ..................................................976.198µs
············End:     Compute C .....................................................1.457s
············Start:   Compute A
············End:     Compute A .....................................................131.934ms
············Start:   Compute B in G1
············End:     Compute B in G1 ...............................................60.434ms
············Start:   Compute B in G2
············End:     Compute B in G2 ...............................................193.230ms
············Start:   Finish C
············End:     Finish C ......................................................4.419µs
··········End:     Groth16::Prover .................................................2.631s
··········Start:   Groth16::Prover
············Start:   R1CS to QAP witness map
············End:     R1CS to QAP witness map .......................................828.45ms
············Start:   Compute C
··············Start:   Compute C1
··············End:     Compute C1 ..................................................1.233s
··············Start:   Compute C2
··············End:     Compute C2 ..................................................1.54ms
············End:     Compute C .....................................................1.384s
············Start:   Compute A
············End:     Compute A .....................................................93.459ms
············Start:   Compute B in G1
············End:     Compute B in G1 ...............................................56.294ms
············Start:   Compute B in G2
············End:     Compute B in G2 ...............................................224.98ms
············Start:   Finish C
············End:     Finish C ......................................................7.844µs
··········End:     Groth16::Prover .................................................2.588s
··········Start:   Groth16::Prover
············Start:   R1CS to QAP witness map
············End:     R1CS to QAP witness map .......................................796.122ms
············Start:   Compute C
··············Start:   Compute C1
··············End:     Compute C1 ..................................................1.386s
··············Start:   Compute C2
··············End:     Compute C2 ..................................................1.35ms
············End:     Compute C .....................................................1.551s
············Start:   Compute A
············End:     Compute A .....................................................116.761ms
············Start:   Compute B in G1
············End:     Compute B in G1 ...............................................58.785ms
············Start:   Compute B in G2
············End:     Compute B in G2 ...............................................239.209ms
············Start:   Finish C
············End:     Finish C ......................................................4.461µs
··········End:     Groth16::Prover .................................................2.764s
··········Start:   Groth16::Prover
············Start:   R1CS to QAP witness map
············End:     R1CS to QAP witness map .......................................708.336ms
············Start:   Compute C
··············Start:   Compute C1
··············End:     Compute C1 ..................................................1.282s
··············Start:   Compute C2
··············End:     Compute C2 ..................................................1.49ms
············End:     Compute C .....................................................1.444s
············Start:   Compute A
············End:     Compute A .....................................................163.481ms
············Start:   Compute B in G1
············End:     Compute B in G1 ...............................................64.442ms
············Start:   Compute B in G2
············End:     Compute B in G2 ...............................................188.214ms
············Start:   Finish C
············End:     Finish C ......................................................7.882µs
··········End:     Groth16::Prover .................................................2.570s
··········Start:   Groth16::Prover
············Start:   R1CS to QAP witness map
············End:     R1CS to QAP witness map .......................................704.610ms
············Start:   Compute C
··············Start:   Compute C1
··············End:     Compute C1 ..................................................1.290s
··············Start:   Compute C2
··············End:     Compute C2 ..................................................993.812µs
············End:     Compute C .....................................................1.413s
············Start:   Compute A
············End:     Compute A .....................................................165.911ms
············Start:   Compute B in G1
············End:     Compute B in G1 ...............................................97.365ms
············Start:   Compute B in G2
············End:     Compute B in G2 ...............................................188.600ms
············Start:   Finish C
············End:     Finish C ......................................................7.897µs
··········End:     Groth16::Prover .................................................2.571s
··········Start:   Groth16::Prover
············Start:   R1CS to QAP witness map
············End:     R1CS to QAP witness map .......................................706.900ms
············Start:   Compute C
··············Start:   Compute C1
··············End:     Compute C1 ..................................................1.196s
··············Start:   Compute C2
··············End:     Compute C2 ..................................................1.55ms
············End:     Compute C .....................................................1.354s
············Start:   Compute A
············End:     Compute A .....................................................166.535ms
············Start:   Compute B in G1
············End:     Compute B in G1 ...............................................103.980ms
············Start:   Compute B in G2
············End:     Compute B in G2 ...............................................349.854ms
············Start:   Finish C
············End:     Finish C ......................................................4.788µs
··········End:     Groth16::Prover .................................................2.683s
··········Start:   Groth16::Prover
············Start:   R1CS to QAP witness map
············End:     R1CS to QAP witness map .......................................792.72ms
············Start:   Compute C
··············Start:   Compute C1
··············End:     Compute C1 ..................................................1.5s
··············Start:   Compute C2
··············End:     Compute C2 ..................................................1.393ms
············End:     Compute C .....................................................1.156s
············Start:   Compute A
············End:     Compute A .....................................................170.414ms
············Start:   Compute B in G1
············End:     Compute B in G1 ...............................................112.211ms
············Start:   Compute B in G2
············End:     Compute B in G2 ...............................................360.459ms
············Start:   Finish C
············End:     Finish C ......................................................7.842µs
··········End:     Groth16::Prover .................................................2.593s
··········Start:   Groth16::Prover
············Start:   R1CS to QAP witness map
············End:     R1CS to QAP witness map .......................................756.926ms
············Start:   Compute C
··············Start:   Compute C1
··············End:     Compute C1 ..................................................1.279s
··············Start:   Compute C2
··············End:     Compute C2 ..................................................1.99ms
············End:     Compute C .....................................................1.439s
············Start:   Compute A
············End:     Compute A .....................................................166.890ms
············Start:   Compute B in G1
············End:     Compute B in G1 ...............................................105.87ms
············Start:   Compute B in G2
············End:     Compute B in G2 ...............................................352.77ms
············Start:   Finish C
············End:     Finish C ......................................................7.757µs
··········End:     Groth16::Prover .................................................2.821s
··········Start:   Groth16::Prover
············Start:   R1CS to QAP witness map
············End:     R1CS to QAP witness map .......................................766.415ms
············Start:   Compute C
··············Start:   Compute C1
··············End:     Compute C1 ..................................................1.271s
··············Start:   Compute C2
··············End:     Compute C2 ..................................................1.124ms
············End:     Compute C .....................................................1.406s
············Start:   Compute A
············End:     Compute A .....................................................139.358ms
············Start:   Compute B in G1
············End:     Compute B in G1 ...............................................91.787ms
············Start:   Compute B in G2
············End:     Compute B in G2 ...............................................278.355ms
············Start:   Finish C
············End:     Finish C ......................................................8.40µs
··········End:     Groth16::Prover .................................................2.684s
··········Start:   Groth16::Prover
············Start:   R1CS to QAP witness map
············End:     R1CS to QAP witness map .......................................803.91ms
············Start:   Compute C
··············Start:   Compute C1
··············End:     Compute C1 ..................................................1.332s
··············Start:   Compute C2
··············End:     Compute C2 ..................................................1.115ms
············End:     Compute C .....................................................1.496s
············Start:   Compute A
············End:     Compute A .....................................................98.393ms
············Start:   Compute B in G1
············End:     Compute B in G1 ...............................................79.953ms
············Start:   Compute B in G2
············End:     Compute B in G2 ...............................................199.953ms
············Start:   Finish C
············End:     Finish C ......................................................8.332µs
··········End:     Groth16::Prover .................................................2.680s
··········Start:   Groth16::Prover
············Start:   R1CS to QAP witness map
············End:     R1CS to QAP witness map .......................................753.364ms
············Start:   Compute C
··············Start:   Compute C1
··············End:     Compute C1 ..................................................1.252s
··············Start:   Compute C2
··············End:     Compute C2 ..................................................977.821µs
············End:     Compute C .....................................................1.402s
············Start:   Compute A
············End:     Compute A .....................................................91.225ms
············Start:   Compute B in G1
············End:     Compute B in G1 ...............................................97.370ms
············Start:   Compute B in G2
············End:     Compute B in G2 ...............................................212.798ms
············Start:   Finish C
············End:     Finish C ......................................................4.451µs
··········End:     Groth16::Prover .................................................2.558s
··········Start:   Groth16::Prover
············Start:   R1CS to QAP witness map
············End:     R1CS to QAP witness map .......................................771.948ms
············Start:   Compute C
··············Start:   Compute C1
··············End:     Compute C1 ..................................................1.346s
··············Start:   Compute C2
··············End:     Compute C2 ..................................................1.84ms
············End:     Compute C .....................................................1.493s
············Start:   Compute A
············End:     Compute A .....................................................165.10ms
············Start:   Compute B in G1
············End:     Compute B in G1 ...............................................104.398ms
············Start:   Compute B in G2
············End:     Compute B in G2 ...............................................271.758ms
············Start:   Finish C
············End:     Finish C ......................................................5.74µs
··········End:     Groth16::Prover .................................................2.808s
··········Start:   Groth16::Prover
············Start:   R1CS to QAP witness map
············End:     R1CS to QAP witness map .......................................753.146ms
············Start:   Compute C
··············Start:   Compute C1
··············End:     Compute C1 ..................................................1.316s
··············Start:   Compute C2
··············End:     Compute C2 ..................................................1.140ms
············End:     Compute C .....................................................1.484s
············Start:   Compute A
············End:     Compute A .....................................................166.479ms
············Start:   Compute B in G1
············End:     Compute B in G1 ...............................................106.86ms
············Start:   Compute B in G2
············End:     Compute B in G2 ...............................................263.760ms
············Start:   Finish C
············End:     Finish C ......................................................7.761µs
··········End:     Groth16::Prover .................................................2.775s
··········Start:   Groth16::Prover
············Start:   R1CS to QAP witness map
············End:     R1CS to QAP witness map .......................................808.955ms
············Start:   Compute C
··············Start:   Compute C1
··············End:     Compute C1 ..................................................1.323s
··············Start:   Compute C2
··············End:     Compute C2 ..................................................1.753ms
············End:     Compute C .....................................................1.492s
············Start:   Compute A
············End:     Compute A .....................................................111.46ms
············Start:   Compute B in G1
············End:     Compute B in G1 ...............................................83.10ms
············Start:   Compute B in G2
············End:     Compute B in G2 ...............................................226.793ms
············Start:   Finish C
············End:     Finish C ......................................................7.837µs
··········End:     Groth16::Prover .................................................2.724s
··········Start:   Groth16::Prover
············Start:   R1CS to QAP witness map
············End:     R1CS to QAP witness map .......................................766.358ms
············Start:   Compute C
··············Start:   Compute C1
··············End:     Compute C1 ..................................................1.312s
··············Start:   Compute C2
··············End:     Compute C2 ..................................................1.89ms
············End:     Compute C .....................................................1.476s
············Start:   Compute A
············End:     Compute A .....................................................96.147ms
············Start:   Compute B in G1
············End:     Compute B in G1 ...............................................88.437ms
············Start:   Compute B in G2
············End:     Compute B in G2 ...............................................213.883ms
············Start:   Finish C
············End:     Finish C ......................................................4.520µs
··········End:     Groth16::Prover .................................................2.643s
··········Start:   Groth16::Prover
············Start:   R1CS to QAP witness map
············End:     R1CS to QAP witness map .......................................694.911ms
············Start:   Compute C
··············Start:   Compute C1
··············End:     Compute C1 ..................................................1.305s
··············Start:   Compute C2
··············End:     Compute C2 ..................................................1.26ms
············End:     Compute C .....................................................1.452s
············Start:   Compute A
············End:     Compute A .....................................................165.100ms
············Start:   Compute B in G1
············End:     Compute B in G1 ...............................................104.414ms
············Start:   Compute B in G2
············End:     Compute B in G2 ...............................................249.834ms
············Start:   Finish C
············End:     Finish C ......................................................4.534µs
··········End:     Groth16::Prover .................................................2.668s
··········Start:   Groth16::Prover
············Start:   R1CS to QAP witness map
············End:     R1CS to QAP witness map .......................................743.331ms
············Start:   Compute C
··············Start:   Compute C1
··············End:     Compute C1 ..................................................1.320s
··············Start:   Compute C2
··············End:     Compute C2 ..................................................1.40ms
············End:     Compute C .....................................................1.484s
············Start:   Compute A
············End:     Compute A .....................................................113.611ms
············Start:   Compute B in G1
············End:     Compute B in G1 ...............................................78.494ms
············Start:   Compute B in G2
············End:     Compute B in G2 ...............................................190.923ms
············Start:   Finish C
············End:     Finish C ......................................................4.410µs
··········End:     Groth16::Prover .................................................2.612s
··········Start:   Groth16::Prover
············Start:   R1CS to QAP witness map
············End:     R1CS to QAP witness map .......................................733.336ms
············Start:   Compute C
··············Start:   Compute C1
··············End:     Compute C1 ..................................................1.334s
··············Start:   Compute C2
··············End:     Compute C2 ..................................................922.489µs
············End:     Compute C .....................................................1.498s
············Start:   Compute A
············End:     Compute A .....................................................122.637ms
············Start:   Compute B in G1
············End:     Compute B in G1 ...............................................79.576ms
············Start:   Compute B in G2
············End:     Compute B in G2 ...............................................217.47ms
············Start:   Finish C
············End:     Finish C ......................................................4.964µs
··········End:     Groth16::Prover .................................................2.652s
··········Start:   Groth16::Prover
············Start:   R1CS to QAP witness map
············End:     R1CS to QAP witness map .......................................746.508ms
············Start:   Compute C
··············Start:   Compute C1
··············End:     Compute C1 ..................................................1.337s
··············Start:   Compute C2
··············End:     Compute C2 ..................................................938.380µs
············End:     Compute C .....................................................1.501s
············Start:   Compute A
············End:     Compute A .....................................................111.17ms
············Start:   Compute B in G1
············End:     Compute B in G1 ...............................................59.378ms
············Start:   Compute B in G2
············End:     Compute B in G2 ...............................................191.669ms
············Start:   Finish C
············End:     Finish C ......................................................4.152µs
··········End:     Groth16::Prover .................................................2.611s
··········Start:   Groth16::Prover
············Start:   R1CS to QAP witness map
············End:     R1CS to QAP witness map .......................................789.572ms
············Start:   Compute C
··············Start:   Compute C1
··············End:     Compute C1 ..................................................1.327s
··············Start:   Compute C2
··············End:     Compute C2 ..................................................928.499µs
············End:     Compute C .....................................................1.414s
············Start:   Compute A
············End:     Compute A .....................................................164.580ms
············Start:   Compute B in G1
············End:     Compute B in G1 ...............................................105.10ms
············Start:   Compute B in G2
············End:     Compute B in G2 ...............................................298.771ms
············Start:   Finish C
············End:     Finish C ......................................................4.427µs
··········End:     Groth16::Prover .................................................2.774s
··········Start:   Groth16::Prover
············Start:   R1CS to QAP witness map
············End:     R1CS to QAP witness map .......................................774.211ms
············Start:   Compute C
··············Start:   Compute C1
··············End:     Compute C1 ..................................................1.405s
··············Start:   Compute C2
··············End:     Compute C2 ..................................................1.142ms
············End:     Compute C .....................................................1.496s
············Start:   Compute A
············End:     Compute A .....................................................113.739ms
············Start:   Compute B in G1
············End:     Compute B in G1 ...............................................60.986ms
············Start:   Compute B in G2
············End:     Compute B in G2 ...............................................195.92ms
············Start:   Finish C
············End:     Finish C ......................................................4.596µs
··········End:     Groth16::Prover .................................................2.642s
··········Start:   Groth16::Prover
············Start:   R1CS to QAP witness map
············End:     R1CS to QAP witness map .......................................764.620ms
············Start:   Compute C
··············Start:   Compute C1
··············End:     Compute C1 ..................................................1.317s
··············Start:   Compute C2
··············End:     Compute C2 ..................................................1.23ms
············End:     Compute C .....................................................1.473s
············Start:   Compute A
············End:     Compute A .....................................................89.958ms
············Start:   Compute B in G1
············End:     Compute B in G1 ...............................................100.499ms
············Start:   Compute B in G2
············End:     Compute B in G2 ...............................................295.985ms
············Start:   Finish C
············End:     Finish C ......................................................4.505µs
··········End:     Groth16::Prover .................................................2.726s
··········Start:   Groth16::Prover
············Start:   R1CS to QAP witness map
············End:     R1CS to QAP witness map .......................................835.516ms
············Start:   Compute C
··············Start:   Compute C1
··············End:     Compute C1 ..................................................1.69s
··············Start:   Compute C2
··············End:     Compute C2 ..................................................884.831µs
············End:     Compute C .....................................................1.236s
············Start:   Compute A
············End:     Compute A .....................................................164.708ms
············Start:   Compute B in G1
············End:     Compute B in G1 ...............................................104.947ms
············Start:   Compute B in G2
············End:     Compute B in G2 ...............................................346.107ms
············Start:   Finish C
············End:     Finish C ......................................................4.484µs
··········End:     Groth16::Prover .................................................2.689s
··········Start:   Groth16::Prover
············Start:   R1CS to QAP witness map
············End:     R1CS to QAP witness map .......................................773.561ms
············Start:   Compute C
··············Start:   Compute C1
··············End:     Compute C1 ..................................................1.36s
··············Start:   Compute C2
··············End:     Compute C2 ..................................................853.906µs
············End:     Compute C .....................................................1.129s
············Start:   Compute A
············End:     Compute A .....................................................153.766ms
············Start:   Compute B in G1
············End:     Compute B in G1 ...............................................105.950ms
············Start:   Compute B in G2
············End:     Compute B in G2 ...............................................257.947ms
············Start:   Finish C
············End:     Finish C ......................................................4.356µs
··········End:     Groth16::Prover .................................................2.422s
··········Start:   Groth16::Prover
············Start:   R1CS to QAP witness map
············End:     R1CS to QAP witness map .......................................778.897ms
············Start:   Compute C
··············Start:   Compute C1
··············End:     Compute C1 ..................................................1.122s
··············Start:   Compute C2
··············End:     Compute C2 ..................................................846.820µs
············End:     Compute C .....................................................1.211s
············Start:   Compute A
············End:     Compute A .....................................................88.130ms
············Start:   Compute B in G1
············End:     Compute B in G1 ...............................................56.533ms
············Start:   Compute B in G2
············End:     Compute B in G2 ...............................................191.824ms
············Start:   Finish C
············End:     Finish C ......................................................7.863µs
··········End:     Groth16::Prover .................................................2.328s
··········Start:   Groth16::Prover
············Start:   R1CS to QAP witness map
············End:     R1CS to QAP witness map .......................................835.877ms
············Start:   Compute C
··············Start:   Compute C1
··············End:     Compute C1 ..................................................1.197s
··············Start:   Compute C2
··············End:     Compute C2 ..................................................856.13µs
············End:     Compute C .....................................................1.302s
············Start:   Compute A
············End:     Compute A .....................................................112.111ms
············Start:   Compute B in G1
············End:     Compute B in G1 ...............................................59.449ms
············Start:   Compute B in G2
············End:     Compute B in G2 ...............................................192.371ms
············Start:   Finish C
············End:     Finish C ......................................................8.408µs
··········End:     Groth16::Prover .................................................2.504s
··········Start:   Groth16::Prover
············Start:   R1CS to QAP witness map
············End:     R1CS to QAP witness map .......................................858.707ms
············Start:   Compute C
··············Start:   Compute C1
··············End:     Compute C1 ..................................................1.237s
··············Start:   Compute C2
··············End:     Compute C2 ..................................................1.430ms
············End:     Compute C .....................................................1.405s
············Start:   Compute A
············End:     Compute A .....................................................144.588ms
············Start:   Compute B in G1
············End:     Compute B in G1 ...............................................90.815ms
············Start:   Compute B in G2
············End:     Compute B in G2 ...............................................188.499ms
············Start:   Finish C
············End:     Finish C ......................................................4.739µs
··········End:     Groth16::Prover .................................................2.692s
··········Start:   Groth16::Prover
············Start:   R1CS to QAP witness map
············End:     R1CS to QAP witness map .......................................799.193ms
············Start:   Compute C
··············Start:   Compute C1
··············End:     Compute C1 ..................................................1.325s
··············Start:   Compute C2
··············End:     Compute C2 ..................................................1.611ms
············End:     Compute C .....................................................1.502s
············Start:   Compute A
············End:     Compute A .....................................................173.240ms
············Start:   Compute B in G1
············End:     Compute B in G1 ...............................................110.231ms
············Start:   Compute B in G2
············End:     Compute B in G2 ...............................................252.279ms
············Start:   Finish C
············End:     Finish C ......................................................4.513µs
··········End:     Groth16::Prover .................................................2.839s
··········Start:   Groth16::Prover
············Start:   R1CS to QAP witness map
············End:     R1CS to QAP witness map .......................................775.690ms
············Start:   Compute C
··············Start:   Compute C1
··············End:     Compute C1 ..................................................1.344s
··············Start:   Compute C2
··············End:     Compute C2 ..................................................1.41ms
············End:     Compute C .....................................................1.511s
············Start:   Compute A
············End:     Compute A .....................................................168.31ms
············Start:   Compute B in G1
············End:     Compute B in G1 ...............................................105.338ms
············Start:   Compute B in G2
············End:     Compute B in G2 ...............................................350.507ms
············Start:   Finish C
············End:     Finish C ......................................................7.752µs
··········End:     Groth16::Prover .................................................2.913s
··········Start:   Groth16::Prover
············Start:   R1CS to QAP witness map
············End:     R1CS to QAP witness map .......................................763.681ms
············Start:   Compute C
··············Start:   Compute C1
··············End:     Compute C1 ..................................................1.343s
··············Start:   Compute C2
··············End:     Compute C2 ..................................................1.126ms
············End:     Compute C .....................................................1.506s
············Start:   Compute A
············End:     Compute A .....................................................153.442ms
············Start:   Compute B in G1
············End:     Compute B in G1 ...............................................105.42ms
············Start:   Compute B in G2
············End:     Compute B in G2 ...............................................347.54ms
············Start:   Finish C
············End:     Finish C ......................................................8.277µs
··········End:     Groth16::Prover .................................................2.877s
··········Start:   Groth16::Prover
············Start:   R1CS to QAP witness map
············End:     R1CS to QAP witness map .......................................784.675ms
············Start:   Compute C
··············Start:   Compute C1
··············End:     Compute C1 ..................................................1.291s
··············Start:   Compute C2
··············End:     Compute C2 ..................................................950.368µs
············End:     Compute C .....................................................1.424s
············Start:   Compute A
············End:     Compute A .....................................................167.58ms
············Start:   Compute B in G1
············End:     Compute B in G1 ...............................................106.652ms
············Start:   Compute B in G2
············End:     Compute B in G2 ...............................................306.566ms
············Start:   Finish C
············End:     Finish C ......................................................7.465µs
··········End:     Groth16::Prover .................................................2.791s
··········Start:   Groth16::Prover
············Start:   R1CS to QAP witness map
············End:     R1CS to QAP witness map .......................................824.124ms
············Start:   Compute C
··············Start:   Compute C1
··············End:     Compute C1 ..................................................1.305s
··············Start:   Compute C2
··············End:     Compute C2 ..................................................1.315ms
············End:     Compute C .....................................................1.471s
············Start:   Compute A
············End:     Compute A .....................................................165.160ms
············Start:   Compute B in G1
············End:     Compute B in G1 ...............................................104.891ms
············Start:   Compute B in G2
············End:     Compute B in G2 ...............................................253.289ms
············Start:   Finish C
············End:     Finish C ......................................................7.819µs
··········End:     Groth16::Prover .................................................2.823s
··········Start:   Groth16::Prover
············Start:   R1CS to QAP witness map
············End:     R1CS to QAP witness map .......................................852.835ms
············Start:   Compute C
··············Start:   Compute C1
··············End:     Compute C1 ..................................................1.255s
··············Start:   Compute C2
··············End:     Compute C2 ..................................................1.301ms
············End:     Compute C .....................................................1.347s
············Start:   Compute A
············End:     Compute A .....................................................93.540ms
············Start:   Compute B in G1
············End:     Compute B in G1 ...............................................60.629ms
············Start:   Compute B in G2
············End:     Compute B in G2 ...............................................197.664ms
············Start:   Finish C
············End:     Finish C ......................................................8.108µs
··········End:     Groth16::Prover .................................................2.554s
········End:     start proof generation ............................................138.907s
······End:     upload the mc+proof generation ......................................138.909s
······Start:   upload the data
[2mNov 30 03:22:58.314[0m [33m WARN[0m [1mAtom Client[0m: client: data prepared
[2mNov 30 03:23:05.355[0m [33m WARN[0m [1mAtom Client[0m: client: data uploaded,receving ms proof
[2mNov 30 03:23:17.350[0m [33m WARN[0m [1mAtom Client[0m: client: ms proof received
······End:     upload the data .....................................................19.40s
····End:     upload data ...........................................................161.617s
Prover CPU Time 646.929620988 s
····Start:   verify the data
······Start:   verify
········Start:   receive verify
········End:     receive verify ....................................................135.117s
········Start:   verify the proofs
········End:     verify the proofs .................................................22.609ms
Verifier CPU Time 1.616360778 s
······End:     verify the data .....................................................135.141s
····End:     one round .............................................................297.960s
··End:     clients .................................................................297.960s
[2mNov 30 03:25:32.521[0m [33m WARN[0m [1mAtom Client[0m: client: close time.busy=64.2ms time.idle=306s

real	5m6.391s
user	10m44.074s
sys	0m12.921s
