[2mDec 03 07:52:27.194[0m [33m WARN[0m [1mAtom Client[0m: client: new
Start:   clients
··Start:   one round
····Start:   train model
······Start:   retrieve the model
······End:     retrieve the model ..................................................1.95ms
····End:     train model ...........................................................1.1s
····Start:   upload data
······Start:   encrypt the gradients
······End:     encrypt the gradients ...............................................200.206ms
······Start:   upload the mc+proof generation
········Start:   start proof generation
··········Start:   Groth16::Prover
············Start:   R1CS to QAP witness map
············End:     R1CS to QAP witness map .......................................771.795ms
············Start:   Compute C
··············Start:   Compute C1
··············End:     Compute C1 ..................................................1.644s
··············Start:   Compute C2
··············End:     Compute C2 ..................................................918.802µs
············End:     Compute C .....................................................1.771s
············Start:   Compute A
············End:     Compute A .....................................................169.357ms
············Start:   Compute B in G1
············End:     Compute B in G1 ...............................................111.739ms
············Start:   Compute B in G2
············End:     Compute B in G2 ...............................................228.961ms
············Start:   Finish C
············End:     Finish C ......................................................4.456µs
··········End:     Groth16::Prover .................................................3.54s
········End:     start proof generation ............................................7.521s
······End:     upload the mc+proof generation ......................................7.522s
······Start:   upload the data
[2mDec 03 07:52:43.950[0m [33m WARN[0m [1mAtom Client[0m: client: data prepared
[2mDec 03 07:52:43.952[0m [33m WARN[0m [1mAtom Client[0m: client: data uploaded,receving ms proof
[2mDec 03 07:52:44.176[0m [33m WARN[0m [1mAtom Client[0m: client: ms proof received
······End:     upload the data .....................................................226.83ms
····End:     upload data ...........................................................7.949s
Prover CPU Time 18.462786952 s
····Start:   verify the data
······Start:   verify
········Start:   receive verify
········End:     receive verify ....................................................1.446ms
Verifier CPU Time 0.000772999 s
······End:     verify the data .....................................................1.548ms
····End:     one round .............................................................8.952s
··End:     clients .................................................................8.952s
[2mDec 03 07:52:44.267[0m [33m WARN[0m [1mAtom Client[0m: client: close time.busy=89.0ms time.idle=17.0s

real	0m17.421s
user	0m24.009s
sys	0m2.936s
