[2mDec 03 07:52:27.194[0m [33m WARN[0m [1mAtom Client[0m: client: new
Start:   clients
··Start:   one round
····Start:   train model
······Start:   retrieve the model
······End:     retrieve the model ..................................................879.811µs
····End:     train model ...........................................................1.1s
····Start:   upload data
······Start:   encrypt the gradients
······End:     encrypt the gradients ...............................................198.430ms
······Start:   upload the mc+proof generation
········Start:   start proof generation
··········Start:   Groth16::Prover
············Start:   R1CS to QAP witness map
············End:     R1CS to QAP witness map .......................................799.968ms
············Start:   Compute C
··············Start:   Compute C1
··············End:     Compute C1 ..................................................1.447s
··············Start:   Compute C2
··············End:     Compute C2 ..................................................865.339µs
············End:     Compute C .....................................................1.573s
············Start:   Compute A
············End:     Compute A .....................................................107.451ms
············Start:   Compute B in G1
············End:     Compute B in G1 ...............................................68.879ms
············Start:   Compute B in G2
············End:     Compute B in G2 ...............................................234.960ms
············Start:   Finish C
············End:     Finish C ......................................................4.444µs
··········End:     Groth16::Prover .................................................2.786s
········End:     start proof generation ............................................7.109s
······End:     upload the mc+proof generation ......................................7.111s
······Start:   upload the data
[2mDec 03 07:52:43.842[0m [33m WARN[0m [1mAtom Client[0m: client: data prepared
[2mDec 03 07:52:43.844[0m [33m WARN[0m [1mAtom Client[0m: client: data uploaded,receving ms proof
[2mDec 03 07:52:44.176[0m [33m WARN[0m [1mAtom Client[0m: client: ms proof received
······End:     upload the data .....................................................333.957ms
····End:     upload data ...........................................................7.643s
Prover CPU Time 17.946273747 s
····Start:   verify the data
······Start:   verify
········Start:   receive verify
········End:     receive verify ....................................................1.316ms
Verifier CPU Time 0.000524704 s
······End:     verify the data .....................................................1.391ms
····End:     one round .............................................................8.646s
··End:     clients .................................................................8.646s
[2mDec 03 07:52:44.247[0m [33m WARN[0m [1mAtom Client[0m: client: close time.busy=70.0ms time.idle=17.0s

real	0m17.326s
user	0m23.836s
sys	0m2.810s
