[2mDec 03 07:52:27.194[0m [33m WARN[0m [1mAtom Client[0m: client: new
Start:   clients
··Start:   one round
····Start:   train model
······Start:   retrieve the model
······End:     retrieve the model ..................................................1.176ms
····End:     train model ...........................................................1.1s
····Start:   upload data
······Start:   encrypt the gradients
······End:     encrypt the gradients ...............................................196.670ms
······Start:   upload the mc+proof generation
········Start:   start proof generation
··········Start:   Groth16::Prover
············Start:   R1CS to QAP witness map
············End:     R1CS to QAP witness map .......................................815.220ms
············Start:   Compute C
··············Start:   Compute C1
··············End:     Compute C1 ..................................................1.391s
··············Start:   Compute C2
··············End:     Compute C2 ..................................................965.580µs
············End:     Compute C .....................................................1.550s
············Start:   Compute A
············End:     Compute A .....................................................125.484ms
············Start:   Compute B in G1
············End:     Compute B in G1 ...............................................69.501ms
············Start:   Compute B in G2
············End:     Compute B in G2 ...............................................235.557ms
············Start:   Finish C
············End:     Finish C ......................................................4.316µs
··········End:     Groth16::Prover .................................................2.797s
········End:     start proof generation ............................................7.108s
······End:     upload the mc+proof generation ......................................7.110s
······Start:   upload the data
[2mDec 03 07:52:43.892[0m [33m WARN[0m [1mAtom Client[0m: client: data prepared
[2mDec 03 07:52:43.894[0m [33m WARN[0m [1mAtom Client[0m: client: data uploaded,receving ms proof
[2mDec 03 07:52:44.176[0m [33m WARN[0m [1mAtom Client[0m: client: ms proof received
······End:     upload the data .....................................................283.881ms
····End:     upload data ...........................................................7.590s
Prover CPU Time 18.001373281 s
····Start:   verify the data
······Start:   verify
········Start:   receive verify
········End:     receive verify ....................................................589.873µs
Verifier CPU Time 0.000464224 s
······End:     verify the data .....................................................679.838µs
····End:     one round .............................................................8.592s
··End:     clients .................................................................8.592s
[2mDec 03 07:52:44.242[0m [33m WARN[0m [1mAtom Client[0m: client: close time.busy=65.9ms time.idle=17.0s

real	0m17.224s
user	0m23.996s
sys	0m2.654s
