[2mDec 03 07:52:27.195[0m [33m WARN[0m [1mAtom Client[0m: client: new
Start:   clients
··Start:   one round
····Start:   train model
······Start:   retrieve the model
······End:     retrieve the model ..................................................1.343ms
····End:     train model ...........................................................1.1s
····Start:   upload data
······Start:   encrypt the gradients
······End:     encrypt the gradients ...............................................194.760ms
······Start:   upload the mc+proof generation
········Start:   start proof generation
··········Start:   Groth16::Prover
············Start:   R1CS to QAP witness map
············End:     R1CS to QAP witness map .......................................770.741ms
············Start:   Compute C
··············Start:   Compute C1
··············End:     Compute C1 ..................................................1.653s
··············Start:   Compute C2
··············End:     Compute C2 ..................................................1.70ms
············End:     Compute C .....................................................1.783s
············Start:   Compute A
············End:     Compute A .....................................................183.485ms
············Start:   Compute B in G1
············End:     Compute B in G1 ...............................................68.788ms
············Start:   Compute B in G2
············End:     Compute B in G2 ...............................................229.643ms
············Start:   Finish C
············End:     Finish C ......................................................4.665µs
··········End:     Groth16::Prover .................................................3.37s
········End:     start proof generation ............................................7.471s
······End:     upload the mc+proof generation ......................................7.473s
······Start:   upload the data
[2mDec 03 07:52:43.965[0m [33m WARN[0m [1mAtom Client[0m: client: data prepared
[2mDec 03 07:52:43.967[0m [33m WARN[0m [1mAtom Client[0m: client: data uploaded,receving ms proof
[2mDec 03 07:52:44.176[0m [33m WARN[0m [1mAtom Client[0m: client: ms proof received
······End:     upload the data .....................................................211.696ms
····End:     upload data ...........................................................7.880s
Prover CPU Time 18.570258166 s
····Start:   verify the data
······Start:   verify
········Start:   receive verify
········End:     receive verify ....................................................1.479ms
Verifier CPU Time 0.000391314 s
······End:     verify the data .....................................................1.562ms
····End:     one round .............................................................8.883s
··End:     clients .................................................................8.883s
[2mDec 03 07:52:44.267[0m [33m WARN[0m [1mAtom Client[0m: client: close time.busy=89.6ms time.idle=17.0s

real	0m17.413s
user	0m24.121s
sys	0m3.002s
