[2mDec 03 07:52:27.195[0m [33m WARN[0m [1mAtom Client[0m: client: new
Start:   clients
··Start:   one round
····Start:   train model
······Start:   retrieve the model
······End:     retrieve the model ..................................................1.168ms
····End:     train model ...........................................................1.1s
····Start:   upload data
······Start:   encrypt the gradients
······End:     encrypt the gradients ...............................................197.117ms
······Start:   upload the mc+proof generation
········Start:   start proof generation
··········Start:   Groth16::Prover
············Start:   R1CS to QAP witness map
············End:     R1CS to QAP witness map .......................................819.459ms
············Start:   Compute C
··············Start:   Compute C1
··············End:     Compute C1 ..................................................1.532s
··············Start:   Compute C2
··············End:     Compute C2 ..................................................825.968µs
············End:     Compute C .....................................................1.634s
············Start:   Compute A
············End:     Compute A .....................................................199.557ms
············Start:   Compute B in G1
············End:     Compute B in G1 ...............................................85.101ms
············Start:   Compute B in G2
············End:     Compute B in G2 ...............................................234.728ms
············Start:   Finish C
············End:     Finish C ......................................................7.992µs
··········End:     Groth16::Prover .................................................2.975s
········End:     start proof generation ............................................7.425s
······End:     upload the mc+proof generation ......................................7.427s
······Start:   upload the data
[2mDec 03 07:52:43.989[0m [33m WARN[0m [1mAtom Client[0m: client: data prepared
[2mDec 03 07:52:43.990[0m [33m WARN[0m [1mAtom Client[0m: client: data uploaded,receving ms proof
[2mDec 03 07:52:44.176[0m [33m WARN[0m [1mAtom Client[0m: client: ms proof received
······End:     upload the data .....................................................187.858ms
····End:     upload data ...........................................................7.812s
Prover CPU Time 18.411019439 s
····Start:   verify the data
······Start:   verify
········Start:   receive verify
········End:     receive verify ....................................................1.231ms
Verifier CPU Time 0.000549686 s
······End:     verify the data .....................................................1.328ms
····End:     one round .............................................................8.815s
··End:     clients .................................................................8.815s
[2mDec 03 07:52:44.263[0m [33m WARN[0m [1mAtom Client[0m: client: close time.busy=85.7ms time.idle=17.0s

real	0m17.417s
user	0m23.869s
sys	0m3.156s
