[2mDec 03 07:52:27.194[0m [33m WARN[0m [1mAtom Client[0m: client: new
Start:   clients
··Start:   one round
····Start:   train model
······Start:   retrieve the model
······End:     retrieve the model ..................................................1.63ms
····End:     train model ...........................................................1.1s
····Start:   upload data
······Start:   encrypt the gradients
······End:     encrypt the gradients ...............................................194.83ms
······Start:   upload the mc+proof generation
········Start:   start proof generation
··········Start:   Groth16::Prover
············Start:   R1CS to QAP witness map
············End:     R1CS to QAP witness map .......................................707.886ms
············Start:   Compute C
··············Start:   Compute C1
··············End:     Compute C1 ..................................................1.632s
··············Start:   Compute C2
··············End:     Compute C2 ..................................................937.456µs
············End:     Compute C .....................................................1.825s
············Start:   Compute A
············End:     Compute A .....................................................192.43ms
············Start:   Compute B in G1
············End:     Compute B in G1 ...............................................76.647ms
············Start:   Compute B in G2
············End:     Compute B in G2 ...............................................230.65ms
············Start:   Finish C
············End:     Finish C ......................................................7.937µs
··········End:     Groth16::Prover .................................................3.34s
········End:     start proof generation ............................................7.338s
······End:     upload the mc+proof generation ......................................7.340s
······Start:   upload the data
[2mDec 03 07:52:43.878[0m [33m WARN[0m [1mAtom Client[0m: client: data prepared
[2mDec 03 07:52:43.880[0m [33m WARN[0m [1mAtom Client[0m: client: data uploaded,receving ms proof
[2mDec 03 07:52:44.176[0m [33m WARN[0m [1mAtom Client[0m: client: ms proof received
······End:     upload the data .....................................................298.721ms
····End:     upload data ...........................................................7.833s
Prover CPU Time 17.957091857 s
····Start:   verify the data
······Start:   verify
········Start:   receive verify
········End:     receive verify ....................................................1.278ms
Verifier CPU Time 0.000428984 s
······End:     verify the data .....................................................1.336ms
····End:     one round .............................................................8.836s
··End:     clients .................................................................8.836s
[2mDec 03 07:52:44.247[0m [33m WARN[0m [1mAtom Client[0m: client: close time.busy=69.3ms time.idle=17.0s

real	0m17.309s
user	0m23.799s
sys	0m2.651s
