[2mOct 01 02:43:35.594[0m [33m WARN[0m [1mAtom Client[0m: client: new
Start:   clients
··Start:   one round
····Start:   train model
······Start:   retrieve the model
······End:     retrieve the model ..................................................77.5ms
····End:     train model ...........................................................1.77s
····Start:   upload data
······Start:   encrypt the gradients
········Start:   new public key
········End:     new public key ....................................................358.673ms
······End:     encrypt the gradients ...............................................10.348s
······Start:   upload the mc+proof generation
········Start:   start proof generation
········End:     start proof generation ............................................82.500s
······End:     upload the mc+proof generation ......................................82.501s
······Start:   upload the data
[2mOct 01 02:45:09.670[0m [33m WARN[0m [1mAtom Client[0m: client: data prepared
[2mOct 01 02:45:23.747[0m [33m WARN[0m [1mAtom Client[0m: client: data uploaded,receving ms proof
[2mOct 01 02:45:28.653[0m [33m WARN[0m [1mAtom Client[0m: client: ms proof received
······End:     upload the data .....................................................18.992s
····End:     upload data ...........................................................111.842s
····Start:   verify the data
······Start:   verify
········Start:   receive verify
········End:     receive verify ....................................................256.26s
········Start:   verify the proofs
········End:     verify the proofs .................................................288.751ms
······End:     verify the data .....................................................256.320s
····End:     one round .............................................................369.239s
····Start:   one round
······Start:   train model
········Start:   retrieve the model
········End:     retrieve the model ................................................425.628ms
······End:     train model .........................................................1.425s
······Start:   upload data
········Start:   encrypt the gradients
··········Start:   new public key
··········End:     new public key ..................................................363.479ms
········End:     encrypt the gradients .............................................10.344s
········Start:   upload the mc+proof generation
··········Start:   start proof generation
··········End:     start proof generation ..........................................82.500s
········End:     upload the mc+proof generation ....................................82.501s
········Start:   upload the data
[2mOct 01 02:51:19.248[0m [33m WARN[0m [1mAtom Client[0m: client: data prepared
[2mOct 01 02:51:33.311[0m [33m WARN[0m [1mAtom Client[0m: client: data uploaded,receving ms proof
[2mOct 01 02:51:38.142[0m [33m WARN[0m [1mAtom Client[0m: client: ms proof received
········End:     upload the data ...................................................18.897s
······End:     upload data .........................................................111.742s
······Start:   verify the data
········Start:   verify
··········Start:   receive verify
··········End:     receive verify ..................................................253.315s
··········Start:   verify the proofs
··········End:     verify the proofs ...............................................269.123ms
········End:     verify the data ...................................................253.593s
······End:     one round ...........................................................366.762s
······Start:   one round
········Start:   train model
··········Start:   retrieve the model
··········End:     retrieve the model ..............................................408.438ms
········End:     train model .......................................................1.408s
········Start:   upload data
··········Start:   encrypt the gradients
············Start:   new public key
············End:     new public key ................................................355.636ms
··········End:     encrypt the gradients ...........................................10.295s
··········Start:   upload the mc+proof generation
············Start:   start proof generation
············End:     start proof generation ........................................82.500s
··········End:     upload the mc+proof generation ..................................82.501s
··········Start:   upload the data
[2mOct 01 02:57:25.947[0m [33m WARN[0m [1mAtom Client[0m: client: data prepared
[2mOct 01 02:57:40.009[0m [33m WARN[0m [1mAtom Client[0m: client: data uploaded,receving ms proof
[2mOct 01 02:57:46.802[0m [33m WARN[0m [1mAtom Client[0m: client: ms proof received
··········End:     upload the data .................................................20.861s
········End:     upload data .......................................................113.657s
········Start:   verify the data
··········Start:   verify
············Start:   receive verify
············End:     receive verify ................................................253.634s
············Start:   verify the proofs
············End:     verify the proofs .............................................273.64ms
··········End:     verify the data .................................................253.916s
········End:     one round .........................................................368.982s
········Start:   one round
··········Start:   train model
············Start:   retrieve the model
············End:     retrieve the model ............................................417.978ms
··········End:     train model .....................................................1.418s
··········Start:   upload data
············Start:   encrypt the gradients
··············Start:   new public key
··············End:     new public key ..............................................355.786ms
············End:     encrypt the gradients .........................................10.255s
············Start:   upload the mc+proof generation
··············Start:   start proof generation
··············End:     start proof generation ......................................82.500s
············End:     upload the mc+proof generation ................................82.501s
············Start:   upload the data
[2mOct 01 03:03:34.900[0m [33m WARN[0m [1mAtom Client[0m: client: data prepared
[2mOct 01 03:03:48.956[0m [33m WARN[0m [1mAtom Client[0m: client: data uploaded,receving ms proof
[2mOct 01 03:03:54.814[0m [33m WARN[0m [1mAtom Client[0m: client: ms proof received
············End:     upload the data ...............................................19.920s
··········End:     upload data .....................................................112.677s
··········Start:   verify the data
············Start:   verify
··············Start:   receive verify
··············End:     receive verify ..............................................254.549s
··············Start:   verify the proofs
··············End:     verify the proofs ...........................................269.265ms
············End:     verify the data ...............................................254.827s
··········End:     one round .......................................................368.923s
··········Start:   one round
············Start:   train model
··············Start:   retrieve the model
··············End:     retrieve the model ..........................................417.67ms
············End:     train model ...................................................1.417s
············Start:   upload data
··············Start:   encrypt the gradients
················Start:   new public key
················End:     new public key ............................................354.641ms
··············End:     encrypt the gradients .......................................10.238s
··············Start:   upload the mc+proof generation
················Start:   start proof generation
················End:     start proof generation ....................................82.500s
··············End:     upload the mc+proof generation ..............................82.501s
··············Start:   upload the data
[2mOct 01 03:09:43.805[0m [33m WARN[0m [1mAtom Client[0m: client: data prepared
[2mOct 01 03:09:57.863[0m [33m WARN[0m [1mAtom Client[0m: client: data uploaded,receving ms proof
[2mOct 01 03:10:03.203[0m [33m WARN[0m [1mAtom Client[0m: client: ms proof received
··············End:     upload the data .............................................19.404s
············End:     upload data ...................................................112.144s
············Start:   verify the data
··············Start:   verify
················Start:   receive verify
················End:     receive verify ............................................254.495s
················Start:   verify the proofs
················End:     verify the proofs .........................................267.948ms
··············End:     verify the data .............................................254.772s
············End:     one round .....................................................368.333s
············Start:   one round
··············Start:   train model
················Start:   retrieve the model
················End:     retrieve the model ........................................408.221ms
··············End:     train model .................................................1.408s
··············Start:   upload data
················Start:   encrypt the gradients
··················Start:   new public key
··················End:     new public key ..........................................356.407ms
················End:     encrypt the gradients .....................................10.538s
················Start:   upload the mc+proof generation
··················Start:   start proof generation
··················End:     start proof generation ..................................82.500s
················End:     upload the mc+proof generation ............................82.501s
················Start:   upload the data
[2mOct 01 03:15:52.430[0m [33m WARN[0m [1mAtom Client[0m: client: data prepared
[2mOct 01 03:16:06.486[0m [33m WARN[0m [1mAtom Client[0m: client: data uploaded,receving ms proof
[2mOct 01 03:16:11.123[0m [33m WARN[0m [1mAtom Client[0m: client: ms proof received
················End:     upload the data ...........................................18.699s
··············End:     upload data .................................................111.739s
··············Start:   verify the data
················Start:   verify
··················Start:   receive verify
··················End:     receive verify ..........................................253.362s
··················Start:   verify the proofs
··················End:     verify the proofs .......................................267.459ms
················End:     verify the data ...........................................253.637s
··············End:     one round ...................................................366.785s
··············Start:   one round
················Start:   train model
··················Start:   retrieve the model
··················End:     retrieve the model ......................................418.352ms
················End:     train model ...............................................1.418s
················Start:   upload data
··················Start:   encrypt the gradients
····················Start:   new public key
····················End:     new public key ........................................356.162ms
··················End:     encrypt the gradients ...................................10.328s
··················Start:   upload the mc+proof generation
····················Start:   start proof generation
····················End:     start proof generation ................................82.500s
··················End:     upload the mc+proof generation ..........................82.501s
··················Start:   upload the data
[2mOct 01 03:21:59.012[0m [33m WARN[0m [1mAtom Client[0m: client: data prepared
[2mOct 01 03:22:13.070[0m [33m WARN[0m [1mAtom Client[0m: client: data uploaded,receving ms proof
[2mOct 01 03:22:19.379[0m [33m WARN[0m [1mAtom Client[0m: client: ms proof received
··················End:     upload the data .........................................20.369s
················End:     upload data ...............................................113.199s
················Start:   verify the data
··················Start:   verify
····················Start:   receive verify
····················End:     receive verify ........................................253.913s
····················Start:   verify the proofs
····················End:     verify the proofs .....................................267.741ms
··················End:     verify the data .........................................254.188s
················End:     one round .................................................368.806s
················Start:   one round
··················Start:   train model
····················Start:   retrieve the model
····················End:     retrieve the model ....................................414.974ms
··················End:     train model .............................................1.415s
··················Start:   upload data
····················Start:   encrypt the gradients
······················Start:   new public key
······················End:     new public key ......................................353.951ms
····················End:     encrypt the gradients .................................10.278s
····················Start:   upload the mc+proof generation
······················Start:   start proof generation
······················End:     start proof generation ..............................82.500s
····················End:     upload the mc+proof generation ........................82.501s
····················Start:   upload the data
[2mOct 01 03:28:07.766[0m [33m WARN[0m [1mAtom Client[0m: client: data prepared
[2mOct 01 03:28:21.822[0m [33m WARN[0m [1mAtom Client[0m: client: data uploaded,receving ms proof
[2mOct 01 03:28:27.847[0m [33m WARN[0m [1mAtom Client[0m: client: ms proof received
····················End:     upload the data .......................................20.84s
··················End:     upload data .............................................112.864s
··················Start:   verify the data
····················Start:   verify
······················Start:   receive verify
······················End:     receive verify ......................................255.233s
······················Start:   verify the proofs
······················End:     verify the proofs ...................................262.810ms
····················End:     verify the data .......................................255.504s
··················End:     one round ...............................................369.783s
··················Start:   one round
····················Start:   train model
······················Start:   retrieve the model
······················End:     retrieve the model ..................................414.959ms
····················End:     train model ...........................................1.415s
····················Start:   upload data
······················Start:   encrypt the gradients
························Start:   new public key
························End:     new public key ....................................355.460ms
······················End:     encrypt the gradients ...............................10.269s
······················Start:   upload the mc+proof generation
························Start:   start proof generation
························End:     start proof generation ............................82.500s
······················End:     upload the mc+proof generation ......................82.501s
······················Start:   upload the data
[2mOct 01 03:34:17.540[0m [33m WARN[0m [1mAtom Client[0m: client: data prepared
[2mOct 01 03:34:31.596[0m [33m WARN[0m [1mAtom Client[0m: client: data uploaded,receving ms proof
[2mOct 01 03:34:36.475[0m [33m WARN[0m [1mAtom Client[0m: client: ms proof received
······················End:     upload the data .....................................18.937s
····················End:     upload data ...........................................111.708s
····················Start:   verify the data
······················Start:   verify
························Start:   receive verify
························End:     receive verify ....................................254.196s
························Start:   verify the proofs
························End:     verify the proofs .................................264.875ms
······················End:     verify the data .....................................254.468s
····················End:     one round .............................................367.592s
····················Start:   one round
······················Start:   train model
························Start:   retrieve the model
························End:     retrieve the model ................................416.997ms
······················End:     train model .........................................1.417s
······················Start:   upload data
························Start:   encrypt the gradients
··························Start:   new public key
··························End:     new public key ..................................357.323ms
························End:     encrypt the gradients .............................10.309s
························Start:   upload the mc+proof generation
··························Start:   start proof generation
··························End:     start proof generation ..........................82.500s
························End:     upload the mc+proof generation ....................82.501s
························Start:   upload the data
[2mOct 01 03:40:25.176[0m [33m WARN[0m [1mAtom Client[0m: client: data prepared
[2mOct 01 03:40:39.232[0m [33m WARN[0m [1mAtom Client[0m: client: data uploaded,receving ms proof
[2mOct 01 03:40:44.686[0m [33m WARN[0m [1mAtom Client[0m: client: ms proof received
························End:     upload the data ...................................19.513s
······················End:     upload data .........................................112.325s
······················Start:   verify the data
························Start:   verify
··························Start:   receive verify
··························End:     receive verify ..................................253.642s
··························Start:   verify the proofs
··························End:     verify the proofs ...............................262.918ms
························End:     verify the data ...................................253.910s
······················End:     one round ...........................................367.653s
····················End:     clients ...............................................3683.2s
[2mOct 01 03:44:58.599[0m [33m WARN[0m [1mAtom Client[0m: client: close time.busy=432ms time.idle=3683s
