[2mNov 30 03:08:31.998[0m [33m WARN[0m [1mAtom Client[0m: client: new
Start:   clients
··Start:   one round
····Start:   train model
······Start:   retrieve the model
······End:     retrieve the model ..................................................1.144ms
····End:     train model ...........................................................1.1s
····Start:   upload data
······Start:   encrypt the gradients
······End:     encrypt the gradients ...............................................194.588ms
······Start:   upload the mc+proof generation
········Start:   start proof generation
··········Start:   Groth16::Prover
············Start:   R1CS to QAP witness map
············End:     R1CS to QAP witness map .......................................822.394ms
············Start:   Compute C
··············Start:   Compute C1
··············End:     Compute C1 ..................................................1.304s
··············Start:   Compute C2
··············End:     Compute C2 ..................................................1.224ms
············End:     Compute C .....................................................1.493s
············Start:   Compute A
············End:     Compute A .....................................................128.79ms
············Start:   Compute B in G1
············End:     Compute B in G1 ...............................................73.27ms
············Start:   Compute B in G2
············End:     Compute B in G2 ...............................................229.161ms
············Start:   Finish C
············End:     Finish C ......................................................6.207µs
··········End:     Groth16::Prover .................................................2.748s
········End:     start proof generation ............................................7.344s
······End:     upload the mc+proof generation ......................................7.346s
······Start:   upload the data
[2mNov 30 03:08:48.531[0m [33m WARN[0m [1mAtom Client[0m: client: data prepared
[2mNov 30 03:08:48.666[0m [33m WARN[0m [1mAtom Client[0m: client: data uploaded,receving ms proof
[2mNov 30 03:08:48.950[0m [33m WARN[0m [1mAtom Client[0m: client: ms proof received
······End:     upload the data .....................................................419.932ms
····End:     upload data ...........................................................7.961s
Prover CPU Time 18.197724126 s
····Start:   verify the data
······Start:   verify
········Start:   receive verify
········End:     receive verify ....................................................393.356µs
Verifier CPU Time 0.00025572 s
······End:     verify the data .....................................................427.592µs
····End:     one round .............................................................8.963s
··End:     clients .................................................................8.963s
[2mNov 30 03:08:49.037[0m [33m WARN[0m [1mAtom Client[0m: client: close time.busy=86.6ms time.idle=17.0s

real	0m17.298s
user	0m23.581s
sys	0m2.968s
