[2mNov 30 03:08:31.997[0m [33m WARN[0m [1mAtom Client[0m: client: new
Start:   clients
··Start:   one round
····Start:   train model
······Start:   retrieve the model
······End:     retrieve the model ..................................................813.617µs
····End:     train model ...........................................................1.0s
····Start:   upload data
······Start:   encrypt the gradients
······End:     encrypt the gradients ...............................................196.63ms
······Start:   upload the mc+proof generation
········Start:   start proof generation
··········Start:   Groth16::Prover
············Start:   R1CS to QAP witness map
············End:     R1CS to QAP witness map .......................................813.122ms
············Start:   Compute C
··············Start:   Compute C1
··············End:     Compute C1 ..................................................1.302s
··············Start:   Compute C2
··············End:     Compute C2 ..................................................1.17ms
············End:     Compute C .....................................................1.458s
············Start:   Compute A
············End:     Compute A .....................................................130.540ms
············Start:   Compute B in G1
············End:     Compute B in G1 ...............................................94.95ms
············Start:   Compute B in G2
············End:     Compute B in G2 ...............................................244.505ms
············Start:   Finish C
············End:     Finish C ......................................................4.454µs
··········End:     Groth16::Prover .................................................2.742s
········End:     start proof generation ............................................7.176s
······End:     upload the mc+proof generation ......................................7.178s
······Start:   upload the data
[2mNov 30 03:08:48.285[0m [33m WARN[0m [1mAtom Client[0m: client: data prepared
[2mNov 30 03:08:48.421[0m [33m WARN[0m [1mAtom Client[0m: client: data uploaded,receving ms proof
[2mNov 30 03:08:48.951[0m [33m WARN[0m [1mAtom Client[0m: client: ms proof received
······End:     upload the data .....................................................665.510ms
····End:     upload data ...........................................................8.40s
Prover CPU Time 17.84398629 s
····Start:   verify the data
······Start:   verify
········Start:   receive verify
········End:     receive verify ....................................................654.869µs
Verifier CPU Time 0.000230724 s
······End:     verify the data .....................................................718.827µs
····End:     one round .............................................................9.42s
··End:     clients .................................................................9.42s
[2mNov 30 03:08:49.013[0m [33m WARN[0m [1mAtom Client[0m: client: close time.busy=61.2ms time.idle=17.0s

real	0m17.213s
user	0m23.185s
sys	0m2.848s
