[2mNov 30 03:08:31.997[0m [33m WARN[0m [1mAtom Client[0m: client: new
Start:   clients
··Start:   one round
····Start:   train model
······Start:   retrieve the model
······End:     retrieve the model ..................................................1.107ms
····End:     train model ...........................................................1.1s
····Start:   upload data
······Start:   encrypt the gradients
······End:     encrypt the gradients ...............................................195.511ms
······Start:   upload the mc+proof generation
········Start:   start proof generation
··········Start:   Groth16::Prover
············Start:   R1CS to QAP witness map
············End:     R1CS to QAP witness map .......................................809.481ms
············Start:   Compute C
··············Start:   Compute C1
··············End:     Compute C1 ..................................................1.338s
··············Start:   Compute C2
··············End:     Compute C2 ..................................................1.69ms
············End:     Compute C .....................................................1.449s
············Start:   Compute A
············End:     Compute A .....................................................103.125ms
············Start:   Compute B in G1
············End:     Compute B in G1 ...............................................68.714ms
············Start:   Compute B in G2
············End:     Compute B in G2 ...............................................229.914ms
············Start:   Finish C
············End:     Finish C ......................................................4.534µs
··········End:     Groth16::Prover .................................................2.662s
········End:     start proof generation ............................................7.226s
······End:     upload the mc+proof generation ......................................7.228s
······Start:   upload the data
[2mNov 30 03:08:48.475[0m [33m WARN[0m [1mAtom Client[0m: client: data prepared
[2mNov 30 03:08:48.611[0m [33m WARN[0m [1mAtom Client[0m: client: data uploaded,receving ms proof
[2mNov 30 03:08:48.951[0m [33m WARN[0m [1mAtom Client[0m: client: ms proof received
······End:     upload the data .....................................................475.457ms
····End:     upload data ...........................................................7.899s
Prover CPU Time 18.019276968 s
····Start:   verify the data
······Start:   verify
········Start:   receive verify
········End:     receive verify ....................................................299.919µs
Verifier CPU Time 0.000152708 s
······End:     verify the data .....................................................324.980µs
····End:     one round .............................................................8.901s
··End:     clients .................................................................8.901s
[2mNov 30 03:08:49.033[0m [33m WARN[0m [1mAtom Client[0m: client: close time.busy=82.6ms time.idle=17.0s

real	0m17.337s
user	0m23.326s
sys	0m3.147s
