[2mNov 30 03:08:31.998[0m [33m WARN[0m [1mAtom Client[0m: client: new
Start:   clients
··Start:   one round
····Start:   train model
······Start:   retrieve the model
······End:     retrieve the model ..................................................1.316ms
····End:     train model ...........................................................1.1s
····Start:   upload data
······Start:   encrypt the gradients
······End:     encrypt the gradients ...............................................200.365ms
······Start:   upload the mc+proof generation
········Start:   start proof generation
··········Start:   Groth16::Prover
············Start:   R1CS to QAP witness map
············End:     R1CS to QAP witness map .......................................615.424ms
············Start:   Compute C
··············Start:   Compute C1
··············End:     Compute C1 ..................................................1.585s
··············Start:   Compute C2
··············End:     Compute C2 ..................................................941.325µs
············End:     Compute C .....................................................1.778s
············Start:   Compute A
············End:     Compute A .....................................................153.294ms
············Start:   Compute B in G1
············End:     Compute B in G1 ...............................................80.185ms
············Start:   Compute B in G2
············End:     Compute B in G2 ...............................................283.142ms
············Start:   Finish C
············End:     Finish C ......................................................4.326µs
··········End:     Groth16::Prover .................................................2.911s
········End:     start proof generation ............................................7.389s
······End:     upload the mc+proof generation ......................................7.391s
······Start:   upload the data
[2mNov 30 03:08:48.455[0m [33m WARN[0m [1mAtom Client[0m: client: data prepared
[2mNov 30 03:08:48.590[0m [33m WARN[0m [1mAtom Client[0m: client: data uploaded,receving ms proof
[2mNov 30 03:08:48.951[0m [33m WARN[0m [1mAtom Client[0m: client: ms proof received
······End:     upload the data .....................................................495.690ms
····End:     upload data ...........................................................8.87s
Prover CPU Time 17.101249518 s
····Start:   verify the data
······Start:   verify
········Start:   receive verify
········End:     receive verify ....................................................571.291µs
Verifier CPU Time 0.000187258 s
······End:     verify the data .....................................................617.881µs
····End:     one round .............................................................9.89s
··End:     clients .................................................................9.89s
[2mNov 30 03:08:49.002[0m [33m WARN[0m [1mAtom Client[0m: client: close time.busy=50.4ms time.idle=17.0s

real	0m17.289s
user	0m22.401s
sys	0m2.916s
