[2mNov 30 03:08:31.997[0m [33m WARN[0m [1mAtom Client[0m: client: new
Start:   clients
··Start:   one round
····Start:   train model
······Start:   retrieve the model
······End:     retrieve the model ..................................................1.154ms
····End:     train model ...........................................................1.1s
····Start:   upload data
······Start:   encrypt the gradients
······End:     encrypt the gradients ...............................................194.567ms
······Start:   upload the mc+proof generation
········Start:   start proof generation
··········Start:   Groth16::Prover
············Start:   R1CS to QAP witness map
············End:     R1CS to QAP witness map .......................................672.600ms
············Start:   Compute C
··············Start:   Compute C1
··············End:     Compute C1 ..................................................1.296s
··············Start:   Compute C2
··············End:     Compute C2 ..................................................1.84ms
············End:     Compute C .....................................................1.399s
············Start:   Compute A
············End:     Compute A .....................................................108.206ms
············Start:   Compute B in G1
············End:     Compute B in G1 ...............................................116.457ms
············Start:   Compute B in G2
············End:     Compute B in G2 ...............................................256.250ms
············Start:   Finish C
············End:     Finish C ......................................................4.509µs
··········End:     Groth16::Prover .................................................2.554s
········End:     start proof generation ............................................6.890s
······End:     upload the mc+proof generation ......................................6.892s
······Start:   upload the data
[2mNov 30 03:08:47.996[0m [33m WARN[0m [1mAtom Client[0m: client: data prepared
[2mNov 30 03:08:48.132[0m [33m WARN[0m [1mAtom Client[0m: client: data uploaded,receving ms proof
[2mNov 30 03:08:48.951[0m [33m WARN[0m [1mAtom Client[0m: client: ms proof received
······End:     upload the data .....................................................954.337ms
····End:     upload data ...........................................................8.41s
Prover CPU Time 17.018033668 s
····Start:   verify the data
······Start:   verify
········Start:   receive verify
········End:     receive verify ....................................................480.564µs
Verifier CPU Time 0.000190545 s
······End:     verify the data .....................................................541.911µs
····End:     one round .............................................................9.43s
··End:     clients .................................................................9.43s
[2mNov 30 03:08:49.042[0m [33m WARN[0m [1mAtom Client[0m: client: close time.busy=91.4ms time.idle=17.0s

real	0m17.312s
user	0m22.443s
sys	0m2.868s
