[2mNov 30 03:08:31.998[0m [33m WARN[0m [1mAtom Client[0m: client: new
Start:   clients
··Start:   one round
····Start:   train model
······Start:   retrieve the model
······End:     retrieve the model ..................................................911.874µs
····End:     train model ...........................................................1.1s
····Start:   upload data
······Start:   encrypt the gradients
······End:     encrypt the gradients ...............................................198.315ms
······Start:   upload the mc+proof generation
········Start:   start proof generation
··········Start:   Groth16::Prover
············Start:   R1CS to QAP witness map
············End:     R1CS to QAP witness map .......................................770.611ms
············Start:   Compute C
··············Start:   Compute C1
··············End:     Compute C1 ..................................................1.312s
··············Start:   Compute C2
··············End:     Compute C2 ..................................................1.165ms
············End:     Compute C .....................................................1.450s
············Start:   Compute A
············End:     Compute A .....................................................196.174ms
············Start:   Compute B in G1
············End:     Compute B in G1 ...............................................84.200ms
············Start:   Compute B in G2
············End:     Compute B in G2 ...............................................257.481ms
············Start:   Finish C
············End:     Finish C ......................................................8.48µs
··········End:     Groth16::Prover .................................................2.760s
········End:     start proof generation ............................................7.289s
······End:     upload the mc+proof generation ......................................7.291s
······Start:   upload the data
[2mNov 30 03:08:48.355[0m [33m WARN[0m [1mAtom Client[0m: client: data prepared
[2mNov 30 03:08:48.490[0m [33m WARN[0m [1mAtom Client[0m: client: data uploaded,receving ms proof
[2mNov 30 03:08:48.951[0m [33m WARN[0m [1mAtom Client[0m: client: ms proof received
······End:     upload the data .....................................................595.715ms
····End:     upload data ...........................................................8.85s
Prover CPU Time 17.80311451 s
····Start:   verify the data
······Start:   verify
········Start:   receive verify
········End:     receive verify ....................................................409.627µs
Verifier CPU Time 0.000153362 s
······End:     verify the data .....................................................449.719µs
····End:     one round .............................................................9.87s
··End:     clients .................................................................9.87s
[2mNov 30 03:08:49.032[0m [33m WARN[0m [1mAtom Client[0m: client: close time.busy=81.4ms time.idle=17.0s

real	0m17.220s
user	0m23.097s
sys	0m2.854s
