[2mNov 30 03:08:31.998[0m [33m WARN[0m [1mAtom Client[0m: client: new
Start:   clients
··Start:   one round
····Start:   train model
······Start:   retrieve the model
······End:     retrieve the model ..................................................968.735µs
····End:     train model ...........................................................1.1s
····Start:   upload data
······Start:   encrypt the gradients
······End:     encrypt the gradients ...............................................198.0ms
······Start:   upload the mc+proof generation
········Start:   start proof generation
··········Start:   Groth16::Prover
············Start:   R1CS to QAP witness map
············End:     R1CS to QAP witness map .......................................771.963ms
············Start:   Compute C
··············Start:   Compute C1
··············End:     Compute C1 ..................................................1.493s
··············Start:   Compute C2
··············End:     Compute C2 ..................................................835.2µs
············End:     Compute C .....................................................1.601s
············Start:   Compute A
············End:     Compute A .....................................................133.19ms
············Start:   Compute B in G1
············End:     Compute B in G1 ...............................................78.753ms
············Start:   Compute B in G2
············End:     Compute B in G2 ...............................................230.596ms
············Start:   Finish C
············End:     Finish C ......................................................4.641µs
··········End:     Groth16::Prover .................................................2.817s
········End:     start proof generation ............................................7.404s
······End:     upload the mc+proof generation ......................................7.406s
······Start:   upload the data
[2mNov 30 03:08:48.494[0m [33m WARN[0m [1mAtom Client[0m: client: data prepared
[2mNov 30 03:08:48.630[0m [33m WARN[0m [1mAtom Client[0m: client: data uploaded,receving ms proof
[2mNov 30 03:08:48.951[0m [33m WARN[0m [1mAtom Client[0m: client: ms proof received
······End:     upload the data .....................................................456.185ms
····End:     upload data ...........................................................8.60s
Prover CPU Time 18.212794876 s
····Start:   verify the data
······Start:   verify
········Start:   receive verify
········End:     receive verify ....................................................571.559µs
Verifier CPU Time 0.000225332 s
······End:     verify the data .....................................................600.479µs
····End:     one round .............................................................9.62s
··End:     clients .................................................................9.62s
[2mNov 30 03:08:49.036[0m [33m WARN[0m [1mAtom Client[0m: client: close time.busy=85.1ms time.idle=17.0s

real	0m17.246s
user	0m23.403s
sys	0m3.009s
