[2mNov 30 03:08:31.998[0m [33m WARN[0m [1mAtom Client[0m: client: new
Start:   clients
··Start:   one round
····Start:   train model
······Start:   retrieve the model
······End:     retrieve the model ..................................................998.480µs
····End:     train model ...........................................................1.1s
····Start:   upload data
······Start:   encrypt the gradients
······End:     encrypt the gradients ...............................................193.842ms
······Start:   upload the mc+proof generation
········Start:   start proof generation
··········Start:   Groth16::Prover
············Start:   R1CS to QAP witness map
············End:     R1CS to QAP witness map .......................................831.429ms
············Start:   Compute C
··············Start:   Compute C1
··············End:     Compute C1 ..................................................1.397s
··············Start:   Compute C2
··············End:     Compute C2 ..................................................888.59µs
············End:     Compute C .....................................................1.501s
············Start:   Compute A
············End:     Compute A .....................................................104.645ms
············Start:   Compute B in G1
············End:     Compute B in G1 ...............................................68.652ms
············Start:   Compute B in G2
············End:     Compute B in G2 ...............................................320.793ms
············Start:   Finish C
············End:     Finish C ......................................................4.265µs
··········End:     Groth16::Prover .................................................2.828s
········End:     start proof generation ............................................7.287s
······End:     upload the mc+proof generation ......................................7.289s
······Start:   upload the data
[2mNov 30 03:08:48.481[0m [33m WARN[0m [1mAtom Client[0m: client: data prepared
[2mNov 30 03:08:48.619[0m [33m WARN[0m [1mAtom Client[0m: client: data uploaded,receving ms proof
[2mNov 30 03:08:48.951[0m [33m WARN[0m [1mAtom Client[0m: client: ms proof received
······End:     upload the data .....................................................469.382ms
····End:     upload data ...........................................................7.952s
Prover CPU Time 18.209556446 s
····Start:   verify the data
······Start:   verify
········Start:   receive verify
········End:     receive verify ....................................................886.321µs
Verifier CPU Time 0.000423951 s
······End:     verify the data .....................................................939.263µs
····End:     one round .............................................................8.955s
··End:     clients .................................................................8.955s
[2mNov 30 03:08:49.043[0m [33m WARN[0m [1mAtom Client[0m: client: close time.busy=91.6ms time.idle=17.0s

real	0m17.306s
user	0m23.619s
sys	0m2.962s
