[2mNov 30 03:08:31.998[0m [33m WARN[0m [1mAtom Client[0m: client: new
Start:   clients
··Start:   one round
····Start:   train model
······Start:   retrieve the model
······End:     retrieve the model ..................................................704.449µs
····End:     train model ...........................................................1.0s
····Start:   upload data
······Start:   encrypt the gradients
······End:     encrypt the gradients ...............................................194.592ms
······Start:   upload the mc+proof generation
········Start:   start proof generation
··········Start:   Groth16::Prover
············Start:   R1CS to QAP witness map
············End:     R1CS to QAP witness map .......................................839.594ms
············Start:   Compute C
··············Start:   Compute C1
··············End:     Compute C1 ..................................................1.294s
··············Start:   Compute C2
··············End:     Compute C2 ..................................................1.11ms
············End:     Compute C .....................................................1.441s
············Start:   Compute A
············End:     Compute A .....................................................108.791ms
············Start:   Compute B in G1
············End:     Compute B in G1 ...............................................74.377ms
············Start:   Compute B in G2
············End:     Compute B in G2 ...............................................231.540ms
············Start:   Finish C
············End:     Finish C ......................................................8.74µs
··········End:     Groth16::Prover .................................................2.697s
········End:     start proof generation ............................................7.168s
······End:     upload the mc+proof generation ......................................7.169s
······Start:   upload the data
[2mNov 30 03:08:48.312[0m [33m WARN[0m [1mAtom Client[0m: client: data prepared
[2mNov 30 03:08:48.447[0m [33m WARN[0m [1mAtom Client[0m: client: data uploaded,receving ms proof
[2mNov 30 03:08:48.951[0m [33m WARN[0m [1mAtom Client[0m: client: ms proof received
······End:     upload the data .....................................................639.204ms
····End:     upload data ...........................................................8.3s
Prover CPU Time 17.655295073 s
····Start:   verify the data
······Start:   verify
········Start:   receive verify
········End:     receive verify ....................................................965.250µs
Verifier CPU Time 0.000373484 s
······End:     verify the data .....................................................1.19ms
····End:     one round .............................................................9.5s
··End:     clients .................................................................9.5s
[2mNov 30 03:08:49.009[0m [33m WARN[0m [1mAtom Client[0m: client: close time.busy=57.0ms time.idle=17.0s

real	0m17.303s
user	0m23.041s
sys	0m2.935s
