[2mNov 30 03:08:31.998[0m [33m WARN[0m [1mAtom Client[0m: client: new
Start:   clients
··Start:   one round
····Start:   train model
······Start:   retrieve the model
······End:     retrieve the model ..................................................975.769µs
····End:     train model ...........................................................1.1s
····Start:   upload data
······Start:   encrypt the gradients
······End:     encrypt the gradients ...............................................195.95ms
······Start:   upload the mc+proof generation
········Start:   start proof generation
··········Start:   Groth16::Prover
············Start:   R1CS to QAP witness map
············End:     R1CS to QAP witness map .......................................816.16ms
············Start:   Compute C
··············Start:   Compute C1
··············End:     Compute C1 ..................................................1.227s
··············Start:   Compute C2
··············End:     Compute C2 ..................................................852.966µs
············End:     Compute C .....................................................1.334s
············Start:   Compute A
············End:     Compute A .....................................................108.109ms
············Start:   Compute B in G1
············End:     Compute B in G1 ...............................................74.88ms
············Start:   Compute B in G2
············End:     Compute B in G2 ...............................................242.188ms
············Start:   Finish C
············End:     Finish C ......................................................4.346µs
··········End:     Groth16::Prover .................................................2.576s
········End:     start proof generation ............................................7.96s
······End:     upload the mc+proof generation ......................................7.98s
······Start:   upload the data
[2mNov 30 03:08:48.532[0m [33m WARN[0m [1mAtom Client[0m: client: data prepared
[2mNov 30 03:08:48.667[0m [33m WARN[0m [1mAtom Client[0m: client: data uploaded,receving ms proof
[2mNov 30 03:08:48.951[0m [33m WARN[0m [1mAtom Client[0m: client: ms proof received
······End:     upload the data .....................................................418.822ms
····End:     upload data ...........................................................7.712s
Prover CPU Time 17.530835846 s
····Start:   verify the data
······Start:   verify
········Start:   receive verify
········End:     receive verify ....................................................438.134µs
Verifier CPU Time 0.000145735 s
······End:     verify the data .....................................................465.953µs
····End:     one round .............................................................8.713s
··End:     clients .................................................................8.713s
[2mNov 30 03:08:49.028[0m [33m WARN[0m [1mAtom Client[0m: client: close time.busy=77.3ms time.idle=17.0s

real	0m17.354s
user	0m23.057s
sys	0m3.134s
