Start:   generate shamir sharing
End:     generate shamir sharing ...................................................622.76ms
Elapsed time: 0.663873014 seconds

real	0m0.685s
user	0m0.155s
sys	0m0.545s
Start:   generate shamir sharing
End:     generate shamir sharing ...................................................716.61ms
Elapsed time: 0.749737163 seconds

real	0m0.771s
user	0m0.156s
sys	0m0.642s
Start:   generate shamir sharing
End:     generate shamir sharing ...................................................23.15s
Elapsed time: 26.811057962 seconds

real	0m26.853s
user	0m5.966s
sys	0m18.915s
Start:   generate shamir sharing
End:     generate shamir sharing ...................................................25.861s
Elapsed time: 26.934185992 seconds

real	0m26.995s
user	0m6.025s
sys	0m21.982s
