Start:   generate shamir sharing
End:     generate shamir sharing ...................................................626.209ms
Elapsed time: 0.653741472 seconds

real	0m0.675s
user	0m0.159s
sys	0m0.548s
Start:   generate shamir sharing
End:     generate shamir sharing ...................................................292.276ms
Elapsed time: 0.740526834 seconds

real	0m0.762s
user	0m0.114s
sys	0m0.257s
Start:   generate shamir sharing
End:     generate shamir sharing ...................................................23.213s
Elapsed time: 26.626423485 seconds

real	0m26.698s
user	0m6.217s
sys	0m18.741s
Start:   generate shamir sharing
End:     generate shamir sharing ...................................................22.105s
Elapsed time: 26.48716967 seconds

real	0m26.548s
user	0m6.295s
sys	0m17.525s
