Start:   generate shamir sharing
End:     generate shamir sharing ...................................................593.333ms
Elapsed time: 0.65647136 seconds

real	0m0.677s
user	0m0.108s
sys	0m0.566s
Start:   generate shamir sharing
End:     generate shamir sharing ...................................................706.23ms
Elapsed time: 0.743827729 seconds

real	0m0.766s
user	0m0.131s
sys	0m0.657s
Start:   generate shamir sharing
End:     generate shamir sharing ...................................................25.633s
Elapsed time: 26.748088937 seconds

real	0m26.797s
user	0m6.275s
sys	0m21.457s
Start:   generate shamir sharing
End:     generate shamir sharing ...................................................22.869s
Elapsed time: 26.596105776 seconds

real	0m26.640s
user	0m6.345s
sys	0m18.501s
