Start:   generate shamir sharing
End:     generate shamir sharing ...................................................326.42ms
Elapsed time: 0.669425789 seconds

real	0m0.690s
user	0m0.081s
sys	0m0.317s
Start:   generate shamir sharing
End:     generate shamir sharing ...................................................292.775ms
Elapsed time: 0.753510529 seconds

real	0m0.774s
user	0m0.156s
sys	0m0.204s
Start:   generate shamir sharing
End:     generate shamir sharing ...................................................23.457s
Elapsed time: 27.000057708 seconds

real	0m27.045s
user	0m6.217s
sys	0m19.132s
Start:   generate shamir sharing
End:     generate shamir sharing ...................................................25.610s
Elapsed time: 27.07354683 seconds

real	0m27.119s
user	0m6.604s
sys	0m20.921s
