Start:   generate shamir sharing
End:     generate shamir sharing ...................................................322.888ms
Elapsed time: 0.653975067 seconds

real	0m0.674s
user	0m0.115s
sys	0m0.288s
Start:   generate shamir sharing
End:     generate shamir sharing ...................................................714.27ms
Elapsed time: 0.740295841 seconds

real	0m0.761s
user	0m0.157s
sys	0m0.657s
Start:   generate shamir sharing
End:     generate shamir sharing ...................................................23.68s
Elapsed time: 26.576761766 seconds

real	0m26.627s
user	0m5.988s
sys	0m18.734s
Start:   generate shamir sharing
End:     generate shamir sharing ...................................................23.419s
Elapsed time: 26.514540229 seconds

real	0m26.572s
user	0m6.266s
sys	0m18.954s
