Start:   generate shamir sharing
End:     generate shamir sharing ...................................................632.625ms
Elapsed time: 0.669977797 seconds

real	0m0.691s
user	0m0.150s
sys	0m0.554s
Start:   generate shamir sharing
End:     generate shamir sharing ...................................................669.484ms
Elapsed time: 0.754316774 seconds

real	0m0.775s
user	0m0.146s
sys	0m0.601s
Start:   generate shamir sharing
End:     generate shamir sharing ...................................................24.179s
Elapsed time: 27.056518838 seconds

real	0m27.105s
user	0m6.034s
sys	0m20.066s
Start:   generate shamir sharing
End:     generate shamir sharing ...................................................26.80s
Elapsed time: 27.129855781 seconds

real	0m27.178s
user	0m6.205s
sys	0m21.824s
