Start:   generate shamir sharing
End:     generate shamir sharing ...................................................633.274ms
Elapsed time: 0.659702879 seconds

real	0m0.685s
user	0m0.155s
sys	0m0.567s
Start:   generate shamir sharing
End:     generate shamir sharing ...................................................674.472ms
Elapsed time: 0.746930426 seconds

real	0m0.769s
user	0m0.159s
sys	0m0.591s
Start:   generate shamir sharing
End:     generate shamir sharing ...................................................22.444s
Elapsed time: 26.760488519 seconds

real	0m26.808s
user	0m6.399s
sys	0m17.921s
Start:   generate shamir sharing
End:     generate shamir sharing ...................................................22.421s
Elapsed time: 26.804391053 seconds

real	0m26.845s
user	0m6.292s
sys	0m17.951s
