Start:   generate shamir sharing
End:     generate shamir sharing ...................................................624.326ms
Elapsed time: 0.662147252 seconds

real	0m0.684s
user	0m0.182s
sys	0m0.522s
Start:   generate shamir sharing
End:     generate shamir sharing ...................................................676.692ms
Elapsed time: 0.748474107 seconds

real	0m0.770s
user	0m0.160s
sys	0m0.593s
Start:   generate shamir sharing
End:     generate shamir sharing ...................................................23.216s
Elapsed time: 26.781278024 seconds

real	0m26.826s
user	0m5.963s
sys	0m19.064s
Start:   generate shamir sharing
End:     generate shamir sharing ...................................................23.451s
Elapsed time: 26.825530894 seconds

real	0m26.868s
user	0m6.339s
sys	0m18.932s
