Start:   generate shamir sharing
End:     generate shamir sharing ...................................................600.293ms
Elapsed time: 0.654647019 seconds

real	0m0.679s
user	0m0.140s
sys	0m0.543s
Start:   generate shamir sharing
End:     generate shamir sharing ...................................................711.412ms
Elapsed time: 0.745518583 seconds

real	0m0.767s
user	0m0.161s
sys	0m0.636s
Start:   generate shamir sharing
End:     generate shamir sharing ...................................................25.401s
Elapsed time: 26.625117463 seconds

real	0m26.703s
user	0m6.424s
sys	0m21.061s
Start:   generate shamir sharing
End:     generate shamir sharing ...................................................24.911s
Elapsed time: 26.63167487 seconds

real	0m26.678s
user	0m6.401s
sys	0m20.559s
