[2mOct 01 06:28:34.754[0m [33m WARN[0m [1mAtom Client[0m: client: new
Start:   clients
··Start:   one round
····Start:   train model
······Start:   retrieve the model
······End:     retrieve the model ..................................................225.765ms
····End:     train model ...........................................................1.225s
····Start:   upload data
······Start:   encrypt the gradients
········Start:   new public key
········End:     new public key ....................................................331.977ms
······End:     encrypt the gradients ...............................................29.743s
······Start:   upload the mc+proof generation
········Start:   start proof generation
········End:     start proof generation ............................................282.150s
······End:     upload the mc+proof generation ......................................282.151s
······Start:   upload the data
[2mOct 01 06:33:48.097[0m [33m WARN[0m [1mAtom Client[0m: client: data prepared
[2mOct 01 06:34:36.286[0m [33m WARN[0m [1mAtom Client[0m: client: data uploaded,receving ms proof
[2mOct 01 06:34:51.930[0m [33m WARN[0m [1mAtom Client[0m: client: ms proof received
······End:     upload the data .....................................................63.861s
····End:     upload data ...........................................................375.757s
····Start:   verify the data
······Start:   verify
········Start:   receive verify
········End:     receive verify ....................................................876.284s
········Start:   verify the proofs
········End:     verify the proofs .................................................1.26s
······End:     verify the data .....................................................877.343s
····End:     one round .............................................................1254.326s
····Start:   one round
······Start:   train model
········Start:   retrieve the model
········End:     retrieve the model ................................................1.438s
······End:     train model .........................................................2.438s
······Start:   upload data
········Start:   encrypt the gradients
··········Start:   new public key
··········End:     new public key ..................................................337.40ms
········End:     encrypt the gradients .............................................29.945s
········Start:   upload the mc+proof generation
··········Start:   start proof generation
··········End:     start proof generation ..........................................282.150s
········End:     upload the mc+proof generation ....................................282.151s
········Start:   upload the data
[2mOct 01 06:54:43.839[0m [33m WARN[0m [1mAtom Client[0m: client: data prepared
[2mOct 01 06:55:31.984[0m [33m WARN[0m [1mAtom Client[0m: client: data uploaded,receving ms proof
[2mOct 01 06:55:48.267[0m [33m WARN[0m [1mAtom Client[0m: client: ms proof received
········End:     upload the data ...................................................64.457s
······End:     upload data .........................................................376.554s
······Start:   verify the data
········Start:   verify
··········Start:   receive verify
··········End:     receive verify ..................................................873.59s
··········Start:   verify the proofs
··········End:     verify the proofs ...............................................971.183ms
········End:     verify the data ...................................................874.62s
······End:     one round ...........................................................1253.56s
······Start:   one round
········Start:   train model
··········Start:   retrieve the model
··········End:     retrieve the model ..............................................1.438s
········End:     train model .......................................................2.438s
········Start:   upload data
··········Start:   encrypt the gradients
············Start:   new public key
············End:     new public key ................................................335.179ms
··········End:     encrypt the gradients ...........................................29.22s
··········Start:   upload the mc+proof generation
············Start:   start proof generation
············End:     start proof generation ........................................282.150s
··········End:     upload the mc+proof generation ..................................282.151s
··········Start:   upload the data
[2mOct 01 07:15:35.971[0m [33m WARN[0m [1mAtom Client[0m: client: data prepared
[2mOct 01 07:16:24.126[0m [33m WARN[0m [1mAtom Client[0m: client: data uploaded,receving ms proof
[2mOct 01 07:16:39.901[0m [33m WARN[0m [1mAtom Client[0m: client: ms proof received
··········End:     upload the data .................................................63.958s
········End:     upload data .......................................................375.132s
········Start:   verify the data
··········Start:   verify
············Start:   receive verify
············End:     receive verify ................................................874.490s
············Start:   verify the proofs
············End:     verify the proofs .............................................1.82s
··········End:     verify the data .................................................875.610s
········End:     one round .........................................................1253.181s
········Start:   one round
··········Start:   train model
············Start:   retrieve the model
············End:     retrieve the model ............................................1.444s
··········End:     train model .....................................................2.444s
··········Start:   upload data
············Start:   encrypt the gradients
··············Start:   new public key
··············End:     new public key ..............................................335.350ms
············End:     encrypt the gradients .........................................29.315s
············Start:   upload the mc+proof generation
··············Start:   start proof generation
··············End:     start proof generation ......................................282.150s
············End:     upload the mc+proof generation ................................282.151s
············Start:   upload the data
[2mOct 01 07:36:29.452[0m [33m WARN[0m [1mAtom Client[0m: client: data prepared
[2mOct 01 07:37:17.628[0m [33m WARN[0m [1mAtom Client[0m: client: data uploaded,receving ms proof
[2mOct 01 07:37:33.014[0m [33m WARN[0m [1mAtom Client[0m: client: ms proof received
············End:     upload the data ...............................................63.590s
··········End:     upload data .....................................................375.57s
··········Start:   verify the data
············Start:   verify
··············Start:   receive verify
··············End:     receive verify ..............................................871.979s
··············Start:   verify the proofs
··············End:     verify the proofs ...........................................1.90s
············End:     verify the data ...............................................873.113s
··········End:     one round .......................................................1250.616s
··········Start:   one round
············Start:   train model
··············Start:   retrieve the model
··············End:     retrieve the model ..........................................1.497s
············End:     train model ...................................................2.498s
············Start:   upload data
··············Start:   encrypt the gradients
················Start:   new public key
················End:     new public key ............................................335.382ms
··············End:     encrypt the gradients .......................................29.148s
··············Start:   upload the mc+proof generation
················Start:   start proof generation
················End:     start proof generation ....................................282.150s
··············End:     upload the mc+proof generation ..............................282.151s
··············Start:   upload the data
[2mOct 01 07:57:19.955[0m [33m WARN[0m [1mAtom Client[0m: client: data prepared
[2mOct 01 07:58:08.101[0m [33m WARN[0m [1mAtom Client[0m: client: data uploaded,receving ms proof
[2mOct 01 07:58:24.612[0m [33m WARN[0m [1mAtom Client[0m: client: ms proof received
··············End:     upload the data .............................................64.685s
············End:     upload data ...................................................375.985s
············Start:   verify the data
··············Start:   verify
················Start:   receive verify
················End:     receive verify ............................................872.179s
················Start:   verify the proofs
················End:     verify the proofs .........................................1.93s
··············End:     verify the data .............................................873.319s
············End:     one round .....................................................1251.802s
············Start:   one round
··············Start:   train model
················Start:   retrieve the model
················End:     retrieve the model ........................................1.480s
··············End:     train model .................................................2.480s
··············Start:   upload data
················Start:   encrypt the gradients
··················Start:   new public key
··················End:     new public key ..........................................334.70ms
················End:     encrypt the gradients .....................................32.67s
················Start:   upload the mc+proof generation
··················Start:   start proof generation
··················End:     start proof generation ..................................282.150s
················End:     upload the mc+proof generation ............................282.151s
················Start:   upload the data
[2mOct 01 08:18:14.659[0m [33m WARN[0m [1mAtom Client[0m: client: data prepared
[2mOct 01 08:19:02.802[0m [33m WARN[0m [1mAtom Client[0m: client: data uploaded,receving ms proof
[2mOct 01 08:19:17.268[0m [33m WARN[0m [1mAtom Client[0m: client: ms proof received
················End:     upload the data ...........................................62.636s
··············End:     upload data .................................................376.856s
··············Start:   verify the data
················Start:   verify
··················Start:   receive verify
··················End:     receive verify ..........................................872.240s
··················Start:   verify the proofs
··················End:     verify the proofs .......................................1.53s
················End:     verify the data ...........................................873.340s
··············End:     one round ...................................................1252.677s
··············Start:   one round
················Start:   train model
··················Start:   retrieve the model
··················End:     retrieve the model ......................................1.464s
················End:     train model ...............................................2.464s
················Start:   upload data
··················Start:   encrypt the gradients
····················Start:   new public key
····················End:     new public key ........................................332.600ms
··················End:     encrypt the gradients ...................................30.375s
··················Start:   upload the mc+proof generation
····················Start:   start proof generation
····················End:     start proof generation ................................282.150s
··················End:     upload the mc+proof generation ..........................282.151s
··················Start:   upload the data
[2mOct 01 08:39:05.628[0m [33m WARN[0m [1mAtom Client[0m: client: data prepared
[2mOct 01 08:39:53.773[0m [33m WARN[0m [1mAtom Client[0m: client: data uploaded,receving ms proof
[2mOct 01 08:40:11.301[0m [33m WARN[0m [1mAtom Client[0m: client: ms proof received
··················End:     upload the data .........................................65.700s
················End:     upload data ...............................................378.227s
················Start:   verify the data
··················Start:   verify
····················Start:   receive verify
····················End:     receive verify ........................................874.502s
····················Start:   verify the proofs
····················End:     verify the proofs .....................................1.88s
··················End:     verify the data .........................................875.636s
················End:     one round .................................................1256.329s
················Start:   one round
··················Start:   train model
····················Start:   retrieve the model
····················End:     retrieve the model ....................................1.499s
··················End:     train model .............................................2.500s
··················Start:   upload data
····················Start:   encrypt the gradients
······················Start:   new public key
······················End:     new public key ......................................336.833ms
····················End:     encrypt the gradients .................................29.433s
····················Start:   upload the mc+proof generation
······················Start:   start proof generation
······················End:     start proof generation ..............................282.150s
····················End:     upload the mc+proof generation ........................282.151s
····················Start:   upload the data
[2mOct 01 09:00:01.051[0m [33m WARN[0m [1mAtom Client[0m: client: data prepared
[2mOct 01 09:00:49.198[0m [33m WARN[0m [1mAtom Client[0m: client: data uploaded,receving ms proof
[2mOct 01 09:01:07.908[0m [33m WARN[0m [1mAtom Client[0m: client: ms proof received
····················End:     upload the data .......................................66.885s
··················End:     upload data .............................................378.470s
··················Start:   verify the data
····················Start:   verify
······················Start:   receive verify
······················End:     receive verify ......................................872.156s
······················Start:   verify the proofs
······················End:     verify the proofs ...................................1.68s
····················End:     verify the data .......................................873.266s
··················End:     one round ...............................................1254.237s
··················Start:   one round
····················Start:   train model
······················Start:   retrieve the model
······················End:     retrieve the model ..................................1.480s
····················End:     train model ...........................................2.480s
····················Start:   upload data
······················Start:   encrypt the gradients
························Start:   new public key
························End:     new public key ....................................342.988ms
······················End:     encrypt the gradients ...............................29.667s
······················Start:   upload the mc+proof generation
························Start:   start proof generation
························End:     start proof generation ............................282.150s
······················End:     upload the mc+proof generation ......................282.151s
······················Start:   upload the data
[2mOct 01 09:20:55.503[0m [33m WARN[0m [1mAtom Client[0m: client: data prepared
[2mOct 01 09:21:43.660[0m [33m WARN[0m [1mAtom Client[0m: client: data uploaded,receving ms proof
[2mOct 01 09:22:02.114[0m [33m WARN[0m [1mAtom Client[0m: client: ms proof received
······················End:     upload the data .....................................66.638s
····················End:     upload data ...........................................378.458s
····················Start:   verify the data
······················Start:   verify
························Start:   receive verify
························End:     receive verify ....................................873.847s
························Start:   verify the proofs
························End:     verify the proofs .................................949.287ms
······················End:     verify the data .....................................874.831s
····················End:     one round .............................................1255.771s
····················Start:   one round
······················Start:   train model
························Start:   retrieve the model
························End:     retrieve the model ................................1.438s
······················End:     train model .........................................2.438s
······················Start:   upload data
························Start:   encrypt the gradients
··························Start:   new public key
··························End:     new public key ..................................335.120ms
························End:     encrypt the gradients .............................29.243s
························Start:   upload the mc+proof generation
··························Start:   start proof generation
··························End:     start proof generation ..........................282.150s
························End:     upload the mc+proof generation ....................282.151s
························Start:   upload the data
[2mOct 01 09:41:50.809[0m [33m WARN[0m [1mAtom Client[0m: client: data prepared
[2mOct 01 09:42:38.964[0m [33m WARN[0m [1mAtom Client[0m: client: data uploaded,receving ms proof
[2mOct 01 09:42:56.834[0m [33m WARN[0m [1mAtom Client[0m: client: ms proof received
························End:     upload the data ...................................66.53s
······················End:     upload data .........................................377.449s
······················Start:   verify the data
························Start:   verify
··························Start:   receive verify
··························End:     receive verify ..................................872.207s
··························Start:   verify the proofs
··························End:     verify the proofs ...............................1.42s
························End:     verify the data ...................................873.293s
······················End:     one round ...........................................1253.181s
····················End:     clients ...............................................12535.373s
[2mOct 01 09:57:30.134[0m [33m WARN[0m [1mAtom Client[0m: client: close time.busy=1.81s time.idle=12534s
